[0.294s] DEBUG:colcon:Command line arguments: ['/usr/bin/colcon', 'build', '--symlink-install']
[0.294s] DEBUG:colcon:Parsed command line arguments: Namespace(log_base=None, log_level=None, verb_name='build', build_base='build', install_base='install', merge_install=False, symlink_install=True, test_result_base=None, continue_on_error=False, executor='parallel', parallel_workers=8, event_handlers=None, ignore_user_meta=False, metas=['./colcon.meta'], base_paths=['.'], packages_ignore=None, packages_ignore_regex=None, paths=None, packages_up_to=None, packages_up_to_regex=None, packages_above=None, packages_above_and_dependencies=None, packages_above_depth=None, packages_select_by_dep=None, packages_skip_by_dep=None, packages_skip_up_to=None, packages_select_build_failed=False, packages_skip_build_finished=False, packages_select_test_failures=False, packages_skip_test_passed=False, packages_select=None, packages_skip=None, packages_select_regex=None, packages_skip_regex=None, packages_start=None, packages_end=None, allow_overriding=[], cmake_args=None, cmake_target=None, cmake_target_skip_unavailable=False, cmake_clean_cache=False, cmake_clean_first=False, cmake_force_configure=False, ament_cmake_args=None, catkin_cmake_args=None, catkin_skip_building_tests=False, verb_parser=<colcon_defaults.argument_parser.defaults.DefaultArgumentsDecorator object at 0x7d93836cc460>, verb_extension=<colcon_core.verb.build.BuildVerb object at 0x7d9383869810>, main=<bound method BuildVerb.main of <colcon_core.verb.build.BuildVerb object at 0x7d9383869810>>)
[0.522s] Level 1:colcon.colcon_core.package_discovery:discover_packages(colcon_meta) check parameters
[0.522s] Level 1:colcon.colcon_core.package_discovery:discover_packages(recursive) check parameters
[0.522s] Level 1:colcon.colcon_core.package_discovery:discover_packages(ignore) check parameters
[0.522s] Level 1:colcon.colcon_core.package_discovery:discover_packages(path) check parameters
[0.522s] Level 1:colcon.colcon_core.package_discovery:discover_packages(colcon_meta) discover
[0.522s] Level 1:colcon.colcon_core.package_discovery:discover_packages(recursive) discover
[0.522s] INFO:colcon.colcon_core.package_discovery:Crawling recursively for packages in '/home/monith/test_rover'
[0.522s] Level 1:colcon.colcon_core.package_identification:_identify(.) by extensions ['ignore', 'ignore_ament_install']
[0.522s] Level 1:colcon.colcon_core.package_identification:_identify(.) by extension 'ignore'
[0.522s] Level 1:colcon.colcon_core.package_identification:_identify(.) by extension 'ignore_ament_install'
[0.522s] Level 1:colcon.colcon_core.package_identification:_identify(.) by extensions ['colcon_pkg']
[0.522s] Level 1:colcon.colcon_core.package_identification:_identify(.) by extension 'colcon_pkg'
[0.522s] Level 1:colcon.colcon_core.package_identification:_identify(.) by extensions ['colcon_meta']
[0.523s] Level 1:colcon.colcon_core.package_identification:_identify(.) by extension 'colcon_meta'
[0.523s] Level 1:colcon.colcon_core.package_identification:_identify(.) by extensions ['ros']
[0.523s] Level 1:colcon.colcon_core.package_identification:_identify(.) by extension 'ros'
[0.537s] Level 1:colcon.colcon_core.package_identification:_identify(.) by extensions ['cmake', 'python']
[0.537s] Level 1:colcon.colcon_core.package_identification:_identify(.) by extension 'cmake'
[0.537s] Level 1:colcon.colcon_core.package_identification:_identify(.) by extension 'python'
[0.537s] Level 1:colcon.colcon_core.package_identification:_identify(.) by extensions ['python_setup_py']
[0.537s] Level 1:colcon.colcon_core.package_identification:_identify(.) by extension 'python_setup_py'
[0.538s] Level 1:colcon.colcon_core.package_identification:_identify(build) by extensions ['ignore', 'ignore_ament_install']
[0.538s] Level 1:colcon.colcon_core.package_identification:_identify(build) by extension 'ignore'
[0.538s] Level 1:colcon.colcon_core.package_identification:_identify(build) ignored
[0.538s] Level 1:colcon.colcon_core.package_identification:_identify(install) by extensions ['ignore', 'ignore_ament_install']
[0.538s] Level 1:colcon.colcon_core.package_identification:_identify(install) by extension 'ignore'
[0.538s] Level 1:colcon.colcon_core.package_identification:_identify(install) ignored
[0.538s] Level 1:colcon.colcon_core.package_identification:_identify(log) by extensions ['ignore', 'ignore_ament_install']
[0.538s] Level 1:colcon.colcon_core.package_identification:_identify(log) by extension 'ignore'
[0.538s] Level 1:colcon.colcon_core.package_identification:_identify(log) ignored
[0.538s] Level 1:colcon.colcon_core.package_identification:_identify(src) by extensions ['ignore', 'ignore_ament_install']
[0.539s] Level 1:colcon.colcon_core.package_identification:_identify(src) by extension 'ignore'
[0.539s] Level 1:colcon.colcon_core.package_identification:_identify(src) by extension 'ignore_ament_install'
[0.539s] Level 1:colcon.colcon_core.package_identification:_identify(src) by extensions ['colcon_pkg']
[0.539s] Level 1:colcon.colcon_core.package_identification:_identify(src) by extension 'colcon_pkg'
[0.539s] Level 1:colcon.colcon_core.package_identification:_identify(src) by extensions ['colcon_meta']
[0.539s] Level 1:colcon.colcon_core.package_identification:_identify(src) by extension 'colcon_meta'
[0.539s] Level 1:colcon.colcon_core.package_identification:_identify(src) by extensions ['ros']
[0.539s] Level 1:colcon.colcon_core.package_identification:_identify(src) by extension 'ros'
[0.539s] Level 1:colcon.colcon_core.package_identification:_identify(src) by extensions ['cmake', 'python']
[0.539s] Level 1:colcon.colcon_core.package_identification:_identify(src) by extension 'cmake'
[0.539s] Level 1:colcon.colcon_core.package_identification:_identify(src) by extension 'python'
[0.539s] Level 1:colcon.colcon_core.package_identification:_identify(src) by extensions ['python_setup_py']
[0.539s] Level 1:colcon.colcon_core.package_identification:_identify(src) by extension 'python_setup_py'
[0.539s] Level 1:colcon.colcon_core.package_identification:_identify(src/rover_control) by extensions ['ignore', 'ignore_ament_install']
[0.540s] Level 1:colcon.colcon_core.package_identification:_identify(src/rover_control) by extension 'ignore'
[0.540s] Level 1:colcon.colcon_core.package_identification:_identify(src/rover_control) by extension 'ignore_ament_install'
[0.540s] Level 1:colcon.colcon_core.package_identification:_identify(src/rover_control) by extensions ['colcon_pkg']
[0.540s] Level 1:colcon.colcon_core.package_identification:_identify(src/rover_control) by extension 'colcon_pkg'
[0.540s] Level 1:colcon.colcon_core.package_identification:_identify(src/rover_control) by extensions ['colcon_meta']
[0.540s] Level 1:colcon.colcon_core.package_identification:_identify(src/rover_control) by extension 'colcon_meta'
[0.540s] Level 1:colcon.colcon_core.package_identification:_identify(src/rover_control) by extensions ['ros']
[0.540s] Level 1:colcon.colcon_core.package_identification:_identify(src/rover_control) by extension 'ros'
[0.545s] DEBUG:colcon.colcon_core.package_identification:Package 'src/rover_control' with type 'ros.ament_python' and name 'rover_control'
[0.545s] Level 1:colcon.colcon_core.package_identification:_identify(src/waypoint_navigation) by extensions ['ignore', 'ignore_ament_install']
[0.545s] Level 1:colcon.colcon_core.package_identification:_identify(src/waypoint_navigation) by extension 'ignore'
[0.545s] Level 1:colcon.colcon_core.package_identification:_identify(src/waypoint_navigation) by extension 'ignore_ament_install'
[0.545s] Level 1:colcon.colcon_core.package_identification:_identify(src/waypoint_navigation) by extensions ['colcon_pkg']
[0.545s] Level 1:colcon.colcon_core.package_identification:_identify(src/waypoint_navigation) by extension 'colcon_pkg'
[0.545s] Level 1:colcon.colcon_core.package_identification:_identify(src/waypoint_navigation) by extensions ['colcon_meta']
[0.545s] Level 1:colcon.colcon_core.package_identification:_identify(src/waypoint_navigation) by extension 'colcon_meta'
[0.545s] Level 1:colcon.colcon_core.package_identification:_identify(src/waypoint_navigation) by extensions ['ros']
[0.545s] Level 1:colcon.colcon_core.package_identification:_identify(src/waypoint_navigation) by extension 'ros'
[0.546s] DEBUG:colcon.colcon_core.package_identification:Package 'src/waypoint_navigation' with type 'ros.ament_cmake' and name 'waypoint_navigation'
[0.547s] Level 1:colcon.colcon_core.package_discovery:discover_packages(recursive) using defaults
[0.547s] Level 1:colcon.colcon_core.package_discovery:discover_packages(ignore) discover
[0.547s] Level 1:colcon.colcon_core.package_discovery:discover_packages(ignore) using defaults
[0.547s] Level 1:colcon.colcon_core.package_discovery:discover_packages(path) discover
[0.547s] Level 1:colcon.colcon_core.package_discovery:discover_packages(path) using defaults
[0.577s] Level 1:colcon.colcon_core.package_discovery:discover_packages(prefix_path) check parameters
[0.577s] Level 1:colcon.colcon_core.package_discovery:discover_packages(prefix_path) discover
[0.580s] DEBUG:colcon.colcon_installed_package_information.package_discovery:Found 2 installed packages in /home/monith/test_rover/install
[0.583s] DEBUG:colcon.colcon_installed_package_information.package_discovery:Found 324 installed packages in /opt/ros/humble
[0.613s] Level 1:colcon.colcon_core.package_discovery:discover_packages(prefix_path) using defaults
[0.693s] Level 5:colcon.colcon_core.verb:set package 'rover_control' build argument 'cmake_args' from command line to 'None'
[0.693s] Level 5:colcon.colcon_core.verb:set package 'rover_control' build argument 'cmake_target' from command line to 'None'
[0.693s] Level 5:colcon.colcon_core.verb:set package 'rover_control' build argument 'cmake_target_skip_unavailable' from command line to 'False'
[0.693s] Level 5:colcon.colcon_core.verb:set package 'rover_control' build argument 'cmake_clean_cache' from command line to 'False'
[0.693s] Level 5:colcon.colcon_core.verb:set package 'rover_control' build argument 'cmake_clean_first' from command line to 'False'
[0.693s] Level 5:colcon.colcon_core.verb:set package 'rover_control' build argument 'cmake_force_configure' from command line to 'False'
[0.693s] Level 5:colcon.colcon_core.verb:set package 'rover_control' build argument 'ament_cmake_args' from command line to 'None'
[0.693s] Level 5:colcon.colcon_core.verb:set package 'rover_control' build argument 'catkin_cmake_args' from command line to 'None'
[0.693s] Level 5:colcon.colcon_core.verb:set package 'rover_control' build argument 'catkin_skip_building_tests' from command line to 'False'
[0.693s] DEBUG:colcon.colcon_core.verb:Building package 'rover_control' with the following arguments: {'ament_cmake_args': None, 'build_base': '/home/monith/test_rover/build/rover_control', 'catkin_cmake_args': None, 'catkin_skip_building_tests': False, 'cmake_args': None, 'cmake_clean_cache': False, 'cmake_clean_first': False, 'cmake_force_configure': False, 'cmake_target': None, 'cmake_target_skip_unavailable': False, 'install_base': '/home/monith/test_rover/install/rover_control', 'merge_install': False, 'path': '/home/monith/test_rover/src/rover_control', 'symlink_install': True, 'test_result_base': None}
[0.694s] Level 5:colcon.colcon_core.verb:set package 'waypoint_navigation' build argument 'cmake_args' from command line to 'None'
[0.694s] Level 5:colcon.colcon_core.verb:set package 'waypoint_navigation' build argument 'cmake_target' from command line to 'None'
[0.694s] Level 5:colcon.colcon_core.verb:set package 'waypoint_navigation' build argument 'cmake_target_skip_unavailable' from command line to 'False'
[0.694s] Level 5:colcon.colcon_core.verb:set package 'waypoint_navigation' build argument 'cmake_clean_cache' from command line to 'False'
[0.694s] Level 5:colcon.colcon_core.verb:set package 'waypoint_navigation' build argument 'cmake_clean_first' from command line to 'False'
[0.694s] Level 5:colcon.colcon_core.verb:set package 'waypoint_navigation' build argument 'cmake_force_configure' from command line to 'False'
[0.694s] Level 5:colcon.colcon_core.verb:set package 'waypoint_navigation' build argument 'ament_cmake_args' from command line to 'None'
[0.694s] Level 5:colcon.colcon_core.verb:set package 'waypoint_navigation' build argument 'catkin_cmake_args' from command line to 'None'
[0.694s] Level 5:colcon.colcon_core.verb:set package 'waypoint_navigation' build argument 'catkin_skip_building_tests' from command line to 'False'
[0.694s] DEBUG:colcon.colcon_core.verb:Building package 'waypoint_navigation' with the following arguments: {'ament_cmake_args': None, 'build_base': '/home/monith/test_rover/build/waypoint_navigation', 'catkin_cmake_args': None, 'catkin_skip_building_tests': False, 'cmake_args': None, 'cmake_clean_cache': False, 'cmake_clean_first': False, 'cmake_force_configure': False, 'cmake_target': None, 'cmake_target_skip_unavailable': False, 'install_base': '/home/monith/test_rover/install/waypoint_navigation', 'merge_install': False, 'path': '/home/monith/test_rover/src/waypoint_navigation', 'symlink_install': True, 'test_result_base': None}
[0.694s] INFO:colcon.colcon_core.executor:Executing jobs using 'parallel' executor
[0.695s] DEBUG:colcon.colcon_parallel_executor.executor.parallel:run_until_complete
[0.695s] INFO:colcon.colcon_ros.task.ament_python.build:Building ROS package in '/home/monith/test_rover/src/rover_control' with build type 'ament_python'
[0.696s] Level 1:colcon.colcon_core.shell:create_environment_hook('rover_control', 'ament_prefix_path')
[0.700s] INFO:colcon.colcon_core.plugin_system:Skipping extension 'colcon_core.shell.bat': Not used on non-Windows systems
[0.700s] INFO:colcon.colcon_core.shell:Creating environment hook '/home/monith/test_rover/install/rover_control/share/rover_control/hook/ament_prefix_path.ps1'
[0.702s] INFO:colcon.colcon_core.shell:Creating environment descriptor '/home/monith/test_rover/install/rover_control/share/rover_control/hook/ament_prefix_path.dsv'
[0.702s] INFO:colcon.colcon_core.shell:Creating environment hook '/home/monith/test_rover/install/rover_control/share/rover_control/hook/ament_prefix_path.sh'
[0.703s] INFO:colcon.colcon_core.shell:Skip shell extension 'powershell' for command environment: Not usable outside of PowerShell
[0.703s] DEBUG:colcon.colcon_core.shell:Skip shell extension 'dsv' for command environment
[0.707s] INFO:colcon.colcon_ros.task.ament_cmake.build:Building ROS package in '/home/monith/test_rover/src/waypoint_navigation' with build type 'ament_cmake'
[0.708s] INFO:colcon.colcon_cmake.task.cmake.build:Building CMake package in '/home/monith/test_rover/src/waypoint_navigation'
[0.708s] INFO:colcon.colcon_core.shell:Skip shell extension 'powershell' for command environment: Not usable outside of PowerShell
[0.708s] DEBUG:colcon.colcon_core.shell:Skip shell extension 'dsv' for command environment
[1.002s] INFO:colcon.colcon_core.task.python.build:Building Python package in '/home/monith/test_rover/src/rover_control'
[1.003s] INFO:colcon.colcon_core.shell:Skip shell extension 'powershell' for command environment: Not usable outside of PowerShell
[1.003s] DEBUG:colcon.colcon_core.shell:Skip shell extension 'dsv' for command environment
[1.011s] DEBUG:colcon.colcon_core.event_handler.log_command:Invoking command in '/home/monith/test_rover/build/waypoint_navigation': CMAKE_PREFIX_PATH=${CMAKE_PREFIX_PATH}:/home/monith/test_rover/install/rover_control:/opt/ros/humble /usr/bin/cmake --build /home/monith/test_rover/build/waypoint_navigation -- -j8 -l8
[1.582s] DEBUG:colcon.colcon_core.event_handler.log_command:Invoked command in '/home/monith/test_rover/build/waypoint_navigation' returned '0': CMAKE_PREFIX_PATH=${CMAKE_PREFIX_PATH}:/home/monith/test_rover/install/rover_control:/opt/ros/humble /usr/bin/cmake --build /home/monith/test_rover/build/waypoint_navigation -- -j8 -l8
[1.600s] DEBUG:colcon.colcon_core.event_handler.log_command:Invoking command in '/home/monith/test_rover/build/waypoint_navigation': CMAKE_PREFIX_PATH=${CMAKE_PREFIX_PATH}:/home/monith/test_rover/install/rover_control:/opt/ros/humble /usr/bin/cmake --install /home/monith/test_rover/build/waypoint_navigation
[1.614s] DEBUG:colcon.colcon_core.event_handler.log_command:Invoking command in '/home/monith/test_rover/build/rover_control': PYTHONPATH=/home/monith/test_rover/build/rover_control/prefix_override:/usr/lib/python3/dist-packages/colcon_core/task/python/colcon_distutils_commands:/home/monith/test_rover/install/rover_control/lib/python3.10/site-packages:${PYTHONPATH} /usr/bin/python3 -W ignore:setup.py install is deprecated -W ignore:easy_install command is deprecated setup.py develop --editable --build-directory /home/monith/test_rover/build/rover_control/build --no-deps symlink_data
[1.725s] Level 1:colcon.colcon_core.environment:create_environment_scripts_only(waypoint_navigation)
[1.726s] DEBUG:colcon.colcon_core.event_handler.log_command:Invoked command in '/home/monith/test_rover/build/waypoint_navigation' returned '0': CMAKE_PREFIX_PATH=${CMAKE_PREFIX_PATH}:/home/monith/test_rover/install/rover_control:/opt/ros/humble /usr/bin/cmake --install /home/monith/test_rover/build/waypoint_navigation
[1.731s] Level 1:colcon.colcon_core.environment:checking '/home/monith/test_rover/install/waypoint_navigation' for CMake module files
[1.731s] Level 1:colcon.colcon_core.environment:checking '/home/monith/test_rover/install/waypoint_navigation' for CMake config files
[1.733s] Level 1:colcon.colcon_core.shell:create_environment_hook('waypoint_navigation', 'cmake_prefix_path')
[1.733s] INFO:colcon.colcon_core.shell:Creating environment hook '/home/monith/test_rover/install/waypoint_navigation/share/waypoint_navigation/hook/cmake_prefix_path.ps1'
[1.734s] INFO:colcon.colcon_core.shell:Creating environment descriptor '/home/monith/test_rover/install/waypoint_navigation/share/waypoint_navigation/hook/cmake_prefix_path.dsv'
[1.735s] INFO:colcon.colcon_core.shell:Creating environment hook '/home/monith/test_rover/install/waypoint_navigation/share/waypoint_navigation/hook/cmake_prefix_path.sh'
[1.735s] Level 1:colcon.colcon_core.environment:checking '/home/monith/test_rover/install/waypoint_navigation/lib'
[1.735s] Level 1:colcon.colcon_core.shell:create_environment_hook('waypoint_navigation', 'ld_library_path_lib')
[1.736s] INFO:colcon.colcon_core.shell:Creating environment hook '/home/monith/test_rover/install/waypoint_navigation/share/waypoint_navigation/hook/ld_library_path_lib.ps1'
[1.736s] INFO:colcon.colcon_core.shell:Creating environment descriptor '/home/monith/test_rover/install/waypoint_navigation/share/waypoint_navigation/hook/ld_library_path_lib.dsv'
[1.737s] INFO:colcon.colcon_core.shell:Creating environment hook '/home/monith/test_rover/install/waypoint_navigation/share/waypoint_navigation/hook/ld_library_path_lib.sh'
[1.737s] Level 1:colcon.colcon_core.environment:checking '/home/monith/test_rover/install/waypoint_navigation/bin'
[1.737s] Level 1:colcon.colcon_core.environment:checking '/home/monith/test_rover/install/waypoint_navigation/lib/pkgconfig/waypoint_navigation.pc'
[1.737s] Level 1:colcon.colcon_core.environment:checking '/home/monith/test_rover/install/waypoint_navigation/lib/python3.10/site-packages'
[1.738s] Level 1:colcon.colcon_core.environment:checking '/home/monith/test_rover/install/waypoint_navigation/bin'
[1.738s] INFO:colcon.colcon_core.shell:Creating package script '/home/monith/test_rover/install/waypoint_navigation/share/waypoint_navigation/package.ps1'
[1.739s] INFO:colcon.colcon_core.shell:Creating package descriptor '/home/monith/test_rover/install/waypoint_navigation/share/waypoint_navigation/package.dsv'
[1.740s] INFO:colcon.colcon_core.shell:Creating package script '/home/monith/test_rover/install/waypoint_navigation/share/waypoint_navigation/package.sh'
[1.741s] INFO:colcon.colcon_core.shell:Creating package script '/home/monith/test_rover/install/waypoint_navigation/share/waypoint_navigation/package.bash'
[1.742s] INFO:colcon.colcon_core.shell:Creating package script '/home/monith/test_rover/install/waypoint_navigation/share/waypoint_navigation/package.zsh'
[1.743s] Level 1:colcon.colcon_core.environment:create_file_with_runtime_dependencies(/home/monith/test_rover/install/waypoint_navigation/share/colcon-core/packages/waypoint_navigation)
[1.744s] Level 1:colcon.colcon_core.environment:create_environment_scripts_only(waypoint_navigation)
[1.744s] Level 1:colcon.colcon_core.environment:checking '/home/monith/test_rover/install/waypoint_navigation' for CMake module files
[1.745s] Level 1:colcon.colcon_core.environment:checking '/home/monith/test_rover/install/waypoint_navigation' for CMake config files
[1.746s] Level 1:colcon.colcon_core.shell:create_environment_hook('waypoint_navigation', 'cmake_prefix_path')
[1.746s] INFO:colcon.colcon_core.shell:Creating environment hook '/home/monith/test_rover/install/waypoint_navigation/share/waypoint_navigation/hook/cmake_prefix_path.ps1'
[1.747s] INFO:colcon.colcon_core.shell:Creating environment descriptor '/home/monith/test_rover/install/waypoint_navigation/share/waypoint_navigation/hook/cmake_prefix_path.dsv'
[1.748s] INFO:colcon.colcon_core.shell:Creating environment hook '/home/monith/test_rover/install/waypoint_navigation/share/waypoint_navigation/hook/cmake_prefix_path.sh'
[1.748s] Level 1:colcon.colcon_core.environment:checking '/home/monith/test_rover/install/waypoint_navigation/lib'
[1.748s] Level 1:colcon.colcon_core.shell:create_environment_hook('waypoint_navigation', 'ld_library_path_lib')
[1.749s] INFO:colcon.colcon_core.shell:Creating environment hook '/home/monith/test_rover/install/waypoint_navigation/share/waypoint_navigation/hook/ld_library_path_lib.ps1'
[1.749s] INFO:colcon.colcon_core.shell:Creating environment descriptor '/home/monith/test_rover/install/waypoint_navigation/share/waypoint_navigation/hook/ld_library_path_lib.dsv'
[1.750s] INFO:colcon.colcon_core.shell:Creating environment hook '/home/monith/test_rover/install/waypoint_navigation/share/waypoint_navigation/hook/ld_library_path_lib.sh'
[1.750s] Level 1:colcon.colcon_core.environment:checking '/home/monith/test_rover/install/waypoint_navigation/bin'
[1.751s] Level 1:colcon.colcon_core.environment:checking '/home/monith/test_rover/install/waypoint_navigation/lib/pkgconfig/waypoint_navigation.pc'
[1.751s] Level 1:colcon.colcon_core.environment:checking '/home/monith/test_rover/install/waypoint_navigation/lib/python3.10/site-packages'
[1.751s] Level 1:colcon.colcon_core.environment:checking '/home/monith/test_rover/install/waypoint_navigation/bin'
[1.751s] INFO:colcon.colcon_core.shell:Creating package script '/home/monith/test_rover/install/waypoint_navigation/share/waypoint_navigation/package.ps1'
[1.752s] INFO:colcon.colcon_core.shell:Creating package descriptor '/home/monith/test_rover/install/waypoint_navigation/share/waypoint_navigation/package.dsv'
[1.753s] INFO:colcon.colcon_core.shell:Creating package script '/home/monith/test_rover/install/waypoint_navigation/share/waypoint_navigation/package.sh'
[1.753s] INFO:colcon.colcon_core.shell:Creating package script '/home/monith/test_rover/install/waypoint_navigation/share/waypoint_navigation/package.bash'
[1.754s] INFO:colcon.colcon_core.shell:Creating package script '/home/monith/test_rover/install/waypoint_navigation/share/waypoint_navigation/package.zsh'
[1.755s] Level 1:colcon.colcon_core.environment:create_file_with_runtime_dependencies(/home/monith/test_rover/install/waypoint_navigation/share/colcon-core/packages/waypoint_navigation)
[2.031s] Level 1:colcon.colcon_core.shell:create_environment_hook('rover_control', 'pythonpath_develop')
[2.032s] INFO:colcon.colcon_core.shell:Creating environment hook '/home/monith/test_rover/build/rover_control/share/rover_control/hook/pythonpath_develop.ps1'
[2.033s] DEBUG:colcon.colcon_core.event_handler.log_command:Invoked command in '/home/monith/test_rover/build/rover_control' returned '0': PYTHONPATH=/home/monith/test_rover/build/rover_control/prefix_override:/usr/lib/python3/dist-packages/colcon_core/task/python/colcon_distutils_commands:/home/monith/test_rover/install/rover_control/lib/python3.10/site-packages:${PYTHONPATH} /usr/bin/python3 -W ignore:setup.py install is deprecated -W ignore:easy_install command is deprecated setup.py develop --editable --build-directory /home/monith/test_rover/build/rover_control/build --no-deps symlink_data
[2.033s] INFO:colcon.colcon_core.shell:Creating environment descriptor '/home/monith/test_rover/build/rover_control/share/rover_control/hook/pythonpath_develop.dsv'
[2.034s] INFO:colcon.colcon_core.shell:Creating environment hook '/home/monith/test_rover/build/rover_control/share/rover_control/hook/pythonpath_develop.sh'
[2.035s] Level 1:colcon.colcon_core.environment:checking '/home/monith/test_rover/install/rover_control' for CMake module files
[2.035s] Level 1:colcon.colcon_core.environment:checking '/home/monith/test_rover/install/rover_control' for CMake config files
[2.036s] Level 1:colcon.colcon_core.environment:checking '/home/monith/test_rover/install/rover_control/lib'
[2.036s] Level 1:colcon.colcon_core.environment:checking '/home/monith/test_rover/install/rover_control/bin'
[2.036s] Level 1:colcon.colcon_core.environment:checking '/home/monith/test_rover/install/rover_control/lib/pkgconfig/rover_control.pc'
[2.036s] Level 1:colcon.colcon_core.environment:checking '/home/monith/test_rover/install/rover_control/lib/python3.10/site-packages'
[2.036s] Level 1:colcon.colcon_core.shell:create_environment_hook('rover_control', 'pythonpath')
[2.036s] INFO:colcon.colcon_core.shell:Creating environment hook '/home/monith/test_rover/install/rover_control/share/rover_control/hook/pythonpath.ps1'
[2.037s] INFO:colcon.colcon_core.shell:Creating environment descriptor '/home/monith/test_rover/install/rover_control/share/rover_control/hook/pythonpath.dsv'
[2.037s] INFO:colcon.colcon_core.shell:Creating environment hook '/home/monith/test_rover/install/rover_control/share/rover_control/hook/pythonpath.sh'
[2.038s] Level 1:colcon.colcon_core.environment:checking '/home/monith/test_rover/install/rover_control/bin'
[2.038s] Level 1:colcon.colcon_core.environment:create_environment_scripts_only(rover_control)
[2.038s] INFO:colcon.colcon_core.shell:Creating package script '/home/monith/test_rover/install/rover_control/share/rover_control/package.ps1'
[2.039s] INFO:colcon.colcon_core.shell:Creating package descriptor '/home/monith/test_rover/install/rover_control/share/rover_control/package.dsv'
[2.040s] INFO:colcon.colcon_core.shell:Creating package script '/home/monith/test_rover/install/rover_control/share/rover_control/package.sh'
[2.040s] INFO:colcon.colcon_core.shell:Creating package script '/home/monith/test_rover/install/rover_control/share/rover_control/package.bash'
[2.040s] INFO:colcon.colcon_core.shell:Creating package script '/home/monith/test_rover/install/rover_control/share/rover_control/package.zsh'
[2.041s] Level 1:colcon.colcon_core.environment:create_file_with_runtime_dependencies(/home/monith/test_rover/install/rover_control/share/colcon-core/packages/rover_control)
[2.041s] DEBUG:colcon.colcon_parallel_executor.executor.parallel:closing loop
[2.041s] DEBUG:colcon.colcon_parallel_executor.executor.parallel:loop closed
[2.041s] DEBUG:colcon.colcon_parallel_executor.executor.parallel:run_until_complete finished with '0'
[2.041s] DEBUG:colcon.colcon_core.event_reactor:joining thread
[2.050s] INFO:colcon.colcon_core.plugin_system:Skipping extension 'colcon_notification.desktop_notification.terminal_notifier': Not used on non-Darwin systems
[2.050s] INFO:colcon.colcon_core.plugin_system:Skipping extension 'colcon_notification.desktop_notification.win32': Not used on non-Windows systems
[2.050s] INFO:colcon.colcon_notification.desktop_notification:Sending desktop notification using 'notify2'
[2.064s] DEBUG:colcon.colcon_core.event_reactor:joined thread
[2.064s] INFO:colcon.colcon_core.shell:Creating prefix script '/home/monith/test_rover/install/local_setup.ps1'
[2.066s] INFO:colcon.colcon_core.shell:Creating prefix util module '/home/monith/test_rover/install/_local_setup_util_ps1.py'
[2.068s] INFO:colcon.colcon_core.shell:Creating prefix chain script '/home/monith/test_rover/install/setup.ps1'
[2.070s] INFO:colcon.colcon_core.shell:Creating prefix script '/home/monith/test_rover/install/local_setup.sh'
[2.071s] INFO:colcon.colcon_core.shell:Creating prefix util module '/home/monith/test_rover/install/_local_setup_util_sh.py'
[2.072s] INFO:colcon.colcon_core.shell:Creating prefix chain script '/home/monith/test_rover/install/setup.sh'
[2.073s] INFO:colcon.colcon_core.shell:Creating prefix script '/home/monith/test_rover/install/local_setup.bash'
[2.074s] INFO:colcon.colcon_core.shell:Creating prefix chain script '/home/monith/test_rover/install/setup.bash'
[2.076s] INFO:colcon.colcon_core.shell:Creating prefix script '/home/monith/test_rover/install/local_setup.zsh'
[2.077s] INFO:colcon.colcon_core.shell:Creating prefix chain script '/home/monith/test_rover/install/setup.zsh'
