[0.468s] Invoking command in '/home/monith/test_rover/build/rover_control': PYTHONPATH=/home/monith/test_rover/build/rover_control/prefix_override:/usr/lib/python3/dist-packages/colcon_core/task/python/colcon_distutils_commands:/home/monith/test_rover/install/rover_control/lib/python3.10/site-packages:${PYTHONPATH} /usr/bin/python3 -W ignore:setup.py install is deprecated -W ignore:easy_install command is deprecated setup.py develop --editable --build-directory /home/monith/test_rover/build/rover_control/build --no-deps symlink_data
[0.670s] running develop
[0.803s] running egg_info
[0.803s] creating rover_control.egg-info
[0.803s] writing rover_control.egg-info/PKG-INFO
[0.803s] writing dependency_links to rover_control.egg-info/dependency_links.txt
[0.804s] writing entry points to rover_control.egg-info/entry_points.txt
[0.804s] writing requirements to rover_control.egg-info/requires.txt
[0.804s] writing top-level names to rover_control.egg-info/top_level.txt
[0.804s] writing manifest file 'rover_control.egg-info/SOURCES.txt'
[0.805s] reading manifest file 'rover_control.egg-info/SOURCES.txt'
[0.805s] writing manifest file 'rover_control.egg-info/SOURCES.txt'
[0.806s] running build_ext
[0.807s] Creating /home/monith/test_rover/install/rover_control/lib/python3.10/site-packages/rover-control.egg-link (link to .)
[0.807s] Installing nav_node script to /home/monith/test_rover/install/rover_control/lib/rover_control
[0.807s] 
[0.807s] Installed /home/monith/test_rover/build/rover_control
[0.807s] running symlink_data
[0.808s] creating /home/monith/test_rover/install/rover_control/share/ament_index
[0.808s] creating /home/monith/test_rover/install/rover_control/share/ament_index/resource_index
[0.808s] creating /home/monith/test_rover/install/rover_control/share/ament_index/resource_index/packages
[0.808s] symbolically linking /home/monith/test_rover/build/rover_control/resource/rover_control -> /home/monith/test_rover/install/rover_control/share/ament_index/resource_index/packages
[0.808s] symbolically linking /home/monith/test_rover/build/rover_control/package.xml -> /home/monith/test_rover/install/rover_control/share/rover_control
[0.808s] creating /home/monith/test_rover/install/rover_control/share/rover_control/launch
[0.808s] symbolically linking /home/monith/test_rover/build/rover_control/launch/groundsim.launch.xml -> /home/monith/test_rover/install/rover_control/share/rover_control/launch
[0.808s] symbolically linking /home/monith/test_rover/build/rover_control/launch/sim.launch.xml -> /home/monith/test_rover/install/rover_control/share/rover_control/launch
[0.808s] creating /home/monith/test_rover/install/rover_control/share/rover_control/urdf
[0.808s] symbolically linking /home/monith/test_rover/build/rover_control/urdf/ROVER.urdf -> /home/monith/test_rover/install/rover_control/share/rover_control/urdf
[0.808s] symbolically linking /home/monith/test_rover/build/rover_control/urdf/roverf.urdf -> /home/monith/test_rover/install/rover_control/share/rover_control/urdf
[0.808s] symbolically linking /home/monith/test_rover/build/rover_control/urdf/rover.urdf.xacro -> /home/monith/test_rover/install/rover_control/share/rover_control/urdf
[0.808s] symbolically linking /home/monith/test_rover/build/rover_control/urdf/rover.ros2_control.xacro -> /home/monith/test_rover/install/rover_control/share/rover_control/urdf
[0.808s] symbolically linking /home/monith/test_rover/build/rover_control/urdf/rover_base.xacro -> /home/monith/test_rover/install/rover_control/share/rover_control/urdf
[0.808s] creating /home/monith/test_rover/install/rover_control/share/rover_control/worlds
[0.808s] symbolically linking /home/monith/test_rover/build/rover_control/worlds/shaastra_arena.world -> /home/monith/test_rover/install/rover_control/share/rover_control/worlds
[0.808s] creating /home/monith/test_rover/install/rover_control/share/rover_control/config
[0.808s] symbolically linking /home/monith/test_rover/build/rover_control/config/controllers.yaml -> /home/monith/test_rover/install/rover_control/share/rover_control/config
[0.809s] symbolically linking /home/monith/test_rover/build/rover_control/config/controllert.yaml -> /home/monith/test_rover/install/rover_control/share/rover_control/config
[0.809s] creating /home/monith/test_rover/install/rover_control/share/rover_control/rviz
[0.809s] symbolically linking /home/monith/test_rover/build/rover_control/rviz/rover_config_.rviz -> /home/monith/test_rover/install/rover_control/share/rover_control/rviz
[0.827s] Invoked command in '/home/monith/test_rover/build/rover_control' returned '0': PYTHONPATH=/home/monith/test_rover/build/rover_control/prefix_override:/usr/lib/python3/dist-packages/colcon_core/task/python/colcon_distutils_commands:/home/monith/test_rover/install/rover_control/lib/python3.10/site-packages:${PYTHONPATH} /usr/bin/python3 -W ignore:setup.py install is deprecated -W ignore:easy_install command is deprecated setup.py develop --editable --build-directory /home/monith/test_rover/build/rover_control/build --no-deps symlink_data
