[0.092s] DEBUG:colcon:Command line arguments: ['/usr/bin/colcon', 'build', '--symlink-install']
[0.092s] DEBUG:colcon:Parsed command line arguments: Namespace(log_base=None, log_level=None, verb_name='build', build_base='build', install_base='install', merge_install=False, symlink_install=True, test_result_base=None, continue_on_error=False, executor='parallel', parallel_workers=8, event_handlers=None, ignore_user_meta=False, metas=['./colcon.meta'], base_paths=['.'], packages_ignore=None, packages_ignore_regex=None, paths=None, packages_up_to=None, packages_up_to_regex=None, packages_above=None, packages_above_and_dependencies=None, packages_above_depth=None, packages_select_by_dep=None, packages_skip_by_dep=None, packages_skip_up_to=None, packages_select_build_failed=False, packages_skip_build_finished=False, packages_select_test_failures=False, packages_skip_test_passed=False, packages_select=None, packages_skip=None, packages_select_regex=None, packages_skip_regex=None, packages_start=None, packages_end=None, allow_overriding=[], cmake_args=None, cmake_target=None, cmake_target_skip_unavailable=False, cmake_clean_cache=False, cmake_clean_first=False, cmake_force_configure=False, ament_cmake_args=None, catkin_cmake_args=None, catkin_skip_building_tests=False, verb_parser=<colcon_defaults.argument_parser.defaults.DefaultArgumentsDecorator object at 0x7657e383c550>, verb_extension=<colcon_core.verb.build.BuildVerb object at 0x7657e396d900>, main=<bound method BuildVerb.main of <colcon_core.verb.build.BuildVerb object at 0x7657e396d900>>)
[0.228s] Level 1:colcon.colcon_core.package_discovery:discover_packages(colcon_meta) check parameters
[0.228s] Level 1:colcon.colcon_core.package_discovery:discover_packages(recursive) check parameters
[0.228s] Level 1:colcon.colcon_core.package_discovery:discover_packages(ignore) check parameters
[0.228s] Level 1:colcon.colcon_core.package_discovery:discover_packages(path) check parameters
[0.228s] Level 1:colcon.colcon_core.package_discovery:discover_packages(colcon_meta) discover
[0.229s] Level 1:colcon.colcon_core.package_discovery:discover_packages(recursive) discover
[0.229s] INFO:colcon.colcon_core.package_discovery:Crawling recursively for packages in '/home/monith/test_rover'
[0.229s] Level 1:colcon.colcon_core.package_identification:_identify(.) by extensions ['ignore', 'ignore_ament_install']
[0.229s] Level 1:colcon.colcon_core.package_identification:_identify(.) by extension 'ignore'
[0.229s] Level 1:colcon.colcon_core.package_identification:_identify(.) by extension 'ignore_ament_install'
[0.229s] Level 1:colcon.colcon_core.package_identification:_identify(.) by extensions ['colcon_pkg']
[0.229s] Level 1:colcon.colcon_core.package_identification:_identify(.) by extension 'colcon_pkg'
[0.229s] Level 1:colcon.colcon_core.package_identification:_identify(.) by extensions ['colcon_meta']
[0.229s] Level 1:colcon.colcon_core.package_identification:_identify(.) by extension 'colcon_meta'
[0.229s] Level 1:colcon.colcon_core.package_identification:_identify(.) by extensions ['ros']
[0.229s] Level 1:colcon.colcon_core.package_identification:_identify(.) by extension 'ros'
[0.242s] Level 1:colcon.colcon_core.package_identification:_identify(.) by extensions ['cmake', 'python']
[0.242s] Level 1:colcon.colcon_core.package_identification:_identify(.) by extension 'cmake'
[0.242s] Level 1:colcon.colcon_core.package_identification:_identify(.) by extension 'python'
[0.242s] Level 1:colcon.colcon_core.package_identification:_identify(.) by extensions ['python_setup_py']
[0.242s] Level 1:colcon.colcon_core.package_identification:_identify(.) by extension 'python_setup_py'
[0.243s] Level 1:colcon.colcon_core.package_identification:_identify(build) by extensions ['ignore', 'ignore_ament_install']
[0.243s] Level 1:colcon.colcon_core.package_identification:_identify(build) by extension 'ignore'
[0.243s] Level 1:colcon.colcon_core.package_identification:_identify(build) ignored
[0.243s] Level 1:colcon.colcon_core.package_identification:_identify(install) by extensions ['ignore', 'ignore_ament_install']
[0.243s] Level 1:colcon.colcon_core.package_identification:_identify(install) by extension 'ignore'
[0.243s] Level 1:colcon.colcon_core.package_identification:_identify(install) ignored
[0.243s] Level 1:colcon.colcon_core.package_identification:_identify(log) by extensions ['ignore', 'ignore_ament_install']
[0.243s] Level 1:colcon.colcon_core.package_identification:_identify(log) by extension 'ignore'
[0.243s] Level 1:colcon.colcon_core.package_identification:_identify(log) ignored
[0.243s] Level 1:colcon.colcon_core.package_identification:_identify(src) by extensions ['ignore', 'ignore_ament_install']
[0.243s] Level 1:colcon.colcon_core.package_identification:_identify(src) by extension 'ignore'
[0.243s] Level 1:colcon.colcon_core.package_identification:_identify(src) by extension 'ignore_ament_install'
[0.243s] Level 1:colcon.colcon_core.package_identification:_identify(src) by extensions ['colcon_pkg']
[0.243s] Level 1:colcon.colcon_core.package_identification:_identify(src) by extension 'colcon_pkg'
[0.243s] Level 1:colcon.colcon_core.package_identification:_identify(src) by extensions ['colcon_meta']
[0.243s] Level 1:colcon.colcon_core.package_identification:_identify(src) by extension 'colcon_meta'
[0.243s] Level 1:colcon.colcon_core.package_identification:_identify(src) by extensions ['ros']
[0.243s] Level 1:colcon.colcon_core.package_identification:_identify(src) by extension 'ros'
[0.244s] Level 1:colcon.colcon_core.package_identification:_identify(src) by extensions ['cmake', 'python']
[0.244s] Level 1:colcon.colcon_core.package_identification:_identify(src) by extension 'cmake'
[0.244s] Level 1:colcon.colcon_core.package_identification:_identify(src) by extension 'python'
[0.244s] Level 1:colcon.colcon_core.package_identification:_identify(src) by extensions ['python_setup_py']
[0.244s] Level 1:colcon.colcon_core.package_identification:_identify(src) by extension 'python_setup_py'
[0.244s] Level 1:colcon.colcon_core.package_identification:_identify(src/rover_control) by extensions ['ignore', 'ignore_ament_install']
[0.244s] Level 1:colcon.colcon_core.package_identification:_identify(src/rover_control) by extension 'ignore'
[0.244s] Level 1:colcon.colcon_core.package_identification:_identify(src/rover_control) by extension 'ignore_ament_install'
[0.244s] Level 1:colcon.colcon_core.package_identification:_identify(src/rover_control) by extensions ['colcon_pkg']
[0.244s] Level 1:colcon.colcon_core.package_identification:_identify(src/rover_control) by extension 'colcon_pkg'
[0.244s] Level 1:colcon.colcon_core.package_identification:_identify(src/rover_control) by extensions ['colcon_meta']
[0.244s] Level 1:colcon.colcon_core.package_identification:_identify(src/rover_control) by extension 'colcon_meta'
[0.244s] Level 1:colcon.colcon_core.package_identification:_identify(src/rover_control) by extensions ['ros']
[0.244s] Level 1:colcon.colcon_core.package_identification:_identify(src/rover_control) by extension 'ros'
[0.247s] DEBUG:colcon.colcon_core.package_identification:Package 'src/rover_control' with type 'ros.ament_python' and name 'rover_control'
[0.247s] Level 1:colcon.colcon_core.package_identification:_identify(src/waypoint_navigation) by extensions ['ignore', 'ignore_ament_install']
[0.247s] Level 1:colcon.colcon_core.package_identification:_identify(src/waypoint_navigation) by extension 'ignore'
[0.247s] Level 1:colcon.colcon_core.package_identification:_identify(src/waypoint_navigation) by extension 'ignore_ament_install'
[0.247s] Level 1:colcon.colcon_core.package_identification:_identify(src/waypoint_navigation) by extensions ['colcon_pkg']
[0.247s] Level 1:colcon.colcon_core.package_identification:_identify(src/waypoint_navigation) by extension 'colcon_pkg'
[0.247s] Level 1:colcon.colcon_core.package_identification:_identify(src/waypoint_navigation) by extensions ['colcon_meta']
[0.247s] Level 1:colcon.colcon_core.package_identification:_identify(src/waypoint_navigation) by extension 'colcon_meta'
[0.247s] Level 1:colcon.colcon_core.package_identification:_identify(src/waypoint_navigation) by extensions ['ros']
[0.247s] Level 1:colcon.colcon_core.package_identification:_identify(src/waypoint_navigation) by extension 'ros'
[0.248s] DEBUG:colcon.colcon_core.package_identification:Package 'src/waypoint_navigation' with type 'ros.ament_cmake' and name 'waypoint_navigation'
[0.248s] Level 1:colcon.colcon_core.package_discovery:discover_packages(recursive) using defaults
[0.248s] Level 1:colcon.colcon_core.package_discovery:discover_packages(ignore) discover
[0.248s] Level 1:colcon.colcon_core.package_discovery:discover_packages(ignore) using defaults
[0.248s] Level 1:colcon.colcon_core.package_discovery:discover_packages(path) discover
[0.248s] Level 1:colcon.colcon_core.package_discovery:discover_packages(path) using defaults
[0.266s] Level 1:colcon.colcon_core.package_discovery:discover_packages(prefix_path) check parameters
[0.267s] Level 1:colcon.colcon_core.package_discovery:discover_packages(prefix_path) discover
[0.267s] WARNING:colcon.colcon_ros.prefix_path.ament:The path '/home/monith/test_rover/install/waypoint_navigation' in the environment variable AMENT_PREFIX_PATH doesn't exist
[0.267s] WARNING:colcon.colcon_ros.prefix_path.ament:The path '/home/monith/test_rover/install/rover_control' in the environment variable AMENT_PREFIX_PATH doesn't exist
[0.267s] WARNING:colcon.colcon_ros.prefix_path.catkin:The path '/home/monith/test_rover/install/waypoint_navigation' in the environment variable CMAKE_PREFIX_PATH doesn't exist
[0.268s] DEBUG:colcon.colcon_installed_package_information.package_discovery:Found 0 installed packages in /home/monith/test_rover/install
[0.269s] DEBUG:colcon.colcon_installed_package_information.package_discovery:Found 324 installed packages in /opt/ros/humble
[0.286s] Level 1:colcon.colcon_core.package_discovery:discover_packages(prefix_path) using defaults
[0.320s] Level 5:colcon.colcon_core.verb:set package 'rover_control' build argument 'cmake_args' from command line to 'None'
[0.320s] Level 5:colcon.colcon_core.verb:set package 'rover_control' build argument 'cmake_target' from command line to 'None'
[0.320s] Level 5:colcon.colcon_core.verb:set package 'rover_control' build argument 'cmake_target_skip_unavailable' from command line to 'False'
[0.320s] Level 5:colcon.colcon_core.verb:set package 'rover_control' build argument 'cmake_clean_cache' from command line to 'False'
[0.320s] Level 5:colcon.colcon_core.verb:set package 'rover_control' build argument 'cmake_clean_first' from command line to 'False'
[0.320s] Level 5:colcon.colcon_core.verb:set package 'rover_control' build argument 'cmake_force_configure' from command line to 'False'
[0.320s] Level 5:colcon.colcon_core.verb:set package 'rover_control' build argument 'ament_cmake_args' from command line to 'None'
[0.320s] Level 5:colcon.colcon_core.verb:set package 'rover_control' build argument 'catkin_cmake_args' from command line to 'None'
[0.320s] Level 5:colcon.colcon_core.verb:set package 'rover_control' build argument 'catkin_skip_building_tests' from command line to 'False'
[0.320s] DEBUG:colcon.colcon_core.verb:Building package 'rover_control' with the following arguments: {'ament_cmake_args': None, 'build_base': '/home/monith/test_rover/build/rover_control', 'catkin_cmake_args': None, 'catkin_skip_building_tests': False, 'cmake_args': None, 'cmake_clean_cache': False, 'cmake_clean_first': False, 'cmake_force_configure': False, 'cmake_target': None, 'cmake_target_skip_unavailable': False, 'install_base': '/home/monith/test_rover/install/rover_control', 'merge_install': False, 'path': '/home/monith/test_rover/src/rover_control', 'symlink_install': True, 'test_result_base': None}
[0.320s] Level 5:colcon.colcon_core.verb:set package 'waypoint_navigation' build argument 'cmake_args' from command line to 'None'
[0.321s] Level 5:colcon.colcon_core.verb:set package 'waypoint_navigation' build argument 'cmake_target' from command line to 'None'
[0.321s] Level 5:colcon.colcon_core.verb:set package 'waypoint_navigation' build argument 'cmake_target_skip_unavailable' from command line to 'False'
[0.321s] Level 5:colcon.colcon_core.verb:set package 'waypoint_navigation' build argument 'cmake_clean_cache' from command line to 'False'
[0.321s] Level 5:colcon.colcon_core.verb:set package 'waypoint_navigation' build argument 'cmake_clean_first' from command line to 'False'
[0.321s] Level 5:colcon.colcon_core.verb:set package 'waypoint_navigation' build argument 'cmake_force_configure' from command line to 'False'
[0.321s] Level 5:colcon.colcon_core.verb:set package 'waypoint_navigation' build argument 'ament_cmake_args' from command line to 'None'
[0.321s] Level 5:colcon.colcon_core.verb:set package 'waypoint_navigation' build argument 'catkin_cmake_args' from command line to 'None'
[0.321s] Level 5:colcon.colcon_core.verb:set package 'waypoint_navigation' build argument 'catkin_skip_building_tests' from command line to 'False'
[0.321s] DEBUG:colcon.colcon_core.verb:Building package 'waypoint_navigation' with the following arguments: {'ament_cmake_args': None, 'build_base': '/home/monith/test_rover/build/waypoint_navigation', 'catkin_cmake_args': None, 'catkin_skip_building_tests': False, 'cmake_args': None, 'cmake_clean_cache': False, 'cmake_clean_first': False, 'cmake_force_configure': False, 'cmake_target': None, 'cmake_target_skip_unavailable': False, 'install_base': '/home/monith/test_rover/install/waypoint_navigation', 'merge_install': False, 'path': '/home/monith/test_rover/src/waypoint_navigation', 'symlink_install': True, 'test_result_base': None}
[0.321s] INFO:colcon.colcon_core.executor:Executing jobs using 'parallel' executor
[0.322s] DEBUG:colcon.colcon_parallel_executor.executor.parallel:run_until_complete
[0.322s] INFO:colcon.colcon_ros.task.ament_python.build:Building ROS package in '/home/monith/test_rover/src/rover_control' with build type 'ament_python'
[0.322s] Level 1:colcon.colcon_core.shell:create_environment_hook('rover_control', 'ament_prefix_path')
[0.324s] INFO:colcon.colcon_core.plugin_system:Skipping extension 'colcon_core.shell.bat': Not used on non-Windows systems
[0.324s] INFO:colcon.colcon_core.shell:Creating environment hook '/home/monith/test_rover/install/rover_control/share/rover_control/hook/ament_prefix_path.ps1'
[0.325s] INFO:colcon.colcon_core.shell:Creating environment descriptor '/home/monith/test_rover/install/rover_control/share/rover_control/hook/ament_prefix_path.dsv'
[0.326s] INFO:colcon.colcon_core.shell:Creating environment hook '/home/monith/test_rover/install/rover_control/share/rover_control/hook/ament_prefix_path.sh'
[0.327s] INFO:colcon.colcon_core.shell:Skip shell extension 'powershell' for command environment: Not usable outside of PowerShell
[0.327s] DEBUG:colcon.colcon_core.shell:Skip shell extension 'dsv' for command environment
[0.330s] INFO:colcon.colcon_ros.task.ament_cmake.build:Building ROS package in '/home/monith/test_rover/src/waypoint_navigation' with build type 'ament_cmake'
[0.330s] INFO:colcon.colcon_cmake.task.cmake.build:Building CMake package in '/home/monith/test_rover/src/waypoint_navigation'
[0.331s] INFO:colcon.colcon_core.shell:Skip shell extension 'powershell' for command environment: Not usable outside of PowerShell
[0.331s] DEBUG:colcon.colcon_core.shell:Skip shell extension 'dsv' for command environment
[0.552s] INFO:colcon.colcon_core.task.python.build:Building Python package in '/home/monith/test_rover/src/rover_control'
[0.553s] INFO:colcon.colcon_core.shell:Skip shell extension 'powershell' for command environment: Not usable outside of PowerShell
[0.553s] DEBUG:colcon.colcon_core.shell:Skip shell extension 'dsv' for command environment
[0.560s] DEBUG:colcon.colcon_core.event_handler.log_command:Invoking command in '/home/monith/test_rover/build/waypoint_navigation': CMAKE_PREFIX_PATH=${CMAKE_PREFIX_PATH}:/home/monith/test_rover/install/rover_control:/opt/ros/humble /usr/bin/cmake /home/monith/test_rover/src/waypoint_navigation -DAMENT_CMAKE_SYMLINK_INSTALL=1 -DCMAKE_INSTALL_PREFIX=/home/monith/test_rover/install/waypoint_navigation
[0.963s] DEBUG:colcon.colcon_core.event_handler.log_command:Invoking command in '/home/monith/test_rover/build/rover_control': PYTHONPATH=/home/monith/test_rover/build/rover_control/prefix_override:/usr/lib/python3/dist-packages/colcon_core/task/python/colcon_distutils_commands:/home/monith/test_rover/install/rover_control/lib/python3.10/site-packages:${PYTHONPATH} /usr/bin/python3 -W ignore:setup.py install is deprecated -W ignore:easy_install command is deprecated setup.py develop --editable --build-directory /home/monith/test_rover/build/rover_control/build --no-deps symlink_data
[1.386s] Level 1:colcon.colcon_core.shell:create_environment_hook('rover_control', 'pythonpath_develop')
[1.386s] INFO:colcon.colcon_core.shell:Creating environment hook '/home/monith/test_rover/build/rover_control/share/rover_control/hook/pythonpath_develop.ps1'
[1.387s] DEBUG:colcon.colcon_core.event_handler.log_command:Invoked command in '/home/monith/test_rover/build/rover_control' returned '0': PYTHONPATH=/home/monith/test_rover/build/rover_control/prefix_override:/usr/lib/python3/dist-packages/colcon_core/task/python/colcon_distutils_commands:/home/monith/test_rover/install/rover_control/lib/python3.10/site-packages:${PYTHONPATH} /usr/bin/python3 -W ignore:setup.py install is deprecated -W ignore:easy_install command is deprecated setup.py develop --editable --build-directory /home/monith/test_rover/build/rover_control/build --no-deps symlink_data
[1.388s] INFO:colcon.colcon_core.shell:Creating environment descriptor '/home/monith/test_rover/build/rover_control/share/rover_control/hook/pythonpath_develop.dsv'
[1.389s] INFO:colcon.colcon_core.shell:Creating environment hook '/home/monith/test_rover/build/rover_control/share/rover_control/hook/pythonpath_develop.sh'
[1.393s] Level 1:colcon.colcon_core.environment:checking '/home/monith/test_rover/install/rover_control' for CMake module files
[1.394s] Level 1:colcon.colcon_core.environment:checking '/home/monith/test_rover/install/rover_control' for CMake config files
[1.395s] Level 1:colcon.colcon_core.environment:checking '/home/monith/test_rover/install/rover_control/lib'
[1.396s] Level 1:colcon.colcon_core.environment:checking '/home/monith/test_rover/install/rover_control/bin'
[1.396s] Level 1:colcon.colcon_core.environment:checking '/home/monith/test_rover/install/rover_control/lib/pkgconfig/rover_control.pc'
[1.396s] Level 1:colcon.colcon_core.environment:checking '/home/monith/test_rover/install/rover_control/lib/python3.10/site-packages'
[1.396s] Level 1:colcon.colcon_core.shell:create_environment_hook('rover_control', 'pythonpath')
[1.397s] INFO:colcon.colcon_core.shell:Creating environment hook '/home/monith/test_rover/install/rover_control/share/rover_control/hook/pythonpath.ps1'
[1.397s] INFO:colcon.colcon_core.shell:Creating environment descriptor '/home/monith/test_rover/install/rover_control/share/rover_control/hook/pythonpath.dsv'
[1.398s] INFO:colcon.colcon_core.shell:Creating environment hook '/home/monith/test_rover/install/rover_control/share/rover_control/hook/pythonpath.sh'
[1.399s] Level 1:colcon.colcon_core.environment:checking '/home/monith/test_rover/install/rover_control/bin'
[1.399s] Level 1:colcon.colcon_core.environment:create_environment_scripts_only(rover_control)
[1.400s] INFO:colcon.colcon_core.shell:Creating package script '/home/monith/test_rover/install/rover_control/share/rover_control/package.ps1'
[1.402s] INFO:colcon.colcon_core.shell:Creating package descriptor '/home/monith/test_rover/install/rover_control/share/rover_control/package.dsv'
[1.403s] INFO:colcon.colcon_core.shell:Creating package script '/home/monith/test_rover/install/rover_control/share/rover_control/package.sh'
[1.404s] INFO:colcon.colcon_core.shell:Creating package script '/home/monith/test_rover/install/rover_control/share/rover_control/package.bash'
[1.405s] INFO:colcon.colcon_core.shell:Creating package script '/home/monith/test_rover/install/rover_control/share/rover_control/package.zsh'
[1.406s] Level 1:colcon.colcon_core.environment:create_file_with_runtime_dependencies(/home/monith/test_rover/install/rover_control/share/colcon-core/packages/rover_control)
[1.683s] DEBUG:colcon.colcon_core.event_handler.log_command:Invoked command in '/home/monith/test_rover/build/waypoint_navigation' returned '1': CMAKE_PREFIX_PATH=${CMAKE_PREFIX_PATH}:/home/monith/test_rover/install/rover_control:/opt/ros/humble /usr/bin/cmake /home/monith/test_rover/src/waypoint_navigation -DAMENT_CMAKE_SYMLINK_INSTALL=1 -DCMAKE_INSTALL_PREFIX=/home/monith/test_rover/install/waypoint_navigation
[1.699s] Level 1:colcon.colcon_core.environment:create_environment_scripts_only(waypoint_navigation)
[1.700s] Level 1:colcon.colcon_core.environment:checking '/home/monith/test_rover/install/waypoint_navigation' for CMake module files
[1.700s] Level 1:colcon.colcon_core.environment:checking '/home/monith/test_rover/install/waypoint_navigation' for CMake config files
[1.700s] Level 1:colcon.colcon_core.environment:checking '/home/monith/test_rover/install/waypoint_navigation/bin'
[1.700s] Level 1:colcon.colcon_core.environment:checking '/home/monith/test_rover/install/waypoint_navigation/lib/pkgconfig/waypoint_navigation.pc'
[1.700s] Level 1:colcon.colcon_core.environment:checking '/home/monith/test_rover/install/waypoint_navigation/lib/python3.10/site-packages'
[1.701s] Level 1:colcon.colcon_core.environment:checking '/home/monith/test_rover/install/waypoint_navigation/bin'
[1.701s] INFO:colcon.colcon_core.shell:Creating package script '/home/monith/test_rover/install/waypoint_navigation/share/waypoint_navigation/package.ps1'
[1.701s] INFO:colcon.colcon_core.shell:Creating package descriptor '/home/monith/test_rover/install/waypoint_navigation/share/waypoint_navigation/package.dsv'
[1.702s] INFO:colcon.colcon_core.shell:Creating package script '/home/monith/test_rover/install/waypoint_navigation/share/waypoint_navigation/package.sh'
[1.702s] INFO:colcon.colcon_core.shell:Creating package script '/home/monith/test_rover/install/waypoint_navigation/share/waypoint_navigation/package.bash'
[1.702s] INFO:colcon.colcon_core.shell:Creating package script '/home/monith/test_rover/install/waypoint_navigation/share/waypoint_navigation/package.zsh'
[1.702s] Level 1:colcon.colcon_core.environment:create_file_with_runtime_dependencies(/home/monith/test_rover/install/waypoint_navigation/share/colcon-core/packages/waypoint_navigation)
[1.713s] DEBUG:colcon.colcon_parallel_executor.executor.parallel:closing loop
[1.713s] DEBUG:colcon.colcon_parallel_executor.executor.parallel:loop closed
[1.713s] DEBUG:colcon.colcon_parallel_executor.executor.parallel:run_until_complete finished with '1'
[1.714s] DEBUG:colcon.colcon_core.event_reactor:joining thread
[1.729s] INFO:colcon.colcon_core.plugin_system:Skipping extension 'colcon_notification.desktop_notification.terminal_notifier': Not used on non-Darwin systems
[1.729s] INFO:colcon.colcon_core.plugin_system:Skipping extension 'colcon_notification.desktop_notification.win32': Not used on non-Windows systems
[1.729s] INFO:colcon.colcon_notification.desktop_notification:Sending desktop notification using 'notify2'
[1.751s] DEBUG:colcon.colcon_core.event_reactor:joined thread
[1.752s] INFO:colcon.colcon_core.shell:Creating prefix script '/home/monith/test_rover/install/local_setup.ps1'
[1.753s] INFO:colcon.colcon_core.shell:Creating prefix util module '/home/monith/test_rover/install/_local_setup_util_ps1.py'
[1.756s] INFO:colcon.colcon_core.shell:Creating prefix chain script '/home/monith/test_rover/install/setup.ps1'
[1.758s] INFO:colcon.colcon_core.shell:Creating prefix script '/home/monith/test_rover/install/local_setup.sh'
[1.759s] INFO:colcon.colcon_core.shell:Creating prefix util module '/home/monith/test_rover/install/_local_setup_util_sh.py'
[1.760s] INFO:colcon.colcon_core.shell:Creating prefix chain script '/home/monith/test_rover/install/setup.sh'
[1.761s] INFO:colcon.colcon_core.shell:Creating prefix script '/home/monith/test_rover/install/local_setup.bash'
[1.763s] INFO:colcon.colcon_core.shell:Creating prefix chain script '/home/monith/test_rover/install/setup.bash'
[1.765s] INFO:colcon.colcon_core.shell:Creating prefix script '/home/monith/test_rover/install/local_setup.zsh'
[1.766s] INFO:colcon.colcon_core.shell:Creating prefix chain script '/home/monith/test_rover/install/setup.zsh'
