running egg_info
writing ../../build/rover_control/rover_control.egg-info/PKG-INFO
writing dependency_links to ../../build/rover_control/rover_control.egg-info/dependency_links.txt
writing entry points to ../../build/rover_control/rover_control.egg-info/entry_points.txt
writing requirements to ../../build/rover_control/rover_control.egg-info/requires.txt
writing top-level names to ../../build/rover_control/rover_control.egg-info/top_level.txt
reading manifest file '../../build/rover_control/rover_control.egg-info/SOURCES.txt'
writing manifest file '../../build/rover_control/rover_control.egg-info/SOURCES.txt'
running build
running build_py
copying rover_control/goal_client.py -> /home/monith/test_rover/build/rover_control/build/lib/rover_control
copying rover_control/goal_server.py -> /home/monith/test_rover/build/rover_control/build/lib/rover_control
running install
running install_lib
copying /home/monith/test_rover/build/rover_control/build/lib/rover_control/goal_client.py -> /home/monith/test_rover/install/rover_control/lib/python3.10/site-packages/rover_control
copying /home/monith/test_rover/build/rover_control/build/lib/rover_control/goal_server.py -> /home/monith/test_rover/install/rover_control/lib/python3.10/site-packages/rover_control
byte-compiling /home/monith/test_rover/install/rover_control/lib/python3.10/site-packages/rover_control/goal_client.py to goal_client.cpython-310.pyc
byte-compiling /home/monith/test_rover/install/rover_control/lib/python3.10/site-packages/rover_control/goal_server.py to goal_server.cpython-310.pyc
running install_data
running install_egg_info
removing '/home/monith/test_rover/install/rover_control/lib/python3.10/site-packages/rover_control-0.0.0-py3.10.egg-info' (and everything under it)
Copying ../../build/rover_control/rover_control.egg-info to /home/monith/test_rover/install/rover_control/lib/python3.10/site-packages/rover_control-0.0.0-py3.10.egg-info
running install_scripts
Installing nav_node script to /home/monith/test_rover/install/rover_control/lib/rover_control
writing list of installed files to '/home/monith/test_rover/build/rover_control/install.log'
