[0.539s] Invoking command in '/home/monith/test_rover/src/rover_control': PYTHONPATH=/home/monith/test_rover/build/rover_control/prefix_override:/usr/lib/python3/dist-packages/colcon_core/task/python/colcon_distutils_commands:/home/monith/test_rover/install/rover_control/lib/python3.10/site-packages:${PYTHONPATH} /usr/bin/python3 -W ignore:setup.py install is deprecated -W ignore:easy_install command is deprecated setup.py egg_info --egg-base ../../build/rover_control build --build-base /home/monith/test_rover/build/rover_control/build install --record /home/monith/test_rover/build/rover_control/install.log --single-version-externally-managed install_data
[0.731s] running egg_info
[0.732s] writing ../../build/rover_control/rover_control.egg-info/PKG-INFO
[0.733s] writing dependency_links to ../../build/rover_control/rover_control.egg-info/dependency_links.txt
[0.733s] writing entry points to ../../build/rover_control/rover_control.egg-info/entry_points.txt
[0.733s] writing requirements to ../../build/rover_control/rover_control.egg-info/requires.txt
[0.733s] writing top-level names to ../../build/rover_control/rover_control.egg-info/top_level.txt
[0.734s] reading manifest file '../../build/rover_control/rover_control.egg-info/SOURCES.txt'
[0.735s] writing manifest file '../../build/rover_control/rover_control.egg-info/SOURCES.txt'
[0.735s] running build
[0.735s] running build_py
[0.735s] copying rover_control/goal_client.py -> /home/monith/test_rover/build/rover_control/build/lib/rover_control
[0.735s] copying rover_control/goal_server.py -> /home/monith/test_rover/build/rover_control/build/lib/rover_control
[0.736s] running install
[0.736s] running install_lib
[0.737s] copying /home/monith/test_rover/build/rover_control/build/lib/rover_control/goal_client.py -> /home/monith/test_rover/install/rover_control/lib/python3.10/site-packages/rover_control
[0.737s] copying /home/monith/test_rover/build/rover_control/build/lib/rover_control/goal_server.py -> /home/monith/test_rover/install/rover_control/lib/python3.10/site-packages/rover_control
[0.737s] byte-compiling /home/monith/test_rover/install/rover_control/lib/python3.10/site-packages/rover_control/goal_client.py to goal_client.cpython-310.pyc
[0.738s] byte-compiling /home/monith/test_rover/install/rover_control/lib/python3.10/site-packages/rover_control/goal_server.py to goal_server.cpython-310.pyc
[0.738s] running install_data
[0.739s] running install_egg_info
[0.740s] removing '/home/monith/test_rover/install/rover_control/lib/python3.10/site-packages/rover_control-0.0.0-py3.10.egg-info' (and everything under it)
[0.740s] Copying ../../build/rover_control/rover_control.egg-info to /home/monith/test_rover/install/rover_control/lib/python3.10/site-packages/rover_control-0.0.0-py3.10.egg-info
[0.741s] running install_scripts
[0.757s] Installing nav_node script to /home/monith/test_rover/install/rover_control/lib/rover_control
[0.757s] writing list of installed files to '/home/monith/test_rover/build/rover_control/install.log'
[0.779s] Invoked command in '/home/monith/test_rover/src/rover_control' returned '0': PYTHONPATH=/home/monith/test_rover/build/rover_control/prefix_override:/usr/lib/python3/dist-packages/colcon_core/task/python/colcon_distutils_commands:/home/monith/test_rover/install/rover_control/lib/python3.10/site-packages:${PYTHONPATH} /usr/bin/python3 -W ignore:setup.py install is deprecated -W ignore:easy_install command is deprecated setup.py egg_info --egg-base ../../build/rover_control build --build-base /home/monith/test_rover/build/rover_control/build install --record /home/monith/test_rover/build/rover_control/install.log --single-version-externally-managed install_data
