[35m[1mConsolidate compiler generated dependencies of target waypoint_navigation__rosidl_generator_c[0m
[  3%] Built target waypoint_navigation__rs
[  3%] Built target waypoint_navigation__cpp
[  4%] [32mBuilding C object CMakeFiles/waypoint_navigation__rosidl_generator_c.dir/rosidl_generator_c/waypoint_navigation/msg/detail/estimated_odom__functions.c.o[0m
[  4%] Built target ament_cmake_python_symlink_waypoint_navigation
[35m[1mConsolidate compiler generated dependencies of target waypoint_navigation__rosidl_typesupport_cpp[0m
[35m[1mConsolidate compiler generated dependencies of target waypoint_navigation__rosidl_typesupport_fastrtps_cpp[0m
[35m[1mConsolidate compiler generated dependencies of target waypoint_navigation__rosidl_typesupport_introspection_cpp[0m
In file included from [01m[K/home/monith/test_rover/build/waypoint_navigation/rosidl_generator_c/waypoint_navigation/msg/detail/estimated_odom__functions.h:19[m[K,
                 from [01m[K/home/monith/test_rover/build/waypoint_navigation/rosidl_generator_c/waypoint_navigation/msg/detail/estimated_odom__functions.c:4[m[K:
[01m[K/home/monith/test_rover/build/waypoint_navigation/rosidl_generator_c/waypoint_navigation/msg/detail/estimated_odom__struct.h:22:10:[m[K [01;31m[Kfatal error: [m[Knav_msgs/msg/detail/odometry__struct.h: No such file or directory
   22 | #include [01;31m[K"nav_msgs/msg/detail/odometry__struct.h"[m[K
      |          [01;31m[K^~~~~~~~~~~~~~~~~~~~~~~~~~~~~~~~~~~~~~~~[m[K
compilation terminated.
gmake[2]: *** [CMakeFiles/waypoint_navigation__rosidl_generator_c.dir/build.make:311: CMakeFiles/waypoint_navigation__rosidl_generator_c.dir/rosidl_generator_c/waypoint_navigation/msg/detail/estimated_odom__functions.c.o] Error 1
gmake[1]: *** [CMakeFiles/Makefile2:232: CMakeFiles/waypoint_navigation__rosidl_generator_c.dir/all] Error 2
gmake[1]: *** Waiting for unfinished jobs....
[  6%] [32mBuilding CXX object CMakeFiles/waypoint_navigation__rosidl_typesupport_cpp.dir/rosidl_typesupport_cpp/waypoint_navigation/msg/estimated_odom__type_support.cpp.o[0m
[  7%] [32mBuilding CXX object CMakeFiles/waypoint_navigation__rosidl_typesupport_fastrtps_cpp.dir/rosidl_typesupport_fastrtps_cpp/waypoint_navigation/msg/detail/dds_fastrtps/estimated_odom__type_support.cpp.o[0m
[  9%] [32mBuilding CXX object CMakeFiles/waypoint_navigation__rosidl_typesupport_introspection_cpp.dir/rosidl_typesupport_introspection_cpp/waypoint_navigation/msg/detail/estimated_odom__type_support.cpp.o[0m
In file included from [01m[K/home/monith/test_rover/build/waypoint_navigation/rosidl_typesupport_cpp/waypoint_navigation/msg/estimated_odom__type_support.cpp:7[m[K:
[01m[K/home/monith/test_rover/build/waypoint_navigation/rosidl_generator_cpp/waypoint_navigation/msg/detail/estimated_odom__struct.hpp:21:10:[m[K [01;31m[Kfatal error: [m[Knav_msgs/msg/detail/odometry__struct.hpp: No such file or directory
   21 | #include [01;31m[K"nav_msgs/msg/detail/odometry__struct.hpp"[m[K
      |          [01;31m[K^~~~~~~~~~~~~~~~~~~~~~~~~~~~~~~~~~~~~~~~~~[m[K
compilation terminated.
gmake[2]: *** [CMakeFiles/waypoint_navigation__rosidl_typesupport_cpp.dir/build.make:244: CMakeFiles/waypoint_navigation__rosidl_typesupport_cpp.dir/rosidl_typesupport_cpp/waypoint_navigation/msg/estimated_odom__type_support.cpp.o] Error 1
gmake[1]: *** [CMakeFiles/Makefile2:414: CMakeFiles/waypoint_navigation__rosidl_typesupport_cpp.dir/all] Error 2
In file included from [01m[K/home/monith/test_rover/build/waypoint_navigation/rosidl_typesupport_fastrtps_cpp/waypoint_navigation/msg/detail/estimated_odom__rosidl_typesupport_fastrtps_cpp.hpp:11[m[K,
                 from [01m[K/home/monith/test_rover/build/waypoint_navigation/rosidl_typesupport_fastrtps_cpp/waypoint_navigation/msg/detail/dds_fastrtps/estimated_odom__type_support.cpp:4[m[K:
[01m[K/home/monith/test_rover/build/waypoint_navigation/rosidl_generator_cpp/waypoint_navigation/msg/detail/estimated_odom__struct.hpp:21:10:[m[K [01;31m[Kfatal error: [m[Knav_msgs/msg/detail/odometry__struct.hpp: No such file or directory
   21 | #include [01;31m[K"nav_msgs/msg/detail/odometry__struct.hpp"[m[K
      |          [01;31m[K^~~~~~~~~~~~~~~~~~~~~~~~~~~~~~~~~~~~~~~~~~[m[K
compilation terminated.
In file included from [01m[K/home/monith/test_rover/build/waypoint_navigation/rosidl_typesupport_introspection_cpp/waypoint_navigation/msg/detail/estimated_odom__type_support.cpp:12[m[K:
[01m[K/home/monith/test_rover/build/waypoint_navigation/rosidl_generator_cpp/waypoint_navigation/msg/detail/estimated_odom__struct.hpp:21:10:[m[K [01;31m[Kfatal error: [m[Knav_msgs/msg/detail/odometry__struct.hpp: No such file or directory
   21 | #include [01;31m[K"nav_msgs/msg/detail/odometry__struct.hpp"[m[K
      |          [01;31m[K^~~~~~~~~~~~~~~~~~~~~~~~~~~~~~~~~~~~~~~~~~[m[K
compilation terminated.
gmake[2]: *** [CMakeFiles/waypoint_navigation__rosidl_typesupport_fastrtps_cpp.dir/build.make:261: CMakeFiles/waypoint_navigation__rosidl_typesupport_fastrtps_cpp.dir/rosidl_typesupport_fastrtps_cpp/waypoint_navigation/msg/detail/dds_fastrtps/estimated_odom__type_support.cpp.o] Error 1
gmake[1]: *** [CMakeFiles/Makefile2:310: CMakeFiles/waypoint_navigation__rosidl_typesupport_fastrtps_cpp.dir/all] Error 2
gmake[2]: *** [CMakeFiles/waypoint_navigation__rosidl_typesupport_introspection_cpp.dir/build.make:261: CMakeFiles/waypoint_navigation__rosidl_typesupport_introspection_cpp.dir/rosidl_typesupport_introspection_cpp/waypoint_navigation/msg/detail/estimated_odom__type_support.cpp.o] Error 1
gmake[1]: *** [CMakeFiles/Makefile2:388: CMakeFiles/waypoint_navigation__rosidl_typesupport_introspection_cpp.dir/all] Error 2
running egg_info
writing waypoint_navigation.egg-info/PKG-INFO
writing dependency_links to waypoint_navigation.egg-info/dependency_links.txt
writing top-level names to waypoint_navigation.egg-info/top_level.txt
reading manifest file 'waypoint_navigation.egg-info/SOURCES.txt'
writing manifest file 'waypoint_navigation.egg-info/SOURCES.txt'
[  9%] Built target ament_cmake_python_build_waypoint_navigation_egg
gmake: *** [Makefile:146: all] Error 2
