[0.235s] Invoking command in '/home/monith/test_rover/build/waypoint_navigation': CMAKE_PREFIX_PATH=${CMAKE_PREFIX_PATH}:/home/monith/test_rover/install/rover_control:/opt/ros/humble /usr/bin/cmake --build /home/monith/test_rover/build/waypoint_navigation -- -j8 -l8
[0.288s] [35m[1mConsolidate compiler generated dependencies of target waypoint_navigation__rosidl_generator_c[0m
[0.299s] [  3%] Built target waypoint_navigation__rs
[0.299s] [  3%] Built target waypoint_navigation__cpp
[0.309s] [  4%] [32mBuilding C object CMakeFiles/waypoint_navigation__rosidl_generator_c.dir/rosidl_generator_c/waypoint_navigation/msg/detail/estimated_odom__functions.c.o[0m
[0.310s] [  4%] Built target ament_cmake_python_symlink_waypoint_navigation
[0.315s] [35m[1mConsolidate compiler generated dependencies of target waypoint_navigation__rosidl_typesupport_cpp[0m
[0.315s] [35m[1mConsolidate compiler generated dependencies of target waypoint_navigation__rosidl_typesupport_fastrtps_cpp[0m
[0.317s] [35m[1mConsolidate compiler generated dependencies of target waypoint_navigation__rosidl_typesupport_introspection_cpp[0m
[0.335s] In file included from [01m[K/home/monith/test_rover/build/waypoint_navigation/rosidl_generator_c/waypoint_navigation/msg/detail/estimated_odom__functions.h:19[m[K,
[0.335s]                  from [01m[K/home/monith/test_rover/build/waypoint_navigation/rosidl_generator_c/waypoint_navigation/msg/detail/estimated_odom__functions.c:4[m[K:
[0.335s] [01m[K/home/monith/test_rover/build/waypoint_navigation/rosidl_generator_c/waypoint_navigation/msg/detail/estimated_odom__struct.h:22:10:[m[K [01;31m[Kfatal error: [m[Knav_msgs/msg/detail/odometry__struct.h: No such file or directory
[0.335s]    22 | #include [01;31m[K"nav_msgs/msg/detail/odometry__struct.h"[m[K
[0.335s]       |          [01;31m[K^~~~~~~~~~~~~~~~~~~~~~~~~~~~~~~~~~~~~~~~[m[K
[0.335s] compilation terminated.
[0.337s] gmake[2]: *** [CMakeFiles/waypoint_navigation__rosidl_generator_c.dir/build.make:311: CMakeFiles/waypoint_navigation__rosidl_generator_c.dir/rosidl_generator_c/waypoint_navigation/msg/detail/estimated_odom__functions.c.o] Error 1
[0.337s] gmake[1]: *** [CMakeFiles/Makefile2:232: CMakeFiles/waypoint_navigation__rosidl_generator_c.dir/all] Error 2
[0.337s] gmake[1]: *** Waiting for unfinished jobs....
[0.339s] [  6%] [32mBuilding CXX object CMakeFiles/waypoint_navigation__rosidl_typesupport_cpp.dir/rosidl_typesupport_cpp/waypoint_navigation/msg/estimated_odom__type_support.cpp.o[0m
[0.344s] [  7%] [32mBuilding CXX object CMakeFiles/waypoint_navigation__rosidl_typesupport_fastrtps_cpp.dir/rosidl_typesupport_fastrtps_cpp/waypoint_navigation/msg/detail/dds_fastrtps/estimated_odom__type_support.cpp.o[0m
[0.344s] [  9%] [32mBuilding CXX object CMakeFiles/waypoint_navigation__rosidl_typesupport_introspection_cpp.dir/rosidl_typesupport_introspection_cpp/waypoint_navigation/msg/detail/estimated_odom__type_support.cpp.o[0m
[0.438s] In file included from [01m[K/home/monith/test_rover/build/waypoint_navigation/rosidl_typesupport_cpp/waypoint_navigation/msg/estimated_odom__type_support.cpp:7[m[K:
[0.438s] [01m[K/home/monith/test_rover/build/waypoint_navigation/rosidl_generator_cpp/waypoint_navigation/msg/detail/estimated_odom__struct.hpp:21:10:[m[K [01;31m[Kfatal error: [m[Knav_msgs/msg/detail/odometry__struct.hpp: No such file or directory
[0.438s]    21 | #include [01;31m[K"nav_msgs/msg/detail/odometry__struct.hpp"[m[K
[0.438s]       |          [01;31m[K^~~~~~~~~~~~~~~~~~~~~~~~~~~~~~~~~~~~~~~~~~[m[K
[0.438s] compilation terminated.
[0.444s] gmake[2]: *** [CMakeFiles/waypoint_navigation__rosidl_typesupport_cpp.dir/build.make:244: CMakeFiles/waypoint_navigation__rosidl_typesupport_cpp.dir/rosidl_typesupport_cpp/waypoint_navigation/msg/estimated_odom__type_support.cpp.o] Error 1
[0.446s] gmake[1]: *** [CMakeFiles/Makefile2:414: CMakeFiles/waypoint_navigation__rosidl_typesupport_cpp.dir/all] Error 2
[0.451s] In file included from [01m[K/home/monith/test_rover/build/waypoint_navigation/rosidl_typesupport_fastrtps_cpp/waypoint_navigation/msg/detail/estimated_odom__rosidl_typesupport_fastrtps_cpp.hpp:11[m[K,
[0.451s]                  from [01m[K/home/monith/test_rover/build/waypoint_navigation/rosidl_typesupport_fastrtps_cpp/waypoint_navigation/msg/detail/dds_fastrtps/estimated_odom__type_support.cpp:4[m[K:
[0.451s] [01m[K/home/monith/test_rover/build/waypoint_navigation/rosidl_generator_cpp/waypoint_navigation/msg/detail/estimated_odom__struct.hpp:21:10:[m[K [01;31m[Kfatal error: [m[Knav_msgs/msg/detail/odometry__struct.hpp: No such file or directory
[0.451s]    21 | #include [01;31m[K"nav_msgs/msg/detail/odometry__struct.hpp"[m[K
[0.451s]       |          [01;31m[K^~~~~~~~~~~~~~~~~~~~~~~~~~~~~~~~~~~~~~~~~~[m[K
[0.451s] compilation terminated.
[0.452s] In file included from [01m[K/home/monith/test_rover/build/waypoint_navigation/rosidl_typesupport_introspection_cpp/waypoint_navigation/msg/detail/estimated_odom__type_support.cpp:12[m[K:
[0.452s] [01m[K/home/monith/test_rover/build/waypoint_navigation/rosidl_generator_cpp/waypoint_navigation/msg/detail/estimated_odom__struct.hpp:21:10:[m[K [01;31m[Kfatal error: [m[Knav_msgs/msg/detail/odometry__struct.hpp: No such file or directory
[0.453s]    21 | #include [01;31m[K"nav_msgs/msg/detail/odometry__struct.hpp"[m[K
[0.453s]       |          [01;31m[K^~~~~~~~~~~~~~~~~~~~~~~~~~~~~~~~~~~~~~~~~~[m[K
[0.453s] compilation terminated.
[0.453s] gmake[2]: *** [CMakeFiles/waypoint_navigation__rosidl_typesupport_fastrtps_cpp.dir/build.make:261: CMakeFiles/waypoint_navigation__rosidl_typesupport_fastrtps_cpp.dir/rosidl_typesupport_fastrtps_cpp/waypoint_navigation/msg/detail/dds_fastrtps/estimated_odom__type_support.cpp.o] Error 1
[0.456s] gmake[1]: *** [CMakeFiles/Makefile2:310: CMakeFiles/waypoint_navigation__rosidl_typesupport_fastrtps_cpp.dir/all] Error 2
[0.457s] gmake[2]: *** [CMakeFiles/waypoint_navigation__rosidl_typesupport_introspection_cpp.dir/build.make:261: CMakeFiles/waypoint_navigation__rosidl_typesupport_introspection_cpp.dir/rosidl_typesupport_introspection_cpp/waypoint_navigation/msg/detail/estimated_odom__type_support.cpp.o] Error 1
[0.457s] gmake[1]: *** [CMakeFiles/Makefile2:388: CMakeFiles/waypoint_navigation__rosidl_typesupport_introspection_cpp.dir/all] Error 2
[0.649s] running egg_info
[0.649s] writing waypoint_navigation.egg-info/PKG-INFO
[0.650s] writing dependency_links to waypoint_navigation.egg-info/dependency_links.txt
[0.650s] writing top-level names to waypoint_navigation.egg-info/top_level.txt
[0.652s] reading manifest file 'waypoint_navigation.egg-info/SOURCES.txt'
[0.653s] writing manifest file 'waypoint_navigation.egg-info/SOURCES.txt'
[0.699s] [  9%] Built target ament_cmake_python_build_waypoint_navigation_egg
[0.701s] gmake: *** [Makefile:146: all] Error 2
[0.705s] Invoked command in '/home/monith/test_rover/build/waypoint_navigation' returned '2': CMAKE_PREFIX_PATH=${CMAKE_PREFIX_PATH}:/home/monith/test_rover/install/rover_control:/opt/ros/humble /usr/bin/cmake --build /home/monith/test_rover/build/waypoint_navigation -- -j8 -l8
