[0.674s] Invoking command in '/home/monith/test_rover/build/rover_control': PYTHONPATH=/home/monith/test_rover/build/rover_control/prefix_override:/usr/lib/python3/dist-packages/colcon_core/task/python/colcon_distutils_commands:/home/monith/test_rover/install/rover_control/lib/python3.10/site-packages:${PYTHONPATH} /usr/bin/python3 -W ignore:setup.py install is deprecated -W ignore:easy_install command is deprecated setup.py develop --editable --build-directory /home/monith/test_rover/build/rover_control/build --no-deps symlink_data
[0.916s] running develop
[1.050s] running egg_info
[1.050s] creating rover_control.egg-info
[1.050s] writing rover_control.egg-info/PKG-INFO
[1.050s] writing dependency_links to rover_control.egg-info/dependency_links.txt
[1.050s] writing entry points to rover_control.egg-info/entry_points.txt
[1.051s] writing requirements to rover_control.egg-info/requires.txt
[1.051s] writing top-level names to rover_control.egg-info/top_level.txt
[1.051s] writing manifest file 'rover_control.egg-info/SOURCES.txt'
[1.054s] reading manifest file 'rover_control.egg-info/SOURCES.txt'
[1.055s] writing manifest file 'rover_control.egg-info/SOURCES.txt'
[1.057s] running build_ext
[1.057s] Creating /home/monith/test_rover/install/rover_control/lib/python3.10/site-packages/rover-control.egg-link (link to .)
[1.059s] Installing nav_node script to /home/monith/test_rover/install/rover_control/lib/rover_control
[1.059s] Installing waypoint_client script to /home/monith/test_rover/install/rover_control/lib/rover_control
[1.059s] Installing waypoint_server script to /home/monith/test_rover/install/rover_control/lib/rover_control
[1.059s] 
[1.059s] Installed /home/monith/test_rover/build/rover_control
[1.059s] running symlink_data
[1.059s] creating /home/monith/test_rover/install/rover_control/share/ament_index
[1.059s] creating /home/monith/test_rover/install/rover_control/share/ament_index/resource_index
[1.060s] creating /home/monith/test_rover/install/rover_control/share/ament_index/resource_index/packages
[1.060s] symbolically linking /home/monith/test_rover/build/rover_control/resource/rover_control -> /home/monith/test_rover/install/rover_control/share/ament_index/resource_index/packages
[1.060s] symbolically linking /home/monith/test_rover/build/rover_control/package.xml -> /home/monith/test_rover/install/rover_control/share/rover_control
[1.060s] creating /home/monith/test_rover/install/rover_control/share/rover_control/launch
[1.060s] symbolically linking /home/monith/test_rover/build/rover_control/launch/roversim.launch.xml -> /home/monith/test_rover/install/rover_control/share/rover_control/launch
[1.060s] symbolically linking /home/monith/test_rover/build/rover_control/launch/robotsim.launch.xml -> /home/monith/test_rover/install/rover_control/share/rover_control/launch
[1.060s] symbolically linking /home/monith/test_rover/build/rover_control/launch/arenasim.launch.xml -> /home/monith/test_rover/install/rover_control/share/rover_control/launch
[1.060s] creating /home/monith/test_rover/install/rover_control/share/rover_control/urdf
[1.060s] symbolically linking /home/monith/test_rover/build/rover_control/urdf/robot.ros2_control.xacro -> /home/monith/test_rover/install/rover_control/share/rover_control/urdf
[1.060s] symbolically linking /home/monith/test_rover/build/rover_control/urdf/rover_base.xacro -> /home/monith/test_rover/install/rover_control/share/rover_control/urdf
[1.060s] symbolically linking /home/monith/test_rover/build/rover_control/urdf/rover.urdf.xacro -> /home/monith/test_rover/install/rover_control/share/rover_control/urdf
[1.061s] symbolically linking /home/monith/test_rover/build/rover_control/urdf/robot.urdf.xacro -> /home/monith/test_rover/install/rover_control/share/rover_control/urdf
[1.061s] symbolically linking /home/monith/test_rover/build/rover_control/urdf/rover.ros2_control.xacro -> /home/monith/test_rover/install/rover_control/share/rover_control/urdf
[1.061s] symbolically linking /home/monith/test_rover/build/rover_control/urdf/robot_core_lr.xacro -> /home/monith/test_rover/install/rover_control/share/rover_control/urdf
[1.061s] creating /home/monith/test_rover/install/rover_control/share/rover_control/worlds
[1.061s] symbolically linking /home/monith/test_rover/build/rover_control/worlds/shaastra_arena.world -> /home/monith/test_rover/install/rover_control/share/rover_control/worlds
[1.061s] creating /home/monith/test_rover/install/rover_control/share/rover_control/config
[1.061s] symbolically linking /home/monith/test_rover/build/rover_control/config/controllert.yaml -> /home/monith/test_rover/install/rover_control/share/rover_control/config
[1.061s] symbolically linking /home/monith/test_rover/build/rover_control/config/robot_controller.yaml -> /home/monith/test_rover/install/rover_control/share/rover_control/config
[1.061s] symbolically linking /home/monith/test_rover/build/rover_control/config/controllers.yaml -> /home/monith/test_rover/install/rover_control/share/rover_control/config
[1.062s] creating /home/monith/test_rover/install/rover_control/share/rover_control/rviz
[1.062s] symbolically linking /home/monith/test_rover/build/rover_control/rviz/rover_config_.rviz -> /home/monith/test_rover/install/rover_control/share/rover_control/rviz
[1.121s] Invoked command in '/home/monith/test_rover/build/rover_control' returned '0': PYTHONPATH=/home/monith/test_rover/build/rover_control/prefix_override:/usr/lib/python3/dist-packages/colcon_core/task/python/colcon_distutils_commands:/home/monith/test_rover/install/rover_control/lib/python3.10/site-packages:${PYTHONPATH} /usr/bin/python3 -W ignore:setup.py install is deprecated -W ignore:easy_install command is deprecated setup.py develop --editable --build-directory /home/monith/test_rover/build/rover_control/build --no-deps symlink_data
