[0.362s] Invoking command in '/home/monith/test_rover/build/waypoint_navigation': CMAKE_PREFIX_PATH=${CMAKE_PREFIX_PATH}:/home/monith/test_rover/install/rover_control:/opt/ros/humble /usr/bin/cmake --build /home/monith/test_rover/build/waypoint_navigation -- -j8 -l8
[0.472s] [  1%] Built target waypoint_navigation__cpp
[0.475s] [ 12%] Built target waypoint_navigation__rosidl_generator_c
[0.477s] [ 14%] Built target waypoint_navigation__rs
[0.486s] [ 14%] Built target ament_cmake_python_symlink_waypoint_navigation
[0.548s] [ 46%] Built target waypoint_navigation__rosidl_typesupport_cpp
[0.549s] [ 46%] Built target waypoint_navigation__rosidl_typesupport_fastrtps_cpp
[0.552s] [ 46%] Built target waypoint_navigation__rosidl_typesupport_introspection_c
[0.552s] [ 57%] Built target waypoint_navigation__rosidl_typesupport_introspection_cpp
[0.553s] [ 68%] Built target waypoint_navigation__rosidl_typesupport_fastrtps_c
[0.561s] [ 79%] Built target waypoint_navigation__rosidl_typesupport_c
[0.601s] [ 79%] Built target waypoint_navigation
[0.645s] [ 81%] Built target waypoint_navigation__py
[0.691s] [ 90%] Built target waypoint_navigation__rosidl_generator_py
[0.743s] [ 96%] Built target waypoint_navigation__rosidl_typesupport_fastrtps_c__pyext
[0.743s] [ 96%] Built target waypoint_navigation__rosidl_typesupport_introspection_c__pyext
[0.746s] [100%] Built target waypoint_navigation__rosidl_typesupport_c__pyext
[0.869s] running egg_info
[0.871s] writing waypoint_navigation.egg-info/PKG-INFO
[0.871s] writing dependency_links to waypoint_navigation.egg-info/dependency_links.txt
[0.872s] writing top-level names to waypoint_navigation.egg-info/top_level.txt
[0.877s] reading manifest file 'waypoint_navigation.egg-info/SOURCES.txt'
[0.878s] writing manifest file 'waypoint_navigation.egg-info/SOURCES.txt'
[0.965s] [100%] Built target ament_cmake_python_build_waypoint_navigation_egg
[0.990s] Invoked command in '/home/monith/test_rover/build/waypoint_navigation' returned '0': CMAKE_PREFIX_PATH=${CMAKE_PREFIX_PATH}:/home/monith/test_rover/install/rover_control:/opt/ros/humble /usr/bin/cmake --build /home/monith/test_rover/build/waypoint_navigation -- -j8 -l8
[1.010s] Invoking command in '/home/monith/test_rover/build/waypoint_navigation': CMAKE_PREFIX_PATH=${CMAKE_PREFIX_PATH}:/home/monith/test_rover/install/rover_control:/opt/ros/humble /usr/bin/cmake --install /home/monith/test_rover/build/waypoint_navigation
[1.027s] -- Install configuration: ""
[1.027s] -- Execute custom install script
[1.028s] -- Up-to-date symlink: /home/monith/test_rover/install/waypoint_navigation/share/ament_index/resource_index/rosidl_interfaces/waypoint_navigation
[1.029s] -- Up-to-date symlink: /home/monith/test_rover/install/waypoint_navigation/include/waypoint_navigation/waypoint_navigation/action/detail/nav_to_waypoint__functions.h
[1.029s] -- Up-to-date symlink: /home/monith/test_rover/install/waypoint_navigation/include/waypoint_navigation/waypoint_navigation/action/detail/nav_to_waypoint__struct.h
[1.029s] -- Up-to-date symlink: /home/monith/test_rover/install/waypoint_navigation/include/waypoint_navigation/waypoint_navigation/action/detail/nav_to_waypoint__type_support.h
[1.029s] -- Up-to-date symlink: /home/monith/test_rover/install/waypoint_navigation/include/waypoint_navigation/waypoint_navigation/action/nav_to_waypoint.h
[1.029s] -- Up-to-date symlink: /home/monith/test_rover/install/waypoint_navigation/include/waypoint_navigation/waypoint_navigation/msg/detail/estimated_odom__functions.h
[1.030s] -- Up-to-date symlink: /home/monith/test_rover/install/waypoint_navigation/include/waypoint_navigation/waypoint_navigation/msg/detail/estimated_odom__struct.h
[1.030s] -- Up-to-date symlink: /home/monith/test_rover/install/waypoint_navigation/include/waypoint_navigation/waypoint_navigation/msg/detail/estimated_odom__type_support.h
[1.030s] -- Up-to-date symlink: /home/monith/test_rover/install/waypoint_navigation/include/waypoint_navigation/waypoint_navigation/msg/detail/estimated_twist__functions.h
[1.030s] -- Up-to-date symlink: /home/monith/test_rover/install/waypoint_navigation/include/waypoint_navigation/waypoint_navigation/msg/detail/estimated_twist__struct.h
[1.030s] -- Up-to-date symlink: /home/monith/test_rover/install/waypoint_navigation/include/waypoint_navigation/waypoint_navigation/msg/detail/estimated_twist__type_support.h
[1.030s] -- Up-to-date symlink: /home/monith/test_rover/install/waypoint_navigation/include/waypoint_navigation/waypoint_navigation/msg/detail/pwm__functions.h
[1.031s] -- Up-to-date symlink: /home/monith/test_rover/install/waypoint_navigation/include/waypoint_navigation/waypoint_navigation/msg/detail/pwm__struct.h
[1.031s] -- Up-to-date symlink: /home/monith/test_rover/install/waypoint_navigation/include/waypoint_navigation/waypoint_navigation/msg/detail/pwm__type_support.h
[1.031s] -- Up-to-date symlink: /home/monith/test_rover/install/waypoint_navigation/include/waypoint_navigation/waypoint_navigation/msg/estimated_odom.h
[1.031s] -- Up-to-date symlink: /home/monith/test_rover/install/waypoint_navigation/include/waypoint_navigation/waypoint_navigation/msg/estimated_twist.h
[1.031s] -- Up-to-date symlink: /home/monith/test_rover/install/waypoint_navigation/include/waypoint_navigation/waypoint_navigation/msg/pwm.h
[1.031s] -- Up-to-date symlink: /home/monith/test_rover/install/waypoint_navigation/include/waypoint_navigation/waypoint_navigation/msg/rosidl_generator_c__visibility_control.h
[1.031s] -- Up-to-date symlink: /home/monith/test_rover/install/waypoint_navigation/include/waypoint_navigation/waypoint_navigation/srv/detail/get_way_points__functions.h
[1.031s] -- Up-to-date symlink: /home/monith/test_rover/install/waypoint_navigation/include/waypoint_navigation/waypoint_navigation/srv/detail/get_way_points__struct.h
[1.032s] -- Up-to-date symlink: /home/monith/test_rover/install/waypoint_navigation/include/waypoint_navigation/waypoint_navigation/srv/detail/get_way_points__type_support.h
[1.032s] -- Up-to-date symlink: /home/monith/test_rover/install/waypoint_navigation/include/waypoint_navigation/waypoint_navigation/srv/get_way_points.h
[1.032s] -- Up-to-date symlink: /home/monith/test_rover/install/waypoint_navigation/share/waypoint_navigation/environment/library_path.sh
[1.033s] -- Up-to-date symlink: /home/monith/test_rover/install/waypoint_navigation/share/waypoint_navigation/environment/library_path.dsv
[1.033s] -- Up-to-date symlink: /home/monith/test_rover/install/waypoint_navigation/include/waypoint_navigation/waypoint_navigation/action/detail/nav_to_waypoint__rosidl_typesupport_fastrtps_c.h
[1.033s] -- Up-to-date symlink: /home/monith/test_rover/install/waypoint_navigation/include/waypoint_navigation/waypoint_navigation/msg/detail/estimated_odom__rosidl_typesupport_fastrtps_c.h
[1.034s] -- Up-to-date symlink: /home/monith/test_rover/install/waypoint_navigation/include/waypoint_navigation/waypoint_navigation/msg/detail/estimated_twist__rosidl_typesupport_fastrtps_c.h
[1.034s] -- Up-to-date symlink: /home/monith/test_rover/install/waypoint_navigation/include/waypoint_navigation/waypoint_navigation/msg/detail/pwm__rosidl_typesupport_fastrtps_c.h
[1.034s] -- Up-to-date symlink: /home/monith/test_rover/install/waypoint_navigation/include/waypoint_navigation/waypoint_navigation/msg/rosidl_typesupport_fastrtps_c__visibility_control.h
[1.034s] -- Up-to-date symlink: /home/monith/test_rover/install/waypoint_navigation/include/waypoint_navigation/waypoint_navigation/srv/detail/get_way_points__rosidl_typesupport_fastrtps_c.h
[1.036s] -- Up-to-date symlink: /home/monith/test_rover/install/waypoint_navigation/include/waypoint_navigation/waypoint_navigation/action/detail/nav_to_waypoint__builder.hpp
[1.036s] -- Up-to-date symlink: /home/monith/test_rover/install/waypoint_navigation/include/waypoint_navigation/waypoint_navigation/action/detail/nav_to_waypoint__struct.hpp
[1.037s] -- Up-to-date symlink: /home/monith/test_rover/install/waypoint_navigation/include/waypoint_navigation/waypoint_navigation/action/detail/nav_to_waypoint__traits.hpp
[1.037s] -- Up-to-date symlink: /home/monith/test_rover/install/waypoint_navigation/include/waypoint_navigation/waypoint_navigation/action/detail/nav_to_waypoint__type_support.hpp
[1.037s] -- Up-to-date symlink: /home/monith/test_rover/install/waypoint_navigation/include/waypoint_navigation/waypoint_navigation/action/nav_to_waypoint.hpp
[1.037s] -- Up-to-date symlink: /home/monith/test_rover/install/waypoint_navigation/include/waypoint_navigation/waypoint_navigation/msg/detail/estimated_odom__builder.hpp
[1.037s] -- Up-to-date symlink: /home/monith/test_rover/install/waypoint_navigation/include/waypoint_navigation/waypoint_navigation/msg/detail/estimated_odom__struct.hpp
[1.037s] -- Up-to-date symlink: /home/monith/test_rover/install/waypoint_navigation/include/waypoint_navigation/waypoint_navigation/msg/detail/estimated_odom__traits.hpp
[1.037s] -- Up-to-date symlink: /home/monith/test_rover/install/waypoint_navigation/include/waypoint_navigation/waypoint_navigation/msg/detail/estimated_odom__type_support.hpp
[1.037s] -- Up-to-date symlink: /home/monith/test_rover/install/waypoint_navigation/include/waypoint_navigation/waypoint_navigation/msg/detail/estimated_twist__builder.hpp
[1.037s] -- Up-to-date symlink: /home/monith/test_rover/install/waypoint_navigation/include/waypoint_navigation/waypoint_navigation/msg/detail/estimated_twist__struct.hpp
[1.037s] -- Up-to-date symlink: /home/monith/test_rover/install/waypoint_navigation/include/waypoint_navigation/waypoint_navigation/msg/detail/estimated_twist__traits.hpp
[1.037s] -- Up-to-date symlink: /home/monith/test_rover/install/waypoint_navigation/include/waypoint_navigation/waypoint_navigation/msg/detail/estimated_twist__type_support.hpp
[1.038s] -- Up-to-date symlink: /home/monith/test_rover/install/waypoint_navigation/include/waypoint_navigation/waypoint_navigation/msg/detail/pwm__builder.hpp
[1.038s] -- Up-to-date symlink: /home/monith/test_rover/install/waypoint_navigation/include/waypoint_navigation/waypoint_navigation/msg/detail/pwm__struct.hpp
[1.038s] -- Up-to-date symlink: /home/monith/test_rover/install/waypoint_navigation/include/waypoint_navigation/waypoint_navigation/msg/detail/pwm__traits.hpp
[1.038s] -- Up-to-date symlink: /home/monith/test_rover/install/waypoint_navigation/include/waypoint_navigation/waypoint_navigation/msg/detail/pwm__type_support.hpp
[1.038s] -- Up-to-date symlink: /home/monith/test_rover/install/waypoint_navigation/include/waypoint_navigation/waypoint_navigation/msg/estimated_odom.hpp
[1.038s] -- Up-to-date symlink: /home/monith/test_rover/install/waypoint_navigation/include/waypoint_navigation/waypoint_navigation/msg/estimated_twist.hpp
[1.039s] -- Up-to-date symlink: /home/monith/test_rover/install/waypoint_navigation/include/waypoint_navigation/waypoint_navigation/msg/pwm.hpp
[1.039s] -- Up-to-date symlink: /home/monith/test_rover/install/waypoint_navigation/include/waypoint_navigation/waypoint_navigation/msg/rosidl_generator_cpp__visibility_control.hpp
[1.039s] -- Up-to-date symlink: /home/monith/test_rover/install/waypoint_navigation/include/waypoint_navigation/waypoint_navigation/srv/detail/get_way_points__builder.hpp
[1.039s] -- Up-to-date symlink: /home/monith/test_rover/install/waypoint_navigation/include/waypoint_navigation/waypoint_navigation/srv/detail/get_way_points__struct.hpp
[1.039s] -- Up-to-date symlink: /home/monith/test_rover/install/waypoint_navigation/include/waypoint_navigation/waypoint_navigation/srv/detail/get_way_points__traits.hpp
[1.040s] -- Up-to-date symlink: /home/monith/test_rover/install/waypoint_navigation/include/waypoint_navigation/waypoint_navigation/srv/detail/get_way_points__type_support.hpp
[1.040s] -- Up-to-date symlink: /home/monith/test_rover/install/waypoint_navigation/include/waypoint_navigation/waypoint_navigation/srv/get_way_points.hpp
[1.041s] -- Up-to-date symlink: /home/monith/test_rover/install/waypoint_navigation/include/waypoint_navigation/waypoint_navigation/action/detail/nav_to_waypoint__rosidl_typesupport_fastrtps_cpp.hpp
[1.041s] -- Up-to-date symlink: /home/monith/test_rover/install/waypoint_navigation/include/waypoint_navigation/waypoint_navigation/msg/detail/estimated_odom__rosidl_typesupport_fastrtps_cpp.hpp
[1.041s] -- Up-to-date symlink: /home/monith/test_rover/install/waypoint_navigation/include/waypoint_navigation/waypoint_navigation/msg/detail/estimated_twist__rosidl_typesupport_fastrtps_cpp.hpp
[1.041s] -- Up-to-date symlink: /home/monith/test_rover/install/waypoint_navigation/include/waypoint_navigation/waypoint_navigation/msg/detail/pwm__rosidl_typesupport_fastrtps_cpp.hpp
[1.041s] -- Up-to-date symlink: /home/monith/test_rover/install/waypoint_navigation/include/waypoint_navigation/waypoint_navigation/msg/rosidl_typesupport_fastrtps_cpp__visibility_control.h
[1.042s] -- Up-to-date symlink: /home/monith/test_rover/install/waypoint_navigation/include/waypoint_navigation/waypoint_navigation/srv/detail/get_way_points__rosidl_typesupport_fastrtps_cpp.hpp
[1.043s] -- Up-to-date symlink: /home/monith/test_rover/install/waypoint_navigation/include/waypoint_navigation/waypoint_navigation/action/detail/nav_to_waypoint__rosidl_typesupport_introspection_c.h
[1.043s] -- Up-to-date symlink: /home/monith/test_rover/install/waypoint_navigation/include/waypoint_navigation/waypoint_navigation/msg/detail/estimated_odom__rosidl_typesupport_introspection_c.h
[1.043s] -- Up-to-date symlink: /home/monith/test_rover/install/waypoint_navigation/include/waypoint_navigation/waypoint_navigation/msg/detail/estimated_twist__rosidl_typesupport_introspection_c.h
[1.043s] -- Up-to-date symlink: /home/monith/test_rover/install/waypoint_navigation/include/waypoint_navigation/waypoint_navigation/msg/detail/pwm__rosidl_typesupport_introspection_c.h
[1.043s] -- Up-to-date symlink: /home/monith/test_rover/install/waypoint_navigation/include/waypoint_navigation/waypoint_navigation/msg/rosidl_typesupport_introspection_c__visibility_control.h
[1.043s] -- Up-to-date symlink: /home/monith/test_rover/install/waypoint_navigation/include/waypoint_navigation/waypoint_navigation/srv/detail/get_way_points__rosidl_typesupport_introspection_c.h
[1.044s] -- Up-to-date symlink: /home/monith/test_rover/install/waypoint_navigation/include/waypoint_navigation/waypoint_navigation/action/detail/nav_to_waypoint__rosidl_typesupport_introspection_cpp.hpp
[1.044s] -- Up-to-date symlink: /home/monith/test_rover/install/waypoint_navigation/include/waypoint_navigation/waypoint_navigation/msg/detail/estimated_odom__rosidl_typesupport_introspection_cpp.hpp
[1.044s] -- Up-to-date symlink: /home/monith/test_rover/install/waypoint_navigation/include/waypoint_navigation/waypoint_navigation/msg/detail/estimated_twist__rosidl_typesupport_introspection_cpp.hpp
[1.045s] -- Up-to-date symlink: /home/monith/test_rover/install/waypoint_navigation/include/waypoint_navigation/waypoint_navigation/msg/detail/pwm__rosidl_typesupport_introspection_cpp.hpp
[1.045s] -- Up-to-date symlink: /home/monith/test_rover/install/waypoint_navigation/include/waypoint_navigation/waypoint_navigation/srv/detail/get_way_points__rosidl_typesupport_introspection_cpp.hpp
[1.045s] -- Up-to-date symlink: /home/monith/test_rover/install/waypoint_navigation/share/waypoint_navigation/environment/pythonpath.sh
[1.045s] -- Up-to-date symlink: /home/monith/test_rover/install/waypoint_navigation/share/waypoint_navigation/environment/pythonpath.dsv
[1.046s] -- Up-to-date symlink: /home/monith/test_rover/install/waypoint_navigation/local/lib/python3.10/dist-packages/waypoint_navigation-0.0.0-py3.10.egg-info/PKG-INFO
[1.046s] -- Up-to-date symlink: /home/monith/test_rover/install/waypoint_navigation/local/lib/python3.10/dist-packages/waypoint_navigation-0.0.0-py3.10.egg-info/SOURCES.txt
[1.046s] -- Up-to-date symlink: /home/monith/test_rover/install/waypoint_navigation/local/lib/python3.10/dist-packages/waypoint_navigation-0.0.0-py3.10.egg-info/dependency_links.txt
[1.046s] -- Up-to-date symlink: /home/monith/test_rover/install/waypoint_navigation/local/lib/python3.10/dist-packages/waypoint_navigation-0.0.0-py3.10.egg-info/top_level.txt
[1.047s] -- Up-to-date symlink: /home/monith/test_rover/install/waypoint_navigation/local/lib/python3.10/dist-packages/waypoint_navigation/__init__.py
[1.048s] -- Up-to-date symlink: /home/monith/test_rover/install/waypoint_navigation/local/lib/python3.10/dist-packages/waypoint_navigation/_waypoint_navigation_s.ep.rosidl_typesupport_c.c
[1.048s] -- Up-to-date symlink: /home/monith/test_rover/install/waypoint_navigation/local/lib/python3.10/dist-packages/waypoint_navigation/_waypoint_navigation_s.ep.rosidl_typesupport_fastrtps_c.c
[1.048s] -- Up-to-date symlink: /home/monith/test_rover/install/waypoint_navigation/local/lib/python3.10/dist-packages/waypoint_navigation/_waypoint_navigation_s.ep.rosidl_typesupport_introspection_c.c
[1.048s] -- Up-to-date symlink: /home/monith/test_rover/install/waypoint_navigation/local/lib/python3.10/dist-packages/waypoint_navigation/action/__init__.py
[1.048s] -- Up-to-date symlink: /home/monith/test_rover/install/waypoint_navigation/local/lib/python3.10/dist-packages/waypoint_navigation/action/_nav_to_waypoint.py
[1.048s] -- Up-to-date symlink: /home/monith/test_rover/install/waypoint_navigation/local/lib/python3.10/dist-packages/waypoint_navigation/action/_nav_to_waypoint_s.c
[1.048s] -- Up-to-date symlink: /home/monith/test_rover/install/waypoint_navigation/local/lib/python3.10/dist-packages/waypoint_navigation/libwaypoint_navigation__rosidl_generator_py.so
[1.048s] -- Up-to-date symlink: /home/monith/test_rover/install/waypoint_navigation/local/lib/python3.10/dist-packages/waypoint_navigation/msg/__init__.py
[1.049s] -- Up-to-date symlink: /home/monith/test_rover/install/waypoint_navigation/local/lib/python3.10/dist-packages/waypoint_navigation/msg/_estimated_odom.py
[1.049s] -- Up-to-date symlink: /home/monith/test_rover/install/waypoint_navigation/local/lib/python3.10/dist-packages/waypoint_navigation/msg/_estimated_odom_s.c
[1.049s] -- Up-to-date symlink: /home/monith/test_rover/install/waypoint_navigation/local/lib/python3.10/dist-packages/waypoint_navigation/msg/_estimated_twist.py
[1.049s] -- Up-to-date symlink: /home/monith/test_rover/install/waypoint_navigation/local/lib/python3.10/dist-packages/waypoint_navigation/msg/_estimated_twist_s.c
[1.050s] -- Up-to-date symlink: /home/monith/test_rover/install/waypoint_navigation/local/lib/python3.10/dist-packages/waypoint_navigation/msg/_pwm.py
[1.050s] -- Up-to-date symlink: /home/monith/test_rover/install/waypoint_navigation/local/lib/python3.10/dist-packages/waypoint_navigation/msg/_pwm_s.c
[1.050s] -- Up-to-date symlink: /home/monith/test_rover/install/waypoint_navigation/local/lib/python3.10/dist-packages/waypoint_navigation/srv/__init__.py
[1.050s] -- Up-to-date symlink: /home/monith/test_rover/install/waypoint_navigation/local/lib/python3.10/dist-packages/waypoint_navigation/srv/_get_way_points.py
[1.050s] -- Up-to-date symlink: /home/monith/test_rover/install/waypoint_navigation/local/lib/python3.10/dist-packages/waypoint_navigation/srv/_get_way_points_s.c
[1.050s] -- Up-to-date symlink: /home/monith/test_rover/install/waypoint_navigation/local/lib/python3.10/dist-packages/waypoint_navigation/waypoint_navigation_s__rosidl_typesupport_c.cpython-310-x86_64-linux-gnu.so
[1.051s] -- Up-to-date symlink: /home/monith/test_rover/install/waypoint_navigation/local/lib/python3.10/dist-packages/waypoint_navigation/waypoint_navigation_s__rosidl_typesupport_fastrtps_c.cpython-310-x86_64-linux-gnu.so
[1.051s] -- Up-to-date symlink: /home/monith/test_rover/install/waypoint_navigation/local/lib/python3.10/dist-packages/waypoint_navigation/waypoint_navigation_s__rosidl_typesupport_introspection_c.cpython-310-x86_64-linux-gnu.so
[1.051s] -- Up-to-date symlink: /home/monith/test_rover/install/waypoint_navigation/local/lib/python3.10/dist-packages/waypoint_navigation/waypoint_navigation_s__rosidl_typesupport_fastrtps_c.cpython-310-x86_64-linux-gnu.so
[1.051s] -- Up-to-date symlink: /home/monith/test_rover/install/waypoint_navigation/local/lib/python3.10/dist-packages/waypoint_navigation/waypoint_navigation_s__rosidl_typesupport_introspection_c.cpython-310-x86_64-linux-gnu.so
[1.052s] -- Up-to-date symlink: /home/monith/test_rover/install/waypoint_navigation/local/lib/python3.10/dist-packages/waypoint_navigation/waypoint_navigation_s__rosidl_typesupport_c.cpython-310-x86_64-linux-gnu.so
[1.052s] -- Up-to-date symlink: /home/monith/test_rover/install/waypoint_navigation/share/ament_index/resource_index/rust_packages/waypoint_navigation
[1.053s] -- Up-to-date symlink: /home/monith/test_rover/install/waypoint_navigation/share/waypoint_navigation/rust/Cargo.toml
[1.053s] -- Up-to-date symlink: /home/monith/test_rover/install/waypoint_navigation/share/waypoint_navigation/rust/build.rs
[1.053s] -- Up-to-date symlink: /home/monith/test_rover/install/waypoint_navigation/share/waypoint_navigation/rust/src/action.rs
[1.053s] -- Up-to-date symlink: /home/monith/test_rover/install/waypoint_navigation/share/waypoint_navigation/rust/src/action/rmw.rs
[1.053s] -- Up-to-date symlink: /home/monith/test_rover/install/waypoint_navigation/share/waypoint_navigation/rust/src/lib.rs
[1.054s] -- Up-to-date symlink: /home/monith/test_rover/install/waypoint_navigation/share/waypoint_navigation/rust/src/msg.rs
[1.054s] -- Up-to-date symlink: /home/monith/test_rover/install/waypoint_navigation/share/waypoint_navigation/rust/src/msg/rmw.rs
[1.054s] -- Up-to-date symlink: /home/monith/test_rover/install/waypoint_navigation/share/waypoint_navigation/rust/src/srv.rs
[1.054s] -- Up-to-date symlink: /home/monith/test_rover/install/waypoint_navigation/share/waypoint_navigation/rust/src/srv/rmw.rs
[1.055s] -- Up-to-date symlink: /home/monith/test_rover/install/waypoint_navigation/share/waypoint_navigation/srv/GetWayPoints.idl
[1.055s] -- Up-to-date symlink: /home/monith/test_rover/install/waypoint_navigation/share/waypoint_navigation/action/NavToWaypoint.idl
[1.055s] -- Up-to-date symlink: /home/monith/test_rover/install/waypoint_navigation/share/waypoint_navigation/msg/Pwm.idl
[1.055s] -- Up-to-date symlink: /home/monith/test_rover/install/waypoint_navigation/share/waypoint_navigation/msg/EstimatedTwist.idl
[1.055s] -- Up-to-date symlink: /home/monith/test_rover/install/waypoint_navigation/share/waypoint_navigation/msg/EstimatedOdom.idl
[1.056s] -- Up-to-date symlink: /home/monith/test_rover/install/waypoint_navigation/share/waypoint_navigation/srv/GetWayPoints.srv
[1.056s] -- Up-to-date symlink: /home/monith/test_rover/install/waypoint_navigation/share/waypoint_navigation/srv/GetWayPoints_Request.msg
[1.056s] -- Up-to-date symlink: /home/monith/test_rover/install/waypoint_navigation/share/waypoint_navigation/srv/GetWayPoints_Response.msg
[1.056s] -- Up-to-date symlink: /home/monith/test_rover/install/waypoint_navigation/share/waypoint_navigation/action/NavToWaypoint.action
[1.056s] -- Up-to-date symlink: /home/monith/test_rover/install/waypoint_navigation/share/waypoint_navigation/msg/Pwm.msg
[1.056s] -- Up-to-date symlink: /home/monith/test_rover/install/waypoint_navigation/share/waypoint_navigation/msg/EstimatedTwist.msg
[1.057s] -- Up-to-date symlink: /home/monith/test_rover/install/waypoint_navigation/share/waypoint_navigation/msg/EstimatedOdom.msg
[1.057s] -- Up-to-date symlink: /home/monith/test_rover/install/waypoint_navigation/share/ament_index/resource_index/package_run_dependencies/waypoint_navigation
[1.057s] -- Up-to-date symlink: /home/monith/test_rover/install/waypoint_navigation/share/ament_index/resource_index/parent_prefix_path/waypoint_navigation
[1.058s] -- Up-to-date symlink: /home/monith/test_rover/install/waypoint_navigation/share/waypoint_navigation/environment/ament_prefix_path.sh
[1.058s] -- Up-to-date symlink: /home/monith/test_rover/install/waypoint_navigation/share/waypoint_navigation/environment/ament_prefix_path.dsv
[1.058s] -- Up-to-date symlink: /home/monith/test_rover/install/waypoint_navigation/share/waypoint_navigation/environment/path.sh
[1.058s] -- Up-to-date symlink: /home/monith/test_rover/install/waypoint_navigation/share/waypoint_navigation/environment/path.dsv
[1.058s] -- Up-to-date symlink: /home/monith/test_rover/install/waypoint_navigation/share/waypoint_navigation/local_setup.bash
[1.058s] -- Up-to-date symlink: /home/monith/test_rover/install/waypoint_navigation/share/waypoint_navigation/local_setup.sh
[1.059s] -- Up-to-date symlink: /home/monith/test_rover/install/waypoint_navigation/share/waypoint_navigation/local_setup.zsh
[1.059s] -- Up-to-date symlink: /home/monith/test_rover/install/waypoint_navigation/share/waypoint_navigation/local_setup.dsv
[1.059s] -- Symlinking: /home/monith/test_rover/install/waypoint_navigation/share/waypoint_navigation/package.dsv
[1.077s] -- Up-to-date symlink: /home/monith/test_rover/install/waypoint_navigation/share/ament_index/resource_index/packages/waypoint_navigation
[1.077s] -- Up-to-date symlink: /home/monith/test_rover/install/waypoint_navigation/share/waypoint_navigation/cmake/rosidl_cmake-extras.cmake
[1.078s] -- Up-to-date symlink: /home/monith/test_rover/install/waypoint_navigation/share/waypoint_navigation/cmake/ament_cmake_export_dependencies-extras.cmake
[1.078s] -- Up-to-date symlink: /home/monith/test_rover/install/waypoint_navigation/share/waypoint_navigation/cmake/ament_cmake_export_include_directories-extras.cmake
[1.078s] -- Up-to-date symlink: /home/monith/test_rover/install/waypoint_navigation/share/waypoint_navigation/cmake/ament_cmake_export_libraries-extras.cmake
[1.078s] -- Up-to-date symlink: /home/monith/test_rover/install/waypoint_navigation/share/waypoint_navigation/cmake/ament_cmake_export_targets-extras.cmake
[1.078s] -- Up-to-date symlink: /home/monith/test_rover/install/waypoint_navigation/share/waypoint_navigation/cmake/rosidl_cmake_export_typesupport_targets-extras.cmake
[1.078s] -- Up-to-date symlink: /home/monith/test_rover/install/waypoint_navigation/share/waypoint_navigation/cmake/rosidl_cmake_export_typesupport_libraries-extras.cmake
[1.079s] -- Up-to-date symlink: /home/monith/test_rover/install/waypoint_navigation/share/waypoint_navigation/cmake/waypoint_navigationConfig.cmake
[1.079s] -- Up-to-date symlink: /home/monith/test_rover/install/waypoint_navigation/share/waypoint_navigation/cmake/waypoint_navigationConfig-version.cmake
[1.079s] -- Up-to-date symlink: /home/monith/test_rover/install/waypoint_navigation/share/waypoint_navigation/package.xml
[1.079s] -- Up-to-date: /home/monith/test_rover/install/waypoint_navigation/lib/libwaypoint_navigation__rosidl_generator_c.so
[1.080s] -- Up-to-date: /home/monith/test_rover/install/waypoint_navigation/lib/libwaypoint_navigation__rosidl_typesupport_fastrtps_c.so
[1.080s] -- Up-to-date: /home/monith/test_rover/install/waypoint_navigation/lib/libwaypoint_navigation__rosidl_typesupport_fastrtps_cpp.so
[1.081s] -- Up-to-date: /home/monith/test_rover/install/waypoint_navigation/lib/libwaypoint_navigation__rosidl_typesupport_introspection_c.so
[1.081s] -- Up-to-date: /home/monith/test_rover/install/waypoint_navigation/lib/libwaypoint_navigation__rosidl_typesupport_c.so
[1.082s] -- Up-to-date: /home/monith/test_rover/install/waypoint_navigation/lib/libwaypoint_navigation__rosidl_typesupport_introspection_cpp.so
[1.083s] -- Up-to-date: /home/monith/test_rover/install/waypoint_navigation/lib/libwaypoint_navigation__rosidl_typesupport_cpp.so
[1.137s] Listing '/home/monith/test_rover/install/waypoint_navigation/local/lib/python3.10/dist-packages/waypoint_navigation'...
[1.137s] Listing '/home/monith/test_rover/install/waypoint_navigation/local/lib/python3.10/dist-packages/waypoint_navigation/action'...
[1.137s] Listing '/home/monith/test_rover/install/waypoint_navigation/local/lib/python3.10/dist-packages/waypoint_navigation/msg'...
[1.137s] Listing '/home/monith/test_rover/install/waypoint_navigation/local/lib/python3.10/dist-packages/waypoint_navigation/srv'...
[1.151s] -- Up-to-date: /home/monith/test_rover/install/waypoint_navigation/lib/libwaypoint_navigation__rosidl_generator_py.so
[1.152s] -- Up-to-date: /home/monith/test_rover/install/waypoint_navigation/share/waypoint_navigation/cmake/export_waypoint_navigation__rosidl_generator_cExport.cmake
[1.152s] -- Up-to-date: /home/monith/test_rover/install/waypoint_navigation/share/waypoint_navigation/cmake/export_waypoint_navigation__rosidl_generator_cExport-noconfig.cmake
[1.152s] -- Up-to-date: /home/monith/test_rover/install/waypoint_navigation/share/waypoint_navigation/cmake/export_waypoint_navigation__rosidl_typesupport_fastrtps_cExport.cmake
[1.152s] -- Up-to-date: /home/monith/test_rover/install/waypoint_navigation/share/waypoint_navigation/cmake/export_waypoint_navigation__rosidl_typesupport_fastrtps_cExport-noconfig.cmake
[1.153s] -- Up-to-date: /home/monith/test_rover/install/waypoint_navigation/share/waypoint_navigation/cmake/export_waypoint_navigation__rosidl_generator_cppExport.cmake
[1.153s] -- Up-to-date: /home/monith/test_rover/install/waypoint_navigation/share/waypoint_navigation/cmake/export_waypoint_navigation__rosidl_typesupport_fastrtps_cppExport.cmake
[1.153s] -- Up-to-date: /home/monith/test_rover/install/waypoint_navigation/share/waypoint_navigation/cmake/export_waypoint_navigation__rosidl_typesupport_fastrtps_cppExport-noconfig.cmake
[1.153s] -- Up-to-date: /home/monith/test_rover/install/waypoint_navigation/share/waypoint_navigation/cmake/waypoint_navigation__rosidl_typesupport_introspection_cExport.cmake
[1.154s] -- Up-to-date: /home/monith/test_rover/install/waypoint_navigation/share/waypoint_navigation/cmake/waypoint_navigation__rosidl_typesupport_introspection_cExport-noconfig.cmake
[1.154s] -- Up-to-date: /home/monith/test_rover/install/waypoint_navigation/share/waypoint_navigation/cmake/waypoint_navigation__rosidl_typesupport_cExport.cmake
[1.155s] -- Up-to-date: /home/monith/test_rover/install/waypoint_navigation/share/waypoint_navigation/cmake/waypoint_navigation__rosidl_typesupport_cExport-noconfig.cmake
[1.155s] -- Up-to-date: /home/monith/test_rover/install/waypoint_navigation/share/waypoint_navigation/cmake/waypoint_navigation__rosidl_typesupport_introspection_cppExport.cmake
[1.155s] -- Up-to-date: /home/monith/test_rover/install/waypoint_navigation/share/waypoint_navigation/cmake/waypoint_navigation__rosidl_typesupport_introspection_cppExport-noconfig.cmake
[1.155s] -- Up-to-date: /home/monith/test_rover/install/waypoint_navigation/share/waypoint_navigation/cmake/waypoint_navigation__rosidl_typesupport_cppExport.cmake
[1.155s] -- Up-to-date: /home/monith/test_rover/install/waypoint_navigation/share/waypoint_navigation/cmake/waypoint_navigation__rosidl_typesupport_cppExport-noconfig.cmake
[1.156s] -- Up-to-date: /home/monith/test_rover/install/waypoint_navigation/share/waypoint_navigation/cmake/export_waypoint_navigation__rosidl_generator_pyExport.cmake
[1.156s] -- Up-to-date: /home/monith/test_rover/install/waypoint_navigation/share/waypoint_navigation/cmake/export_waypoint_navigation__rosidl_generator_pyExport-noconfig.cmake
[1.161s] Invoked command in '/home/monith/test_rover/build/waypoint_navigation' returned '0': CMAKE_PREFIX_PATH=${CMAKE_PREFIX_PATH}:/home/monith/test_rover/install/rover_control:/opt/ros/humble /usr/bin/cmake --install /home/monith/test_rover/build/waypoint_navigation
