[0.263s] Invoking command in '/home/monith/test_rover/build/waypoint_navigation': CMAKE_PREFIX_PATH=${CMAKE_PREFIX_PATH}:/home/monith/test_rover/install/rover_control:/opt/ros/humble /usr/bin/cmake /home/monith/test_rover/src/waypoint_navigation -DAMENT_CMAKE_SYMLINK_INSTALL=1 -DCMAKE_INSTALL_PREFIX=/home/monith/test_rover/install/waypoint_navigation
[0.346s] -- The C compiler identification is GNU 11.4.0
[0.418s] -- The CXX compiler identification is GNU 11.4.0
[0.428s] -- Detecting C compiler ABI info
[0.514s] -- Detecting C compiler ABI info - done
[0.521s] -- Check for working C compiler: /usr/bin/cc - skipped
[0.521s] -- Detecting C compile features
[0.522s] -- Detecting C compile features - done
[0.525s] -- Detecting CXX compiler ABI info
[0.621s] -- Detecting CXX compiler ABI info - done
[0.629s] -- Check for working CXX compiler: /usr/bin/c++ - skipped
[0.629s] -- Detecting CXX compile features
[0.630s] -- Detecting CXX compile features - done
[0.636s] -- Found ament_cmake: 1.3.14 (/opt/ros/humble/share/ament_cmake/cmake)
[0.823s] -- Found Python3: /usr/bin/python3 (found version "3.10.12") found components: Interpreter 
[0.899s] -- Override CMake install command with custom implementation using symlinks instead of copying resources
[0.934s] -- Found rcl_interfaces: 1.2.2 (/opt/ros/humble/share/rcl_interfaces/cmake)
[0.982s] -- Found rosidl_generator_c: 3.1.8 (/opt/ros/humble/share/rosidl_generator_c/cmake)
[0.989s] -- Found rosidl_adapter: 3.1.8 (/opt/ros/humble/share/rosidl_adapter/cmake)
[1.002s] -- Found rosidl_generator_cpp: 3.1.8 (/opt/ros/humble/share/rosidl_generator_cpp/cmake)
[1.019s] -- Using all available rosidl_typesupport_c: rosidl_typesupport_fastrtps_c;rosidl_typesupport_introspection_c
[1.041s] -- Using all available rosidl_typesupport_cpp: rosidl_typesupport_fastrtps_cpp;rosidl_typesupport_introspection_cpp
[1.071s] -- Found std_msgs: 4.9.1 (/opt/ros/humble/share/std_msgs/cmake)
[1.086s] -- Found action_msgs: 1.2.2 (/opt/ros/humble/share/action_msgs/cmake)
[1.115s] -- Found geometry_msgs: 4.9.1 (/opt/ros/humble/share/geometry_msgs/cmake)
[1.131s] -- Found nav_msgs: 4.9.1 (/opt/ros/humble/share/nav_msgs/cmake)
[1.155s] -- Found rosidl_default_generators: 1.2.1 (/opt/ros/humble/share/rosidl_default_generators/cmake)
[1.534s] -- Found ament_cmake_ros: 0.10.0 (/opt/ros/humble/share/ament_cmake_ros/cmake)
[2.038s] -- Using all available rosidl_typesupport_c: rosidl_typesupport_fastrtps_c;rosidl_typesupport_introspection_c
[2.236s] -- Using all available rosidl_typesupport_cpp: rosidl_typesupport_fastrtps_cpp;rosidl_typesupport_introspection_cpp
[2.262s] -- Found PythonInterp: /usr/bin/python3 (found suitable version "3.10.12", minimum required is "3.6") 
[2.264s] -- Found python_cmake_module: 0.10.0 (/opt/ros/humble/share/python_cmake_module/cmake)
[2.295s] -- Found PythonLibs: /usr/lib/x86_64-linux-gnu/libpython3.10.so (found suitable version "3.10.12", minimum required is "3.5") 
[2.295s] -- Using PYTHON_EXECUTABLE: /usr/bin/python3
[2.295s] -- Using PYTHON_INCLUDE_DIRS: /usr/include/python3.10
[2.296s] -- Using PYTHON_LIBRARIES: /usr/lib/x86_64-linux-gnu/libpython3.10.so
[2.320s] -- Found PythonExtra: .so  
[2.511s] -- Found ament_lint_auto: 0.12.15 (/opt/ros/humble/share/ament_lint_auto/cmake)
[2.539s] -- Added test 'lint_cmake' to check CMake code style
[2.541s] -- Added test 'xmllint' to check XML markup files
[2.545s] -- Configuring done
[2.599s] -- Generating done
[2.614s] -- Build files have been written to: /home/monith/test_rover/build/waypoint_navigation
[2.629s] Invoked command in '/home/monith/test_rover/build/waypoint_navigation' returned '0': CMAKE_PREFIX_PATH=${CMAKE_PREFIX_PATH}:/home/monith/test_rover/install/rover_control:/opt/ros/humble /usr/bin/cmake /home/monith/test_rover/src/waypoint_navigation -DAMENT_CMAKE_SYMLINK_INSTALL=1 -DCMAKE_INSTALL_PREFIX=/home/monith/test_rover/install/waypoint_navigation
[2.631s] Invoking command in '/home/monith/test_rover/build/waypoint_navigation': CMAKE_PREFIX_PATH=${CMAKE_PREFIX_PATH}:/home/monith/test_rover/install/rover_control:/opt/ros/humble /usr/bin/cmake --build /home/monith/test_rover/build/waypoint_navigation -- -j8 -l8
[2.686s] [  1%] [34m[1mGenerating C code for ROS interfaces[0m
[2.699s] [  4%] [34m[1mGenerating C++ code for ROS interfaces[0m
[2.699s] [  4%] [34m[1mGenerating Rust code for ROS interfaces[0m
[2.710s] [  4%] Built target ament_cmake_python_symlink_waypoint_navigation
[2.992s] running egg_info
[2.993s] creating waypoint_navigation.egg-info
[2.993s] writing waypoint_navigation.egg-info/PKG-INFO
[2.993s] writing dependency_links to waypoint_navigation.egg-info/dependency_links.txt
[2.993s] writing top-level names to waypoint_navigation.egg-info/top_level.txt
[2.994s] writing manifest file 'waypoint_navigation.egg-info/SOURCES.txt'
[2.996s] reading manifest file 'waypoint_navigation.egg-info/SOURCES.txt'
[2.997s] writing manifest file 'waypoint_navigation.egg-info/SOURCES.txt'
[3.046s] [  4%] Built target ament_cmake_python_build_waypoint_navigation_egg
[3.132s] [  4%] Built target waypoint_navigation__rs
[3.461s] [  9%] [32mBuilding C object CMakeFiles/waypoint_navigation__rosidl_generator_c.dir/rosidl_generator_c/waypoint_navigation/msg/detail/pwm__functions.c.o[0m
[3.461s] [  9%] [32mBuilding C object CMakeFiles/waypoint_navigation__rosidl_generator_c.dir/rosidl_generator_c/waypoint_navigation/srv/detail/get_way_points__functions.c.o[0m
[3.461s] [  9%] [32mBuilding C object CMakeFiles/waypoint_navigation__rosidl_generator_c.dir/rosidl_generator_c/waypoint_navigation/action/detail/nav_to_waypoint__functions.c.o[0m
[3.462s] [ 10%] [32mBuilding C object CMakeFiles/waypoint_navigation__rosidl_generator_c.dir/rosidl_generator_c/waypoint_navigation/msg/detail/estimated_twist__functions.c.o[0m
[3.462s] [ 10%] Built target waypoint_navigation__cpp
[3.464s] [ 12%] [32mBuilding C object CMakeFiles/waypoint_navigation__rosidl_generator_c.dir/rosidl_generator_c/waypoint_navigation/msg/detail/estimated_odom__functions.c.o[0m
[3.479s] [ 15%] [34m[1mGenerating C++ type support for eProsima Fast-RTPS[0m
[3.479s] [ 15%] [34m[1mGenerating C++ introspection for ROS interfaces[0m
[3.483s] [ 17%] [34m[1mGenerating C++ type support dispatch for ROS interfaces[0m
[3.649s] [ 18%] [32m[1mLinking C shared library libwaypoint_navigation__rosidl_generator_c.so[0m
[3.703s] [ 18%] Built target waypoint_navigation__rosidl_generator_c
[3.718s] [ 23%] [34m[1mGenerating C type support dispatch for ROS interfaces[0m
[3.719s] [ 23%] [34m[1mGenerating C introspection for ROS interfaces[0m
[3.719s] [ 23%] [34m[1mGenerating C type support for eProsima Fast-RTPS[0m
[3.965s] [ 26%] [32mBuilding CXX object CMakeFiles/waypoint_navigation__rosidl_typesupport_cpp.dir/rosidl_typesupport_cpp/waypoint_navigation/srv/get_way_points__type_support.cpp.o[0m
[3.967s] [ 26%] [32mBuilding CXX object CMakeFiles/waypoint_navigation__rosidl_typesupport_cpp.dir/rosidl_typesupport_cpp/waypoint_navigation/msg/pwm__type_support.cpp.o[0m
[3.967s] [ 28%] [32mBuilding CXX object CMakeFiles/waypoint_navigation__rosidl_typesupport_cpp.dir/rosidl_typesupport_cpp/waypoint_navigation/action/nav_to_waypoint__type_support.cpp.o[0m
[4.312s] [ 29%] [32mBuilding CXX object CMakeFiles/waypoint_navigation__rosidl_typesupport_introspection_cpp.dir/rosidl_typesupport_introspection_cpp/waypoint_navigation/srv/detail/get_way_points__type_support.cpp.o[0m
[4.435s] [ 31%] [32mBuilding CXX object CMakeFiles/waypoint_navigation__rosidl_typesupport_fastrtps_cpp.dir/rosidl_typesupport_fastrtps_cpp/waypoint_navigation/srv/detail/dds_fastrtps/get_way_points__type_support.cpp.o[0m
[4.440s] [ 32%] [32mBuilding CXX object CMakeFiles/waypoint_navigation__rosidl_typesupport_c.dir/rosidl_typesupport_c/waypoint_navigation/srv/get_way_points__type_support.cpp.o[0m
[4.466s] [ 34%] [32mBuilding CXX object CMakeFiles/waypoint_navigation__rosidl_typesupport_cpp.dir/rosidl_typesupport_cpp/waypoint_navigation/msg/estimated_twist__type_support.cpp.o[0m
[4.498s] [ 35%] [32mBuilding CXX object CMakeFiles/waypoint_navigation__rosidl_typesupport_c.dir/rosidl_typesupport_c/waypoint_navigation/action/nav_to_waypoint__type_support.cpp.o[0m
[4.539s] [ 37%] [32mBuilding CXX object CMakeFiles/waypoint_navigation__rosidl_typesupport_c.dir/rosidl_typesupport_c/waypoint_navigation/msg/pwm__type_support.cpp.o[0m
[4.598s] [ 39%] [32mBuilding CXX object CMakeFiles/waypoint_navigation__rosidl_typesupport_introspection_cpp.dir/rosidl_typesupport_introspection_cpp/waypoint_navigation/action/detail/nav_to_waypoint__type_support.cpp.o[0m
[4.604s] [ 40%] [32mBuilding CXX object CMakeFiles/waypoint_navigation__rosidl_typesupport_c.dir/rosidl_typesupport_c/waypoint_navigation/msg/estimated_twist__type_support.cpp.o[0m
[4.625s] [ 42%] [32mBuilding C object CMakeFiles/waypoint_navigation__rosidl_typesupport_introspection_c.dir/rosidl_typesupport_introspection_c/waypoint_navigation/srv/detail/get_way_points__type_support.c.o[0m
[4.676s] [ 43%] [32mBuilding CXX object CMakeFiles/waypoint_navigation__rosidl_typesupport_c.dir/rosidl_typesupport_c/waypoint_navigation/msg/estimated_odom__type_support.cpp.o[0m
[4.722s] [ 45%] [32mBuilding C object CMakeFiles/waypoint_navigation__rosidl_typesupport_introspection_c.dir/rosidl_typesupport_introspection_c/waypoint_navigation/action/detail/nav_to_waypoint__type_support.c.o[0m
[4.734s] [ 46%] [32m[1mLinking CXX shared library libwaypoint_navigation__rosidl_typesupport_c.so[0m
[4.781s] [ 48%] [32mBuilding CXX object CMakeFiles/waypoint_navigation__rosidl_typesupport_fastrtps_c.dir/rosidl_typesupport_fastrtps_c/waypoint_navigation/srv/detail/get_way_points__type_support_c.cpp.o[0m
[4.833s] [ 50%] [32mBuilding CXX object CMakeFiles/waypoint_navigation__rosidl_typesupport_fastrtps_c.dir/rosidl_typesupport_fastrtps_c/waypoint_navigation/action/detail/nav_to_waypoint__type_support_c.cpp.o[0m
[4.837s] [ 50%] Built target waypoint_navigation__rosidl_typesupport_c
[4.844s] [ 51%] [32mBuilding C object CMakeFiles/waypoint_navigation__rosidl_typesupport_introspection_c.dir/rosidl_typesupport_introspection_c/waypoint_navigation/msg/detail/pwm__type_support.c.o[0m
[4.859s] [ 53%] [32mBuilding CXX object CMakeFiles/waypoint_navigation__rosidl_typesupport_fastrtps_c.dir/rosidl_typesupport_fastrtps_c/waypoint_navigation/msg/detail/pwm__type_support_c.cpp.o[0m
[4.892s] [ 54%] [32mBuilding CXX object CMakeFiles/waypoint_navigation__rosidl_typesupport_cpp.dir/rosidl_typesupport_cpp/waypoint_navigation/msg/estimated_odom__type_support.cpp.o[0m
[4.913s] [ 56%] [32mBuilding C object CMakeFiles/waypoint_navigation__rosidl_typesupport_introspection_c.dir/rosidl_typesupport_introspection_c/waypoint_navigation/msg/detail/estimated_twist__type_support.c.o[0m
[5.017s] [ 57%] [32mBuilding C object CMakeFiles/waypoint_navigation__rosidl_typesupport_introspection_c.dir/rosidl_typesupport_introspection_c/waypoint_navigation/msg/detail/estimated_odom__type_support.c.o[0m
[5.070s] [ 59%] [32mBuilding CXX object CMakeFiles/waypoint_navigation__rosidl_typesupport_introspection_cpp.dir/rosidl_typesupport_introspection_cpp/waypoint_navigation/msg/detail/pwm__type_support.cpp.o[0m
[5.150s] [ 60%] [32m[1mLinking C shared library libwaypoint_navigation__rosidl_typesupport_introspection_c.so[0m
[5.232s] [ 62%] [32mBuilding CXX object CMakeFiles/waypoint_navigation__rosidl_typesupport_fastrtps_cpp.dir/rosidl_typesupport_fastrtps_cpp/waypoint_navigation/action/detail/dds_fastrtps/nav_to_waypoint__type_support.cpp.o[0m
[5.266s] [ 62%] Built target waypoint_navigation__rosidl_typesupport_introspection_c
[5.285s] [ 64%] [32mBuilding CXX object CMakeFiles/waypoint_navigation__rosidl_typesupport_introspection_cpp.dir/rosidl_typesupport_introspection_cpp/waypoint_navigation/msg/detail/estimated_twist__type_support.cpp.o[0m
[5.377s] [ 65%] [32m[1mLinking CXX shared library libwaypoint_navigation__rosidl_typesupport_cpp.so[0m
[5.424s] [ 67%] [32mBuilding CXX object CMakeFiles/waypoint_navigation__rosidl_typesupport_introspection_cpp.dir/rosidl_typesupport_introspection_cpp/waypoint_navigation/msg/detail/estimated_odom__type_support.cpp.o[0m
[5.468s] [ 67%] Built target waypoint_navigation__rosidl_typesupport_cpp
[5.486s] [ 68%] [32mBuilding CXX object CMakeFiles/waypoint_navigation__rosidl_typesupport_fastrtps_cpp.dir/rosidl_typesupport_fastrtps_cpp/waypoint_navigation/msg/detail/dds_fastrtps/pwm__type_support.cpp.o[0m
[5.524s] [ 70%] [32mBuilding CXX object CMakeFiles/waypoint_navigation__rosidl_typesupport_fastrtps_cpp.dir/rosidl_typesupport_fastrtps_cpp/waypoint_navigation/msg/detail/dds_fastrtps/estimated_twist__type_support.cpp.o[0m
[5.530s] [ 71%] [32mBuilding CXX object CMakeFiles/waypoint_navigation__rosidl_typesupport_fastrtps_c.dir/rosidl_typesupport_fastrtps_c/waypoint_navigation/msg/detail/estimated_twist__type_support_c.cpp.o[0m
[5.788s] [ 73%] [32mBuilding CXX object CMakeFiles/waypoint_navigation__rosidl_typesupport_fastrtps_cpp.dir/rosidl_typesupport_fastrtps_cpp/waypoint_navigation/msg/detail/dds_fastrtps/estimated_odom__type_support.cpp.o[0m
[5.872s] [ 75%] [32mBuilding CXX object CMakeFiles/waypoint_navigation__rosidl_typesupport_fastrtps_c.dir/rosidl_typesupport_fastrtps_c/waypoint_navigation/msg/detail/estimated_odom__type_support_c.cpp.o[0m
[6.114s] [ 76%] [32m[1mLinking CXX shared library libwaypoint_navigation__rosidl_typesupport_introspection_cpp.so[0m
[6.254s] [ 76%] Built target waypoint_navigation__rosidl_typesupport_introspection_cpp
[6.343s] [ 78%] [32m[1mLinking CXX shared library libwaypoint_navigation__rosidl_typesupport_fastrtps_c.so[0m
[6.367s] [ 79%] [32m[1mLinking CXX shared library libwaypoint_navigation__rosidl_typesupport_fastrtps_cpp.so[0m
[6.480s] [ 79%] Built target waypoint_navigation__rosidl_typesupport_fastrtps_c
[6.503s] [ 79%] Built target waypoint_navigation__rosidl_typesupport_fastrtps_cpp
[6.530s] [ 79%] Built target waypoint_navigation
[6.556s] [ 81%] [34m[1mGenerating Python code for ROS interfaces[0m
[7.510s] [ 81%] Built target waypoint_navigation__py
[7.538s] [ 84%] [32mBuilding C object CMakeFiles/waypoint_navigation__rosidl_generator_py.dir/rosidl_generator_py/waypoint_navigation/msg/_estimated_twist_s.c.o[0m
[7.538s] [ 84%] [32mBuilding C object CMakeFiles/waypoint_navigation__rosidl_generator_py.dir/rosidl_generator_py/waypoint_navigation/msg/_pwm_s.c.o[0m
[7.538s] [ 87%] [32mBuilding C object CMakeFiles/waypoint_navigation__rosidl_generator_py.dir/rosidl_generator_py/waypoint_navigation/srv/_get_way_points_s.c.o[0m
[7.538s] [ 87%] [32mBuilding C object CMakeFiles/waypoint_navigation__rosidl_generator_py.dir/rosidl_generator_py/waypoint_navigation/msg/_estimated_odom_s.c.o[0m
[7.538s] [ 89%] [32mBuilding C object CMakeFiles/waypoint_navigation__rosidl_generator_py.dir/rosidl_generator_py/waypoint_navigation/action/_nav_to_waypoint_s.c.o[0m
[7.717s] [ 90%] [32m[1mLinking C shared library rosidl_generator_py/waypoint_navigation/libwaypoint_navigation__rosidl_generator_py.so[0m
[7.774s] [ 90%] Built target waypoint_navigation__rosidl_generator_py
[7.799s] [ 95%] [32mBuilding C object CMakeFiles/waypoint_navigation__rosidl_typesupport_c__pyext.dir/rosidl_generator_py/waypoint_navigation/_waypoint_navigation_s.ep.rosidl_typesupport_c.c.o[0m
[7.799s] [ 95%] [32mBuilding C object CMakeFiles/waypoint_navigation__rosidl_typesupport_introspection_c__pyext.dir/rosidl_generator_py/waypoint_navigation/_waypoint_navigation_s.ep.rosidl_typesupport_introspection_c.c.o[0m
[7.799s] [ 95%] [32mBuilding C object CMakeFiles/waypoint_navigation__rosidl_typesupport_fastrtps_c__pyext.dir/rosidl_generator_py/waypoint_navigation/_waypoint_navigation_s.ep.rosidl_typesupport_fastrtps_c.c.o[0m
[7.951s] [ 98%] [32m[1mLinking C shared library rosidl_generator_py/waypoint_navigation/waypoint_navigation_s__rosidl_typesupport_c.cpython-310-x86_64-linux-gnu.so[0m
[7.951s] [ 98%] [32m[1mLinking C shared library rosidl_generator_py/waypoint_navigation/waypoint_navigation_s__rosidl_typesupport_fastrtps_c.cpython-310-x86_64-linux-gnu.so[0m
[7.951s] [100%] [32m[1mLinking C shared library rosidl_generator_py/waypoint_navigation/waypoint_navigation_s__rosidl_typesupport_introspection_c.cpython-310-x86_64-linux-gnu.so[0m
[8.013s] [100%] Built target waypoint_navigation__rosidl_typesupport_c__pyext
[8.013s] [100%] Built target waypoint_navigation__rosidl_typesupport_fastrtps_c__pyext
[8.013s] [100%] Built target waypoint_navigation__rosidl_typesupport_introspection_c__pyext
[8.030s] Invoked command in '/home/monith/test_rover/build/waypoint_navigation' returned '0': CMAKE_PREFIX_PATH=${CMAKE_PREFIX_PATH}:/home/monith/test_rover/install/rover_control:/opt/ros/humble /usr/bin/cmake --build /home/monith/test_rover/build/waypoint_navigation -- -j8 -l8
[8.043s] Invoking command in '/home/monith/test_rover/build/waypoint_navigation': CMAKE_PREFIX_PATH=${CMAKE_PREFIX_PATH}:/home/monith/test_rover/install/rover_control:/opt/ros/humble /usr/bin/cmake --install /home/monith/test_rover/build/waypoint_navigation
[8.053s] -- Install configuration: ""
[8.053s] -- Execute custom install script
[8.054s] -- Symlinking: /home/monith/test_rover/install/waypoint_navigation/share/ament_index/resource_index/rosidl_interfaces/waypoint_navigation
[8.067s] -- Symlinking: /home/monith/test_rover/install/waypoint_navigation/include/waypoint_navigation/waypoint_navigation/action/detail/nav_to_waypoint__functions.h
[8.078s] -- Symlinking: /home/monith/test_rover/install/waypoint_navigation/include/waypoint_navigation/waypoint_navigation/action/detail/nav_to_waypoint__struct.h
[8.090s] -- Symlinking: /home/monith/test_rover/install/waypoint_navigation/include/waypoint_navigation/waypoint_navigation/action/detail/nav_to_waypoint__type_support.h
[8.101s] -- Symlinking: /home/monith/test_rover/install/waypoint_navigation/include/waypoint_navigation/waypoint_navigation/action/nav_to_waypoint.h
[8.113s] -- Symlinking: /home/monith/test_rover/install/waypoint_navigation/include/waypoint_navigation/waypoint_navigation/msg/detail/estimated_odom__functions.h
[8.124s] -- Symlinking: /home/monith/test_rover/install/waypoint_navigation/include/waypoint_navigation/waypoint_navigation/msg/detail/estimated_odom__struct.h
[8.135s] -- Symlinking: /home/monith/test_rover/install/waypoint_navigation/include/waypoint_navigation/waypoint_navigation/msg/detail/estimated_odom__type_support.h
[8.146s] -- Symlinking: /home/monith/test_rover/install/waypoint_navigation/include/waypoint_navigation/waypoint_navigation/msg/detail/estimated_twist__functions.h
[8.157s] -- Symlinking: /home/monith/test_rover/install/waypoint_navigation/include/waypoint_navigation/waypoint_navigation/msg/detail/estimated_twist__struct.h
[8.168s] -- Symlinking: /home/monith/test_rover/install/waypoint_navigation/include/waypoint_navigation/waypoint_navigation/msg/detail/estimated_twist__type_support.h
[8.179s] -- Symlinking: /home/monith/test_rover/install/waypoint_navigation/include/waypoint_navigation/waypoint_navigation/msg/detail/pwm__functions.h
[8.190s] -- Symlinking: /home/monith/test_rover/install/waypoint_navigation/include/waypoint_navigation/waypoint_navigation/msg/detail/pwm__struct.h
[8.201s] -- Symlinking: /home/monith/test_rover/install/waypoint_navigation/include/waypoint_navigation/waypoint_navigation/msg/detail/pwm__type_support.h
[8.213s] -- Symlinking: /home/monith/test_rover/install/waypoint_navigation/include/waypoint_navigation/waypoint_navigation/msg/estimated_odom.h
[8.224s] -- Symlinking: /home/monith/test_rover/install/waypoint_navigation/include/waypoint_navigation/waypoint_navigation/msg/estimated_twist.h
[8.235s] -- Symlinking: /home/monith/test_rover/install/waypoint_navigation/include/waypoint_navigation/waypoint_navigation/msg/pwm.h
[8.247s] -- Symlinking: /home/monith/test_rover/install/waypoint_navigation/include/waypoint_navigation/waypoint_navigation/msg/rosidl_generator_c__visibility_control.h
[8.258s] -- Symlinking: /home/monith/test_rover/install/waypoint_navigation/include/waypoint_navigation/waypoint_navigation/srv/detail/get_way_points__functions.h
[8.270s] -- Symlinking: /home/monith/test_rover/install/waypoint_navigation/include/waypoint_navigation/waypoint_navigation/srv/detail/get_way_points__struct.h
[8.281s] -- Symlinking: /home/monith/test_rover/install/waypoint_navigation/include/waypoint_navigation/waypoint_navigation/srv/detail/get_way_points__type_support.h
[8.292s] -- Symlinking: /home/monith/test_rover/install/waypoint_navigation/include/waypoint_navigation/waypoint_navigation/srv/get_way_points.h
[8.304s] -- Symlinking: /home/monith/test_rover/install/waypoint_navigation/share/waypoint_navigation/environment/library_path.sh
[8.317s] -- Symlinking: /home/monith/test_rover/install/waypoint_navigation/share/waypoint_navigation/environment/library_path.dsv
[8.328s] -- Symlinking: /home/monith/test_rover/install/waypoint_navigation/include/waypoint_navigation/waypoint_navigation/action/detail/nav_to_waypoint__rosidl_typesupport_fastrtps_c.h
[8.339s] -- Symlinking: /home/monith/test_rover/install/waypoint_navigation/include/waypoint_navigation/waypoint_navigation/msg/detail/estimated_odom__rosidl_typesupport_fastrtps_c.h
[8.351s] -- Symlinking: /home/monith/test_rover/install/waypoint_navigation/include/waypoint_navigation/waypoint_navigation/msg/detail/estimated_twist__rosidl_typesupport_fastrtps_c.h
[8.363s] -- Symlinking: /home/monith/test_rover/install/waypoint_navigation/include/waypoint_navigation/waypoint_navigation/msg/detail/pwm__rosidl_typesupport_fastrtps_c.h
[8.374s] -- Symlinking: /home/monith/test_rover/install/waypoint_navigation/include/waypoint_navigation/waypoint_navigation/msg/rosidl_typesupport_fastrtps_c__visibility_control.h
[8.385s] -- Symlinking: /home/monith/test_rover/install/waypoint_navigation/include/waypoint_navigation/waypoint_navigation/srv/detail/get_way_points__rosidl_typesupport_fastrtps_c.h
[8.398s] -- Symlinking: /home/monith/test_rover/install/waypoint_navigation/include/waypoint_navigation/waypoint_navigation/action/detail/nav_to_waypoint__builder.hpp
[8.410s] -- Symlinking: /home/monith/test_rover/install/waypoint_navigation/include/waypoint_navigation/waypoint_navigation/action/detail/nav_to_waypoint__struct.hpp
[8.421s] -- Symlinking: /home/monith/test_rover/install/waypoint_navigation/include/waypoint_navigation/waypoint_navigation/action/detail/nav_to_waypoint__traits.hpp
[8.433s] -- Symlinking: /home/monith/test_rover/install/waypoint_navigation/include/waypoint_navigation/waypoint_navigation/action/detail/nav_to_waypoint__type_support.hpp
[8.444s] -- Symlinking: /home/monith/test_rover/install/waypoint_navigation/include/waypoint_navigation/waypoint_navigation/action/nav_to_waypoint.hpp
[8.456s] -- Symlinking: /home/monith/test_rover/install/waypoint_navigation/include/waypoint_navigation/waypoint_navigation/msg/detail/estimated_odom__builder.hpp
[8.466s] -- Symlinking: /home/monith/test_rover/install/waypoint_navigation/include/waypoint_navigation/waypoint_navigation/msg/detail/estimated_odom__struct.hpp
[8.478s] -- Symlinking: /home/monith/test_rover/install/waypoint_navigation/include/waypoint_navigation/waypoint_navigation/msg/detail/estimated_odom__traits.hpp
[8.490s] -- Symlinking: /home/monith/test_rover/install/waypoint_navigation/include/waypoint_navigation/waypoint_navigation/msg/detail/estimated_odom__type_support.hpp
[8.500s] -- Symlinking: /home/monith/test_rover/install/waypoint_navigation/include/waypoint_navigation/waypoint_navigation/msg/detail/estimated_twist__builder.hpp
[8.513s] -- Symlinking: /home/monith/test_rover/install/waypoint_navigation/include/waypoint_navigation/waypoint_navigation/msg/detail/estimated_twist__struct.hpp
[8.526s] -- Symlinking: /home/monith/test_rover/install/waypoint_navigation/include/waypoint_navigation/waypoint_navigation/msg/detail/estimated_twist__traits.hpp
[8.537s] -- Symlinking: /home/monith/test_rover/install/waypoint_navigation/include/waypoint_navigation/waypoint_navigation/msg/detail/estimated_twist__type_support.hpp
[8.548s] -- Symlinking: /home/monith/test_rover/install/waypoint_navigation/include/waypoint_navigation/waypoint_navigation/msg/detail/pwm__builder.hpp
[8.560s] -- Symlinking: /home/monith/test_rover/install/waypoint_navigation/include/waypoint_navigation/waypoint_navigation/msg/detail/pwm__struct.hpp
[8.571s] -- Symlinking: /home/monith/test_rover/install/waypoint_navigation/include/waypoint_navigation/waypoint_navigation/msg/detail/pwm__traits.hpp
[8.583s] -- Symlinking: /home/monith/test_rover/install/waypoint_navigation/include/waypoint_navigation/waypoint_navigation/msg/detail/pwm__type_support.hpp
[8.595s] -- Symlinking: /home/monith/test_rover/install/waypoint_navigation/include/waypoint_navigation/waypoint_navigation/msg/estimated_odom.hpp
[8.608s] -- Symlinking: /home/monith/test_rover/install/waypoint_navigation/include/waypoint_navigation/waypoint_navigation/msg/estimated_twist.hpp
[8.619s] -- Symlinking: /home/monith/test_rover/install/waypoint_navigation/include/waypoint_navigation/waypoint_navigation/msg/pwm.hpp
[8.631s] -- Symlinking: /home/monith/test_rover/install/waypoint_navigation/include/waypoint_navigation/waypoint_navigation/msg/rosidl_generator_cpp__visibility_control.hpp
[8.642s] -- Symlinking: /home/monith/test_rover/install/waypoint_navigation/include/waypoint_navigation/waypoint_navigation/srv/detail/get_way_points__builder.hpp
[8.654s] -- Symlinking: /home/monith/test_rover/install/waypoint_navigation/include/waypoint_navigation/waypoint_navigation/srv/detail/get_way_points__struct.hpp
[8.665s] -- Symlinking: /home/monith/test_rover/install/waypoint_navigation/include/waypoint_navigation/waypoint_navigation/srv/detail/get_way_points__traits.hpp
[8.677s] -- Symlinking: /home/monith/test_rover/install/waypoint_navigation/include/waypoint_navigation/waypoint_navigation/srv/detail/get_way_points__type_support.hpp
[8.689s] -- Symlinking: /home/monith/test_rover/install/waypoint_navigation/include/waypoint_navigation/waypoint_navigation/srv/get_way_points.hpp
[8.702s] -- Symlinking: /home/monith/test_rover/install/waypoint_navigation/include/waypoint_navigation/waypoint_navigation/action/detail/nav_to_waypoint__rosidl_typesupport_fastrtps_cpp.hpp
[8.714s] -- Symlinking: /home/monith/test_rover/install/waypoint_navigation/include/waypoint_navigation/waypoint_navigation/msg/detail/estimated_odom__rosidl_typesupport_fastrtps_cpp.hpp
[8.726s] -- Symlinking: /home/monith/test_rover/install/waypoint_navigation/include/waypoint_navigation/waypoint_navigation/msg/detail/estimated_twist__rosidl_typesupport_fastrtps_cpp.hpp
[8.738s] -- Symlinking: /home/monith/test_rover/install/waypoint_navigation/include/waypoint_navigation/waypoint_navigation/msg/detail/pwm__rosidl_typesupport_fastrtps_cpp.hpp
[8.749s] -- Symlinking: /home/monith/test_rover/install/waypoint_navigation/include/waypoint_navigation/waypoint_navigation/msg/rosidl_typesupport_fastrtps_cpp__visibility_control.h
[8.760s] -- Symlinking: /home/monith/test_rover/install/waypoint_navigation/include/waypoint_navigation/waypoint_navigation/srv/detail/get_way_points__rosidl_typesupport_fastrtps_cpp.hpp
[8.772s] -- Symlinking: /home/monith/test_rover/install/waypoint_navigation/include/waypoint_navigation/waypoint_navigation/action/detail/nav_to_waypoint__rosidl_typesupport_introspection_c.h
[8.785s] -- Symlinking: /home/monith/test_rover/install/waypoint_navigation/include/waypoint_navigation/waypoint_navigation/msg/detail/estimated_odom__rosidl_typesupport_introspection_c.h
[8.796s] -- Symlinking: /home/monith/test_rover/install/waypoint_navigation/include/waypoint_navigation/waypoint_navigation/msg/detail/estimated_twist__rosidl_typesupport_introspection_c.h
[8.809s] -- Symlinking: /home/monith/test_rover/install/waypoint_navigation/include/waypoint_navigation/waypoint_navigation/msg/detail/pwm__rosidl_typesupport_introspection_c.h
[8.821s] -- Symlinking: /home/monith/test_rover/install/waypoint_navigation/include/waypoint_navigation/waypoint_navigation/msg/rosidl_typesupport_introspection_c__visibility_control.h
[8.833s] -- Symlinking: /home/monith/test_rover/install/waypoint_navigation/include/waypoint_navigation/waypoint_navigation/srv/detail/get_way_points__rosidl_typesupport_introspection_c.h
[8.845s] -- Symlinking: /home/monith/test_rover/install/waypoint_navigation/include/waypoint_navigation/waypoint_navigation/action/detail/nav_to_waypoint__rosidl_typesupport_introspection_cpp.hpp
[8.858s] -- Symlinking: /home/monith/test_rover/install/waypoint_navigation/include/waypoint_navigation/waypoint_navigation/msg/detail/estimated_odom__rosidl_typesupport_introspection_cpp.hpp
[8.869s] -- Symlinking: /home/monith/test_rover/install/waypoint_navigation/include/waypoint_navigation/waypoint_navigation/msg/detail/estimated_twist__rosidl_typesupport_introspection_cpp.hpp
[8.881s] -- Symlinking: /home/monith/test_rover/install/waypoint_navigation/include/waypoint_navigation/waypoint_navigation/msg/detail/pwm__rosidl_typesupport_introspection_cpp.hpp
[8.892s] -- Symlinking: /home/monith/test_rover/install/waypoint_navigation/include/waypoint_navigation/waypoint_navigation/srv/detail/get_way_points__rosidl_typesupport_introspection_cpp.hpp
[8.903s] -- Symlinking: /home/monith/test_rover/install/waypoint_navigation/share/waypoint_navigation/environment/pythonpath.sh
[8.915s] -- Symlinking: /home/monith/test_rover/install/waypoint_navigation/share/waypoint_navigation/environment/pythonpath.dsv
[8.927s] -- Symlinking: /home/monith/test_rover/install/waypoint_navigation/local/lib/python3.10/dist-packages/waypoint_navigation-0.0.0-py3.10.egg-info/PKG-INFO
[8.938s] -- Symlinking: /home/monith/test_rover/install/waypoint_navigation/local/lib/python3.10/dist-packages/waypoint_navigation-0.0.0-py3.10.egg-info/SOURCES.txt
[8.950s] -- Symlinking: /home/monith/test_rover/install/waypoint_navigation/local/lib/python3.10/dist-packages/waypoint_navigation-0.0.0-py3.10.egg-info/dependency_links.txt
[8.962s] -- Symlinking: /home/monith/test_rover/install/waypoint_navigation/local/lib/python3.10/dist-packages/waypoint_navigation-0.0.0-py3.10.egg-info/top_level.txt
[8.974s] -- Symlinking: /home/monith/test_rover/install/waypoint_navigation/local/lib/python3.10/dist-packages/waypoint_navigation/__init__.py
[8.985s] -- Symlinking: /home/monith/test_rover/install/waypoint_navigation/local/lib/python3.10/dist-packages/waypoint_navigation/_waypoint_navigation_s.ep.rosidl_typesupport_c.c
[8.996s] -- Symlinking: /home/monith/test_rover/install/waypoint_navigation/local/lib/python3.10/dist-packages/waypoint_navigation/_waypoint_navigation_s.ep.rosidl_typesupport_fastrtps_c.c
[9.008s] -- Symlinking: /home/monith/test_rover/install/waypoint_navigation/local/lib/python3.10/dist-packages/waypoint_navigation/_waypoint_navigation_s.ep.rosidl_typesupport_introspection_c.c
[9.019s] -- Symlinking: /home/monith/test_rover/install/waypoint_navigation/local/lib/python3.10/dist-packages/waypoint_navigation/action/__init__.py
[9.031s] -- Symlinking: /home/monith/test_rover/install/waypoint_navigation/local/lib/python3.10/dist-packages/waypoint_navigation/action/_nav_to_waypoint.py
[9.041s] -- Symlinking: /home/monith/test_rover/install/waypoint_navigation/local/lib/python3.10/dist-packages/waypoint_navigation/action/_nav_to_waypoint_s.c
[9.053s] -- Symlinking: /home/monith/test_rover/install/waypoint_navigation/local/lib/python3.10/dist-packages/waypoint_navigation/libwaypoint_navigation__rosidl_generator_py.so
[9.066s] -- Symlinking: /home/monith/test_rover/install/waypoint_navigation/local/lib/python3.10/dist-packages/waypoint_navigation/msg/__init__.py
[9.077s] -- Symlinking: /home/monith/test_rover/install/waypoint_navigation/local/lib/python3.10/dist-packages/waypoint_navigation/msg/_estimated_odom.py
[9.088s] -- Symlinking: /home/monith/test_rover/install/waypoint_navigation/local/lib/python3.10/dist-packages/waypoint_navigation/msg/_estimated_odom_s.c
[9.100s] -- Symlinking: /home/monith/test_rover/install/waypoint_navigation/local/lib/python3.10/dist-packages/waypoint_navigation/msg/_estimated_twist.py
[9.114s] -- Symlinking: /home/monith/test_rover/install/waypoint_navigation/local/lib/python3.10/dist-packages/waypoint_navigation/msg/_estimated_twist_s.c
[9.127s] -- Symlinking: /home/monith/test_rover/install/waypoint_navigation/local/lib/python3.10/dist-packages/waypoint_navigation/msg/_pwm.py
[9.138s] -- Symlinking: /home/monith/test_rover/install/waypoint_navigation/local/lib/python3.10/dist-packages/waypoint_navigation/msg/_pwm_s.c
[9.150s] -- Symlinking: /home/monith/test_rover/install/waypoint_navigation/local/lib/python3.10/dist-packages/waypoint_navigation/srv/__init__.py
[9.161s] -- Symlinking: /home/monith/test_rover/install/waypoint_navigation/local/lib/python3.10/dist-packages/waypoint_navigation/srv/_get_way_points.py
[9.172s] -- Symlinking: /home/monith/test_rover/install/waypoint_navigation/local/lib/python3.10/dist-packages/waypoint_navigation/srv/_get_way_points_s.c
[9.183s] -- Symlinking: /home/monith/test_rover/install/waypoint_navigation/local/lib/python3.10/dist-packages/waypoint_navigation/waypoint_navigation_s__rosidl_typesupport_c.cpython-310-x86_64-linux-gnu.so
[9.195s] -- Symlinking: /home/monith/test_rover/install/waypoint_navigation/local/lib/python3.10/dist-packages/waypoint_navigation/waypoint_navigation_s__rosidl_typesupport_fastrtps_c.cpython-310-x86_64-linux-gnu.so
[9.206s] -- Symlinking: /home/monith/test_rover/install/waypoint_navigation/local/lib/python3.10/dist-packages/waypoint_navigation/waypoint_navigation_s__rosidl_typesupport_introspection_c.cpython-310-x86_64-linux-gnu.so
[9.218s] -- Up-to-date symlink: /home/monith/test_rover/install/waypoint_navigation/local/lib/python3.10/dist-packages/waypoint_navigation/waypoint_navigation_s__rosidl_typesupport_fastrtps_c.cpython-310-x86_64-linux-gnu.so
[9.218s] -- Up-to-date symlink: /home/monith/test_rover/install/waypoint_navigation/local/lib/python3.10/dist-packages/waypoint_navigation/waypoint_navigation_s__rosidl_typesupport_introspection_c.cpython-310-x86_64-linux-gnu.so
[9.218s] -- Up-to-date symlink: /home/monith/test_rover/install/waypoint_navigation/local/lib/python3.10/dist-packages/waypoint_navigation/waypoint_navigation_s__rosidl_typesupport_c.cpython-310-x86_64-linux-gnu.so
[9.219s] -- Symlinking: /home/monith/test_rover/install/waypoint_navigation/share/ament_index/resource_index/rust_packages/waypoint_navigation
[9.231s] -- Symlinking: /home/monith/test_rover/install/waypoint_navigation/share/waypoint_navigation/rust/Cargo.toml
[9.243s] -- Symlinking: /home/monith/test_rover/install/waypoint_navigation/share/waypoint_navigation/rust/build.rs
[9.254s] -- Symlinking: /home/monith/test_rover/install/waypoint_navigation/share/waypoint_navigation/rust/src/action.rs
[9.268s] -- Symlinking: /home/monith/test_rover/install/waypoint_navigation/share/waypoint_navigation/rust/src/action/rmw.rs
[9.279s] -- Symlinking: /home/monith/test_rover/install/waypoint_navigation/share/waypoint_navigation/rust/src/lib.rs
[9.291s] -- Symlinking: /home/monith/test_rover/install/waypoint_navigation/share/waypoint_navigation/rust/src/msg.rs
[9.301s] -- Symlinking: /home/monith/test_rover/install/waypoint_navigation/share/waypoint_navigation/rust/src/msg/rmw.rs
[9.313s] -- Symlinking: /home/monith/test_rover/install/waypoint_navigation/share/waypoint_navigation/rust/src/srv.rs
[9.325s] -- Symlinking: /home/monith/test_rover/install/waypoint_navigation/share/waypoint_navigation/rust/src/srv/rmw.rs
[9.336s] -- Symlinking: /home/monith/test_rover/install/waypoint_navigation/share/waypoint_navigation/srv/GetWayPoints.idl
[9.348s] -- Symlinking: /home/monith/test_rover/install/waypoint_navigation/share/waypoint_navigation/action/NavToWaypoint.idl
[9.364s] -- Symlinking: /home/monith/test_rover/install/waypoint_navigation/share/waypoint_navigation/msg/Pwm.idl
[9.377s] -- Symlinking: /home/monith/test_rover/install/waypoint_navigation/share/waypoint_navigation/msg/EstimatedTwist.idl
[9.388s] -- Symlinking: /home/monith/test_rover/install/waypoint_navigation/share/waypoint_navigation/msg/EstimatedOdom.idl
[9.399s] -- Symlinking: /home/monith/test_rover/install/waypoint_navigation/share/waypoint_navigation/srv/GetWayPoints.srv
[9.411s] -- Symlinking: /home/monith/test_rover/install/waypoint_navigation/share/waypoint_navigation/srv/GetWayPoints_Request.msg
[9.422s] -- Symlinking: /home/monith/test_rover/install/waypoint_navigation/share/waypoint_navigation/srv/GetWayPoints_Response.msg
[9.434s] -- Symlinking: /home/monith/test_rover/install/waypoint_navigation/share/waypoint_navigation/action/NavToWaypoint.action
[9.445s] -- Symlinking: /home/monith/test_rover/install/waypoint_navigation/share/waypoint_navigation/msg/Pwm.msg
[9.457s] -- Symlinking: /home/monith/test_rover/install/waypoint_navigation/share/waypoint_navigation/msg/EstimatedTwist.msg
[9.468s] -- Symlinking: /home/monith/test_rover/install/waypoint_navigation/share/waypoint_navigation/msg/EstimatedOdom.msg
[9.480s] -- Symlinking: /home/monith/test_rover/install/waypoint_navigation/share/ament_index/resource_index/package_run_dependencies/waypoint_navigation
[9.491s] -- Symlinking: /home/monith/test_rover/install/waypoint_navigation/share/ament_index/resource_index/parent_prefix_path/waypoint_navigation
[9.503s] -- Symlinking: /home/monith/test_rover/install/waypoint_navigation/share/waypoint_navigation/environment/ament_prefix_path.sh
[9.515s] -- Symlinking: /home/monith/test_rover/install/waypoint_navigation/share/waypoint_navigation/environment/ament_prefix_path.dsv
[9.526s] -- Symlinking: /home/monith/test_rover/install/waypoint_navigation/share/waypoint_navigation/environment/path.sh
[9.537s] -- Symlinking: /home/monith/test_rover/install/waypoint_navigation/share/waypoint_navigation/environment/path.dsv
[9.548s] -- Symlinking: /home/monith/test_rover/install/waypoint_navigation/share/waypoint_navigation/local_setup.bash
[9.559s] -- Symlinking: /home/monith/test_rover/install/waypoint_navigation/share/waypoint_navigation/local_setup.sh
[9.570s] -- Symlinking: /home/monith/test_rover/install/waypoint_navigation/share/waypoint_navigation/local_setup.zsh
[9.582s] -- Symlinking: /home/monith/test_rover/install/waypoint_navigation/share/waypoint_navigation/local_setup.dsv
[9.593s] -- Symlinking: /home/monith/test_rover/install/waypoint_navigation/share/waypoint_navigation/package.dsv
[9.605s] -- Symlinking: /home/monith/test_rover/install/waypoint_navigation/share/ament_index/resource_index/packages/waypoint_navigation
[9.616s] -- Symlinking: /home/monith/test_rover/install/waypoint_navigation/share/waypoint_navigation/cmake/rosidl_cmake-extras.cmake
[9.631s] -- Symlinking: /home/monith/test_rover/install/waypoint_navigation/share/waypoint_navigation/cmake/ament_cmake_export_dependencies-extras.cmake
[9.642s] -- Symlinking: /home/monith/test_rover/install/waypoint_navigation/share/waypoint_navigation/cmake/ament_cmake_export_include_directories-extras.cmake
[9.653s] -- Symlinking: /home/monith/test_rover/install/waypoint_navigation/share/waypoint_navigation/cmake/ament_cmake_export_libraries-extras.cmake
[9.665s] -- Symlinking: /home/monith/test_rover/install/waypoint_navigation/share/waypoint_navigation/cmake/ament_cmake_export_targets-extras.cmake
[9.676s] -- Symlinking: /home/monith/test_rover/install/waypoint_navigation/share/waypoint_navigation/cmake/rosidl_cmake_export_typesupport_targets-extras.cmake
[9.687s] -- Symlinking: /home/monith/test_rover/install/waypoint_navigation/share/waypoint_navigation/cmake/rosidl_cmake_export_typesupport_libraries-extras.cmake
[9.699s] -- Symlinking: /home/monith/test_rover/install/waypoint_navigation/share/waypoint_navigation/cmake/waypoint_navigationConfig.cmake
[9.710s] -- Symlinking: /home/monith/test_rover/install/waypoint_navigation/share/waypoint_navigation/cmake/waypoint_navigationConfig-version.cmake
[9.721s] -- Symlinking: /home/monith/test_rover/install/waypoint_navigation/share/waypoint_navigation/package.xml
[9.733s] -- Installing: /home/monith/test_rover/install/waypoint_navigation/lib/libwaypoint_navigation__rosidl_generator_c.so
[9.734s] -- Set runtime path of "/home/monith/test_rover/install/waypoint_navigation/lib/libwaypoint_navigation__rosidl_generator_c.so" to ""
[9.734s] -- Installing: /home/monith/test_rover/install/waypoint_navigation/lib/libwaypoint_navigation__rosidl_typesupport_fastrtps_c.so
[9.735s] -- Set runtime path of "/home/monith/test_rover/install/waypoint_navigation/lib/libwaypoint_navigation__rosidl_typesupport_fastrtps_c.so" to ""
[9.735s] -- Installing: /home/monith/test_rover/install/waypoint_navigation/lib/libwaypoint_navigation__rosidl_typesupport_fastrtps_cpp.so
[9.735s] -- Set runtime path of "/home/monith/test_rover/install/waypoint_navigation/lib/libwaypoint_navigation__rosidl_typesupport_fastrtps_cpp.so" to ""
[9.735s] -- Installing: /home/monith/test_rover/install/waypoint_navigation/lib/libwaypoint_navigation__rosidl_typesupport_introspection_c.so
[9.736s] -- Set runtime path of "/home/monith/test_rover/install/waypoint_navigation/lib/libwaypoint_navigation__rosidl_typesupport_introspection_c.so" to ""
[9.736s] -- Installing: /home/monith/test_rover/install/waypoint_navigation/lib/libwaypoint_navigation__rosidl_typesupport_c.so
[9.736s] -- Set runtime path of "/home/monith/test_rover/install/waypoint_navigation/lib/libwaypoint_navigation__rosidl_typesupport_c.so" to ""
[9.737s] -- Installing: /home/monith/test_rover/install/waypoint_navigation/lib/libwaypoint_navigation__rosidl_typesupport_introspection_cpp.so
[9.737s] -- Set runtime path of "/home/monith/test_rover/install/waypoint_navigation/lib/libwaypoint_navigation__rosidl_typesupport_introspection_cpp.so" to ""
[9.737s] -- Installing: /home/monith/test_rover/install/waypoint_navigation/lib/libwaypoint_navigation__rosidl_typesupport_cpp.so
[9.738s] -- Set runtime path of "/home/monith/test_rover/install/waypoint_navigation/lib/libwaypoint_navigation__rosidl_typesupport_cpp.so" to ""
[9.782s] Listing '/home/monith/test_rover/install/waypoint_navigation/local/lib/python3.10/dist-packages/waypoint_navigation'...
[9.783s] Compiling '/home/monith/test_rover/install/waypoint_navigation/local/lib/python3.10/dist-packages/waypoint_navigation/__init__.py'...
[9.783s] Listing '/home/monith/test_rover/install/waypoint_navigation/local/lib/python3.10/dist-packages/waypoint_navigation/action'...
[9.783s] Compiling '/home/monith/test_rover/install/waypoint_navigation/local/lib/python3.10/dist-packages/waypoint_navigation/action/__init__.py'...
[9.783s] Compiling '/home/monith/test_rover/install/waypoint_navigation/local/lib/python3.10/dist-packages/waypoint_navigation/action/_nav_to_waypoint.py'...
[9.783s] Listing '/home/monith/test_rover/install/waypoint_navigation/local/lib/python3.10/dist-packages/waypoint_navigation/msg'...
[9.783s] Compiling '/home/monith/test_rover/install/waypoint_navigation/local/lib/python3.10/dist-packages/waypoint_navigation/msg/__init__.py'...
[9.783s] Compiling '/home/monith/test_rover/install/waypoint_navigation/local/lib/python3.10/dist-packages/waypoint_navigation/msg/_estimated_odom.py'...
[9.783s] Compiling '/home/monith/test_rover/install/waypoint_navigation/local/lib/python3.10/dist-packages/waypoint_navigation/msg/_estimated_twist.py'...
[9.783s] Compiling '/home/monith/test_rover/install/waypoint_navigation/local/lib/python3.10/dist-packages/waypoint_navigation/msg/_pwm.py'...
[9.783s] Listing '/home/monith/test_rover/install/waypoint_navigation/local/lib/python3.10/dist-packages/waypoint_navigation/srv'...
[9.783s] Compiling '/home/monith/test_rover/install/waypoint_navigation/local/lib/python3.10/dist-packages/waypoint_navigation/srv/__init__.py'...
[9.783s] Compiling '/home/monith/test_rover/install/waypoint_navigation/local/lib/python3.10/dist-packages/waypoint_navigation/srv/_get_way_points.py'...
[9.789s] -- Installing: /home/monith/test_rover/install/waypoint_navigation/lib/libwaypoint_navigation__rosidl_generator_py.so
[9.790s] -- Set runtime path of "/home/monith/test_rover/install/waypoint_navigation/lib/libwaypoint_navigation__rosidl_generator_py.so" to ""
[9.791s] -- Installing: /home/monith/test_rover/install/waypoint_navigation/share/waypoint_navigation/cmake/export_waypoint_navigation__rosidl_generator_cExport.cmake
[9.791s] -- Installing: /home/monith/test_rover/install/waypoint_navigation/share/waypoint_navigation/cmake/export_waypoint_navigation__rosidl_generator_cExport-noconfig.cmake
[9.791s] -- Installing: /home/monith/test_rover/install/waypoint_navigation/share/waypoint_navigation/cmake/export_waypoint_navigation__rosidl_typesupport_fastrtps_cExport.cmake
[9.791s] -- Installing: /home/monith/test_rover/install/waypoint_navigation/share/waypoint_navigation/cmake/export_waypoint_navigation__rosidl_typesupport_fastrtps_cExport-noconfig.cmake
[9.791s] -- Installing: /home/monith/test_rover/install/waypoint_navigation/share/waypoint_navigation/cmake/export_waypoint_navigation__rosidl_generator_cppExport.cmake
[9.792s] -- Installing: /home/monith/test_rover/install/waypoint_navigation/share/waypoint_navigation/cmake/export_waypoint_navigation__rosidl_typesupport_fastrtps_cppExport.cmake
[9.792s] -- Installing: /home/monith/test_rover/install/waypoint_navigation/share/waypoint_navigation/cmake/export_waypoint_navigation__rosidl_typesupport_fastrtps_cppExport-noconfig.cmake
[9.792s] -- Installing: /home/monith/test_rover/install/waypoint_navigation/share/waypoint_navigation/cmake/waypoint_navigation__rosidl_typesupport_introspection_cExport.cmake
[9.792s] -- Installing: /home/monith/test_rover/install/waypoint_navigation/share/waypoint_navigation/cmake/waypoint_navigation__rosidl_typesupport_introspection_cExport-noconfig.cmake
[9.792s] -- Installing: /home/monith/test_rover/install/waypoint_navigation/share/waypoint_navigation/cmake/waypoint_navigation__rosidl_typesupport_cExport.cmake
[9.792s] -- Installing: /home/monith/test_rover/install/waypoint_navigation/share/waypoint_navigation/cmake/waypoint_navigation__rosidl_typesupport_cExport-noconfig.cmake
[9.793s] -- Installing: /home/monith/test_rover/install/waypoint_navigation/share/waypoint_navigation/cmake/waypoint_navigation__rosidl_typesupport_introspection_cppExport.cmake
[9.793s] -- Installing: /home/monith/test_rover/install/waypoint_navigation/share/waypoint_navigation/cmake/waypoint_navigation__rosidl_typesupport_introspection_cppExport-noconfig.cmake
[9.793s] -- Installing: /home/monith/test_rover/install/waypoint_navigation/share/waypoint_navigation/cmake/waypoint_navigation__rosidl_typesupport_cppExport.cmake
[9.793s] -- Installing: /home/monith/test_rover/install/waypoint_navigation/share/waypoint_navigation/cmake/waypoint_navigation__rosidl_typesupport_cppExport-noconfig.cmake
[9.793s] -- Installing: /home/monith/test_rover/install/waypoint_navigation/share/waypoint_navigation/cmake/export_waypoint_navigation__rosidl_generator_pyExport.cmake
[9.794s] -- Installing: /home/monith/test_rover/install/waypoint_navigation/share/waypoint_navigation/cmake/export_waypoint_navigation__rosidl_generator_pyExport-noconfig.cmake
[9.798s] Invoked command in '/home/monith/test_rover/build/waypoint_navigation' returned '0': CMAKE_PREFIX_PATH=${CMAKE_PREFIX_PATH}:/home/monith/test_rover/install/rover_control:/opt/ros/humble /usr/bin/cmake --install /home/monith/test_rover/build/waypoint_navigation
