[0.479s] Invoking command in '/home/monith/test_rover/build/rover_control': PYTHONPATH=/home/monith/test_rover/build/rover_control/prefix_override:/usr/lib/python3/dist-packages/colcon_core/task/python/colcon_distutils_commands:/home/monith/test_rover/install/rover_control/lib/python3.10/site-packages:${PYTHONPATH} /usr/bin/python3 -W ignore:setup.py install is deprecated -W ignore:easy_install command is deprecated setup.py develop --editable --build-directory /home/monith/test_rover/build/rover_control/build --no-deps symlink_data
[0.680s] running develop
[0.813s] running egg_info
[0.813s] creating rover_control.egg-info
[0.813s] writing rover_control.egg-info/PKG-INFO
[0.814s] writing dependency_links to rover_control.egg-info/dependency_links.txt
[0.814s] writing entry points to rover_control.egg-info/entry_points.txt
[0.814s] writing requirements to rover_control.egg-info/requires.txt
[0.814s] writing top-level names to rover_control.egg-info/top_level.txt
[0.814s] writing manifest file 'rover_control.egg-info/SOURCES.txt'
[0.815s] reading manifest file 'rover_control.egg-info/SOURCES.txt'
[0.816s] writing manifest file 'rover_control.egg-info/SOURCES.txt'
[0.817s] running build_ext
[0.817s] Creating /home/monith/test_rover/install/rover_control/lib/python3.10/site-packages/rover-control.egg-link (link to .)
[0.817s] Installing nav_node_based_on_ddc_odom script to /home/monith/test_rover/install/rover_control/lib/rover_control
[0.818s] Installing pwm_to_odom script to /home/monith/test_rover/install/rover_control/lib/rover_control
[0.818s] Installing sim_nav_node script to /home/monith/test_rover/install/rover_control/lib/rover_control
[0.818s] Installing teleop_to_pwm script to /home/monith/test_rover/install/rover_control/lib/rover_control
[0.818s] Installing waypoint_client script to /home/monith/test_rover/install/rover_control/lib/rover_control
[0.821s] Installing waypoint_server script to /home/monith/test_rover/install/rover_control/lib/rover_control
[0.822s] 
[0.822s] Installed /home/monith/test_rover/build/rover_control
[0.822s] running symlink_data
[0.822s] creating /home/monith/test_rover/install/rover_control/share/ament_index
[0.822s] creating /home/monith/test_rover/install/rover_control/share/ament_index/resource_index
[0.822s] creating /home/monith/test_rover/install/rover_control/share/ament_index/resource_index/packages
[0.822s] symbolically linking /home/monith/test_rover/build/rover_control/resource/rover_control -> /home/monith/test_rover/install/rover_control/share/ament_index/resource_index/packages
[0.822s] symbolically linking /home/monith/test_rover/build/rover_control/package.xml -> /home/monith/test_rover/install/rover_control/share/rover_control
[0.822s] creating /home/monith/test_rover/install/rover_control/share/rover_control/launch
[0.822s] symbolically linking /home/monith/test_rover/build/rover_control/launch/arenasim.launch.xml -> /home/monith/test_rover/install/rover_control/share/rover_control/launch
[0.822s] symbolically linking /home/monith/test_rover/build/rover_control/launch/robotsim.launch.xml -> /home/monith/test_rover/install/rover_control/share/rover_control/launch
[0.822s] symbolically linking /home/monith/test_rover/build/rover_control/launch/roversim.launch.xml -> /home/monith/test_rover/install/rover_control/share/rover_control/launch
[0.822s] creating /home/monith/test_rover/install/rover_control/share/rover_control/urdf
[0.822s] symbolically linking /home/monith/test_rover/build/rover_control/urdf/robot.ros2_control.xacro -> /home/monith/test_rover/install/rover_control/share/rover_control/urdf
[0.822s] symbolically linking /home/monith/test_rover/build/rover_control/urdf/rover.urdf.xacro -> /home/monith/test_rover/install/rover_control/share/rover_control/urdf
[0.822s] symbolically linking /home/monith/test_rover/build/rover_control/urdf/robot.urdf.xacro -> /home/monith/test_rover/install/rover_control/share/rover_control/urdf
[0.822s] symbolically linking /home/monith/test_rover/build/rover_control/urdf/robot_core_lr.xacro -> /home/monith/test_rover/install/rover_control/share/rover_control/urdf
[0.822s] symbolically linking /home/monith/test_rover/build/rover_control/urdf/rover.ros2_control.xacro -> /home/monith/test_rover/install/rover_control/share/rover_control/urdf
[0.822s] symbolically linking /home/monith/test_rover/build/rover_control/urdf/rover_base.xacro -> /home/monith/test_rover/install/rover_control/share/rover_control/urdf
[0.822s] creating /home/monith/test_rover/install/rover_control/share/rover_control/worlds
[0.822s] symbolically linking /home/monith/test_rover/build/rover_control/worlds/shaastra_arena.world -> /home/monith/test_rover/install/rover_control/share/rover_control/worlds
[0.823s] creating /home/monith/test_rover/install/rover_control/share/rover_control/config
[0.823s] symbolically linking /home/monith/test_rover/build/rover_control/config/controllers.yaml -> /home/monith/test_rover/install/rover_control/share/rover_control/config
[0.823s] symbolically linking /home/monith/test_rover/build/rover_control/config/robot_controller.yaml -> /home/monith/test_rover/install/rover_control/share/rover_control/config
[0.823s] symbolically linking /home/monith/test_rover/build/rover_control/config/controllert.yaml -> /home/monith/test_rover/install/rover_control/share/rover_control/config
[0.823s] creating /home/monith/test_rover/install/rover_control/share/rover_control/rviz
[0.823s] symbolically linking /home/monith/test_rover/build/rover_control/rviz/odom_check_.rviz -> /home/monith/test_rover/install/rover_control/share/rover_control/rviz
[0.823s] symbolically linking /home/monith/test_rover/build/rover_control/rviz/rover_config_.rviz -> /home/monith/test_rover/install/rover_control/share/rover_control/rviz
[0.842s] Invoked command in '/home/monith/test_rover/build/rover_control' returned '0': PYTHONPATH=/home/monith/test_rover/build/rover_control/prefix_override:/usr/lib/python3/dist-packages/colcon_core/task/python/colcon_distutils_commands:/home/monith/test_rover/install/rover_control/lib/python3.10/site-packages:${PYTHONPATH} /usr/bin/python3 -W ignore:setup.py install is deprecated -W ignore:easy_install command is deprecated setup.py develop --editable --build-directory /home/monith/test_rover/build/rover_control/build --no-deps symlink_data
