[0.330s] DEBUG:colcon:Command line arguments: ['/usr/bin/colcon', 'build', '--symlink-install']
[0.330s] DEBUG:colcon:Parsed command line arguments: Namespace(log_base=None, log_level=None, verb_name='build', build_base='build', install_base='install', merge_install=False, symlink_install=True, test_result_base=None, continue_on_error=False, executor='parallel', parallel_workers=8, event_handlers=None, ignore_user_meta=False, metas=['./colcon.meta'], base_paths=['.'], packages_ignore=None, packages_ignore_regex=None, paths=None, packages_up_to=None, packages_up_to_regex=None, packages_above=None, packages_above_and_dependencies=None, packages_above_depth=None, packages_select_by_dep=None, packages_skip_by_dep=None, packages_skip_up_to=None, packages_select_build_failed=False, packages_skip_build_finished=False, packages_select_test_failures=False, packages_skip_test_passed=False, packages_select=None, packages_skip=None, packages_select_regex=None, packages_skip_regex=None, packages_start=None, packages_end=None, allow_overriding=[], cmake_args=None, cmake_target=None, cmake_target_skip_unavailable=False, cmake_clean_cache=False, cmake_clean_first=False, cmake_force_configure=False, ament_cmake_args=None, catkin_cmake_args=None, catkin_skip_building_tests=False, verb_parser=<colcon_defaults.argument_parser.defaults.DefaultArgumentsDecorator object at 0x7a4162968460>, verb_extension=<colcon_core.verb.build.BuildVerb object at 0x7a4162a85810>, main=<bound method BuildVerb.main of <colcon_core.verb.build.BuildVerb object at 0x7a4162a85810>>)
[0.599s] Level 1:colcon.colcon_core.package_discovery:discover_packages(colcon_meta) check parameters
[0.599s] Level 1:colcon.colcon_core.package_discovery:discover_packages(recursive) check parameters
[0.599s] Level 1:colcon.colcon_core.package_discovery:discover_packages(ignore) check parameters
[0.599s] Level 1:colcon.colcon_core.package_discovery:discover_packages(path) check parameters
[0.600s] Level 1:colcon.colcon_core.package_discovery:discover_packages(colcon_meta) discover
[0.600s] Level 1:colcon.colcon_core.package_discovery:discover_packages(recursive) discover
[0.600s] INFO:colcon.colcon_core.package_discovery:Crawling recursively for packages in '/home/monith/test_rover'
[0.600s] Level 1:colcon.colcon_core.package_identification:_identify(.) by extensions ['ignore', 'ignore_ament_install']
[0.600s] Level 1:colcon.colcon_core.package_identification:_identify(.) by extension 'ignore'
[0.600s] Level 1:colcon.colcon_core.package_identification:_identify(.) by extension 'ignore_ament_install'
[0.600s] Level 1:colcon.colcon_core.package_identification:_identify(.) by extensions ['colcon_pkg']
[0.600s] Level 1:colcon.colcon_core.package_identification:_identify(.) by extension 'colcon_pkg'
[0.600s] Level 1:colcon.colcon_core.package_identification:_identify(.) by extensions ['colcon_meta']
[0.600s] Level 1:colcon.colcon_core.package_identification:_identify(.) by extension 'colcon_meta'
[0.600s] Level 1:colcon.colcon_core.package_identification:_identify(.) by extensions ['ros']
[0.600s] Level 1:colcon.colcon_core.package_identification:_identify(.) by extension 'ros'
[0.617s] Level 1:colcon.colcon_core.package_identification:_identify(.) by extensions ['cmake', 'python']
[0.618s] Level 1:colcon.colcon_core.package_identification:_identify(.) by extension 'cmake'
[0.618s] Level 1:colcon.colcon_core.package_identification:_identify(.) by extension 'python'
[0.618s] Level 1:colcon.colcon_core.package_identification:_identify(.) by extensions ['python_setup_py']
[0.618s] Level 1:colcon.colcon_core.package_identification:_identify(.) by extension 'python_setup_py'
[0.618s] Level 1:colcon.colcon_core.package_identification:_identify(build) by extensions ['ignore', 'ignore_ament_install']
[0.618s] Level 1:colcon.colcon_core.package_identification:_identify(build) by extension 'ignore'
[0.618s] Level 1:colcon.colcon_core.package_identification:_identify(build) ignored
[0.618s] Level 1:colcon.colcon_core.package_identification:_identify(install) by extensions ['ignore', 'ignore_ament_install']
[0.618s] Level 1:colcon.colcon_core.package_identification:_identify(install) by extension 'ignore'
[0.618s] Level 1:colcon.colcon_core.package_identification:_identify(install) ignored
[0.619s] Level 1:colcon.colcon_core.package_identification:_identify(log) by extensions ['ignore', 'ignore_ament_install']
[0.619s] Level 1:colcon.colcon_core.package_identification:_identify(log) by extension 'ignore'
[0.619s] Level 1:colcon.colcon_core.package_identification:_identify(log) ignored
[0.619s] Level 1:colcon.colcon_core.package_identification:_identify(src) by extensions ['ignore', 'ignore_ament_install']
[0.619s] Level 1:colcon.colcon_core.package_identification:_identify(src) by extension 'ignore'
[0.619s] Level 1:colcon.colcon_core.package_identification:_identify(src) by extension 'ignore_ament_install'
[0.619s] Level 1:colcon.colcon_core.package_identification:_identify(src) by extensions ['colcon_pkg']
[0.619s] Level 1:colcon.colcon_core.package_identification:_identify(src) by extension 'colcon_pkg'
[0.619s] Level 1:colcon.colcon_core.package_identification:_identify(src) by extensions ['colcon_meta']
[0.619s] Level 1:colcon.colcon_core.package_identification:_identify(src) by extension 'colcon_meta'
[0.619s] Level 1:colcon.colcon_core.package_identification:_identify(src) by extensions ['ros']
[0.619s] Level 1:colcon.colcon_core.package_identification:_identify(src) by extension 'ros'
[0.619s] Level 1:colcon.colcon_core.package_identification:_identify(src) by extensions ['cmake', 'python']
[0.619s] Level 1:colcon.colcon_core.package_identification:_identify(src) by extension 'cmake'
[0.620s] Level 1:colcon.colcon_core.package_identification:_identify(src) by extension 'python'
[0.620s] Level 1:colcon.colcon_core.package_identification:_identify(src) by extensions ['python_setup_py']
[0.620s] Level 1:colcon.colcon_core.package_identification:_identify(src) by extension 'python_setup_py'
[0.620s] Level 1:colcon.colcon_core.package_identification:_identify(src/rover_control) by extensions ['ignore', 'ignore_ament_install']
[0.620s] Level 1:colcon.colcon_core.package_identification:_identify(src/rover_control) by extension 'ignore'
[0.620s] Level 1:colcon.colcon_core.package_identification:_identify(src/rover_control) by extension 'ignore_ament_install'
[0.620s] Level 1:colcon.colcon_core.package_identification:_identify(src/rover_control) by extensions ['colcon_pkg']
[0.620s] Level 1:colcon.colcon_core.package_identification:_identify(src/rover_control) by extension 'colcon_pkg'
[0.620s] Level 1:colcon.colcon_core.package_identification:_identify(src/rover_control) by extensions ['colcon_meta']
[0.620s] Level 1:colcon.colcon_core.package_identification:_identify(src/rover_control) by extension 'colcon_meta'
[0.620s] Level 1:colcon.colcon_core.package_identification:_identify(src/rover_control) by extensions ['ros']
[0.620s] Level 1:colcon.colcon_core.package_identification:_identify(src/rover_control) by extension 'ros'
[0.625s] DEBUG:colcon.colcon_core.package_identification:Package 'src/rover_control' with type 'ros.ament_python' and name 'rover_control'
[0.625s] Level 1:colcon.colcon_core.package_identification:_identify(src/waypoint_navigation) by extensions ['ignore', 'ignore_ament_install']
[0.625s] Level 1:colcon.colcon_core.package_identification:_identify(src/waypoint_navigation) by extension 'ignore'
[0.625s] Level 1:colcon.colcon_core.package_identification:_identify(src/waypoint_navigation) by extension 'ignore_ament_install'
[0.626s] Level 1:colcon.colcon_core.package_identification:_identify(src/waypoint_navigation) by extensions ['colcon_pkg']
[0.626s] Level 1:colcon.colcon_core.package_identification:_identify(src/waypoint_navigation) by extension 'colcon_pkg'
[0.626s] Level 1:colcon.colcon_core.package_identification:_identify(src/waypoint_navigation) by extensions ['colcon_meta']
[0.626s] Level 1:colcon.colcon_core.package_identification:_identify(src/waypoint_navigation) by extension 'colcon_meta'
[0.626s] Level 1:colcon.colcon_core.package_identification:_identify(src/waypoint_navigation) by extensions ['ros']
[0.626s] Level 1:colcon.colcon_core.package_identification:_identify(src/waypoint_navigation) by extension 'ros'
[0.627s] DEBUG:colcon.colcon_core.package_identification:Package 'src/waypoint_navigation' with type 'ros.ament_cmake' and name 'waypoint_navigation'
[0.627s] Level 1:colcon.colcon_core.package_discovery:discover_packages(recursive) using defaults
[0.627s] Level 1:colcon.colcon_core.package_discovery:discover_packages(ignore) discover
[0.627s] Level 1:colcon.colcon_core.package_discovery:discover_packages(ignore) using defaults
[0.627s] Level 1:colcon.colcon_core.package_discovery:discover_packages(path) discover
[0.627s] Level 1:colcon.colcon_core.package_discovery:discover_packages(path) using defaults
[0.670s] Level 1:colcon.colcon_core.package_discovery:discover_packages(prefix_path) check parameters
[0.670s] Level 1:colcon.colcon_core.package_discovery:discover_packages(prefix_path) discover
[0.674s] DEBUG:colcon.colcon_installed_package_information.package_discovery:Found 2 installed packages in /home/monith/test_rover/install
[0.677s] DEBUG:colcon.colcon_installed_package_information.package_discovery:Found 324 installed packages in /opt/ros/humble
[0.709s] Level 1:colcon.colcon_core.package_discovery:discover_packages(prefix_path) using defaults
[0.789s] Level 5:colcon.colcon_core.verb:set package 'rover_control' build argument 'cmake_args' from command line to 'None'
[0.789s] Level 5:colcon.colcon_core.verb:set package 'rover_control' build argument 'cmake_target' from command line to 'None'
[0.789s] Level 5:colcon.colcon_core.verb:set package 'rover_control' build argument 'cmake_target_skip_unavailable' from command line to 'False'
[0.789s] Level 5:colcon.colcon_core.verb:set package 'rover_control' build argument 'cmake_clean_cache' from command line to 'False'
[0.789s] Level 5:colcon.colcon_core.verb:set package 'rover_control' build argument 'cmake_clean_first' from command line to 'False'
[0.789s] Level 5:colcon.colcon_core.verb:set package 'rover_control' build argument 'cmake_force_configure' from command line to 'False'
[0.789s] Level 5:colcon.colcon_core.verb:set package 'rover_control' build argument 'ament_cmake_args' from command line to 'None'
[0.789s] Level 5:colcon.colcon_core.verb:set package 'rover_control' build argument 'catkin_cmake_args' from command line to 'None'
[0.789s] Level 5:colcon.colcon_core.verb:set package 'rover_control' build argument 'catkin_skip_building_tests' from command line to 'False'
[0.789s] DEBUG:colcon.colcon_core.verb:Building package 'rover_control' with the following arguments: {'ament_cmake_args': None, 'build_base': '/home/monith/test_rover/build/rover_control', 'catkin_cmake_args': None, 'catkin_skip_building_tests': False, 'cmake_args': None, 'cmake_clean_cache': False, 'cmake_clean_first': False, 'cmake_force_configure': False, 'cmake_target': None, 'cmake_target_skip_unavailable': False, 'install_base': '/home/monith/test_rover/install/rover_control', 'merge_install': False, 'path': '/home/monith/test_rover/src/rover_control', 'symlink_install': True, 'test_result_base': None}
[0.790s] Level 5:colcon.colcon_core.verb:set package 'waypoint_navigation' build argument 'cmake_args' from command line to 'None'
[0.790s] Level 5:colcon.colcon_core.verb:set package 'waypoint_navigation' build argument 'cmake_target' from command line to 'None'
[0.790s] Level 5:colcon.colcon_core.verb:set package 'waypoint_navigation' build argument 'cmake_target_skip_unavailable' from command line to 'False'
[0.790s] Level 5:colcon.colcon_core.verb:set package 'waypoint_navigation' build argument 'cmake_clean_cache' from command line to 'False'
[0.790s] Level 5:colcon.colcon_core.verb:set package 'waypoint_navigation' build argument 'cmake_clean_first' from command line to 'False'
[0.790s] Level 5:colcon.colcon_core.verb:set package 'waypoint_navigation' build argument 'cmake_force_configure' from command line to 'False'
[0.790s] Level 5:colcon.colcon_core.verb:set package 'waypoint_navigation' build argument 'ament_cmake_args' from command line to 'None'
[0.790s] Level 5:colcon.colcon_core.verb:set package 'waypoint_navigation' build argument 'catkin_cmake_args' from command line to 'None'
[0.790s] Level 5:colcon.colcon_core.verb:set package 'waypoint_navigation' build argument 'catkin_skip_building_tests' from command line to 'False'
[0.790s] DEBUG:colcon.colcon_core.verb:Building package 'waypoint_navigation' with the following arguments: {'ament_cmake_args': None, 'build_base': '/home/monith/test_rover/build/waypoint_navigation', 'catkin_cmake_args': None, 'catkin_skip_building_tests': False, 'cmake_args': None, 'cmake_clean_cache': False, 'cmake_clean_first': False, 'cmake_force_configure': False, 'cmake_target': None, 'cmake_target_skip_unavailable': False, 'install_base': '/home/monith/test_rover/install/waypoint_navigation', 'merge_install': False, 'path': '/home/monith/test_rover/src/waypoint_navigation', 'symlink_install': True, 'test_result_base': None}
[0.790s] INFO:colcon.colcon_core.executor:Executing jobs using 'parallel' executor
[0.791s] DEBUG:colcon.colcon_parallel_executor.executor.parallel:run_until_complete
[0.792s] INFO:colcon.colcon_ros.task.ament_python.build:Building ROS package in '/home/monith/test_rover/src/rover_control' with build type 'ament_python'
[0.792s] Level 1:colcon.colcon_core.shell:create_environment_hook('rover_control', 'ament_prefix_path')
[0.797s] INFO:colcon.colcon_core.plugin_system:Skipping extension 'colcon_core.shell.bat': Not used on non-Windows systems
[0.797s] INFO:colcon.colcon_core.shell:Creating environment hook '/home/monith/test_rover/install/rover_control/share/rover_control/hook/ament_prefix_path.ps1'
[0.800s] INFO:colcon.colcon_core.shell:Creating environment descriptor '/home/monith/test_rover/install/rover_control/share/rover_control/hook/ament_prefix_path.dsv'
[0.801s] INFO:colcon.colcon_core.shell:Creating environment hook '/home/monith/test_rover/install/rover_control/share/rover_control/hook/ament_prefix_path.sh'
[0.803s] INFO:colcon.colcon_core.shell:Skip shell extension 'powershell' for command environment: Not usable outside of PowerShell
[0.803s] DEBUG:colcon.colcon_core.shell:Skip shell extension 'dsv' for command environment
[0.809s] INFO:colcon.colcon_ros.task.ament_cmake.build:Building ROS package in '/home/monith/test_rover/src/waypoint_navigation' with build type 'ament_cmake'
[0.809s] INFO:colcon.colcon_cmake.task.cmake.build:Building CMake package in '/home/monith/test_rover/src/waypoint_navigation'
[0.810s] INFO:colcon.colcon_core.shell:Skip shell extension 'powershell' for command environment: Not usable outside of PowerShell
[0.810s] DEBUG:colcon.colcon_core.shell:Skip shell extension 'dsv' for command environment
[1.187s] INFO:colcon.colcon_core.task.python.build:Building Python package in '/home/monith/test_rover/src/rover_control'
[1.188s] INFO:colcon.colcon_core.shell:Skip shell extension 'powershell' for command environment: Not usable outside of PowerShell
[1.188s] DEBUG:colcon.colcon_core.shell:Skip shell extension 'dsv' for command environment
[1.196s] DEBUG:colcon.colcon_core.event_handler.log_command:Invoking command in '/home/monith/test_rover/build/waypoint_navigation': CMAKE_PREFIX_PATH=${CMAKE_PREFIX_PATH}:/home/monith/test_rover/install/rover_control:/opt/ros/humble /usr/bin/cmake --build /home/monith/test_rover/build/waypoint_navigation -- -j8 -l8
[1.915s] DEBUG:colcon.colcon_core.event_handler.log_command:Invoking command in '/home/monith/test_rover/build/rover_control': PYTHONPATH=/home/monith/test_rover/build/rover_control/prefix_override:/usr/lib/python3/dist-packages/colcon_core/task/python/colcon_distutils_commands:/home/monith/test_rover/install/rover_control/lib/python3.10/site-packages:${PYTHONPATH} /usr/bin/python3 -W ignore:setup.py install is deprecated -W ignore:easy_install command is deprecated setup.py develop --editable --build-directory /home/monith/test_rover/build/rover_control/build --no-deps symlink_data
[2.579s] Level 1:colcon.colcon_core.shell:create_environment_hook('rover_control', 'pythonpath_develop')
[2.580s] INFO:colcon.colcon_core.shell:Creating environment hook '/home/monith/test_rover/build/rover_control/share/rover_control/hook/pythonpath_develop.ps1'
[2.580s] DEBUG:colcon.colcon_core.event_handler.log_command:Invoked command in '/home/monith/test_rover/build/rover_control' returned '0': PYTHONPATH=/home/monith/test_rover/build/rover_control/prefix_override:/usr/lib/python3/dist-packages/colcon_core/task/python/colcon_distutils_commands:/home/monith/test_rover/install/rover_control/lib/python3.10/site-packages:${PYTHONPATH} /usr/bin/python3 -W ignore:setup.py install is deprecated -W ignore:easy_install command is deprecated setup.py develop --editable --build-directory /home/monith/test_rover/build/rover_control/build --no-deps symlink_data
[2.581s] INFO:colcon.colcon_core.shell:Creating environment descriptor '/home/monith/test_rover/build/rover_control/share/rover_control/hook/pythonpath_develop.dsv'
[2.582s] INFO:colcon.colcon_core.shell:Creating environment hook '/home/monith/test_rover/build/rover_control/share/rover_control/hook/pythonpath_develop.sh'
[2.591s] Level 1:colcon.colcon_core.environment:checking '/home/monith/test_rover/install/rover_control' for CMake module files
[2.592s] Level 1:colcon.colcon_core.environment:checking '/home/monith/test_rover/install/rover_control' for CMake config files
[2.594s] Level 1:colcon.colcon_core.environment:checking '/home/monith/test_rover/install/rover_control/lib'
[2.594s] Level 1:colcon.colcon_core.environment:checking '/home/monith/test_rover/install/rover_control/bin'
[2.595s] Level 1:colcon.colcon_core.environment:checking '/home/monith/test_rover/install/rover_control/lib/pkgconfig/rover_control.pc'
[2.595s] Level 1:colcon.colcon_core.environment:checking '/home/monith/test_rover/install/rover_control/lib/python3.10/site-packages'
[2.595s] Level 1:colcon.colcon_core.shell:create_environment_hook('rover_control', 'pythonpath')
[2.596s] INFO:colcon.colcon_core.shell:Creating environment hook '/home/monith/test_rover/install/rover_control/share/rover_control/hook/pythonpath.ps1'
[2.597s] INFO:colcon.colcon_core.shell:Creating environment descriptor '/home/monith/test_rover/install/rover_control/share/rover_control/hook/pythonpath.dsv'
[2.597s] INFO:colcon.colcon_core.shell:Creating environment hook '/home/monith/test_rover/install/rover_control/share/rover_control/hook/pythonpath.sh'
[2.598s] Level 1:colcon.colcon_core.environment:checking '/home/monith/test_rover/install/rover_control/bin'
[2.599s] Level 1:colcon.colcon_core.environment:create_environment_scripts_only(rover_control)
[2.599s] INFO:colcon.colcon_core.shell:Creating package script '/home/monith/test_rover/install/rover_control/share/rover_control/package.ps1'
[2.601s] INFO:colcon.colcon_core.shell:Creating package descriptor '/home/monith/test_rover/install/rover_control/share/rover_control/package.dsv'
[2.602s] INFO:colcon.colcon_core.shell:Creating package script '/home/monith/test_rover/install/rover_control/share/rover_control/package.sh'
[2.604s] INFO:colcon.colcon_core.shell:Creating package script '/home/monith/test_rover/install/rover_control/share/rover_control/package.bash'
[2.605s] INFO:colcon.colcon_core.shell:Creating package script '/home/monith/test_rover/install/rover_control/share/rover_control/package.zsh'
[2.607s] Level 1:colcon.colcon_core.environment:create_file_with_runtime_dependencies(/home/monith/test_rover/install/rover_control/share/colcon-core/packages/rover_control)
[4.538s] DEBUG:colcon.colcon_core.event_handler.log_command:Invoked command in '/home/monith/test_rover/build/waypoint_navigation' returned '0': CMAKE_PREFIX_PATH=${CMAKE_PREFIX_PATH}:/home/monith/test_rover/install/rover_control:/opt/ros/humble /usr/bin/cmake --build /home/monith/test_rover/build/waypoint_navigation -- -j8 -l8
[4.556s] DEBUG:colcon.colcon_core.event_handler.log_command:Invoking command in '/home/monith/test_rover/build/waypoint_navigation': CMAKE_PREFIX_PATH=${CMAKE_PREFIX_PATH}:/home/monith/test_rover/install/rover_control:/opt/ros/humble /usr/bin/cmake --install /home/monith/test_rover/build/waypoint_navigation
[4.765s] Level 1:colcon.colcon_core.environment:create_environment_scripts_only(waypoint_navigation)
[4.766s] Level 1:colcon.colcon_core.environment:checking '/home/monith/test_rover/install/waypoint_navigation' for CMake module files
[4.766s] DEBUG:colcon.colcon_core.event_handler.log_command:Invoked command in '/home/monith/test_rover/build/waypoint_navigation' returned '0': CMAKE_PREFIX_PATH=${CMAKE_PREFIX_PATH}:/home/monith/test_rover/install/rover_control:/opt/ros/humble /usr/bin/cmake --install /home/monith/test_rover/build/waypoint_navigation
[4.767s] Level 1:colcon.colcon_core.environment:checking '/home/monith/test_rover/install/waypoint_navigation' for CMake config files
[4.769s] Level 1:colcon.colcon_core.shell:create_environment_hook('waypoint_navigation', 'cmake_prefix_path')
[4.770s] INFO:colcon.colcon_core.shell:Creating environment hook '/home/monith/test_rover/install/waypoint_navigation/share/waypoint_navigation/hook/cmake_prefix_path.ps1'
[4.773s] INFO:colcon.colcon_core.shell:Creating environment descriptor '/home/monith/test_rover/install/waypoint_navigation/share/waypoint_navigation/hook/cmake_prefix_path.dsv'
[4.775s] INFO:colcon.colcon_core.shell:Creating environment hook '/home/monith/test_rover/install/waypoint_navigation/share/waypoint_navigation/hook/cmake_prefix_path.sh'
[4.776s] Level 1:colcon.colcon_core.environment:checking '/home/monith/test_rover/install/waypoint_navigation/lib'
[4.776s] Level 1:colcon.colcon_core.shell:create_environment_hook('waypoint_navigation', 'ld_library_path_lib')
[4.777s] INFO:colcon.colcon_core.shell:Creating environment hook '/home/monith/test_rover/install/waypoint_navigation/share/waypoint_navigation/hook/ld_library_path_lib.ps1'
[4.779s] INFO:colcon.colcon_core.shell:Creating environment descriptor '/home/monith/test_rover/install/waypoint_navigation/share/waypoint_navigation/hook/ld_library_path_lib.dsv'
[4.779s] INFO:colcon.colcon_core.shell:Creating environment hook '/home/monith/test_rover/install/waypoint_navigation/share/waypoint_navigation/hook/ld_library_path_lib.sh'
[4.780s] Level 1:colcon.colcon_core.environment:checking '/home/monith/test_rover/install/waypoint_navigation/bin'
[4.780s] Level 1:colcon.colcon_core.environment:checking '/home/monith/test_rover/install/waypoint_navigation/lib/pkgconfig/waypoint_navigation.pc'
[4.780s] Level 1:colcon.colcon_core.environment:checking '/home/monith/test_rover/install/waypoint_navigation/lib/python3.10/site-packages'
[4.781s] Level 1:colcon.colcon_core.environment:checking '/home/monith/test_rover/install/waypoint_navigation/bin'
[4.781s] INFO:colcon.colcon_core.shell:Creating package script '/home/monith/test_rover/install/waypoint_navigation/share/waypoint_navigation/package.ps1'
[4.782s] INFO:colcon.colcon_core.shell:Creating package descriptor '/home/monith/test_rover/install/waypoint_navigation/share/waypoint_navigation/package.dsv'
[4.783s] INFO:colcon.colcon_core.shell:Creating package script '/home/monith/test_rover/install/waypoint_navigation/share/waypoint_navigation/package.sh'
[4.783s] INFO:colcon.colcon_core.shell:Creating package script '/home/monith/test_rover/install/waypoint_navigation/share/waypoint_navigation/package.bash'
[4.785s] INFO:colcon.colcon_core.shell:Creating package script '/home/monith/test_rover/install/waypoint_navigation/share/waypoint_navigation/package.zsh'
[4.786s] Level 1:colcon.colcon_core.environment:create_file_with_runtime_dependencies(/home/monith/test_rover/install/waypoint_navigation/share/colcon-core/packages/waypoint_navigation)
[4.787s] Level 1:colcon.colcon_core.environment:create_environment_scripts_only(waypoint_navigation)
[4.787s] Level 1:colcon.colcon_core.environment:checking '/home/monith/test_rover/install/waypoint_navigation' for CMake module files
[4.788s] Level 1:colcon.colcon_core.environment:checking '/home/monith/test_rover/install/waypoint_navigation' for CMake config files
[4.790s] Level 1:colcon.colcon_core.shell:create_environment_hook('waypoint_navigation', 'cmake_prefix_path')
[4.790s] INFO:colcon.colcon_core.shell:Creating environment hook '/home/monith/test_rover/install/waypoint_navigation/share/waypoint_navigation/hook/cmake_prefix_path.ps1'
[4.791s] INFO:colcon.colcon_core.shell:Creating environment descriptor '/home/monith/test_rover/install/waypoint_navigation/share/waypoint_navigation/hook/cmake_prefix_path.dsv'
[4.791s] INFO:colcon.colcon_core.shell:Creating environment hook '/home/monith/test_rover/install/waypoint_navigation/share/waypoint_navigation/hook/cmake_prefix_path.sh'
[4.792s] Level 1:colcon.colcon_core.environment:checking '/home/monith/test_rover/install/waypoint_navigation/lib'
[4.792s] Level 1:colcon.colcon_core.shell:create_environment_hook('waypoint_navigation', 'ld_library_path_lib')
[4.792s] INFO:colcon.colcon_core.shell:Creating environment hook '/home/monith/test_rover/install/waypoint_navigation/share/waypoint_navigation/hook/ld_library_path_lib.ps1'
[4.793s] INFO:colcon.colcon_core.shell:Creating environment descriptor '/home/monith/test_rover/install/waypoint_navigation/share/waypoint_navigation/hook/ld_library_path_lib.dsv'
[4.794s] INFO:colcon.colcon_core.shell:Creating environment hook '/home/monith/test_rover/install/waypoint_navigation/share/waypoint_navigation/hook/ld_library_path_lib.sh'
[4.795s] Level 1:colcon.colcon_core.environment:checking '/home/monith/test_rover/install/waypoint_navigation/bin'
[4.795s] Level 1:colcon.colcon_core.environment:checking '/home/monith/test_rover/install/waypoint_navigation/lib/pkgconfig/waypoint_navigation.pc'
[4.795s] Level 1:colcon.colcon_core.environment:checking '/home/monith/test_rover/install/waypoint_navigation/lib/python3.10/site-packages'
[4.796s] Level 1:colcon.colcon_core.environment:checking '/home/monith/test_rover/install/waypoint_navigation/bin'
[4.796s] INFO:colcon.colcon_core.shell:Creating package script '/home/monith/test_rover/install/waypoint_navigation/share/waypoint_navigation/package.ps1'
[4.797s] INFO:colcon.colcon_core.shell:Creating package descriptor '/home/monith/test_rover/install/waypoint_navigation/share/waypoint_navigation/package.dsv'
[4.797s] INFO:colcon.colcon_core.shell:Creating package script '/home/monith/test_rover/install/waypoint_navigation/share/waypoint_navigation/package.sh'
[4.798s] INFO:colcon.colcon_core.shell:Creating package script '/home/monith/test_rover/install/waypoint_navigation/share/waypoint_navigation/package.bash'
[4.798s] INFO:colcon.colcon_core.shell:Creating package script '/home/monith/test_rover/install/waypoint_navigation/share/waypoint_navigation/package.zsh'
[4.799s] Level 1:colcon.colcon_core.environment:create_file_with_runtime_dependencies(/home/monith/test_rover/install/waypoint_navigation/share/colcon-core/packages/waypoint_navigation)
[4.799s] DEBUG:colcon.colcon_parallel_executor.executor.parallel:closing loop
[4.799s] DEBUG:colcon.colcon_parallel_executor.executor.parallel:loop closed
[4.799s] DEBUG:colcon.colcon_parallel_executor.executor.parallel:run_until_complete finished with '0'
[4.799s] DEBUG:colcon.colcon_core.event_reactor:joining thread
[4.815s] INFO:colcon.colcon_core.plugin_system:Skipping extension 'colcon_notification.desktop_notification.terminal_notifier': Not used on non-Darwin systems
[4.816s] INFO:colcon.colcon_core.plugin_system:Skipping extension 'colcon_notification.desktop_notification.win32': Not used on non-Windows systems
[4.816s] INFO:colcon.colcon_notification.desktop_notification:Sending desktop notification using 'notify2'
[4.846s] DEBUG:colcon.colcon_core.event_reactor:joined thread
[4.846s] INFO:colcon.colcon_core.shell:Creating prefix script '/home/monith/test_rover/install/local_setup.ps1'
[4.848s] INFO:colcon.colcon_core.shell:Creating prefix util module '/home/monith/test_rover/install/_local_setup_util_ps1.py'
[4.850s] INFO:colcon.colcon_core.shell:Creating prefix chain script '/home/monith/test_rover/install/setup.ps1'
[4.852s] INFO:colcon.colcon_core.shell:Creating prefix script '/home/monith/test_rover/install/local_setup.sh'
[4.854s] INFO:colcon.colcon_core.shell:Creating prefix util module '/home/monith/test_rover/install/_local_setup_util_sh.py'
[4.855s] INFO:colcon.colcon_core.shell:Creating prefix chain script '/home/monith/test_rover/install/setup.sh'
[4.858s] INFO:colcon.colcon_core.shell:Creating prefix script '/home/monith/test_rover/install/local_setup.bash'
[4.859s] INFO:colcon.colcon_core.shell:Creating prefix chain script '/home/monith/test_rover/install/setup.bash'
[4.861s] INFO:colcon.colcon_core.shell:Creating prefix script '/home/monith/test_rover/install/local_setup.zsh'
[4.862s] INFO:colcon.colcon_core.shell:Creating prefix chain script '/home/monith/test_rover/install/setup.zsh'
