[0.480s] Invoking command in '/home/monith/test_rover/src/rover_control': PYTHONPATH=/home/monith/test_rover/build/rover_control/prefix_override:/usr/lib/python3/dist-packages/colcon_core/task/python/colcon_distutils_commands:/home/monith/test_rover/install/rover_control/lib/python3.10/site-packages:${PYTHONPATH} /usr/bin/python3 -W ignore:setup.py install is deprecated -W ignore:easy_install command is deprecated setup.py egg_info --egg-base ../../build/rover_control build --build-base /home/monith/test_rover/build/rover_control/build install --record /home/monith/test_rover/build/rover_control/install.log --single-version-externally-managed install_data
[0.668s] running egg_info
[0.668s] writing ../../build/rover_control/rover_control.egg-info/PKG-INFO
[0.668s] writing dependency_links to ../../build/rover_control/rover_control.egg-info/dependency_links.txt
[0.668s] writing entry points to ../../build/rover_control/rover_control.egg-info/entry_points.txt
[0.669s] writing requirements to ../../build/rover_control/rover_control.egg-info/requires.txt
[0.669s] writing top-level names to ../../build/rover_control/rover_control.egg-info/top_level.txt
[0.670s] reading manifest file '../../build/rover_control/rover_control.egg-info/SOURCES.txt'
[0.670s] writing manifest file '../../build/rover_control/rover_control.egg-info/SOURCES.txt'
[0.670s] running build
[0.671s] running build_py
[0.671s] running install
[0.671s] running install_lib
[0.672s] running install_data
[0.672s] copying urdf/rover_base.xacro -> /home/monith/test_rover/install/rover_control/share/rover_control/urdf
[0.672s] running install_egg_info
[0.674s] removing '/home/monith/test_rover/install/rover_control/lib/python3.10/site-packages/rover_control-0.0.0-py3.10.egg-info' (and everything under it)
[0.674s] Copying ../../build/rover_control/rover_control.egg-info to /home/monith/test_rover/install/rover_control/lib/python3.10/site-packages/rover_control-0.0.0-py3.10.egg-info
[0.675s] running install_scripts
[0.690s] writing list of installed files to '/home/monith/test_rover/build/rover_control/install.log'
[0.705s] Invoked command in '/home/monith/test_rover/src/rover_control' returned '0': PYTHONPATH=/home/monith/test_rover/build/rover_control/prefix_override:/usr/lib/python3/dist-packages/colcon_core/task/python/colcon_distutils_commands:/home/monith/test_rover/install/rover_control/lib/python3.10/site-packages:${PYTHONPATH} /usr/bin/python3 -W ignore:setup.py install is deprecated -W ignore:easy_install command is deprecated setup.py egg_info --egg-base ../../build/rover_control build --build-base /home/monith/test_rover/build/rover_control/build install --record /home/monith/test_rover/build/rover_control/install.log --single-version-externally-managed install_data
