[0.203s] Invoking command in '/home/monith/test_rover/build/waypoint_navigation': CMAKE_PREFIX_PATH=${CMAKE_PREFIX_PATH}:/home/monith/test_rover/install/rover_control:/opt/ros/humble /usr/bin/cmake --build /home/monith/test_rover/build/waypoint_navigation -- -j8 -l8
[0.236s] [  3%] Built target waypoint_navigation__cpp
[0.236s] [  3%] Built target waypoint_navigation__rs
[0.237s] [ 14%] Built target waypoint_navigation__rosidl_generator_c
[0.242s] [ 14%] Built target ament_cmake_python_symlink_waypoint_navigation
[0.255s] [ 68%] Built target waypoint_navigation__rosidl_typesupport_introspection_c
[0.255s] [ 68%] Built target waypoint_navigation__rosidl_typesupport_c
[0.255s] [ 68%] Built target waypoint_navigation__rosidl_typesupport_fastrtps_cpp
[0.255s] [ 68%] Built target waypoint_navigation__rosidl_typesupport_fastrtps_c
[0.255s] [ 68%] Built target waypoint_navigation__rosidl_typesupport_introspection_cpp
[0.258s] [ 79%] Built target waypoint_navigation__rosidl_typesupport_cpp
[0.271s] [ 79%] Built target waypoint_navigation
[0.285s] [ 81%] Built target waypoint_navigation__py
[0.301s] [ 90%] Built target waypoint_navigation__rosidl_generator_py
[0.316s] [100%] Built target waypoint_navigation__rosidl_typesupport_fastrtps_c__pyext
[0.316s] [100%] Built target waypoint_navigation__rosidl_typesupport_c__pyext
[0.316s] [100%] Built target waypoint_navigation__rosidl_typesupport_introspection_c__pyext
[0.432s] running egg_info
[0.432s] writing waypoint_navigation.egg-info/PKG-INFO
[0.432s] writing dependency_links to waypoint_navigation.egg-info/dependency_links.txt
[0.432s] writing top-level names to waypoint_navigation.egg-info/top_level.txt
[0.434s] reading manifest file 'waypoint_navigation.egg-info/SOURCES.txt'
[0.434s] writing manifest file 'waypoint_navigation.egg-info/SOURCES.txt'
[0.454s] [100%] Built target ament_cmake_python_build_waypoint_navigation_egg
[0.462s] Invoked command in '/home/monith/test_rover/build/waypoint_navigation' returned '0': CMAKE_PREFIX_PATH=${CMAKE_PREFIX_PATH}:/home/monith/test_rover/install/rover_control:/opt/ros/humble /usr/bin/cmake --build /home/monith/test_rover/build/waypoint_navigation -- -j8 -l8
[0.469s] Invoking command in '/home/monith/test_rover/build/waypoint_navigation': CMAKE_PREFIX_PATH=${CMAKE_PREFIX_PATH}:/home/monith/test_rover/install/rover_control:/opt/ros/humble /usr/bin/cmake --install /home/monith/test_rover/build/waypoint_navigation
[0.474s] -- Install configuration: ""
[0.474s] -- Execute custom install script
[0.474s] -- Up-to-date symlink: /home/monith/test_rover/install/waypoint_navigation/share/ament_index/resource_index/rosidl_interfaces/waypoint_navigation
[0.475s] -- Up-to-date symlink: /home/monith/test_rover/install/waypoint_navigation/include/waypoint_navigation/waypoint_navigation/action/detail/nav_to_waypoint__functions.h
[0.475s] -- Up-to-date symlink: /home/monith/test_rover/install/waypoint_navigation/include/waypoint_navigation/waypoint_navigation/action/detail/nav_to_waypoint__struct.h
[0.475s] -- Up-to-date symlink: /home/monith/test_rover/install/waypoint_navigation/include/waypoint_navigation/waypoint_navigation/action/detail/nav_to_waypoint__type_support.h
[0.475s] -- Up-to-date symlink: /home/monith/test_rover/install/waypoint_navigation/include/waypoint_navigation/waypoint_navigation/action/nav_to_waypoint.h
[0.476s] -- Up-to-date symlink: /home/monith/test_rover/install/waypoint_navigation/include/waypoint_navigation/waypoint_navigation/msg/detail/estimated_odom__functions.h
[0.477s] -- Up-to-date symlink: /home/monith/test_rover/install/waypoint_navigation/include/waypoint_navigation/waypoint_navigation/msg/detail/estimated_odom__struct.h
[0.477s] -- Up-to-date symlink: /home/monith/test_rover/install/waypoint_navigation/include/waypoint_navigation/waypoint_navigation/msg/detail/estimated_odom__type_support.h
[0.477s] -- Up-to-date symlink: /home/monith/test_rover/install/waypoint_navigation/include/waypoint_navigation/waypoint_navigation/msg/detail/estimated_twist__functions.h
[0.477s] -- Up-to-date symlink: /home/monith/test_rover/install/waypoint_navigation/include/waypoint_navigation/waypoint_navigation/msg/detail/estimated_twist__struct.h
[0.477s] -- Up-to-date symlink: /home/monith/test_rover/install/waypoint_navigation/include/waypoint_navigation/waypoint_navigation/msg/detail/estimated_twist__type_support.h
[0.477s] -- Up-to-date symlink: /home/monith/test_rover/install/waypoint_navigation/include/waypoint_navigation/waypoint_navigation/msg/detail/pwm__functions.h
[0.477s] -- Up-to-date symlink: /home/monith/test_rover/install/waypoint_navigation/include/waypoint_navigation/waypoint_navigation/msg/detail/pwm__struct.h
[0.477s] -- Up-to-date symlink: /home/monith/test_rover/install/waypoint_navigation/include/waypoint_navigation/waypoint_navigation/msg/detail/pwm__type_support.h
[0.477s] -- Up-to-date symlink: /home/monith/test_rover/install/waypoint_navigation/include/waypoint_navigation/waypoint_navigation/msg/estimated_odom.h
[0.477s] -- Up-to-date symlink: /home/monith/test_rover/install/waypoint_navigation/include/waypoint_navigation/waypoint_navigation/msg/estimated_twist.h
[0.477s] -- Up-to-date symlink: /home/monith/test_rover/install/waypoint_navigation/include/waypoint_navigation/waypoint_navigation/msg/pwm.h
[0.477s] -- Up-to-date symlink: /home/monith/test_rover/install/waypoint_navigation/include/waypoint_navigation/waypoint_navigation/msg/rosidl_generator_c__visibility_control.h
[0.477s] -- Up-to-date symlink: /home/monith/test_rover/install/waypoint_navigation/include/waypoint_navigation/waypoint_navigation/srv/detail/get_way_points__functions.h
[0.477s] -- Up-to-date symlink: /home/monith/test_rover/install/waypoint_navigation/include/waypoint_navigation/waypoint_navigation/srv/detail/get_way_points__struct.h
[0.477s] -- Up-to-date symlink: /home/monith/test_rover/install/waypoint_navigation/include/waypoint_navigation/waypoint_navigation/srv/detail/get_way_points__type_support.h
[0.477s] -- Up-to-date symlink: /home/monith/test_rover/install/waypoint_navigation/include/waypoint_navigation/waypoint_navigation/srv/get_way_points.h
[0.477s] -- Up-to-date symlink: /home/monith/test_rover/install/waypoint_navigation/share/waypoint_navigation/environment/library_path.sh
[0.478s] -- Up-to-date symlink: /home/monith/test_rover/install/waypoint_navigation/share/waypoint_navigation/environment/library_path.dsv
[0.478s] -- Up-to-date symlink: /home/monith/test_rover/install/waypoint_navigation/include/waypoint_navigation/waypoint_navigation/action/detail/nav_to_waypoint__rosidl_typesupport_fastrtps_c.h
[0.478s] -- Up-to-date symlink: /home/monith/test_rover/install/waypoint_navigation/include/waypoint_navigation/waypoint_navigation/msg/detail/estimated_odom__rosidl_typesupport_fastrtps_c.h
[0.478s] -- Up-to-date symlink: /home/monith/test_rover/install/waypoint_navigation/include/waypoint_navigation/waypoint_navigation/msg/detail/estimated_twist__rosidl_typesupport_fastrtps_c.h
[0.478s] -- Up-to-date symlink: /home/monith/test_rover/install/waypoint_navigation/include/waypoint_navigation/waypoint_navigation/msg/detail/pwm__rosidl_typesupport_fastrtps_c.h
[0.478s] -- Up-to-date symlink: /home/monith/test_rover/install/waypoint_navigation/include/waypoint_navigation/waypoint_navigation/msg/rosidl_typesupport_fastrtps_c__visibility_control.h
[0.478s] -- Up-to-date symlink: /home/monith/test_rover/install/waypoint_navigation/include/waypoint_navigation/waypoint_navigation/srv/detail/get_way_points__rosidl_typesupport_fastrtps_c.h
[0.478s] -- Up-to-date symlink: /home/monith/test_rover/install/waypoint_navigation/include/waypoint_navigation/waypoint_navigation/action/detail/nav_to_waypoint__builder.hpp
[0.478s] -- Up-to-date symlink: /home/monith/test_rover/install/waypoint_navigation/include/waypoint_navigation/waypoint_navigation/action/detail/nav_to_waypoint__struct.hpp
[0.478s] -- Up-to-date symlink: /home/monith/test_rover/install/waypoint_navigation/include/waypoint_navigation/waypoint_navigation/action/detail/nav_to_waypoint__traits.hpp
[0.478s] -- Up-to-date symlink: /home/monith/test_rover/install/waypoint_navigation/include/waypoint_navigation/waypoint_navigation/action/detail/nav_to_waypoint__type_support.hpp
[0.478s] -- Up-to-date symlink: /home/monith/test_rover/install/waypoint_navigation/include/waypoint_navigation/waypoint_navigation/action/nav_to_waypoint.hpp
[0.478s] -- Up-to-date symlink: /home/monith/test_rover/install/waypoint_navigation/include/waypoint_navigation/waypoint_navigation/msg/detail/estimated_odom__builder.hpp
[0.478s] -- Up-to-date symlink: /home/monith/test_rover/install/waypoint_navigation/include/waypoint_navigation/waypoint_navigation/msg/detail/estimated_odom__struct.hpp
[0.478s] -- Up-to-date symlink: /home/monith/test_rover/install/waypoint_navigation/include/waypoint_navigation/waypoint_navigation/msg/detail/estimated_odom__traits.hpp
[0.478s] -- Up-to-date symlink: /home/monith/test_rover/install/waypoint_navigation/include/waypoint_navigation/waypoint_navigation/msg/detail/estimated_odom__type_support.hpp
[0.478s] -- Up-to-date symlink: /home/monith/test_rover/install/waypoint_navigation/include/waypoint_navigation/waypoint_navigation/msg/detail/estimated_twist__builder.hpp
[0.478s] -- Up-to-date symlink: /home/monith/test_rover/install/waypoint_navigation/include/waypoint_navigation/waypoint_navigation/msg/detail/estimated_twist__struct.hpp
[0.478s] -- Up-to-date symlink: /home/monith/test_rover/install/waypoint_navigation/include/waypoint_navigation/waypoint_navigation/msg/detail/estimated_twist__traits.hpp
[0.479s] -- Up-to-date symlink: /home/monith/test_rover/install/waypoint_navigation/include/waypoint_navigation/waypoint_navigation/msg/detail/estimated_twist__type_support.hpp
[0.479s] -- Up-to-date symlink: /home/monith/test_rover/install/waypoint_navigation/include/waypoint_navigation/waypoint_navigation/msg/detail/pwm__builder.hpp
[0.479s] -- Up-to-date symlink: /home/monith/test_rover/install/waypoint_navigation/include/waypoint_navigation/waypoint_navigation/msg/detail/pwm__struct.hpp
[0.479s] -- Up-to-date symlink: /home/monith/test_rover/install/waypoint_navigation/include/waypoint_navigation/waypoint_navigation/msg/detail/pwm__traits.hpp
[0.479s] -- Up-to-date symlink: /home/monith/test_rover/install/waypoint_navigation/include/waypoint_navigation/waypoint_navigation/msg/detail/pwm__type_support.hpp
[0.479s] -- Up-to-date symlink: /home/monith/test_rover/install/waypoint_navigation/include/waypoint_navigation/waypoint_navigation/msg/estimated_odom.hpp
[0.479s] -- Up-to-date symlink: /home/monith/test_rover/install/waypoint_navigation/include/waypoint_navigation/waypoint_navigation/msg/estimated_twist.hpp
[0.479s] -- Up-to-date symlink: /home/monith/test_rover/install/waypoint_navigation/include/waypoint_navigation/waypoint_navigation/msg/pwm.hpp
[0.479s] -- Up-to-date symlink: /home/monith/test_rover/install/waypoint_navigation/include/waypoint_navigation/waypoint_navigation/msg/rosidl_generator_cpp__visibility_control.hpp
[0.479s] -- Up-to-date symlink: /home/monith/test_rover/install/waypoint_navigation/include/waypoint_navigation/waypoint_navigation/srv/detail/get_way_points__builder.hpp
[0.479s] -- Up-to-date symlink: /home/monith/test_rover/install/waypoint_navigation/include/waypoint_navigation/waypoint_navigation/srv/detail/get_way_points__struct.hpp
[0.479s] -- Up-to-date symlink: /home/monith/test_rover/install/waypoint_navigation/include/waypoint_navigation/waypoint_navigation/srv/detail/get_way_points__traits.hpp
[0.479s] -- Up-to-date symlink: /home/monith/test_rover/install/waypoint_navigation/include/waypoint_navigation/waypoint_navigation/srv/detail/get_way_points__type_support.hpp
[0.479s] -- Up-to-date symlink: /home/monith/test_rover/install/waypoint_navigation/include/waypoint_navigation/waypoint_navigation/srv/get_way_points.hpp
[0.480s] -- Up-to-date symlink: /home/monith/test_rover/install/waypoint_navigation/include/waypoint_navigation/waypoint_navigation/action/detail/nav_to_waypoint__rosidl_typesupport_fastrtps_cpp.hpp
[0.480s] -- Up-to-date symlink: /home/monith/test_rover/install/waypoint_navigation/include/waypoint_navigation/waypoint_navigation/msg/detail/estimated_odom__rosidl_typesupport_fastrtps_cpp.hpp
[0.480s] -- Up-to-date symlink: /home/monith/test_rover/install/waypoint_navigation/include/waypoint_navigation/waypoint_navigation/msg/detail/estimated_twist__rosidl_typesupport_fastrtps_cpp.hpp
[0.480s] -- Up-to-date symlink: /home/monith/test_rover/install/waypoint_navigation/include/waypoint_navigation/waypoint_navigation/msg/detail/pwm__rosidl_typesupport_fastrtps_cpp.hpp
[0.480s] -- Up-to-date symlink: /home/monith/test_rover/install/waypoint_navigation/include/waypoint_navigation/waypoint_navigation/msg/rosidl_typesupport_fastrtps_cpp__visibility_control.h
[0.480s] -- Up-to-date symlink: /home/monith/test_rover/install/waypoint_navigation/include/waypoint_navigation/waypoint_navigation/srv/detail/get_way_points__rosidl_typesupport_fastrtps_cpp.hpp
[0.481s] -- Up-to-date symlink: /home/monith/test_rover/install/waypoint_navigation/include/waypoint_navigation/waypoint_navigation/action/detail/nav_to_waypoint__rosidl_typesupport_introspection_c.h
[0.481s] -- Up-to-date symlink: /home/monith/test_rover/install/waypoint_navigation/include/waypoint_navigation/waypoint_navigation/msg/detail/estimated_odom__rosidl_typesupport_introspection_c.h
[0.481s] -- Up-to-date symlink: /home/monith/test_rover/install/waypoint_navigation/include/waypoint_navigation/waypoint_navigation/msg/detail/estimated_twist__rosidl_typesupport_introspection_c.h
[0.481s] -- Up-to-date symlink: /home/monith/test_rover/install/waypoint_navigation/include/waypoint_navigation/waypoint_navigation/msg/detail/pwm__rosidl_typesupport_introspection_c.h
[0.481s] -- Up-to-date symlink: /home/monith/test_rover/install/waypoint_navigation/include/waypoint_navigation/waypoint_navigation/msg/rosidl_typesupport_introspection_c__visibility_control.h
[0.481s] -- Up-to-date symlink: /home/monith/test_rover/install/waypoint_navigation/include/waypoint_navigation/waypoint_navigation/srv/detail/get_way_points__rosidl_typesupport_introspection_c.h
[0.481s] -- Up-to-date symlink: /home/monith/test_rover/install/waypoint_navigation/include/waypoint_navigation/waypoint_navigation/action/detail/nav_to_waypoint__rosidl_typesupport_introspection_cpp.hpp
[0.481s] -- Up-to-date symlink: /home/monith/test_rover/install/waypoint_navigation/include/waypoint_navigation/waypoint_navigation/msg/detail/estimated_odom__rosidl_typesupport_introspection_cpp.hpp
[0.481s] -- Up-to-date symlink: /home/monith/test_rover/install/waypoint_navigation/include/waypoint_navigation/waypoint_navigation/msg/detail/estimated_twist__rosidl_typesupport_introspection_cpp.hpp
[0.481s] -- Up-to-date symlink: /home/monith/test_rover/install/waypoint_navigation/include/waypoint_navigation/waypoint_navigation/msg/detail/pwm__rosidl_typesupport_introspection_cpp.hpp
[0.481s] -- Up-to-date symlink: /home/monith/test_rover/install/waypoint_navigation/include/waypoint_navigation/waypoint_navigation/srv/detail/get_way_points__rosidl_typesupport_introspection_cpp.hpp
[0.482s] -- Up-to-date symlink: /home/monith/test_rover/install/waypoint_navigation/share/waypoint_navigation/environment/pythonpath.sh
[0.482s] -- Up-to-date symlink: /home/monith/test_rover/install/waypoint_navigation/share/waypoint_navigation/environment/pythonpath.dsv
[0.482s] -- Up-to-date symlink: /home/monith/test_rover/install/waypoint_navigation/local/lib/python3.10/dist-packages/waypoint_navigation-0.0.0-py3.10.egg-info/PKG-INFO
[0.482s] -- Up-to-date symlink: /home/monith/test_rover/install/waypoint_navigation/local/lib/python3.10/dist-packages/waypoint_navigation-0.0.0-py3.10.egg-info/SOURCES.txt
[0.482s] -- Up-to-date symlink: /home/monith/test_rover/install/waypoint_navigation/local/lib/python3.10/dist-packages/waypoint_navigation-0.0.0-py3.10.egg-info/dependency_links.txt
[0.482s] -- Up-to-date symlink: /home/monith/test_rover/install/waypoint_navigation/local/lib/python3.10/dist-packages/waypoint_navigation-0.0.0-py3.10.egg-info/top_level.txt
[0.483s] -- Up-to-date symlink: /home/monith/test_rover/install/waypoint_navigation/local/lib/python3.10/dist-packages/waypoint_navigation/__init__.py
[0.483s] -- Up-to-date symlink: /home/monith/test_rover/install/waypoint_navigation/local/lib/python3.10/dist-packages/waypoint_navigation/_waypoint_navigation_s.ep.rosidl_typesupport_c.c
[0.483s] -- Up-to-date symlink: /home/monith/test_rover/install/waypoint_navigation/local/lib/python3.10/dist-packages/waypoint_navigation/_waypoint_navigation_s.ep.rosidl_typesupport_fastrtps_c.c
[0.483s] -- Up-to-date symlink: /home/monith/test_rover/install/waypoint_navigation/local/lib/python3.10/dist-packages/waypoint_navigation/_waypoint_navigation_s.ep.rosidl_typesupport_introspection_c.c
[0.483s] -- Up-to-date symlink: /home/monith/test_rover/install/waypoint_navigation/local/lib/python3.10/dist-packages/waypoint_navigation/action/__init__.py
[0.483s] -- Up-to-date symlink: /home/monith/test_rover/install/waypoint_navigation/local/lib/python3.10/dist-packages/waypoint_navigation/action/_nav_to_waypoint.py
[0.483s] -- Up-to-date symlink: /home/monith/test_rover/install/waypoint_navigation/local/lib/python3.10/dist-packages/waypoint_navigation/action/_nav_to_waypoint_s.c
[0.483s] -- Up-to-date symlink: /home/monith/test_rover/install/waypoint_navigation/local/lib/python3.10/dist-packages/waypoint_navigation/libwaypoint_navigation__rosidl_generator_py.so
[0.483s] -- Up-to-date symlink: /home/monith/test_rover/install/waypoint_navigation/local/lib/python3.10/dist-packages/waypoint_navigation/msg/__init__.py
[0.483s] -- Up-to-date symlink: /home/monith/test_rover/install/waypoint_navigation/local/lib/python3.10/dist-packages/waypoint_navigation/msg/_estimated_odom.py
[0.483s] -- Up-to-date symlink: /home/monith/test_rover/install/waypoint_navigation/local/lib/python3.10/dist-packages/waypoint_navigation/msg/_estimated_odom_s.c
[0.483s] -- Up-to-date symlink: /home/monith/test_rover/install/waypoint_navigation/local/lib/python3.10/dist-packages/waypoint_navigation/msg/_estimated_twist.py
[0.483s] -- Up-to-date symlink: /home/monith/test_rover/install/waypoint_navigation/local/lib/python3.10/dist-packages/waypoint_navigation/msg/_estimated_twist_s.c
[0.484s] -- Up-to-date symlink: /home/monith/test_rover/install/waypoint_navigation/local/lib/python3.10/dist-packages/waypoint_navigation/msg/_pwm.py
[0.484s] -- Up-to-date symlink: /home/monith/test_rover/install/waypoint_navigation/local/lib/python3.10/dist-packages/waypoint_navigation/msg/_pwm_s.c
[0.484s] -- Up-to-date symlink: /home/monith/test_rover/install/waypoint_navigation/local/lib/python3.10/dist-packages/waypoint_navigation/srv/__init__.py
[0.484s] -- Up-to-date symlink: /home/monith/test_rover/install/waypoint_navigation/local/lib/python3.10/dist-packages/waypoint_navigation/srv/_get_way_points.py
[0.484s] -- Up-to-date symlink: /home/monith/test_rover/install/waypoint_navigation/local/lib/python3.10/dist-packages/waypoint_navigation/srv/_get_way_points_s.c
[0.484s] -- Up-to-date symlink: /home/monith/test_rover/install/waypoint_navigation/local/lib/python3.10/dist-packages/waypoint_navigation/waypoint_navigation_s__rosidl_typesupport_c.cpython-310-x86_64-linux-gnu.so
[0.484s] -- Up-to-date symlink: /home/monith/test_rover/install/waypoint_navigation/local/lib/python3.10/dist-packages/waypoint_navigation/waypoint_navigation_s__rosidl_typesupport_fastrtps_c.cpython-310-x86_64-linux-gnu.so
[0.484s] -- Up-to-date symlink: /home/monith/test_rover/install/waypoint_navigation/local/lib/python3.10/dist-packages/waypoint_navigation/waypoint_navigation_s__rosidl_typesupport_introspection_c.cpython-310-x86_64-linux-gnu.so
[0.484s] -- Up-to-date symlink: /home/monith/test_rover/install/waypoint_navigation/local/lib/python3.10/dist-packages/waypoint_navigation/waypoint_navigation_s__rosidl_typesupport_fastrtps_c.cpython-310-x86_64-linux-gnu.so
[0.484s] -- Up-to-date symlink: /home/monith/test_rover/install/waypoint_navigation/local/lib/python3.10/dist-packages/waypoint_navigation/waypoint_navigation_s__rosidl_typesupport_introspection_c.cpython-310-x86_64-linux-gnu.so
[0.485s] -- Up-to-date symlink: /home/monith/test_rover/install/waypoint_navigation/local/lib/python3.10/dist-packages/waypoint_navigation/waypoint_navigation_s__rosidl_typesupport_c.cpython-310-x86_64-linux-gnu.so
[0.485s] -- Up-to-date symlink: /home/monith/test_rover/install/waypoint_navigation/share/ament_index/resource_index/rust_packages/waypoint_navigation
[0.485s] -- Up-to-date symlink: /home/monith/test_rover/install/waypoint_navigation/share/waypoint_navigation/rust/Cargo.toml
[0.485s] -- Up-to-date symlink: /home/monith/test_rover/install/waypoint_navigation/share/waypoint_navigation/rust/build.rs
[0.485s] -- Up-to-date symlink: /home/monith/test_rover/install/waypoint_navigation/share/waypoint_navigation/rust/src/action.rs
[0.485s] -- Up-to-date symlink: /home/monith/test_rover/install/waypoint_navigation/share/waypoint_navigation/rust/src/action/rmw.rs
[0.485s] -- Up-to-date symlink: /home/monith/test_rover/install/waypoint_navigation/share/waypoint_navigation/rust/src/lib.rs
[0.485s] -- Up-to-date symlink: /home/monith/test_rover/install/waypoint_navigation/share/waypoint_navigation/rust/src/msg.rs
[0.485s] -- Up-to-date symlink: /home/monith/test_rover/install/waypoint_navigation/share/waypoint_navigation/rust/src/msg/rmw.rs
[0.485s] -- Up-to-date symlink: /home/monith/test_rover/install/waypoint_navigation/share/waypoint_navigation/rust/src/srv.rs
[0.486s] -- Up-to-date symlink: /home/monith/test_rover/install/waypoint_navigation/share/waypoint_navigation/rust/src/srv/rmw.rs
[0.486s] -- Up-to-date symlink: /home/monith/test_rover/install/waypoint_navigation/share/waypoint_navigation/srv/GetWayPoints.idl
[0.486s] -- Up-to-date symlink: /home/monith/test_rover/install/waypoint_navigation/share/waypoint_navigation/action/NavToWaypoint.idl
[0.486s] -- Up-to-date symlink: /home/monith/test_rover/install/waypoint_navigation/share/waypoint_navigation/msg/Pwm.idl
[0.486s] -- Up-to-date symlink: /home/monith/test_rover/install/waypoint_navigation/share/waypoint_navigation/msg/EstimatedTwist.idl
[0.486s] -- Up-to-date symlink: /home/monith/test_rover/install/waypoint_navigation/share/waypoint_navigation/msg/EstimatedOdom.idl
[0.486s] -- Up-to-date symlink: /home/monith/test_rover/install/waypoint_navigation/share/waypoint_navigation/srv/GetWayPoints.srv
[0.486s] -- Up-to-date symlink: /home/monith/test_rover/install/waypoint_navigation/share/waypoint_navigation/srv/GetWayPoints_Request.msg
[0.486s] -- Up-to-date symlink: /home/monith/test_rover/install/waypoint_navigation/share/waypoint_navigation/srv/GetWayPoints_Response.msg
[0.486s] -- Up-to-date symlink: /home/monith/test_rover/install/waypoint_navigation/share/waypoint_navigation/action/NavToWaypoint.action
[0.487s] -- Up-to-date symlink: /home/monith/test_rover/install/waypoint_navigation/share/waypoint_navigation/msg/Pwm.msg
[0.487s] -- Up-to-date symlink: /home/monith/test_rover/install/waypoint_navigation/share/waypoint_navigation/msg/EstimatedTwist.msg
[0.487s] -- Up-to-date symlink: /home/monith/test_rover/install/waypoint_navigation/share/waypoint_navigation/msg/EstimatedOdom.msg
[0.487s] -- Up-to-date symlink: /home/monith/test_rover/install/waypoint_navigation/share/ament_index/resource_index/package_run_dependencies/waypoint_navigation
[0.487s] -- Up-to-date symlink: /home/monith/test_rover/install/waypoint_navigation/share/ament_index/resource_index/parent_prefix_path/waypoint_navigation
[0.487s] -- Up-to-date symlink: /home/monith/test_rover/install/waypoint_navigation/share/waypoint_navigation/environment/ament_prefix_path.sh
[0.487s] -- Up-to-date symlink: /home/monith/test_rover/install/waypoint_navigation/share/waypoint_navigation/environment/ament_prefix_path.dsv
[0.487s] -- Up-to-date symlink: /home/monith/test_rover/install/waypoint_navigation/share/waypoint_navigation/environment/path.sh
[0.487s] -- Up-to-date symlink: /home/monith/test_rover/install/waypoint_navigation/share/waypoint_navigation/environment/path.dsv
[0.487s] -- Up-to-date symlink: /home/monith/test_rover/install/waypoint_navigation/share/waypoint_navigation/local_setup.bash
[0.488s] -- Up-to-date symlink: /home/monith/test_rover/install/waypoint_navigation/share/waypoint_navigation/local_setup.sh
[0.488s] -- Up-to-date symlink: /home/monith/test_rover/install/waypoint_navigation/share/waypoint_navigation/local_setup.zsh
[0.488s] -- Up-to-date symlink: /home/monith/test_rover/install/waypoint_navigation/share/waypoint_navigation/local_setup.dsv
[0.488s] -- Symlinking: /home/monith/test_rover/install/waypoint_navigation/share/waypoint_navigation/package.dsv
[0.494s] -- Up-to-date symlink: /home/monith/test_rover/install/waypoint_navigation/share/ament_index/resource_index/packages/waypoint_navigation
[0.494s] -- Up-to-date symlink: /home/monith/test_rover/install/waypoint_navigation/share/waypoint_navigation/cmake/rosidl_cmake-extras.cmake
[0.494s] -- Up-to-date symlink: /home/monith/test_rover/install/waypoint_navigation/share/waypoint_navigation/cmake/ament_cmake_export_dependencies-extras.cmake
[0.494s] -- Up-to-date symlink: /home/monith/test_rover/install/waypoint_navigation/share/waypoint_navigation/cmake/ament_cmake_export_include_directories-extras.cmake
[0.494s] -- Up-to-date symlink: /home/monith/test_rover/install/waypoint_navigation/share/waypoint_navigation/cmake/ament_cmake_export_libraries-extras.cmake
[0.494s] -- Up-to-date symlink: /home/monith/test_rover/install/waypoint_navigation/share/waypoint_navigation/cmake/ament_cmake_export_targets-extras.cmake
[0.494s] -- Up-to-date symlink: /home/monith/test_rover/install/waypoint_navigation/share/waypoint_navigation/cmake/rosidl_cmake_export_typesupport_targets-extras.cmake
[0.494s] -- Up-to-date symlink: /home/monith/test_rover/install/waypoint_navigation/share/waypoint_navigation/cmake/rosidl_cmake_export_typesupport_libraries-extras.cmake
[0.495s] -- Up-to-date symlink: /home/monith/test_rover/install/waypoint_navigation/share/waypoint_navigation/cmake/waypoint_navigationConfig.cmake
[0.495s] -- Up-to-date symlink: /home/monith/test_rover/install/waypoint_navigation/share/waypoint_navigation/cmake/waypoint_navigationConfig-version.cmake
[0.495s] -- Up-to-date symlink: /home/monith/test_rover/install/waypoint_navigation/share/waypoint_navigation/package.xml
[0.495s] -- Up-to-date: /home/monith/test_rover/install/waypoint_navigation/lib/libwaypoint_navigation__rosidl_generator_c.so
[0.495s] -- Up-to-date: /home/monith/test_rover/install/waypoint_navigation/lib/libwaypoint_navigation__rosidl_typesupport_fastrtps_c.so
[0.495s] -- Up-to-date: /home/monith/test_rover/install/waypoint_navigation/lib/libwaypoint_navigation__rosidl_typesupport_fastrtps_cpp.so
[0.495s] -- Up-to-date: /home/monith/test_rover/install/waypoint_navigation/lib/libwaypoint_navigation__rosidl_typesupport_introspection_c.so
[0.496s] -- Up-to-date: /home/monith/test_rover/install/waypoint_navigation/lib/libwaypoint_navigation__rosidl_typesupport_c.so
[0.496s] -- Up-to-date: /home/monith/test_rover/install/waypoint_navigation/lib/libwaypoint_navigation__rosidl_typesupport_introspection_cpp.so
[0.496s] -- Up-to-date: /home/monith/test_rover/install/waypoint_navigation/lib/libwaypoint_navigation__rosidl_typesupport_cpp.so
[0.520s] Listing '/home/monith/test_rover/install/waypoint_navigation/local/lib/python3.10/dist-packages/waypoint_navigation'...
[0.520s] Listing '/home/monith/test_rover/install/waypoint_navigation/local/lib/python3.10/dist-packages/waypoint_navigation/action'...
[0.520s] Listing '/home/monith/test_rover/install/waypoint_navigation/local/lib/python3.10/dist-packages/waypoint_navigation/msg'...
[0.520s] Listing '/home/monith/test_rover/install/waypoint_navigation/local/lib/python3.10/dist-packages/waypoint_navigation/srv'...
[0.524s] -- Up-to-date: /home/monith/test_rover/install/waypoint_navigation/lib/libwaypoint_navigation__rosidl_generator_py.so
[0.524s] -- Up-to-date: /home/monith/test_rover/install/waypoint_navigation/share/waypoint_navigation/cmake/export_waypoint_navigation__rosidl_generator_cExport.cmake
[0.524s] -- Up-to-date: /home/monith/test_rover/install/waypoint_navigation/share/waypoint_navigation/cmake/export_waypoint_navigation__rosidl_generator_cExport-noconfig.cmake
[0.524s] -- Up-to-date: /home/monith/test_rover/install/waypoint_navigation/share/waypoint_navigation/cmake/export_waypoint_navigation__rosidl_typesupport_fastrtps_cExport.cmake
[0.524s] -- Up-to-date: /home/monith/test_rover/install/waypoint_navigation/share/waypoint_navigation/cmake/export_waypoint_navigation__rosidl_typesupport_fastrtps_cExport-noconfig.cmake
[0.524s] -- Up-to-date: /home/monith/test_rover/install/waypoint_navigation/share/waypoint_navigation/cmake/export_waypoint_navigation__rosidl_generator_cppExport.cmake
[0.524s] -- Up-to-date: /home/monith/test_rover/install/waypoint_navigation/share/waypoint_navigation/cmake/export_waypoint_navigation__rosidl_typesupport_fastrtps_cppExport.cmake
[0.524s] -- Up-to-date: /home/monith/test_rover/install/waypoint_navigation/share/waypoint_navigation/cmake/export_waypoint_navigation__rosidl_typesupport_fastrtps_cppExport-noconfig.cmake
[0.524s] -- Up-to-date: /home/monith/test_rover/install/waypoint_navigation/share/waypoint_navigation/cmake/waypoint_navigation__rosidl_typesupport_introspection_cExport.cmake
[0.524s] -- Up-to-date: /home/monith/test_rover/install/waypoint_navigation/share/waypoint_navigation/cmake/waypoint_navigation__rosidl_typesupport_introspection_cExport-noconfig.cmake
[0.525s] -- Up-to-date: /home/monith/test_rover/install/waypoint_navigation/share/waypoint_navigation/cmake/waypoint_navigation__rosidl_typesupport_cExport.cmake
[0.525s] -- Up-to-date: /home/monith/test_rover/install/waypoint_navigation/share/waypoint_navigation/cmake/waypoint_navigation__rosidl_typesupport_cExport-noconfig.cmake
[0.525s] -- Up-to-date: /home/monith/test_rover/install/waypoint_navigation/share/waypoint_navigation/cmake/waypoint_navigation__rosidl_typesupport_introspection_cppExport.cmake
[0.525s] -- Up-to-date: /home/monith/test_rover/install/waypoint_navigation/share/waypoint_navigation/cmake/waypoint_navigation__rosidl_typesupport_introspection_cppExport-noconfig.cmake
[0.525s] -- Up-to-date: /home/monith/test_rover/install/waypoint_navigation/share/waypoint_navigation/cmake/waypoint_navigation__rosidl_typesupport_cppExport.cmake
[0.525s] -- Up-to-date: /home/monith/test_rover/install/waypoint_navigation/share/waypoint_navigation/cmake/waypoint_navigation__rosidl_typesupport_cppExport-noconfig.cmake
[0.525s] -- Up-to-date: /home/monith/test_rover/install/waypoint_navigation/share/waypoint_navigation/cmake/export_waypoint_navigation__rosidl_generator_pyExport.cmake
[0.525s] -- Up-to-date: /home/monith/test_rover/install/waypoint_navigation/share/waypoint_navigation/cmake/export_waypoint_navigation__rosidl_generator_pyExport-noconfig.cmake
[0.526s] Invoked command in '/home/monith/test_rover/build/waypoint_navigation' returned '0': CMAKE_PREFIX_PATH=${CMAKE_PREFIX_PATH}:/home/monith/test_rover/install/rover_control:/opt/ros/humble /usr/bin/cmake --install /home/monith/test_rover/build/waypoint_navigation
