[0.485s] Invoking command in '/home/monith/test_rover/build/rover_control': PYTHONPATH=/home/monith/test_rover/build/rover_control/prefix_override:/usr/lib/python3/dist-packages/colcon_core/task/python/colcon_distutils_commands:/home/monith/test_rover/install/rover_control/lib/python3.10/site-packages:${PYTHONPATH} /usr/bin/python3 -W ignore:setup.py install is deprecated -W ignore:easy_install command is deprecated setup.py develop --uninstall --editable --build-directory /home/monith/test_rover/build/rover_control/build
[0.688s] running develop
[0.825s] Removing /home/monith/test_rover/install/rover_control/lib/python3.10/site-packages/rover-control.egg-link (link to .)
[0.843s] Invoked command in '/home/monith/test_rover/build/rover_control' returned '0': PYTHONPATH=/home/monith/test_rover/build/rover_control/prefix_override:/usr/lib/python3/dist-packages/colcon_core/task/python/colcon_distutils_commands:/home/monith/test_rover/install/rover_control/lib/python3.10/site-packages:${PYTHONPATH} /usr/bin/python3 -W ignore:setup.py install is deprecated -W ignore:easy_install command is deprecated setup.py develop --uninstall --editable --build-directory /home/monith/test_rover/build/rover_control/build
[0.845s] Invoking command in '/home/monith/test_rover/src/rover_control': PYTHONPATH=/home/monith/test_rover/build/rover_control/prefix_override:/usr/lib/python3/dist-packages/colcon_core/task/python/colcon_distutils_commands:/home/monith/test_rover/install/rover_control/lib/python3.10/site-packages:${PYTHONPATH} /usr/bin/python3 -W ignore:setup.py install is deprecated -W ignore:easy_install command is deprecated setup.py egg_info --egg-base ../../build/rover_control build --build-base /home/monith/test_rover/build/rover_control/build install --record /home/monith/test_rover/build/rover_control/install.log --single-version-externally-managed install_data --force
[1.034s] running egg_info
[1.035s] writing ../../build/rover_control/rover_control.egg-info/PKG-INFO
[1.035s] writing dependency_links to ../../build/rover_control/rover_control.egg-info/dependency_links.txt
[1.035s] writing entry points to ../../build/rover_control/rover_control.egg-info/entry_points.txt
[1.035s] writing requirements to ../../build/rover_control/rover_control.egg-info/requires.txt
[1.035s] writing top-level names to ../../build/rover_control/rover_control.egg-info/top_level.txt
[1.037s] reading manifest file '../../build/rover_control/rover_control.egg-info/SOURCES.txt'
[1.037s] writing manifest file '../../build/rover_control/rover_control.egg-info/SOURCES.txt'
[1.038s] running build
[1.038s] running build_py
[1.038s] creating /home/monith/test_rover/build/rover_control/build
[1.038s] creating /home/monith/test_rover/build/rover_control/build/lib
[1.038s] creating /home/monith/test_rover/build/rover_control/build/lib/rover_control
[1.038s] copying rover_control/sim_nav_node.py -> /home/monith/test_rover/build/rover_control/build/lib/rover_control
[1.038s] copying rover_control/waypoint_client.py -> /home/monith/test_rover/build/rover_control/build/lib/rover_control
[1.038s] copying rover_control/nav_node_rely_on_ddc_odom.py -> /home/monith/test_rover/build/rover_control/build/lib/rover_control
[1.039s] copying rover_control/waypoint_server.py -> /home/monith/test_rover/build/rover_control/build/lib/rover_control
[1.039s] copying rover_control/odom_validator.py -> /home/monith/test_rover/build/rover_control/build/lib/rover_control
[1.039s] copying rover_control/__init__.py -> /home/monith/test_rover/build/rover_control/build/lib/rover_control
[1.039s] copying rover_control/teleop_to_pwm.py -> /home/monith/test_rover/build/rover_control/build/lib/rover_control
[1.039s] copying rover_control/pwm_to_odom_estimator.py -> /home/monith/test_rover/build/rover_control/build/lib/rover_control
[1.039s] copying rover_control/datalogger.py -> /home/monith/test_rover/build/rover_control/build/lib/rover_control
[1.039s] running install
[1.039s] running install_lib
[1.040s] creating /home/monith/test_rover/install/rover_control/lib/python3.10/site-packages/rover_control
[1.040s] copying /home/monith/test_rover/build/rover_control/build/lib/rover_control/sim_nav_node.py -> /home/monith/test_rover/install/rover_control/lib/python3.10/site-packages/rover_control
[1.040s] copying /home/monith/test_rover/build/rover_control/build/lib/rover_control/waypoint_client.py -> /home/monith/test_rover/install/rover_control/lib/python3.10/site-packages/rover_control
[1.040s] copying /home/monith/test_rover/build/rover_control/build/lib/rover_control/nav_node_rely_on_ddc_odom.py -> /home/monith/test_rover/install/rover_control/lib/python3.10/site-packages/rover_control
[1.040s] copying /home/monith/test_rover/build/rover_control/build/lib/rover_control/waypoint_server.py -> /home/monith/test_rover/install/rover_control/lib/python3.10/site-packages/rover_control
[1.040s] copying /home/monith/test_rover/build/rover_control/build/lib/rover_control/odom_validator.py -> /home/monith/test_rover/install/rover_control/lib/python3.10/site-packages/rover_control
[1.040s] copying /home/monith/test_rover/build/rover_control/build/lib/rover_control/__init__.py -> /home/monith/test_rover/install/rover_control/lib/python3.10/site-packages/rover_control
[1.040s] copying /home/monith/test_rover/build/rover_control/build/lib/rover_control/teleop_to_pwm.py -> /home/monith/test_rover/install/rover_control/lib/python3.10/site-packages/rover_control
[1.040s] copying /home/monith/test_rover/build/rover_control/build/lib/rover_control/pwm_to_odom_estimator.py -> /home/monith/test_rover/install/rover_control/lib/python3.10/site-packages/rover_control
[1.040s] copying /home/monith/test_rover/build/rover_control/build/lib/rover_control/datalogger.py -> /home/monith/test_rover/install/rover_control/lib/python3.10/site-packages/rover_control
[1.041s] byte-compiling /home/monith/test_rover/install/rover_control/lib/python3.10/site-packages/rover_control/sim_nav_node.py to sim_nav_node.cpython-310.pyc
[1.041s] byte-compiling /home/monith/test_rover/install/rover_control/lib/python3.10/site-packages/rover_control/waypoint_client.py to waypoint_client.cpython-310.pyc
[1.042s] byte-compiling /home/monith/test_rover/install/rover_control/lib/python3.10/site-packages/rover_control/nav_node_rely_on_ddc_odom.py to nav_node_rely_on_ddc_odom.cpython-310.pyc
[1.042s] byte-compiling /home/monith/test_rover/install/rover_control/lib/python3.10/site-packages/rover_control/waypoint_server.py to waypoint_server.cpython-310.pyc
[1.043s] byte-compiling /home/monith/test_rover/install/rover_control/lib/python3.10/site-packages/rover_control/odom_validator.py to odom_validator.cpython-310.pyc
[1.044s] byte-compiling /home/monith/test_rover/install/rover_control/lib/python3.10/site-packages/rover_control/__init__.py to __init__.cpython-310.pyc
[1.044s] byte-compiling /home/monith/test_rover/install/rover_control/lib/python3.10/site-packages/rover_control/teleop_to_pwm.py to teleop_to_pwm.cpython-310.pyc
[1.044s] byte-compiling /home/monith/test_rover/install/rover_control/lib/python3.10/site-packages/rover_control/pwm_to_odom_estimator.py to pwm_to_odom_estimator.cpython-310.pyc
[1.045s] byte-compiling /home/monith/test_rover/install/rover_control/lib/python3.10/site-packages/rover_control/datalogger.py to datalogger.cpython-310.pyc
[1.045s] running install_data
[1.045s] copying resource/rover_control -> /home/monith/test_rover/install/rover_control/share/ament_index/resource_index/packages
[1.045s] copying package.xml -> /home/monith/test_rover/install/rover_control/share/rover_control
[1.045s] copying launch/arenasim.launch.xml -> /home/monith/test_rover/install/rover_control/share/rover_control/launch
[1.046s] copying launch/robotsim.launch.xml -> /home/monith/test_rover/install/rover_control/share/rover_control/launch
[1.046s] copying launch/roversim.launch.xml -> /home/monith/test_rover/install/rover_control/share/rover_control/launch
[1.046s] copying urdf/robot.ros2_control.xacro -> /home/monith/test_rover/install/rover_control/share/rover_control/urdf
[1.046s] copying urdf/rover.urdf.xacro -> /home/monith/test_rover/install/rover_control/share/rover_control/urdf
[1.046s] copying urdf/robot.urdf.xacro -> /home/monith/test_rover/install/rover_control/share/rover_control/urdf
[1.047s] copying urdf/robot_core_lr.xacro -> /home/monith/test_rover/install/rover_control/share/rover_control/urdf
[1.047s] copying urdf/rover.ros2_control.xacro -> /home/monith/test_rover/install/rover_control/share/rover_control/urdf
[1.047s] copying urdf/rover_base.xacro -> /home/monith/test_rover/install/rover_control/share/rover_control/urdf
[1.047s] copying worlds/shaastra_arena.world -> /home/monith/test_rover/install/rover_control/share/rover_control/worlds
[1.047s] copying config/controllers.yaml -> /home/monith/test_rover/install/rover_control/share/rover_control/config
[1.047s] copying config/robot_controller.yaml -> /home/monith/test_rover/install/rover_control/share/rover_control/config
[1.047s] copying config/controllert.yaml -> /home/monith/test_rover/install/rover_control/share/rover_control/config
[1.047s] copying rviz/odom_check_.rviz -> /home/monith/test_rover/install/rover_control/share/rover_control/rviz
[1.048s] copying rviz/rover_config_.rviz -> /home/monith/test_rover/install/rover_control/share/rover_control/rviz
[1.048s] running install_egg_info
[1.049s] Copying ../../build/rover_control/rover_control.egg-info to /home/monith/test_rover/install/rover_control/lib/python3.10/site-packages/rover_control-0.0.0-py3.10.egg-info
[1.050s] running install_scripts
[1.064s] Installing nav_node_based_on_ddc_odom script to /home/monith/test_rover/install/rover_control/lib/rover_control
[1.064s] Installing odom_validator script to /home/monith/test_rover/install/rover_control/lib/rover_control
[1.065s] Installing pwm_to_odom script to /home/monith/test_rover/install/rover_control/lib/rover_control
[1.065s] Installing sim_nav_node script to /home/monith/test_rover/install/rover_control/lib/rover_control
[1.065s] Installing teleop_to_pwm script to /home/monith/test_rover/install/rover_control/lib/rover_control
[1.065s] Installing waypoint_client script to /home/monith/test_rover/install/rover_control/lib/rover_control
[1.065s] Installing waypoint_server script to /home/monith/test_rover/install/rover_control/lib/rover_control
[1.065s] writing list of installed files to '/home/monith/test_rover/build/rover_control/install.log'
[1.082s] Invoked command in '/home/monith/test_rover/src/rover_control' returned '0': PYTHONPATH=/home/monith/test_rover/build/rover_control/prefix_override:/usr/lib/python3/dist-packages/colcon_core/task/python/colcon_distutils_commands:/home/monith/test_rover/install/rover_control/lib/python3.10/site-packages:${PYTHONPATH} /usr/bin/python3 -W ignore:setup.py install is deprecated -W ignore:easy_install command is deprecated setup.py egg_info --egg-base ../../build/rover_control build --build-base /home/monith/test_rover/build/rover_control/build install --record /home/monith/test_rover/build/rover_control/install.log --single-version-externally-managed install_data --force
