running develop
Removing /home/monith/test_rover/install/rover_control/lib/python3.10/site-packages/rover-control.egg-link (link to .)
running egg_info
writing ../../build/rover_control/rover_control.egg-info/PKG-INFO
writing dependency_links to ../../build/rover_control/rover_control.egg-info/dependency_links.txt
writing entry points to ../../build/rover_control/rover_control.egg-info/entry_points.txt
writing requirements to ../../build/rover_control/rover_control.egg-info/requires.txt
writing top-level names to ../../build/rover_control/rover_control.egg-info/top_level.txt
reading manifest file '../../build/rover_control/rover_control.egg-info/SOURCES.txt'
writing manifest file '../../build/rover_control/rover_control.egg-info/SOURCES.txt'
running build
running build_py
creating /home/monith/test_rover/build/rover_control/build
creating /home/monith/test_rover/build/rover_control/build/lib
creating /home/monith/test_rover/build/rover_control/build/lib/rover_control
copying rover_control/__init__.py -> /home/monith/test_rover/build/rover_control/build/lib/rover_control
running install
running install_lib
creating /home/monith/test_rover/install/rover_control/lib/python3.10/site-packages/rover_control
copying /home/monith/test_rover/build/rover_control/build/lib/rover_control/__init__.py -> /home/monith/test_rover/install/rover_control/lib/python3.10/site-packages/rover_control
byte-compiling /home/monith/test_rover/install/rover_control/lib/python3.10/site-packages/rover_control/__init__.py to __init__.cpython-310.pyc
running install_data
copying resource/rover_control -> /home/monith/test_rover/install/rover_control/share/ament_index/resource_index/packages
copying package.xml -> /home/monith/test_rover/install/rover_control/share/rover_control
copying launch/sim.launch.xml -> /home/monith/test_rover/install/rover_control/share/rover_control/launch
copying urdf/ROVER.urdf -> /home/monith/test_rover/install/rover_control/share/rover_control/urdf
copying urdf/roverf.urdf -> /home/monith/test_rover/install/rover_control/share/rover_control/urdf
copying urdf/rover.urdf.xacro -> /home/monith/test_rover/install/rover_control/share/rover_control/urdf
copying urdf/rover.ros2_control.xacro -> /home/monith/test_rover/install/rover_control/share/rover_control/urdf
copying urdf/rover_base.xacro -> /home/monith/test_rover/install/rover_control/share/rover_control/urdf
copying worlds/shaastra_arena.world -> /home/monith/test_rover/install/rover_control/share/rover_control/worlds
copying config/controllers.yaml -> /home/monith/test_rover/install/rover_control/share/rover_control/config
copying config/controllert.yaml -> /home/monith/test_rover/install/rover_control/share/rover_control/config
copying rviz/rover_config.rviz -> /home/monith/test_rover/install/rover_control/share/rover_control/rviz
running install_egg_info
Copying ../../build/rover_control/rover_control.egg-info to /home/monith/test_rover/install/rover_control/lib/python3.10/site-packages/rover_control-0.0.0-py3.10.egg-info
running install_scripts
writing list of installed files to '/home/monith/test_rover/build/rover_control/install.log'
