running develop
running egg_info
writing rover_control.egg-info/PKG-INFO
writing dependency_links to rover_control.egg-info/dependency_links.txt
writing entry points to rover_control.egg-info/entry_points.txt
writing requirements to rover_control.egg-info/requires.txt
writing top-level names to rover_control.egg-info/top_level.txt
reading manifest file 'rover_control.egg-info/SOURCES.txt'
writing manifest file 'rover_control.egg-info/SOURCES.txt'
running build_ext
Creating /home/monith/test_rover/install/rover_control/lib/python3.10/site-packages/rover-control.egg-link (link to .)
Installing nav_node_based_on_ddc_odom script to /home/monith/test_rover/install/rover_control/lib/rover_control
Installing odom_validator script to /home/monith/test_rover/install/rover_control/lib/rover_control
Installing pwm_to_odom script to /home/monith/test_rover/install/rover_control/lib/rover_control
Installing sim_nav_node script to /home/monith/test_rover/install/rover_control/lib/rover_control
Installing teleop_to_pwm script to /home/monith/test_rover/install/rover_control/lib/rover_control
Installing waypoint_client script to /home/monith/test_rover/install/rover_control/lib/rover_control
Installing waypoint_server script to /home/monith/test_rover/install/rover_control/lib/rover_control

Installed /home/monith/test_rover/build/rover_control
running symlink_data
symbolically linking /home/monith/test_rover/build/rover_control/worlds/odom_validation_grid.world -> /home/monith/test_rover/install/rover_control/share/rover_control/worlds
