[0.596s] Invoking command in '/home/monith/test_rover/build/rover_control': PYTHONPATH=/home/monith/test_rover/build/rover_control/prefix_override:/usr/lib/python3/dist-packages/colcon_core/task/python/colcon_distutils_commands:/home/monith/test_rover/install/rover_control/lib/python3.10/site-packages:${PYTHONPATH} /usr/bin/python3 -W ignore:setup.py install is deprecated -W ignore:easy_install command is deprecated setup.py develop --editable --build-directory /home/monith/test_rover/build/rover_control/build --no-deps symlink_data
[0.822s] running develop
[0.948s] running egg_info
[0.948s] writing rover_control.egg-info/PKG-INFO
[0.948s] writing dependency_links to rover_control.egg-info/dependency_links.txt
[0.949s] writing entry points to rover_control.egg-info/entry_points.txt
[0.949s] writing requirements to rover_control.egg-info/requires.txt
[0.949s] writing top-level names to rover_control.egg-info/top_level.txt
[0.951s] reading manifest file 'rover_control.egg-info/SOURCES.txt'
[0.952s] writing manifest file 'rover_control.egg-info/SOURCES.txt'
[0.953s] running build_ext
[0.953s] Creating /home/monith/test_rover/install/rover_control/lib/python3.10/site-packages/rover-control.egg-link (link to .)
[0.954s] Installing nav_node script to /home/monith/test_rover/install/rover_control/lib/rover_control
[0.955s] Installing pwm_decoder script to /home/monith/test_rover/install/rover_control/lib/rover_control
[0.955s] Installing pwm_translator script to /home/monith/test_rover/install/rover_control/lib/rover_control
[0.955s] Installing waypoint_client script to /home/monith/test_rover/install/rover_control/lib/rover_control
[0.955s] Installing waypoint_server script to /home/monith/test_rover/install/rover_control/lib/rover_control
[0.955s] 
[0.955s] Installed /home/monith/test_rover/build/rover_control
[0.955s] running symlink_data
