[0.479s] Invoking command in '/home/monith/test_rover/build/waypoint_navigation': CMAKE_PREFIX_PATH=${CMAKE_PREFIX_PATH}:/home/monith/test_rover/install/rover_control:/opt/ros/humble /usr/bin/cmake --build /home/monith/test_rover/build/waypoint_navigation -- -j8 -l8
[0.535s] -- Found ament_cmake: 1.3.14 (/opt/ros/humble/share/ament_cmake/cmake)
[0.802s] -- Override CMake install command with custom implementation using symlinks instead of copying resources
[0.834s] -- Found rcl_interfaces: 1.2.2 (/opt/ros/humble/share/rcl_interfaces/cmake)
[0.881s] -- Found rosidl_generator_c: 3.1.8 (/opt/ros/humble/share/rosidl_generator_c/cmake)
[0.885s] -- Found rosidl_adapter: 3.1.8 (/opt/ros/humble/share/rosidl_adapter/cmake)
[0.895s] -- Found rosidl_generator_cpp: 3.1.8 (/opt/ros/humble/share/rosidl_generator_cpp/cmake)
[0.912s] -- Using all available rosidl_typesupport_c: rosidl_typesupport_fastrtps_c;rosidl_typesupport_introspection_c
[0.934s] -- Using all available rosidl_typesupport_cpp: rosidl_typesupport_fastrtps_cpp;rosidl_typesupport_introspection_cpp
[0.971s] -- Found std_msgs: 4.9.1 (/opt/ros/humble/share/std_msgs/cmake)
[0.988s] -- Found action_msgs: 1.2.2 (/opt/ros/humble/share/action_msgs/cmake)
[1.025s] -- Found geometry_msgs: 4.9.1 (/opt/ros/humble/share/geometry_msgs/cmake)
[1.045s] -- Found rosidl_default_generators: 1.2.1 (/opt/ros/humble/share/rosidl_default_generators/cmake)
[1.456s] [31mCMake Error at /opt/ros/humble/share/rosidl_adapter/cmake/rosidl_adapt_interfaces.cmake:59 (message):
[1.456s]   execute_process(/usr/bin/python3 -m rosidl_adapter --package-name
[1.457s]   waypoint_navigation --arguments-file
[1.457s]   /home/monith/test_rover/build/waypoint_navigation/rosidl_adapter__arguments__waypoint_navigation.json
[1.457s]   --output-dir
[1.457s]   /home/monith/test_rover/build/waypoint_navigation/rosidl_adapter/waypoint_navigation
[1.457s]   --output-file
[1.457s]   /home/monith/test_rover/build/waypoint_navigation/rosidl_adapter/waypoint_navigation.idls)
[1.457s]   returned error code 1:
[1.457s] 
[1.457s]   Error processing 'geometry_msgs/msg/TwistStamped estim_twist' of
[1.457s]   'waypoint_navigation/EstimatedTwist': 'geometry_msgs/msg/TwistStamped'
[1.457s] 
[1.457s]   Traceback (most recent call last):
[1.457s] 
[1.457s]     File "/usr/lib/python3.10/runpy.py", line 196, in _run_module_as_main
[1.457s]       return _run_code(code, main_globals, None,
[1.457s]     File "/usr/lib/python3.10/runpy.py", line 86, in _run_code
[1.457s]       exec(code, run_globals)
[1.458s]     File "/opt/ros/humble/local/lib/python3.10/dist-packages/rosidl_adapter/__main__.py", line 19, in <module>
[1.458s]       sys.exit(main())
[1.458s]     File "/opt/ros/humble/local/lib/python3.10/dist-packages/rosidl_adapter/main.py", line 53, in main
[1.458s]       abs_idl_file = convert_to_idl(
[1.458s]     File "/opt/ros/humble/local/lib/python3.10/dist-packages/rosidl_adapter/__init__.py", line 19, in convert_to_idl
[1.458s]       return convert_msg_to_idl(
[1.458s]     File "/opt/ros/humble/local/lib/python3.10/dist-packages/rosidl_adapter/msg/__init__.py", line 28, in convert_msg_to_idl
[1.458s]       msg = parse_message_string(package_name, input_file.stem, content)
[1.458s]     File "/opt/ros/humble/local/lib/python3.10/dist-packages/rosidl_adapter/parser.py", line 520, in parse_message_string
[1.458s]       Type(type_string, context_package_name=pkg_name),
[1.458s]     File "/opt/ros/humble/local/lib/python3.10/dist-packages/rosidl_adapter/parser.py", line 277, in __init__
[1.458s]       super(Type, self).__init__(
[1.458s]     File "/opt/ros/humble/local/lib/python3.10/dist-packages/rosidl_adapter/parser.py", line 190, in __init__
[1.458s]       raise InvalidResourceName(type_string)
[1.458s] 
[1.458s]   rosidl_adapter.parser.InvalidResourceName: geometry_msgs/msg/TwistStamped
[1.458s] 
[1.459s] Call Stack (most recent call first):
[1.459s]   /opt/ros/humble/share/rosidl_cmake/cmake/rosidl_generate_interfaces.cmake:130 (rosidl_adapt_interfaces)
[1.459s]   CMakeLists.txt:17 (rosidl_generate_interfaces)
[1.459s] 
[1.459s] [0m
[1.459s] -- Configuring incomplete, errors occurred!
[1.459s] See also "/home/monith/test_rover/build/waypoint_navigation/CMakeFiles/CMakeOutput.log".
[1.475s] gmake: *** [Makefile:1409: cmake_check_build_system] Error 1
[1.481s] Invoked command in '/home/monith/test_rover/build/waypoint_navigation' returned '2': CMAKE_PREFIX_PATH=${CMAKE_PREFIX_PATH}:/home/monith/test_rover/install/rover_control:/opt/ros/humble /usr/bin/cmake --build /home/monith/test_rover/build/waypoint_navigation -- -j8 -l8
