[0.262s] Invoking command in '/home/monith/test_rover/build/waypoint_navigation': CMAKE_PREFIX_PATH=${CMAKE_PREFIX_PATH}:/home/monith/test_rover/install/rover_control:/opt/ros/humble /usr/bin/cmake --build /home/monith/test_rover/build/waypoint_navigation -- -j8 -l8
[0.347s] -- Found ament_cmake: 1.3.14 (/opt/ros/humble/share/ament_cmake/cmake)
[0.487s] -- Override CMake install command with custom implementation using symlinks instead of copying resources
[0.502s] -- Found rcl_interfaces: 1.2.2 (/opt/ros/humble/share/rcl_interfaces/cmake)
[0.534s] -- Found rosidl_generator_c: 3.1.8 (/opt/ros/humble/share/rosidl_generator_c/cmake)
[0.538s] -- Found rosidl_adapter: 3.1.8 (/opt/ros/humble/share/rosidl_adapter/cmake)
[0.545s] -- Found rosidl_generator_cpp: 3.1.8 (/opt/ros/humble/share/rosidl_generator_cpp/cmake)
[0.557s] -- Using all available rosidl_typesupport_c: rosidl_typesupport_fastrtps_c;rosidl_typesupport_introspection_c
[0.571s] -- Using all available rosidl_typesupport_cpp: rosidl_typesupport_fastrtps_cpp;rosidl_typesupport_introspection_cpp
[0.597s] -- Found std_msgs: 4.9.1 (/opt/ros/humble/share/std_msgs/cmake)
[0.613s] -- Found action_msgs: 1.2.2 (/opt/ros/humble/share/action_msgs/cmake)
[0.638s] -- Found geometry_msgs: 4.9.1 (/opt/ros/humble/share/geometry_msgs/cmake)
[0.652s] -- Found rosidl_default_generators: 1.2.1 (/opt/ros/humble/share/rosidl_default_generators/cmake)
[0.897s] [31mCMake Error at /opt/ros/humble/share/rosidl_adapter/cmake/rosidl_adapt_interfaces.cmake:59 (message):
[0.897s]   execute_process(/usr/bin/python3 -m rosidl_adapter --package-name
[0.897s]   waypoint_navigation --arguments-file
[0.897s]   /home/monith/test_rover/build/waypoint_navigation/rosidl_adapter__arguments__waypoint_navigation.json
[0.897s]   --output-dir
[0.897s]   /home/monith/test_rover/build/waypoint_navigation/rosidl_adapter/waypoint_navigation
[0.897s]   --output-file
[0.897s]   /home/monith/test_rover/build/waypoint_navigation/rosidl_adapter/waypoint_navigation.idls)
[0.898s]   returned error code 1:
[0.898s] 
[0.898s]   Traceback (most recent call last):
[0.898s] 
[0.898s]     File "/usr/lib/python3.10/runpy.py", line 196, in _run_module_as_main
[0.898s]       return _run_code(code, main_globals, None,
[0.898s]     File "/usr/lib/python3.10/runpy.py", line 86, in _run_code
[0.898s]       exec(code, run_globals)
[0.898s]     File "/opt/ros/humble/local/lib/python3.10/dist-packages/rosidl_adapter/__main__.py", line 19, in <module>
[0.898s]       sys.exit(main())
[0.898s]     File "/opt/ros/humble/local/lib/python3.10/dist-packages/rosidl_adapter/main.py", line 53, in main
[0.898s]       abs_idl_file = convert_to_idl(
[0.898s]     File "/opt/ros/humble/local/lib/python3.10/dist-packages/rosidl_adapter/__init__.py", line 19, in convert_to_idl
[0.898s]       return convert_msg_to_idl(
[0.898s]     File "/opt/ros/humble/local/lib/python3.10/dist-packages/rosidl_adapter/msg/__init__.py", line 28, in convert_msg_to_idl
[0.898s]       msg = parse_message_string(package_name, input_file.stem, content)
[0.899s]     File "/opt/ros/humble/local/lib/python3.10/dist-packages/rosidl_adapter/parser.py", line 544, in parse_message_string
[0.899s]       msg = MessageSpecification(pkg_name, msg_name, fields, constants)
[0.899s]     File "/opt/ros/humble/local/lib/python3.10/dist-packages/rosidl_adapter/parser.py", line 388, in __init__
[0.899s]       self.base_type = BaseType(
[0.899s]     File "/opt/ros/humble/local/lib/python3.10/dist-packages/rosidl_adapter/parser.py", line 205, in __init__
[0.899s]       raise InvalidResourceName(
[0.899s] 
[0.899s]   rosidl_adapter.parser.InvalidResourceName: 'estimated_vel' is an invalid
[0.899s]   message name.  It should have the pattern '^[A-Z][A-Za-z0-9]*$'
[0.899s] 
[0.899s] Call Stack (most recent call first):
[0.899s]   /opt/ros/humble/share/rosidl_cmake/cmake/rosidl_generate_interfaces.cmake:130 (rosidl_adapt_interfaces)
[0.899s]   CMakeLists.txt:17 (rosidl_generate_interfaces)
[0.899s] 
[0.899s] [0m
[0.899s] -- Configuring incomplete, errors occurred!
[0.900s] See also "/home/monith/test_rover/build/waypoint_navigation/CMakeFiles/CMakeOutput.log".
[0.907s] gmake: *** [Makefile:1193: cmake_check_build_system] Error 1
[0.911s] Invoked command in '/home/monith/test_rover/build/waypoint_navigation' returned '2': CMAKE_PREFIX_PATH=${CMAKE_PREFIX_PATH}:/home/monith/test_rover/install/rover_control:/opt/ros/humble /usr/bin/cmake --build /home/monith/test_rover/build/waypoint_navigation -- -j8 -l8
