[0.247s] Invoking command in '/home/monith/test_rover/build/waypoint_navigation': CMAKE_PREFIX_PATH=${CMAKE_PREFIX_PATH}:/home/monith/test_rover/install/rover_control:/opt/ros/humble /usr/bin/cmake /home/monith/test_rover/src/waypoint_navigation -DAMENT_CMAKE_SYMLINK_INSTALL=1 -DCMAKE_INSTALL_PREFIX=/home/monith/test_rover/install/waypoint_navigation
[0.315s] -- The C compiler identification is GNU 11.4.0
[0.379s] -- The CXX compiler identification is GNU 11.4.0
[0.388s] -- Detecting C compiler ABI info
[0.471s] -- Detecting C compiler ABI info - done
[0.479s] -- Check for working C compiler: /usr/bin/cc - skipped
[0.479s] -- Detecting C compile features
[0.479s] -- Detecting C compile features - done
[0.483s] -- Detecting CXX compiler ABI info
[0.590s] -- Detecting CXX compiler ABI info - done
[0.598s] -- Check for working CXX compiler: /usr/bin/c++ - skipped
[0.598s] -- Detecting CXX compile features
[0.598s] -- Detecting CXX compile features - done
[0.601s] -- Found ament_cmake: 1.3.14 (/opt/ros/humble/share/ament_cmake/cmake)
[0.774s] -- Found Python3: /usr/bin/python3 (found version "3.10.12") found components: Interpreter 
[0.851s] -- Override CMake install command with custom implementation using symlinks instead of copying resources
[0.879s] -- Found rcl_interfaces: 1.2.2 (/opt/ros/humble/share/rcl_interfaces/cmake)
[0.913s] -- Found rosidl_generator_c: 3.1.8 (/opt/ros/humble/share/rosidl_generator_c/cmake)
[0.918s] -- Found rosidl_adapter: 3.1.8 (/opt/ros/humble/share/rosidl_adapter/cmake)
[0.926s] -- Found rosidl_generator_cpp: 3.1.8 (/opt/ros/humble/share/rosidl_generator_cpp/cmake)
[0.938s] -- Using all available rosidl_typesupport_c: rosidl_typesupport_fastrtps_c;rosidl_typesupport_introspection_c
[0.955s] -- Using all available rosidl_typesupport_cpp: rosidl_typesupport_fastrtps_cpp;rosidl_typesupport_introspection_cpp
[0.982s] -- Found std_msgs: 4.9.1 (/opt/ros/humble/share/std_msgs/cmake)
[0.994s] -- Found action_msgs: 1.2.2 (/opt/ros/humble/share/action_msgs/cmake)
[1.020s] -- Found geometry_msgs: 4.9.1 (/opt/ros/humble/share/geometry_msgs/cmake)
[1.034s] -- Found rosidl_default_generators: 1.2.1 (/opt/ros/humble/share/rosidl_default_generators/cmake)
[1.399s] -- Found ament_cmake_ros: 0.10.0 (/opt/ros/humble/share/ament_cmake_ros/cmake)
[1.893s] -- Using all available rosidl_typesupport_c: rosidl_typesupport_fastrtps_c;rosidl_typesupport_introspection_c
[2.088s] -- Using all available rosidl_typesupport_cpp: rosidl_typesupport_fastrtps_cpp;rosidl_typesupport_introspection_cpp
[2.114s] -- Found PythonInterp: /usr/bin/python3 (found suitable version "3.10.12", minimum required is "3.6") 
[2.116s] -- Found python_cmake_module: 0.10.0 (/opt/ros/humble/share/python_cmake_module/cmake)
[2.150s] -- Found PythonLibs: /usr/lib/x86_64-linux-gnu/libpython3.10.so (found suitable version "3.10.12", minimum required is "3.5") 
[2.150s] -- Using PYTHON_EXECUTABLE: /usr/bin/python3
[2.151s] -- Using PYTHON_INCLUDE_DIRS: /usr/include/python3.10
[2.151s] -- Using PYTHON_LIBRARIES: /usr/lib/x86_64-linux-gnu/libpython3.10.so
[2.177s] -- Found PythonExtra: .so  
[2.358s] -- Found ament_lint_auto: 0.12.15 (/opt/ros/humble/share/ament_lint_auto/cmake)
[2.385s] -- Added test 'lint_cmake' to check CMake code style
[2.387s] -- Added test 'xmllint' to check XML markup files
[2.391s] -- Configuring done
[2.442s] -- Generating done
[2.458s] -- Build files have been written to: /home/monith/test_rover/build/waypoint_navigation
[2.472s] Invoked command in '/home/monith/test_rover/build/waypoint_navigation' returned '0': CMAKE_PREFIX_PATH=${CMAKE_PREFIX_PATH}:/home/monith/test_rover/install/rover_control:/opt/ros/humble /usr/bin/cmake /home/monith/test_rover/src/waypoint_navigation -DAMENT_CMAKE_SYMLINK_INSTALL=1 -DCMAKE_INSTALL_PREFIX=/home/monith/test_rover/install/waypoint_navigation
[2.475s] Invoking command in '/home/monith/test_rover/build/waypoint_navigation': CMAKE_PREFIX_PATH=${CMAKE_PREFIX_PATH}:/home/monith/test_rover/install/rover_control:/opt/ros/humble /usr/bin/cmake --build /home/monith/test_rover/build/waypoint_navigation -- -j8 -l8
[2.524s] [  2%] [34m[1mGenerating C code for ROS interfaces[0m
[2.537s] [  7%] [34m[1mGenerating C++ code for ROS interfaces[0m
[2.538s] [  7%] [34m[1mGenerating Rust code for ROS interfaces[0m
[2.549s] [  7%] Built target ament_cmake_python_symlink_waypoint_navigation
[2.814s] running egg_info
[2.815s] creating waypoint_navigation.egg-info
[2.815s] writing waypoint_navigation.egg-info/PKG-INFO
[2.816s] writing dependency_links to waypoint_navigation.egg-info/dependency_links.txt
[2.816s] writing top-level names to waypoint_navigation.egg-info/top_level.txt
[2.816s] writing manifest file 'waypoint_navigation.egg-info/SOURCES.txt'
[2.819s] reading manifest file 'waypoint_navigation.egg-info/SOURCES.txt'
[2.820s] writing manifest file 'waypoint_navigation.egg-info/SOURCES.txt'
[2.885s] [  7%] Built target ament_cmake_python_build_waypoint_navigation_egg
[2.917s] [  7%] Built target waypoint_navigation__rs
[3.086s] [ 12%] [32mBuilding C object CMakeFiles/waypoint_navigation__rosidl_generator_c.dir/rosidl_generator_c/waypoint_navigation/action/detail/nav_to_waypoint__functions.c.o[0m
[3.086s] [ 10%] [32mBuilding C object CMakeFiles/waypoint_navigation__rosidl_generator_c.dir/rosidl_generator_c/waypoint_navigation/srv/detail/get_way_points__functions.c.o[0m
[3.110s] [ 12%] Built target waypoint_navigation__cpp
[3.126s] [ 20%] [34m[1mGenerating C++ type support dispatch for ROS interfaces[0m
[3.126s] [ 20%] [34m[1mGenerating C++ introspection for ROS interfaces[0m
[3.126s] [ 20%] [34m[1mGenerating C++ type support for eProsima Fast-RTPS[0m
[3.309s] [ 22%] [32m[1mLinking C shared library libwaypoint_navigation__rosidl_generator_c.so[0m
[3.374s] [ 22%] Built target waypoint_navigation__rosidl_generator_c
[3.392s] [ 30%] [34m[1mGenerating C introspection for ROS interfaces[0m
[3.392s] [ 30%] [34m[1mGenerating C type support for eProsima Fast-RTPS[0m
[3.392s] [ 30%] [34m[1mGenerating C type support dispatch for ROS interfaces[0m
[3.632s] [ 32%] [32mBuilding CXX object CMakeFiles/waypoint_navigation__rosidl_typesupport_introspection_cpp.dir/rosidl_typesupport_introspection_cpp/waypoint_navigation/action/detail/nav_to_waypoint__type_support.cpp.o[0m
[3.636s] [ 35%] [32mBuilding CXX object CMakeFiles/waypoint_navigation__rosidl_typesupport_introspection_cpp.dir/rosidl_typesupport_introspection_cpp/waypoint_navigation/srv/detail/get_way_points__type_support.cpp.o[0m
[3.644s] [ 37%] [32mBuilding CXX object CMakeFiles/waypoint_navigation__rosidl_typesupport_cpp.dir/rosidl_typesupport_cpp/waypoint_navigation/srv/get_way_points__type_support.cpp.o[0m
[3.645s] [ 40%] [32mBuilding CXX object CMakeFiles/waypoint_navigation__rosidl_typesupport_cpp.dir/rosidl_typesupport_cpp/waypoint_navigation/action/nav_to_waypoint__type_support.cpp.o[0m
[3.878s] [ 42%] [32mBuilding CXX object CMakeFiles/waypoint_navigation__rosidl_typesupport_fastrtps_cpp.dir/rosidl_typesupport_fastrtps_cpp/waypoint_navigation/srv/detail/dds_fastrtps/get_way_points__type_support.cpp.o[0m
[3.983s] [ 45%] [32mBuilding CXX object CMakeFiles/waypoint_navigation__rosidl_typesupport_c.dir/rosidl_typesupport_c/waypoint_navigation/srv/get_way_points__type_support.cpp.o[0m
[4.052s] [ 47%] [32mBuilding CXX object CMakeFiles/waypoint_navigation__rosidl_typesupport_c.dir/rosidl_typesupport_c/waypoint_navigation/action/nav_to_waypoint__type_support.cpp.o[0m
[4.160s] [ 50%] [32m[1mLinking CXX shared library libwaypoint_navigation__rosidl_typesupport_c.so[0m
[4.225s] [ 52%] [32mBuilding CXX object CMakeFiles/waypoint_navigation__rosidl_typesupport_fastrtps_cpp.dir/rosidl_typesupport_fastrtps_cpp/waypoint_navigation/action/detail/dds_fastrtps/nav_to_waypoint__type_support.cpp.o[0m
[4.255s] [ 52%] Built target waypoint_navigation__rosidl_typesupport_c
[4.275s] [ 55%] [32mBuilding C object CMakeFiles/waypoint_navigation__rosidl_typesupport_introspection_c.dir/rosidl_typesupport_introspection_c/waypoint_navigation/srv/detail/get_way_points__type_support.c.o[0m
[4.286s] [ 57%] [32mBuilding C object CMakeFiles/waypoint_navigation__rosidl_typesupport_introspection_c.dir/rosidl_typesupport_introspection_c/waypoint_navigation/action/detail/nav_to_waypoint__type_support.c.o[0m
[4.308s] [ 60%] [32mBuilding CXX object CMakeFiles/waypoint_navigation__rosidl_typesupport_fastrtps_c.dir/rosidl_typesupport_fastrtps_c/waypoint_navigation/srv/detail/get_way_points__type_support_c.cpp.o[0m
[4.373s] [ 62%] [32mBuilding CXX object CMakeFiles/waypoint_navigation__rosidl_typesupport_fastrtps_c.dir/rosidl_typesupport_fastrtps_c/waypoint_navigation/action/detail/nav_to_waypoint__type_support_c.cpp.o[0m
[4.402s] [ 65%] [32m[1mLinking C shared library libwaypoint_navigation__rosidl_typesupport_introspection_c.so[0m
[4.482s] [ 65%] Built target waypoint_navigation__rosidl_typesupport_introspection_c
[4.561s] [ 67%] [32m[1mLinking CXX shared library libwaypoint_navigation__rosidl_typesupport_cpp.so[0m
[4.635s] [ 67%] Built target waypoint_navigation__rosidl_typesupport_cpp
[4.676s] [ 70%] [32m[1mLinking CXX shared library libwaypoint_navigation__rosidl_typesupport_introspection_cpp.so[0m
[4.827s] [ 70%] Built target waypoint_navigation__rosidl_typesupport_introspection_cpp
[4.948s] [ 72%] [32m[1mLinking CXX shared library libwaypoint_navigation__rosidl_typesupport_fastrtps_c.so[0m
[5.066s] [ 75%] [32m[1mLinking CXX shared library libwaypoint_navigation__rosidl_typesupport_fastrtps_cpp.so[0m
[5.081s] [ 75%] Built target waypoint_navigation__rosidl_typesupport_fastrtps_c
[5.187s] [ 75%] Built target waypoint_navigation__rosidl_typesupport_fastrtps_cpp
[5.216s] [ 75%] Built target waypoint_navigation
[5.243s] [ 77%] [34m[1mGenerating Python code for ROS interfaces[0m
[6.044s] [ 77%] Built target waypoint_navigation__py
[6.073s] [ 82%] [32mBuilding C object CMakeFiles/waypoint_navigation__rosidl_generator_py.dir/rosidl_generator_py/waypoint_navigation/srv/_get_way_points_s.c.o[0m
[6.073s] [ 82%] [32mBuilding C object CMakeFiles/waypoint_navigation__rosidl_generator_py.dir/rosidl_generator_py/waypoint_navigation/action/_nav_to_waypoint_s.c.o[0m
[6.247s] [ 85%] [32m[1mLinking C shared library rosidl_generator_py/waypoint_navigation/libwaypoint_navigation__rosidl_generator_py.so[0m
[6.299s] [ 85%] Built target waypoint_navigation__rosidl_generator_py
[6.325s] [ 92%] [32mBuilding C object CMakeFiles/waypoint_navigation__rosidl_typesupport_introspection_c__pyext.dir/rosidl_generator_py/waypoint_navigation/_waypoint_navigation_s.ep.rosidl_typesupport_introspection_c.c.o[0m
[6.325s] [ 92%] [32mBuilding C object CMakeFiles/waypoint_navigation__rosidl_typesupport_fastrtps_c__pyext.dir/rosidl_generator_py/waypoint_navigation/_waypoint_navigation_s.ep.rosidl_typesupport_fastrtps_c.c.o[0m
[6.325s] [ 92%] [32mBuilding C object CMakeFiles/waypoint_navigation__rosidl_typesupport_c__pyext.dir/rosidl_generator_py/waypoint_navigation/_waypoint_navigation_s.ep.rosidl_typesupport_c.c.o[0m
[6.472s] [100%] [32m[1mLinking C shared library rosidl_generator_py/waypoint_navigation/waypoint_navigation_s__rosidl_typesupport_c.cpython-310-x86_64-linux-gnu.so[0m
[6.473s] [100%] [32m[1mLinking C shared library rosidl_generator_py/waypoint_navigation/waypoint_navigation_s__rosidl_typesupport_introspection_c.cpython-310-x86_64-linux-gnu.so[0m
[6.473s] [100%] [32m[1mLinking C shared library rosidl_generator_py/waypoint_navigation/waypoint_navigation_s__rosidl_typesupport_fastrtps_c.cpython-310-x86_64-linux-gnu.so[0m
[6.528s] [100%] Built target waypoint_navigation__rosidl_typesupport_c__pyext
[6.529s] [100%] Built target waypoint_navigation__rosidl_typesupport_introspection_c__pyext
[6.529s] [100%] Built target waypoint_navigation__rosidl_typesupport_fastrtps_c__pyext
[6.545s] Invoked command in '/home/monith/test_rover/build/waypoint_navigation' returned '0': CMAKE_PREFIX_PATH=${CMAKE_PREFIX_PATH}:/home/monith/test_rover/install/rover_control:/opt/ros/humble /usr/bin/cmake --build /home/monith/test_rover/build/waypoint_navigation -- -j8 -l8
[6.558s] Invoking command in '/home/monith/test_rover/build/waypoint_navigation': CMAKE_PREFIX_PATH=${CMAKE_PREFIX_PATH}:/home/monith/test_rover/install/rover_control:/opt/ros/humble /usr/bin/cmake --install /home/monith/test_rover/build/waypoint_navigation
[6.569s] -- Install configuration: ""
[6.569s] -- Execute custom install script
[6.569s] -- Symlinking: /home/monith/test_rover/install/waypoint_navigation/share/ament_index/resource_index/rosidl_interfaces/waypoint_navigation
[6.583s] -- Symlinking: /home/monith/test_rover/install/waypoint_navigation/include/waypoint_navigation/waypoint_navigation/action/detail/nav_to_waypoint__functions.h
[6.595s] -- Symlinking: /home/monith/test_rover/install/waypoint_navigation/include/waypoint_navigation/waypoint_navigation/action/detail/nav_to_waypoint__struct.h
[6.607s] -- Symlinking: /home/monith/test_rover/install/waypoint_navigation/include/waypoint_navigation/waypoint_navigation/action/detail/nav_to_waypoint__type_support.h
[6.619s] -- Symlinking: /home/monith/test_rover/install/waypoint_navigation/include/waypoint_navigation/waypoint_navigation/action/nav_to_waypoint.h
[6.633s] -- Symlinking: /home/monith/test_rover/install/waypoint_navigation/include/waypoint_navigation/waypoint_navigation/msg/rosidl_generator_c__visibility_control.h
[6.645s] -- Symlinking: /home/monith/test_rover/install/waypoint_navigation/include/waypoint_navigation/waypoint_navigation/srv/detail/get_way_points__functions.h
[6.658s] -- Symlinking: /home/monith/test_rover/install/waypoint_navigation/include/waypoint_navigation/waypoint_navigation/srv/detail/get_way_points__struct.h
[6.669s] -- Symlinking: /home/monith/test_rover/install/waypoint_navigation/include/waypoint_navigation/waypoint_navigation/srv/detail/get_way_points__type_support.h
[6.680s] -- Symlinking: /home/monith/test_rover/install/waypoint_navigation/include/waypoint_navigation/waypoint_navigation/srv/get_way_points.h
[6.692s] -- Symlinking: /home/monith/test_rover/install/waypoint_navigation/share/waypoint_navigation/environment/library_path.sh
[6.703s] -- Symlinking: /home/monith/test_rover/install/waypoint_navigation/share/waypoint_navigation/environment/library_path.dsv
[6.716s] -- Symlinking: /home/monith/test_rover/install/waypoint_navigation/include/waypoint_navigation/waypoint_navigation/action/detail/nav_to_waypoint__rosidl_typesupport_fastrtps_c.h
[6.727s] -- Symlinking: /home/monith/test_rover/install/waypoint_navigation/include/waypoint_navigation/waypoint_navigation/msg/rosidl_typesupport_fastrtps_c__visibility_control.h
[6.738s] -- Symlinking: /home/monith/test_rover/install/waypoint_navigation/include/waypoint_navigation/waypoint_navigation/srv/detail/get_way_points__rosidl_typesupport_fastrtps_c.h
[6.750s] -- Symlinking: /home/monith/test_rover/install/waypoint_navigation/include/waypoint_navigation/waypoint_navigation/action/detail/nav_to_waypoint__builder.hpp
[6.761s] -- Symlinking: /home/monith/test_rover/install/waypoint_navigation/include/waypoint_navigation/waypoint_navigation/action/detail/nav_to_waypoint__struct.hpp
[6.772s] -- Symlinking: /home/monith/test_rover/install/waypoint_navigation/include/waypoint_navigation/waypoint_navigation/action/detail/nav_to_waypoint__traits.hpp
[6.784s] -- Symlinking: /home/monith/test_rover/install/waypoint_navigation/include/waypoint_navigation/waypoint_navigation/action/detail/nav_to_waypoint__type_support.hpp
[6.795s] -- Symlinking: /home/monith/test_rover/install/waypoint_navigation/include/waypoint_navigation/waypoint_navigation/action/nav_to_waypoint.hpp
[6.807s] -- Symlinking: /home/monith/test_rover/install/waypoint_navigation/include/waypoint_navigation/waypoint_navigation/msg/rosidl_generator_cpp__visibility_control.hpp
[6.820s] -- Symlinking: /home/monith/test_rover/install/waypoint_navigation/include/waypoint_navigation/waypoint_navigation/srv/detail/get_way_points__builder.hpp
[6.833s] -- Symlinking: /home/monith/test_rover/install/waypoint_navigation/include/waypoint_navigation/waypoint_navigation/srv/detail/get_way_points__struct.hpp
[6.845s] -- Symlinking: /home/monith/test_rover/install/waypoint_navigation/include/waypoint_navigation/waypoint_navigation/srv/detail/get_way_points__traits.hpp
[6.858s] -- Symlinking: /home/monith/test_rover/install/waypoint_navigation/include/waypoint_navigation/waypoint_navigation/srv/detail/get_way_points__type_support.hpp
[6.870s] -- Symlinking: /home/monith/test_rover/install/waypoint_navigation/include/waypoint_navigation/waypoint_navigation/srv/get_way_points.hpp
[6.885s] -- Symlinking: /home/monith/test_rover/install/waypoint_navigation/include/waypoint_navigation/waypoint_navigation/action/detail/nav_to_waypoint__rosidl_typesupport_fastrtps_cpp.hpp
[6.897s] -- Symlinking: /home/monith/test_rover/install/waypoint_navigation/include/waypoint_navigation/waypoint_navigation/msg/rosidl_typesupport_fastrtps_cpp__visibility_control.h
[6.908s] -- Symlinking: /home/monith/test_rover/install/waypoint_navigation/include/waypoint_navigation/waypoint_navigation/srv/detail/get_way_points__rosidl_typesupport_fastrtps_cpp.hpp
[6.922s] -- Symlinking: /home/monith/test_rover/install/waypoint_navigation/include/waypoint_navigation/waypoint_navigation/action/detail/nav_to_waypoint__rosidl_typesupport_introspection_c.h
[6.935s] -- Symlinking: /home/monith/test_rover/install/waypoint_navigation/include/waypoint_navigation/waypoint_navigation/msg/rosidl_typesupport_introspection_c__visibility_control.h
[6.947s] -- Symlinking: /home/monith/test_rover/install/waypoint_navigation/include/waypoint_navigation/waypoint_navigation/srv/detail/get_way_points__rosidl_typesupport_introspection_c.h
[6.959s] -- Symlinking: /home/monith/test_rover/install/waypoint_navigation/include/waypoint_navigation/waypoint_navigation/action/detail/nav_to_waypoint__rosidl_typesupport_introspection_cpp.hpp
[6.971s] -- Symlinking: /home/monith/test_rover/install/waypoint_navigation/include/waypoint_navigation/waypoint_navigation/srv/detail/get_way_points__rosidl_typesupport_introspection_cpp.hpp
[6.982s] -- Symlinking: /home/monith/test_rover/install/waypoint_navigation/share/waypoint_navigation/environment/pythonpath.sh
[6.994s] -- Symlinking: /home/monith/test_rover/install/waypoint_navigation/share/waypoint_navigation/environment/pythonpath.dsv
[7.006s] -- Symlinking: /home/monith/test_rover/install/waypoint_navigation/local/lib/python3.10/dist-packages/waypoint_navigation-0.0.0-py3.10.egg-info/PKG-INFO
[7.020s] -- Symlinking: /home/monith/test_rover/install/waypoint_navigation/local/lib/python3.10/dist-packages/waypoint_navigation-0.0.0-py3.10.egg-info/SOURCES.txt
[7.032s] -- Symlinking: /home/monith/test_rover/install/waypoint_navigation/local/lib/python3.10/dist-packages/waypoint_navigation-0.0.0-py3.10.egg-info/dependency_links.txt
[7.045s] -- Symlinking: /home/monith/test_rover/install/waypoint_navigation/local/lib/python3.10/dist-packages/waypoint_navigation-0.0.0-py3.10.egg-info/top_level.txt
[7.058s] -- Symlinking: /home/monith/test_rover/install/waypoint_navigation/local/lib/python3.10/dist-packages/waypoint_navigation/__init__.py
[7.071s] -- Symlinking: /home/monith/test_rover/install/waypoint_navigation/local/lib/python3.10/dist-packages/waypoint_navigation/_waypoint_navigation_s.ep.rosidl_typesupport_c.c
[7.083s] -- Symlinking: /home/monith/test_rover/install/waypoint_navigation/local/lib/python3.10/dist-packages/waypoint_navigation/_waypoint_navigation_s.ep.rosidl_typesupport_fastrtps_c.c
[7.095s] -- Symlinking: /home/monith/test_rover/install/waypoint_navigation/local/lib/python3.10/dist-packages/waypoint_navigation/_waypoint_navigation_s.ep.rosidl_typesupport_introspection_c.c
[7.107s] -- Symlinking: /home/monith/test_rover/install/waypoint_navigation/local/lib/python3.10/dist-packages/waypoint_navigation/action/__init__.py
[7.119s] -- Symlinking: /home/monith/test_rover/install/waypoint_navigation/local/lib/python3.10/dist-packages/waypoint_navigation/action/_nav_to_waypoint.py
[7.131s] -- Symlinking: /home/monith/test_rover/install/waypoint_navigation/local/lib/python3.10/dist-packages/waypoint_navigation/action/_nav_to_waypoint_s.c
[7.143s] -- Symlinking: /home/monith/test_rover/install/waypoint_navigation/local/lib/python3.10/dist-packages/waypoint_navigation/libwaypoint_navigation__rosidl_generator_py.so
[7.155s] -- Symlinking: /home/monith/test_rover/install/waypoint_navigation/local/lib/python3.10/dist-packages/waypoint_navigation/srv/__init__.py
[7.166s] -- Symlinking: /home/monith/test_rover/install/waypoint_navigation/local/lib/python3.10/dist-packages/waypoint_navigation/srv/_get_way_points.py
[7.177s] -- Symlinking: /home/monith/test_rover/install/waypoint_navigation/local/lib/python3.10/dist-packages/waypoint_navigation/srv/_get_way_points_s.c
[7.188s] -- Symlinking: /home/monith/test_rover/install/waypoint_navigation/local/lib/python3.10/dist-packages/waypoint_navigation/waypoint_navigation_s__rosidl_typesupport_c.cpython-310-x86_64-linux-gnu.so
[7.199s] -- Symlinking: /home/monith/test_rover/install/waypoint_navigation/local/lib/python3.10/dist-packages/waypoint_navigation/waypoint_navigation_s__rosidl_typesupport_fastrtps_c.cpython-310-x86_64-linux-gnu.so
[7.210s] -- Symlinking: /home/monith/test_rover/install/waypoint_navigation/local/lib/python3.10/dist-packages/waypoint_navigation/waypoint_navigation_s__rosidl_typesupport_introspection_c.cpython-310-x86_64-linux-gnu.so
[7.221s] -- Up-to-date symlink: /home/monith/test_rover/install/waypoint_navigation/local/lib/python3.10/dist-packages/waypoint_navigation/waypoint_navigation_s__rosidl_typesupport_fastrtps_c.cpython-310-x86_64-linux-gnu.so
[7.221s] -- Up-to-date symlink: /home/monith/test_rover/install/waypoint_navigation/local/lib/python3.10/dist-packages/waypoint_navigation/waypoint_navigation_s__rosidl_typesupport_introspection_c.cpython-310-x86_64-linux-gnu.so
[7.222s] -- Up-to-date symlink: /home/monith/test_rover/install/waypoint_navigation/local/lib/python3.10/dist-packages/waypoint_navigation/waypoint_navigation_s__rosidl_typesupport_c.cpython-310-x86_64-linux-gnu.so
[7.222s] -- Symlinking: /home/monith/test_rover/install/waypoint_navigation/share/ament_index/resource_index/rust_packages/waypoint_navigation
[7.235s] -- Symlinking: /home/monith/test_rover/install/waypoint_navigation/share/waypoint_navigation/rust/Cargo.toml
[7.245s] -- Symlinking: /home/monith/test_rover/install/waypoint_navigation/share/waypoint_navigation/rust/build.rs
[7.258s] -- Symlinking: /home/monith/test_rover/install/waypoint_navigation/share/waypoint_navigation/rust/src/action.rs
[7.270s] -- Symlinking: /home/monith/test_rover/install/waypoint_navigation/share/waypoint_navigation/rust/src/action/rmw.rs
[7.282s] -- Symlinking: /home/monith/test_rover/install/waypoint_navigation/share/waypoint_navigation/rust/src/lib.rs
[7.294s] -- Symlinking: /home/monith/test_rover/install/waypoint_navigation/share/waypoint_navigation/rust/src/srv.rs
[7.306s] -- Symlinking: /home/monith/test_rover/install/waypoint_navigation/share/waypoint_navigation/rust/src/srv/rmw.rs
[7.319s] -- Symlinking: /home/monith/test_rover/install/waypoint_navigation/share/waypoint_navigation/srv/GetWayPoints.idl
[7.330s] -- Symlinking: /home/monith/test_rover/install/waypoint_navigation/share/waypoint_navigation/action/NavToWaypoint.idl
[7.343s] -- Symlinking: /home/monith/test_rover/install/waypoint_navigation/share/waypoint_navigation/srv/GetWayPoints.srv
[7.355s] -- Symlinking: /home/monith/test_rover/install/waypoint_navigation/share/waypoint_navigation/srv/GetWayPoints_Request.msg
[7.366s] -- Symlinking: /home/monith/test_rover/install/waypoint_navigation/share/waypoint_navigation/srv/GetWayPoints_Response.msg
[7.377s] -- Symlinking: /home/monith/test_rover/install/waypoint_navigation/share/waypoint_navigation/action/NavToWaypoint.action
[7.390s] -- Symlinking: /home/monith/test_rover/install/waypoint_navigation/share/ament_index/resource_index/package_run_dependencies/waypoint_navigation
[7.401s] -- Symlinking: /home/monith/test_rover/install/waypoint_navigation/share/ament_index/resource_index/parent_prefix_path/waypoint_navigation
[7.413s] -- Symlinking: /home/monith/test_rover/install/waypoint_navigation/share/waypoint_navigation/environment/ament_prefix_path.sh
[7.424s] -- Symlinking: /home/monith/test_rover/install/waypoint_navigation/share/waypoint_navigation/environment/ament_prefix_path.dsv
[7.435s] -- Symlinking: /home/monith/test_rover/install/waypoint_navigation/share/waypoint_navigation/environment/path.sh
[7.447s] -- Symlinking: /home/monith/test_rover/install/waypoint_navigation/share/waypoint_navigation/environment/path.dsv
[7.458s] -- Symlinking: /home/monith/test_rover/install/waypoint_navigation/share/waypoint_navigation/local_setup.bash
[7.469s] -- Symlinking: /home/monith/test_rover/install/waypoint_navigation/share/waypoint_navigation/local_setup.sh
[7.480s] -- Symlinking: /home/monith/test_rover/install/waypoint_navigation/share/waypoint_navigation/local_setup.zsh
[7.492s] -- Symlinking: /home/monith/test_rover/install/waypoint_navigation/share/waypoint_navigation/local_setup.dsv
[7.505s] -- Symlinking: /home/monith/test_rover/install/waypoint_navigation/share/waypoint_navigation/package.dsv
[7.517s] -- Symlinking: /home/monith/test_rover/install/waypoint_navigation/share/ament_index/resource_index/packages/waypoint_navigation
[7.530s] -- Symlinking: /home/monith/test_rover/install/waypoint_navigation/share/waypoint_navigation/cmake/rosidl_cmake-extras.cmake
[7.543s] -- Symlinking: /home/monith/test_rover/install/waypoint_navigation/share/waypoint_navigation/cmake/ament_cmake_export_dependencies-extras.cmake
[7.555s] -- Symlinking: /home/monith/test_rover/install/waypoint_navigation/share/waypoint_navigation/cmake/ament_cmake_export_include_directories-extras.cmake
[7.567s] -- Symlinking: /home/monith/test_rover/install/waypoint_navigation/share/waypoint_navigation/cmake/ament_cmake_export_libraries-extras.cmake
[7.579s] -- Symlinking: /home/monith/test_rover/install/waypoint_navigation/share/waypoint_navigation/cmake/ament_cmake_export_targets-extras.cmake
[7.592s] -- Symlinking: /home/monith/test_rover/install/waypoint_navigation/share/waypoint_navigation/cmake/rosidl_cmake_export_typesupport_targets-extras.cmake
[7.603s] -- Symlinking: /home/monith/test_rover/install/waypoint_navigation/share/waypoint_navigation/cmake/rosidl_cmake_export_typesupport_libraries-extras.cmake
[7.614s] -- Symlinking: /home/monith/test_rover/install/waypoint_navigation/share/waypoint_navigation/cmake/waypoint_navigationConfig.cmake
[7.627s] -- Symlinking: /home/monith/test_rover/install/waypoint_navigation/share/waypoint_navigation/cmake/waypoint_navigationConfig-version.cmake
[7.638s] -- Symlinking: /home/monith/test_rover/install/waypoint_navigation/share/waypoint_navigation/package.xml
[7.649s] -- Installing: /home/monith/test_rover/install/waypoint_navigation/lib/libwaypoint_navigation__rosidl_generator_c.so
[7.649s] -- Set runtime path of "/home/monith/test_rover/install/waypoint_navigation/lib/libwaypoint_navigation__rosidl_generator_c.so" to ""
[7.650s] -- Installing: /home/monith/test_rover/install/waypoint_navigation/lib/libwaypoint_navigation__rosidl_typesupport_fastrtps_c.so
[7.650s] -- Set runtime path of "/home/monith/test_rover/install/waypoint_navigation/lib/libwaypoint_navigation__rosidl_typesupport_fastrtps_c.so" to ""
[7.650s] -- Installing: /home/monith/test_rover/install/waypoint_navigation/lib/libwaypoint_navigation__rosidl_typesupport_fastrtps_cpp.so
[7.650s] -- Set runtime path of "/home/monith/test_rover/install/waypoint_navigation/lib/libwaypoint_navigation__rosidl_typesupport_fastrtps_cpp.so" to ""
[7.650s] -- Installing: /home/monith/test_rover/install/waypoint_navigation/lib/libwaypoint_navigation__rosidl_typesupport_introspection_c.so
[7.651s] -- Set runtime path of "/home/monith/test_rover/install/waypoint_navigation/lib/libwaypoint_navigation__rosidl_typesupport_introspection_c.so" to ""
[7.651s] -- Installing: /home/monith/test_rover/install/waypoint_navigation/lib/libwaypoint_navigation__rosidl_typesupport_c.so
[7.651s] -- Set runtime path of "/home/monith/test_rover/install/waypoint_navigation/lib/libwaypoint_navigation__rosidl_typesupport_c.so" to ""
[7.651s] -- Installing: /home/monith/test_rover/install/waypoint_navigation/lib/libwaypoint_navigation__rosidl_typesupport_introspection_cpp.so
[7.652s] -- Set runtime path of "/home/monith/test_rover/install/waypoint_navigation/lib/libwaypoint_navigation__rosidl_typesupport_introspection_cpp.so" to ""
[7.652s] -- Installing: /home/monith/test_rover/install/waypoint_navigation/lib/libwaypoint_navigation__rosidl_typesupport_cpp.so
[7.652s] -- Set runtime path of "/home/monith/test_rover/install/waypoint_navigation/lib/libwaypoint_navigation__rosidl_typesupport_cpp.so" to ""
[7.693s] Listing '/home/monith/test_rover/install/waypoint_navigation/local/lib/python3.10/dist-packages/waypoint_navigation'...
[7.693s] Compiling '/home/monith/test_rover/install/waypoint_navigation/local/lib/python3.10/dist-packages/waypoint_navigation/__init__.py'...
[7.694s] Listing '/home/monith/test_rover/install/waypoint_navigation/local/lib/python3.10/dist-packages/waypoint_navigation/action'...
[7.694s] Compiling '/home/monith/test_rover/install/waypoint_navigation/local/lib/python3.10/dist-packages/waypoint_navigation/action/__init__.py'...
[7.694s] Compiling '/home/monith/test_rover/install/waypoint_navigation/local/lib/python3.10/dist-packages/waypoint_navigation/action/_nav_to_waypoint.py'...
[7.694s] Listing '/home/monith/test_rover/install/waypoint_navigation/local/lib/python3.10/dist-packages/waypoint_navigation/srv'...
[7.694s] Compiling '/home/monith/test_rover/install/waypoint_navigation/local/lib/python3.10/dist-packages/waypoint_navigation/srv/__init__.py'...
[7.694s] Compiling '/home/monith/test_rover/install/waypoint_navigation/local/lib/python3.10/dist-packages/waypoint_navigation/srv/_get_way_points.py'...
[7.700s] -- Installing: /home/monith/test_rover/install/waypoint_navigation/lib/libwaypoint_navigation__rosidl_generator_py.so
[7.701s] -- Set runtime path of "/home/monith/test_rover/install/waypoint_navigation/lib/libwaypoint_navigation__rosidl_generator_py.so" to ""
[7.701s] -- Installing: /home/monith/test_rover/install/waypoint_navigation/share/waypoint_navigation/cmake/export_waypoint_navigation__rosidl_generator_cExport.cmake
[7.701s] -- Installing: /home/monith/test_rover/install/waypoint_navigation/share/waypoint_navigation/cmake/export_waypoint_navigation__rosidl_generator_cExport-noconfig.cmake
[7.702s] -- Installing: /home/monith/test_rover/install/waypoint_navigation/share/waypoint_navigation/cmake/export_waypoint_navigation__rosidl_typesupport_fastrtps_cExport.cmake
[7.702s] -- Installing: /home/monith/test_rover/install/waypoint_navigation/share/waypoint_navigation/cmake/export_waypoint_navigation__rosidl_typesupport_fastrtps_cExport-noconfig.cmake
[7.702s] -- Installing: /home/monith/test_rover/install/waypoint_navigation/share/waypoint_navigation/cmake/export_waypoint_navigation__rosidl_generator_cppExport.cmake
[7.703s] -- Installing: /home/monith/test_rover/install/waypoint_navigation/share/waypoint_navigation/cmake/export_waypoint_navigation__rosidl_typesupport_fastrtps_cppExport.cmake
[7.703s] -- Installing: /home/monith/test_rover/install/waypoint_navigation/share/waypoint_navigation/cmake/export_waypoint_navigation__rosidl_typesupport_fastrtps_cppExport-noconfig.cmake
[7.703s] -- Installing: /home/monith/test_rover/install/waypoint_navigation/share/waypoint_navigation/cmake/waypoint_navigation__rosidl_typesupport_introspection_cExport.cmake
[7.704s] -- Installing: /home/monith/test_rover/install/waypoint_navigation/share/waypoint_navigation/cmake/waypoint_navigation__rosidl_typesupport_introspection_cExport-noconfig.cmake
[7.704s] -- Installing: /home/monith/test_rover/install/waypoint_navigation/share/waypoint_navigation/cmake/waypoint_navigation__rosidl_typesupport_cExport.cmake
[7.704s] -- Installing: /home/monith/test_rover/install/waypoint_navigation/share/waypoint_navigation/cmake/waypoint_navigation__rosidl_typesupport_cExport-noconfig.cmake
[7.705s] -- Installing: /home/monith/test_rover/install/waypoint_navigation/share/waypoint_navigation/cmake/waypoint_navigation__rosidl_typesupport_introspection_cppExport.cmake
[7.705s] -- Installing: /home/monith/test_rover/install/waypoint_navigation/share/waypoint_navigation/cmake/waypoint_navigation__rosidl_typesupport_introspection_cppExport-noconfig.cmake
[7.705s] -- Installing: /home/monith/test_rover/install/waypoint_navigation/share/waypoint_navigation/cmake/waypoint_navigation__rosidl_typesupport_cppExport.cmake
[7.706s] -- Installing: /home/monith/test_rover/install/waypoint_navigation/share/waypoint_navigation/cmake/waypoint_navigation__rosidl_typesupport_cppExport-noconfig.cmake
[7.706s] -- Installing: /home/monith/test_rover/install/waypoint_navigation/share/waypoint_navigation/cmake/export_waypoint_navigation__rosidl_generator_pyExport.cmake
[7.706s] -- Installing: /home/monith/test_rover/install/waypoint_navigation/share/waypoint_navigation/cmake/export_waypoint_navigation__rosidl_generator_pyExport-noconfig.cmake
[7.714s] Invoked command in '/home/monith/test_rover/build/waypoint_navigation' returned '0': CMAKE_PREFIX_PATH=${CMAKE_PREFIX_PATH}:/home/monith/test_rover/install/rover_control:/opt/ros/humble /usr/bin/cmake --install /home/monith/test_rover/build/waypoint_navigation
