[0.241s] Invoking command in '/home/monith/test_rover/build/waypoint_navigation': CMAKE_PREFIX_PATH=${CMAKE_PREFIX_PATH}:/home/monith/test_rover/install/rover_control:/opt/ros/humble /usr/bin/cmake --build /home/monith/test_rover/build/waypoint_navigation -- -j8 -l8
[0.346s] [  3%] Built target waypoint_navigation__rs
[0.346s] [  3%] Built target waypoint_navigation__cpp
[0.359s] [  3%] Built target ament_cmake_python_symlink_waypoint_navigation
[0.363s] [ 14%] Built target waypoint_navigation__rosidl_generator_c
[0.391s] [ 35%] Built target waypoint_navigation__rosidl_typesupport_fastrtps_cpp
[0.391s] [ 35%] Built target waypoint_navigation__rosidl_typesupport_introspection_cpp
[0.394s] [ 46%] Built target waypoint_navigation__rosidl_typesupport_cpp
[0.404s] [ 57%] Built target waypoint_navigation__rosidl_typesupport_introspection_c
[0.407s] [ 78%] Built target waypoint_navigation__rosidl_typesupport_c
[0.407s] [ 79%] Built target waypoint_navigation__rosidl_typesupport_fastrtps_c
[0.435s] [ 79%] Built target waypoint_navigation
[0.463s] [ 81%] Built target waypoint_navigation__py
[0.497s] [ 90%] Built target waypoint_navigation__rosidl_generator_py
[0.528s] [ 96%] Built target waypoint_navigation__rosidl_typesupport_fastrtps_c__pyext
[0.528s] [ 96%] Built target waypoint_navigation__rosidl_typesupport_introspection_c__pyext
[0.533s] [100%] Built target waypoint_navigation__rosidl_typesupport_c__pyext
[0.604s] running egg_info
[0.605s] writing waypoint_navigation.egg-info/PKG-INFO
[0.605s] writing dependency_links to waypoint_navigation.egg-info/dependency_links.txt
[0.605s] writing top-level names to waypoint_navigation.egg-info/top_level.txt
[0.608s] reading manifest file 'waypoint_navigation.egg-info/SOURCES.txt'
[0.609s] writing manifest file 'waypoint_navigation.egg-info/SOURCES.txt'
[0.654s] [100%] Built target ament_cmake_python_build_waypoint_navigation_egg
[0.672s] Invoked command in '/home/monith/test_rover/build/waypoint_navigation' returned '0': CMAKE_PREFIX_PATH=${CMAKE_PREFIX_PATH}:/home/monith/test_rover/install/rover_control:/opt/ros/humble /usr/bin/cmake --build /home/monith/test_rover/build/waypoint_navigation -- -j8 -l8
[0.685s] Invoking command in '/home/monith/test_rover/build/waypoint_navigation': CMAKE_PREFIX_PATH=${CMAKE_PREFIX_PATH}:/home/monith/test_rover/install/rover_control:/opt/ros/humble /usr/bin/cmake --install /home/monith/test_rover/build/waypoint_navigation
[0.695s] -- Install configuration: ""
[0.696s] -- Execute custom install script
[0.696s] -- Up-to-date symlink: /home/monith/test_rover/install/waypoint_navigation/share/ament_index/resource_index/rosidl_interfaces/waypoint_navigation
[0.698s] -- Up-to-date symlink: /home/monith/test_rover/install/waypoint_navigation/include/waypoint_navigation/waypoint_navigation/action/detail/nav_to_waypoint__functions.h
[0.698s] -- Up-to-date symlink: /home/monith/test_rover/install/waypoint_navigation/include/waypoint_navigation/waypoint_navigation/action/detail/nav_to_waypoint__struct.h
[0.698s] -- Up-to-date symlink: /home/monith/test_rover/install/waypoint_navigation/include/waypoint_navigation/waypoint_navigation/action/detail/nav_to_waypoint__type_support.h
[0.698s] -- Up-to-date symlink: /home/monith/test_rover/install/waypoint_navigation/include/waypoint_navigation/waypoint_navigation/action/nav_to_waypoint.h
[0.698s] -- Up-to-date symlink: /home/monith/test_rover/install/waypoint_navigation/include/waypoint_navigation/waypoint_navigation/msg/detail/estimated_odom__functions.h
[0.699s] -- Up-to-date symlink: /home/monith/test_rover/install/waypoint_navigation/include/waypoint_navigation/waypoint_navigation/msg/detail/estimated_odom__struct.h
[0.699s] -- Up-to-date symlink: /home/monith/test_rover/install/waypoint_navigation/include/waypoint_navigation/waypoint_navigation/msg/detail/estimated_odom__type_support.h
[0.699s] -- Up-to-date symlink: /home/monith/test_rover/install/waypoint_navigation/include/waypoint_navigation/waypoint_navigation/msg/detail/estimated_twist__functions.h
[0.699s] -- Up-to-date symlink: /home/monith/test_rover/install/waypoint_navigation/include/waypoint_navigation/waypoint_navigation/msg/detail/estimated_twist__struct.h
[0.699s] -- Up-to-date symlink: /home/monith/test_rover/install/waypoint_navigation/include/waypoint_navigation/waypoint_navigation/msg/detail/estimated_twist__type_support.h
[0.699s] -- Up-to-date symlink: /home/monith/test_rover/install/waypoint_navigation/include/waypoint_navigation/waypoint_navigation/msg/detail/pwm__functions.h
[0.700s] -- Up-to-date symlink: /home/monith/test_rover/install/waypoint_navigation/include/waypoint_navigation/waypoint_navigation/msg/detail/pwm__struct.h
[0.700s] -- Up-to-date symlink: /home/monith/test_rover/install/waypoint_navigation/include/waypoint_navigation/waypoint_navigation/msg/detail/pwm__type_support.h
[0.700s] -- Up-to-date symlink: /home/monith/test_rover/install/waypoint_navigation/include/waypoint_navigation/waypoint_navigation/msg/estimated_odom.h
[0.700s] -- Up-to-date symlink: /home/monith/test_rover/install/waypoint_navigation/include/waypoint_navigation/waypoint_navigation/msg/estimated_twist.h
[0.700s] -- Up-to-date symlink: /home/monith/test_rover/install/waypoint_navigation/include/waypoint_navigation/waypoint_navigation/msg/pwm.h
[0.700s] -- Up-to-date symlink: /home/monith/test_rover/install/waypoint_navigation/include/waypoint_navigation/waypoint_navigation/msg/rosidl_generator_c__visibility_control.h
[0.701s] -- Up-to-date symlink: /home/monith/test_rover/install/waypoint_navigation/include/waypoint_navigation/waypoint_navigation/srv/detail/get_way_points__functions.h
[0.701s] -- Up-to-date symlink: /home/monith/test_rover/install/waypoint_navigation/include/waypoint_navigation/waypoint_navigation/srv/detail/get_way_points__struct.h
[0.701s] -- Up-to-date symlink: /home/monith/test_rover/install/waypoint_navigation/include/waypoint_navigation/waypoint_navigation/srv/detail/get_way_points__type_support.h
[0.701s] -- Up-to-date symlink: /home/monith/test_rover/install/waypoint_navigation/include/waypoint_navigation/waypoint_navigation/srv/get_way_points.h
[0.701s] -- Up-to-date symlink: /home/monith/test_rover/install/waypoint_navigation/share/waypoint_navigation/environment/library_path.sh
[0.702s] -- Up-to-date symlink: /home/monith/test_rover/install/waypoint_navigation/share/waypoint_navigation/environment/library_path.dsv
[0.702s] -- Up-to-date symlink: /home/monith/test_rover/install/waypoint_navigation/include/waypoint_navigation/waypoint_navigation/action/detail/nav_to_waypoint__rosidl_typesupport_fastrtps_c.h
[0.702s] -- Up-to-date symlink: /home/monith/test_rover/install/waypoint_navigation/include/waypoint_navigation/waypoint_navigation/msg/detail/estimated_odom__rosidl_typesupport_fastrtps_c.h
[0.702s] -- Up-to-date symlink: /home/monith/test_rover/install/waypoint_navigation/include/waypoint_navigation/waypoint_navigation/msg/detail/estimated_twist__rosidl_typesupport_fastrtps_c.h
[0.702s] -- Up-to-date symlink: /home/monith/test_rover/install/waypoint_navigation/include/waypoint_navigation/waypoint_navigation/msg/detail/pwm__rosidl_typesupport_fastrtps_c.h
[0.702s] -- Up-to-date symlink: /home/monith/test_rover/install/waypoint_navigation/include/waypoint_navigation/waypoint_navigation/msg/rosidl_typesupport_fastrtps_c__visibility_control.h
[0.703s] -- Up-to-date symlink: /home/monith/test_rover/install/waypoint_navigation/include/waypoint_navigation/waypoint_navigation/srv/detail/get_way_points__rosidl_typesupport_fastrtps_c.h
[0.703s] -- Up-to-date symlink: /home/monith/test_rover/install/waypoint_navigation/include/waypoint_navigation/waypoint_navigation/action/detail/nav_to_waypoint__builder.hpp
[0.703s] -- Up-to-date symlink: /home/monith/test_rover/install/waypoint_navigation/include/waypoint_navigation/waypoint_navigation/action/detail/nav_to_waypoint__struct.hpp
[0.703s] -- Up-to-date symlink: /home/monith/test_rover/install/waypoint_navigation/include/waypoint_navigation/waypoint_navigation/action/detail/nav_to_waypoint__traits.hpp
[0.703s] -- Up-to-date symlink: /home/monith/test_rover/install/waypoint_navigation/include/waypoint_navigation/waypoint_navigation/action/detail/nav_to_waypoint__type_support.hpp
[0.703s] -- Up-to-date symlink: /home/monith/test_rover/install/waypoint_navigation/include/waypoint_navigation/waypoint_navigation/action/nav_to_waypoint.hpp
[0.704s] -- Up-to-date symlink: /home/monith/test_rover/install/waypoint_navigation/include/waypoint_navigation/waypoint_navigation/msg/detail/estimated_odom__builder.hpp
[0.704s] -- Up-to-date symlink: /home/monith/test_rover/install/waypoint_navigation/include/waypoint_navigation/waypoint_navigation/msg/detail/estimated_odom__struct.hpp
[0.704s] -- Up-to-date symlink: /home/monith/test_rover/install/waypoint_navigation/include/waypoint_navigation/waypoint_navigation/msg/detail/estimated_odom__traits.hpp
[0.704s] -- Up-to-date symlink: /home/monith/test_rover/install/waypoint_navigation/include/waypoint_navigation/waypoint_navigation/msg/detail/estimated_odom__type_support.hpp
[0.704s] -- Up-to-date symlink: /home/monith/test_rover/install/waypoint_navigation/include/waypoint_navigation/waypoint_navigation/msg/detail/estimated_twist__builder.hpp
[0.704s] -- Up-to-date symlink: /home/monith/test_rover/install/waypoint_navigation/include/waypoint_navigation/waypoint_navigation/msg/detail/estimated_twist__struct.hpp
[0.705s] -- Up-to-date symlink: /home/monith/test_rover/install/waypoint_navigation/include/waypoint_navigation/waypoint_navigation/msg/detail/estimated_twist__traits.hpp
[0.705s] -- Up-to-date symlink: /home/monith/test_rover/install/waypoint_navigation/include/waypoint_navigation/waypoint_navigation/msg/detail/estimated_twist__type_support.hpp
[0.705s] -- Up-to-date symlink: /home/monith/test_rover/install/waypoint_navigation/include/waypoint_navigation/waypoint_navigation/msg/detail/pwm__builder.hpp
[0.705s] -- Up-to-date symlink: /home/monith/test_rover/install/waypoint_navigation/include/waypoint_navigation/waypoint_navigation/msg/detail/pwm__struct.hpp
[0.705s] -- Up-to-date symlink: /home/monith/test_rover/install/waypoint_navigation/include/waypoint_navigation/waypoint_navigation/msg/detail/pwm__traits.hpp
[0.705s] -- Up-to-date symlink: /home/monith/test_rover/install/waypoint_navigation/include/waypoint_navigation/waypoint_navigation/msg/detail/pwm__type_support.hpp
[0.706s] -- Up-to-date symlink: /home/monith/test_rover/install/waypoint_navigation/include/waypoint_navigation/waypoint_navigation/msg/estimated_odom.hpp
[0.706s] -- Up-to-date symlink: /home/monith/test_rover/install/waypoint_navigation/include/waypoint_navigation/waypoint_navigation/msg/estimated_twist.hpp
[0.706s] -- Up-to-date symlink: /home/monith/test_rover/install/waypoint_navigation/include/waypoint_navigation/waypoint_navigation/msg/pwm.hpp
[0.706s] -- Up-to-date symlink: /home/monith/test_rover/install/waypoint_navigation/include/waypoint_navigation/waypoint_navigation/msg/rosidl_generator_cpp__visibility_control.hpp
[0.706s] -- Up-to-date symlink: /home/monith/test_rover/install/waypoint_navigation/include/waypoint_navigation/waypoint_navigation/srv/detail/get_way_points__builder.hpp
[0.706s] -- Up-to-date symlink: /home/monith/test_rover/install/waypoint_navigation/include/waypoint_navigation/waypoint_navigation/srv/detail/get_way_points__struct.hpp
[0.707s] -- Up-to-date symlink: /home/monith/test_rover/install/waypoint_navigation/include/waypoint_navigation/waypoint_navigation/srv/detail/get_way_points__traits.hpp
[0.707s] -- Up-to-date symlink: /home/monith/test_rover/install/waypoint_navigation/include/waypoint_navigation/waypoint_navigation/srv/detail/get_way_points__type_support.hpp
[0.707s] -- Up-to-date symlink: /home/monith/test_rover/install/waypoint_navigation/include/waypoint_navigation/waypoint_navigation/srv/get_way_points.hpp
[0.707s] -- Up-to-date symlink: /home/monith/test_rover/install/waypoint_navigation/include/waypoint_navigation/waypoint_navigation/action/detail/nav_to_waypoint__rosidl_typesupport_fastrtps_cpp.hpp
[0.707s] -- Up-to-date symlink: /home/monith/test_rover/install/waypoint_navigation/include/waypoint_navigation/waypoint_navigation/msg/detail/estimated_odom__rosidl_typesupport_fastrtps_cpp.hpp
[0.707s] -- Up-to-date symlink: /home/monith/test_rover/install/waypoint_navigation/include/waypoint_navigation/waypoint_navigation/msg/detail/estimated_twist__rosidl_typesupport_fastrtps_cpp.hpp
[0.708s] -- Up-to-date symlink: /home/monith/test_rover/install/waypoint_navigation/include/waypoint_navigation/waypoint_navigation/msg/detail/pwm__rosidl_typesupport_fastrtps_cpp.hpp
[0.708s] -- Up-to-date symlink: /home/monith/test_rover/install/waypoint_navigation/include/waypoint_navigation/waypoint_navigation/msg/rosidl_typesupport_fastrtps_cpp__visibility_control.h
[0.708s] -- Up-to-date symlink: /home/monith/test_rover/install/waypoint_navigation/include/waypoint_navigation/waypoint_navigation/srv/detail/get_way_points__rosidl_typesupport_fastrtps_cpp.hpp
[0.708s] -- Up-to-date symlink: /home/monith/test_rover/install/waypoint_navigation/include/waypoint_navigation/waypoint_navigation/action/detail/nav_to_waypoint__rosidl_typesupport_introspection_c.h
[0.708s] -- Up-to-date symlink: /home/monith/test_rover/install/waypoint_navigation/include/waypoint_navigation/waypoint_navigation/msg/detail/estimated_odom__rosidl_typesupport_introspection_c.h
[0.708s] -- Up-to-date symlink: /home/monith/test_rover/install/waypoint_navigation/include/waypoint_navigation/waypoint_navigation/msg/detail/estimated_twist__rosidl_typesupport_introspection_c.h
[0.708s] -- Up-to-date symlink: /home/monith/test_rover/install/waypoint_navigation/include/waypoint_navigation/waypoint_navigation/msg/detail/pwm__rosidl_typesupport_introspection_c.h
[0.708s] -- Up-to-date symlink: /home/monith/test_rover/install/waypoint_navigation/include/waypoint_navigation/waypoint_navigation/msg/rosidl_typesupport_introspection_c__visibility_control.h
[0.708s] -- Up-to-date symlink: /home/monith/test_rover/install/waypoint_navigation/include/waypoint_navigation/waypoint_navigation/srv/detail/get_way_points__rosidl_typesupport_introspection_c.h
[0.709s] -- Up-to-date symlink: /home/monith/test_rover/install/waypoint_navigation/include/waypoint_navigation/waypoint_navigation/action/detail/nav_to_waypoint__rosidl_typesupport_introspection_cpp.hpp
[0.709s] -- Up-to-date symlink: /home/monith/test_rover/install/waypoint_navigation/include/waypoint_navigation/waypoint_navigation/msg/detail/estimated_odom__rosidl_typesupport_introspection_cpp.hpp
[0.709s] -- Up-to-date symlink: /home/monith/test_rover/install/waypoint_navigation/include/waypoint_navigation/waypoint_navigation/msg/detail/estimated_twist__rosidl_typesupport_introspection_cpp.hpp
[0.709s] -- Up-to-date symlink: /home/monith/test_rover/install/waypoint_navigation/include/waypoint_navigation/waypoint_navigation/msg/detail/pwm__rosidl_typesupport_introspection_cpp.hpp
[0.709s] -- Up-to-date symlink: /home/monith/test_rover/install/waypoint_navigation/include/waypoint_navigation/waypoint_navigation/srv/detail/get_way_points__rosidl_typesupport_introspection_cpp.hpp
[0.709s] -- Up-to-date symlink: /home/monith/test_rover/install/waypoint_navigation/share/waypoint_navigation/environment/pythonpath.sh
[0.709s] -- Up-to-date symlink: /home/monith/test_rover/install/waypoint_navigation/share/waypoint_navigation/environment/pythonpath.dsv
[0.709s] -- Up-to-date symlink: /home/monith/test_rover/install/waypoint_navigation/local/lib/python3.10/dist-packages/waypoint_navigation-0.0.0-py3.10.egg-info/PKG-INFO
[0.709s] -- Up-to-date symlink: /home/monith/test_rover/install/waypoint_navigation/local/lib/python3.10/dist-packages/waypoint_navigation-0.0.0-py3.10.egg-info/SOURCES.txt
[0.709s] -- Up-to-date symlink: /home/monith/test_rover/install/waypoint_navigation/local/lib/python3.10/dist-packages/waypoint_navigation-0.0.0-py3.10.egg-info/dependency_links.txt
[0.709s] -- Up-to-date symlink: /home/monith/test_rover/install/waypoint_navigation/local/lib/python3.10/dist-packages/waypoint_navigation-0.0.0-py3.10.egg-info/top_level.txt
[0.710s] -- Up-to-date symlink: /home/monith/test_rover/install/waypoint_navigation/local/lib/python3.10/dist-packages/waypoint_navigation/__init__.py
[0.711s] -- Up-to-date symlink: /home/monith/test_rover/install/waypoint_navigation/local/lib/python3.10/dist-packages/waypoint_navigation/_waypoint_navigation_s.ep.rosidl_typesupport_c.c
[0.711s] -- Up-to-date symlink: /home/monith/test_rover/install/waypoint_navigation/local/lib/python3.10/dist-packages/waypoint_navigation/_waypoint_navigation_s.ep.rosidl_typesupport_fastrtps_c.c
[0.711s] -- Up-to-date symlink: /home/monith/test_rover/install/waypoint_navigation/local/lib/python3.10/dist-packages/waypoint_navigation/_waypoint_navigation_s.ep.rosidl_typesupport_introspection_c.c
[0.711s] -- Up-to-date symlink: /home/monith/test_rover/install/waypoint_navigation/local/lib/python3.10/dist-packages/waypoint_navigation/action/__init__.py
[0.711s] -- Up-to-date symlink: /home/monith/test_rover/install/waypoint_navigation/local/lib/python3.10/dist-packages/waypoint_navigation/action/_nav_to_waypoint.py
[0.711s] -- Up-to-date symlink: /home/monith/test_rover/install/waypoint_navigation/local/lib/python3.10/dist-packages/waypoint_navigation/action/_nav_to_waypoint_s.c
[0.711s] -- Up-to-date symlink: /home/monith/test_rover/install/waypoint_navigation/local/lib/python3.10/dist-packages/waypoint_navigation/libwaypoint_navigation__rosidl_generator_py.so
[0.711s] -- Up-to-date symlink: /home/monith/test_rover/install/waypoint_navigation/local/lib/python3.10/dist-packages/waypoint_navigation/msg/__init__.py
[0.711s] -- Up-to-date symlink: /home/monith/test_rover/install/waypoint_navigation/local/lib/python3.10/dist-packages/waypoint_navigation/msg/_estimated_odom.py
[0.712s] -- Up-to-date symlink: /home/monith/test_rover/install/waypoint_navigation/local/lib/python3.10/dist-packages/waypoint_navigation/msg/_estimated_odom_s.c
[0.712s] -- Up-to-date symlink: /home/monith/test_rover/install/waypoint_navigation/local/lib/python3.10/dist-packages/waypoint_navigation/msg/_estimated_twist.py
[0.712s] -- Up-to-date symlink: /home/monith/test_rover/install/waypoint_navigation/local/lib/python3.10/dist-packages/waypoint_navigation/msg/_estimated_twist_s.c
[0.712s] -- Up-to-date symlink: /home/monith/test_rover/install/waypoint_navigation/local/lib/python3.10/dist-packages/waypoint_navigation/msg/_pwm.py
[0.712s] -- Up-to-date symlink: /home/monith/test_rover/install/waypoint_navigation/local/lib/python3.10/dist-packages/waypoint_navigation/msg/_pwm_s.c
[0.712s] -- Up-to-date symlink: /home/monith/test_rover/install/waypoint_navigation/local/lib/python3.10/dist-packages/waypoint_navigation/srv/__init__.py
[0.712s] -- Up-to-date symlink: /home/monith/test_rover/install/waypoint_navigation/local/lib/python3.10/dist-packages/waypoint_navigation/srv/_get_way_points.py
[0.712s] -- Up-to-date symlink: /home/monith/test_rover/install/waypoint_navigation/local/lib/python3.10/dist-packages/waypoint_navigation/srv/_get_way_points_s.c
[0.712s] -- Up-to-date symlink: /home/monith/test_rover/install/waypoint_navigation/local/lib/python3.10/dist-packages/waypoint_navigation/waypoint_navigation_s__rosidl_typesupport_c.cpython-310-x86_64-linux-gnu.so
[0.713s] -- Up-to-date symlink: /home/monith/test_rover/install/waypoint_navigation/local/lib/python3.10/dist-packages/waypoint_navigation/waypoint_navigation_s__rosidl_typesupport_fastrtps_c.cpython-310-x86_64-linux-gnu.so
[0.713s] -- Up-to-date symlink: /home/monith/test_rover/install/waypoint_navigation/local/lib/python3.10/dist-packages/waypoint_navigation/waypoint_navigation_s__rosidl_typesupport_introspection_c.cpython-310-x86_64-linux-gnu.so
[0.713s] -- Up-to-date symlink: /home/monith/test_rover/install/waypoint_navigation/local/lib/python3.10/dist-packages/waypoint_navigation/waypoint_navigation_s__rosidl_typesupport_fastrtps_c.cpython-310-x86_64-linux-gnu.so
[0.714s] -- Up-to-date symlink: /home/monith/test_rover/install/waypoint_navigation/local/lib/python3.10/dist-packages/waypoint_navigation/waypoint_navigation_s__rosidl_typesupport_introspection_c.cpython-310-x86_64-linux-gnu.so
[0.714s] -- Up-to-date symlink: /home/monith/test_rover/install/waypoint_navigation/local/lib/python3.10/dist-packages/waypoint_navigation/waypoint_navigation_s__rosidl_typesupport_c.cpython-310-x86_64-linux-gnu.so
[0.714s] -- Up-to-date symlink: /home/monith/test_rover/install/waypoint_navigation/share/ament_index/resource_index/rust_packages/waypoint_navigation
[0.715s] -- Up-to-date symlink: /home/monith/test_rover/install/waypoint_navigation/share/waypoint_navigation/rust/Cargo.toml
[0.715s] -- Up-to-date symlink: /home/monith/test_rover/install/waypoint_navigation/share/waypoint_navigation/rust/build.rs
[0.715s] -- Up-to-date symlink: /home/monith/test_rover/install/waypoint_navigation/share/waypoint_navigation/rust/src/action.rs
[0.715s] -- Up-to-date symlink: /home/monith/test_rover/install/waypoint_navigation/share/waypoint_navigation/rust/src/action/rmw.rs
[0.715s] -- Up-to-date symlink: /home/monith/test_rover/install/waypoint_navigation/share/waypoint_navigation/rust/src/lib.rs
[0.715s] -- Up-to-date symlink: /home/monith/test_rover/install/waypoint_navigation/share/waypoint_navigation/rust/src/msg.rs
[0.715s] -- Up-to-date symlink: /home/monith/test_rover/install/waypoint_navigation/share/waypoint_navigation/rust/src/msg/rmw.rs
[0.715s] -- Up-to-date symlink: /home/monith/test_rover/install/waypoint_navigation/share/waypoint_navigation/rust/src/srv.rs
[0.715s] -- Up-to-date symlink: /home/monith/test_rover/install/waypoint_navigation/share/waypoint_navigation/rust/src/srv/rmw.rs
[0.716s] -- Up-to-date symlink: /home/monith/test_rover/install/waypoint_navigation/share/waypoint_navigation/srv/GetWayPoints.idl
[0.716s] -- Up-to-date symlink: /home/monith/test_rover/install/waypoint_navigation/share/waypoint_navigation/action/NavToWaypoint.idl
[0.716s] -- Up-to-date symlink: /home/monith/test_rover/install/waypoint_navigation/share/waypoint_navigation/msg/Pwm.idl
[0.716s] -- Up-to-date symlink: /home/monith/test_rover/install/waypoint_navigation/share/waypoint_navigation/msg/EstimatedTwist.idl
[0.716s] -- Up-to-date symlink: /home/monith/test_rover/install/waypoint_navigation/share/waypoint_navigation/msg/EstimatedOdom.idl
[0.716s] -- Up-to-date symlink: /home/monith/test_rover/install/waypoint_navigation/share/waypoint_navigation/srv/GetWayPoints.srv
[0.717s] -- Up-to-date symlink: /home/monith/test_rover/install/waypoint_navigation/share/waypoint_navigation/srv/GetWayPoints_Request.msg
[0.717s] -- Up-to-date symlink: /home/monith/test_rover/install/waypoint_navigation/share/waypoint_navigation/srv/GetWayPoints_Response.msg
[0.717s] -- Up-to-date symlink: /home/monith/test_rover/install/waypoint_navigation/share/waypoint_navigation/action/NavToWaypoint.action
[0.717s] -- Up-to-date symlink: /home/monith/test_rover/install/waypoint_navigation/share/waypoint_navigation/msg/Pwm.msg
[0.717s] -- Up-to-date symlink: /home/monith/test_rover/install/waypoint_navigation/share/waypoint_navigation/msg/EstimatedTwist.msg
[0.717s] -- Up-to-date symlink: /home/monith/test_rover/install/waypoint_navigation/share/waypoint_navigation/msg/EstimatedOdom.msg
[0.717s] -- Up-to-date symlink: /home/monith/test_rover/install/waypoint_navigation/share/ament_index/resource_index/package_run_dependencies/waypoint_navigation
[0.718s] -- Up-to-date symlink: /home/monith/test_rover/install/waypoint_navigation/share/ament_index/resource_index/parent_prefix_path/waypoint_navigation
[0.718s] -- Up-to-date symlink: /home/monith/test_rover/install/waypoint_navigation/share/waypoint_navigation/environment/ament_prefix_path.sh
[0.718s] -- Up-to-date symlink: /home/monith/test_rover/install/waypoint_navigation/share/waypoint_navigation/environment/ament_prefix_path.dsv
[0.718s] -- Up-to-date symlink: /home/monith/test_rover/install/waypoint_navigation/share/waypoint_navigation/environment/path.sh
[0.718s] -- Up-to-date symlink: /home/monith/test_rover/install/waypoint_navigation/share/waypoint_navigation/environment/path.dsv
[0.718s] -- Up-to-date symlink: /home/monith/test_rover/install/waypoint_navigation/share/waypoint_navigation/local_setup.bash
[0.718s] -- Up-to-date symlink: /home/monith/test_rover/install/waypoint_navigation/share/waypoint_navigation/local_setup.sh
[0.718s] -- Up-to-date symlink: /home/monith/test_rover/install/waypoint_navigation/share/waypoint_navigation/local_setup.zsh
[0.719s] -- Up-to-date symlink: /home/monith/test_rover/install/waypoint_navigation/share/waypoint_navigation/local_setup.dsv
[0.719s] -- Symlinking: /home/monith/test_rover/install/waypoint_navigation/share/waypoint_navigation/package.dsv
[0.730s] -- Up-to-date symlink: /home/monith/test_rover/install/waypoint_navigation/share/ament_index/resource_index/packages/waypoint_navigation
[0.730s] -- Up-to-date symlink: /home/monith/test_rover/install/waypoint_navigation/share/waypoint_navigation/cmake/rosidl_cmake-extras.cmake
[0.731s] -- Up-to-date symlink: /home/monith/test_rover/install/waypoint_navigation/share/waypoint_navigation/cmake/ament_cmake_export_dependencies-extras.cmake
[0.731s] -- Up-to-date symlink: /home/monith/test_rover/install/waypoint_navigation/share/waypoint_navigation/cmake/ament_cmake_export_include_directories-extras.cmake
[0.731s] -- Up-to-date symlink: /home/monith/test_rover/install/waypoint_navigation/share/waypoint_navigation/cmake/ament_cmake_export_libraries-extras.cmake
[0.731s] -- Up-to-date symlink: /home/monith/test_rover/install/waypoint_navigation/share/waypoint_navigation/cmake/ament_cmake_export_targets-extras.cmake
[0.731s] -- Up-to-date symlink: /home/monith/test_rover/install/waypoint_navigation/share/waypoint_navigation/cmake/rosidl_cmake_export_typesupport_targets-extras.cmake
[0.731s] -- Up-to-date symlink: /home/monith/test_rover/install/waypoint_navigation/share/waypoint_navigation/cmake/rosidl_cmake_export_typesupport_libraries-extras.cmake
[0.731s] -- Up-to-date symlink: /home/monith/test_rover/install/waypoint_navigation/share/waypoint_navigation/cmake/waypoint_navigationConfig.cmake
[0.731s] -- Up-to-date symlink: /home/monith/test_rover/install/waypoint_navigation/share/waypoint_navigation/cmake/waypoint_navigationConfig-version.cmake
[0.732s] -- Up-to-date symlink: /home/monith/test_rover/install/waypoint_navigation/share/waypoint_navigation/package.xml
[0.732s] -- Up-to-date: /home/monith/test_rover/install/waypoint_navigation/lib/libwaypoint_navigation__rosidl_generator_c.so
[0.733s] -- Up-to-date: /home/monith/test_rover/install/waypoint_navigation/lib/libwaypoint_navigation__rosidl_typesupport_fastrtps_c.so
[0.733s] -- Up-to-date: /home/monith/test_rover/install/waypoint_navigation/lib/libwaypoint_navigation__rosidl_typesupport_fastrtps_cpp.so
[0.734s] -- Up-to-date: /home/monith/test_rover/install/waypoint_navigation/lib/libwaypoint_navigation__rosidl_typesupport_introspection_c.so
[0.734s] -- Up-to-date: /home/monith/test_rover/install/waypoint_navigation/lib/libwaypoint_navigation__rosidl_typesupport_c.so
[0.735s] -- Up-to-date: /home/monith/test_rover/install/waypoint_navigation/lib/libwaypoint_navigation__rosidl_typesupport_introspection_cpp.so
[0.736s] -- Up-to-date: /home/monith/test_rover/install/waypoint_navigation/lib/libwaypoint_navigation__rosidl_typesupport_cpp.so
[0.768s] Listing '/home/monith/test_rover/install/waypoint_navigation/local/lib/python3.10/dist-packages/waypoint_navigation'...
[0.768s] Listing '/home/monith/test_rover/install/waypoint_navigation/local/lib/python3.10/dist-packages/waypoint_navigation/action'...
[0.768s] Listing '/home/monith/test_rover/install/waypoint_navigation/local/lib/python3.10/dist-packages/waypoint_navigation/msg'...
[0.768s] Listing '/home/monith/test_rover/install/waypoint_navigation/local/lib/python3.10/dist-packages/waypoint_navigation/srv'...
[0.774s] -- Up-to-date: /home/monith/test_rover/install/waypoint_navigation/lib/libwaypoint_navigation__rosidl_generator_py.so
[0.775s] -- Up-to-date: /home/monith/test_rover/install/waypoint_navigation/share/waypoint_navigation/cmake/export_waypoint_navigation__rosidl_generator_cExport.cmake
[0.775s] -- Up-to-date: /home/monith/test_rover/install/waypoint_navigation/share/waypoint_navigation/cmake/export_waypoint_navigation__rosidl_generator_cExport-noconfig.cmake
[0.775s] -- Up-to-date: /home/monith/test_rover/install/waypoint_navigation/share/waypoint_navigation/cmake/export_waypoint_navigation__rosidl_typesupport_fastrtps_cExport.cmake
[0.775s] -- Up-to-date: /home/monith/test_rover/install/waypoint_navigation/share/waypoint_navigation/cmake/export_waypoint_navigation__rosidl_typesupport_fastrtps_cExport-noconfig.cmake
[0.775s] -- Up-to-date: /home/monith/test_rover/install/waypoint_navigation/share/waypoint_navigation/cmake/export_waypoint_navigation__rosidl_generator_cppExport.cmake
[0.776s] -- Up-to-date: /home/monith/test_rover/install/waypoint_navigation/share/waypoint_navigation/cmake/export_waypoint_navigation__rosidl_typesupport_fastrtps_cppExport.cmake
[0.776s] -- Up-to-date: /home/monith/test_rover/install/waypoint_navigation/share/waypoint_navigation/cmake/export_waypoint_navigation__rosidl_typesupport_fastrtps_cppExport-noconfig.cmake
[0.776s] -- Up-to-date: /home/monith/test_rover/install/waypoint_navigation/share/waypoint_navigation/cmake/waypoint_navigation__rosidl_typesupport_introspection_cExport.cmake
[0.776s] -- Up-to-date: /home/monith/test_rover/install/waypoint_navigation/share/waypoint_navigation/cmake/waypoint_navigation__rosidl_typesupport_introspection_cExport-noconfig.cmake
[0.776s] -- Up-to-date: /home/monith/test_rover/install/waypoint_navigation/share/waypoint_navigation/cmake/waypoint_navigation__rosidl_typesupport_cExport.cmake
[0.776s] -- Up-to-date: /home/monith/test_rover/install/waypoint_navigation/share/waypoint_navigation/cmake/waypoint_navigation__rosidl_typesupport_cExport-noconfig.cmake
[0.776s] -- Up-to-date: /home/monith/test_rover/install/waypoint_navigation/share/waypoint_navigation/cmake/waypoint_navigation__rosidl_typesupport_introspection_cppExport.cmake
[0.777s] -- Up-to-date: /home/monith/test_rover/install/waypoint_navigation/share/waypoint_navigation/cmake/waypoint_navigation__rosidl_typesupport_introspection_cppExport-noconfig.cmake
[0.777s] -- Up-to-date: /home/monith/test_rover/install/waypoint_navigation/share/waypoint_navigation/cmake/waypoint_navigation__rosidl_typesupport_cppExport.cmake
[0.777s] -- Up-to-date: /home/monith/test_rover/install/waypoint_navigation/share/waypoint_navigation/cmake/waypoint_navigation__rosidl_typesupport_cppExport-noconfig.cmake
[0.777s] -- Up-to-date: /home/monith/test_rover/install/waypoint_navigation/share/waypoint_navigation/cmake/export_waypoint_navigation__rosidl_generator_pyExport.cmake
[0.777s] -- Up-to-date: /home/monith/test_rover/install/waypoint_navigation/share/waypoint_navigation/cmake/export_waypoint_navigation__rosidl_generator_pyExport-noconfig.cmake
[0.781s] Invoked command in '/home/monith/test_rover/build/waypoint_navigation' returned '0': CMAKE_PREFIX_PATH=${CMAKE_PREFIX_PATH}:/home/monith/test_rover/install/rover_control:/opt/ros/humble /usr/bin/cmake --install /home/monith/test_rover/build/waypoint_navigation
