[0.233s] Invoking command in '/home/monith/test_rover/build/waypoint_navigation': CMAKE_PREFIX_PATH=${CMAKE_PREFIX_PATH}:/home/monith/test_rover/install/rover_control:/opt/ros/humble /usr/bin/cmake --build /home/monith/test_rover/build/waypoint_navigation -- -j8 -l8
[0.263s] -- Found ament_cmake: 1.3.14 (/opt/ros/humble/share/ament_cmake/cmake)
[0.402s] -- Override CMake install command with custom implementation using symlinks instead of copying resources
[0.409s] -- Found rcl_interfaces: 1.2.2 (/opt/ros/humble/share/rcl_interfaces/cmake)
[0.432s] -- Found rosidl_generator_c: 3.1.8 (/opt/ros/humble/share/rosidl_generator_c/cmake)
[0.434s] -- Found rosidl_adapter: 3.1.8 (/opt/ros/humble/share/rosidl_adapter/cmake)
[0.440s] -- Found rosidl_generator_cpp: 3.1.8 (/opt/ros/humble/share/rosidl_generator_cpp/cmake)
[0.449s] -- Using all available rosidl_typesupport_c: rosidl_typesupport_fastrtps_c;rosidl_typesupport_introspection_c
[0.461s] -- Using all available rosidl_typesupport_cpp: rosidl_typesupport_fastrtps_cpp;rosidl_typesupport_introspection_cpp
[0.482s] -- Found std_msgs: 4.9.1 (/opt/ros/humble/share/std_msgs/cmake)
[0.493s] -- Found action_msgs: 1.2.2 (/opt/ros/humble/share/action_msgs/cmake)
[0.513s] -- Found geometry_msgs: 4.9.1 (/opt/ros/humble/share/geometry_msgs/cmake)
[0.524s] -- Found rosidl_default_generators: 1.2.1 (/opt/ros/humble/share/rosidl_default_generators/cmake)
[0.747s] [31mCMake Error at /opt/ros/humble/share/rosidl_adapter/cmake/rosidl_adapt_interfaces.cmake:59 (message):
[0.747s]   execute_process(/usr/bin/python3 -m rosidl_adapter --package-name
[0.747s]   waypoint_navigation --arguments-file
[0.747s]   /home/monith/test_rover/build/waypoint_navigation/rosidl_adapter__arguments__waypoint_navigation.json
[0.747s]   --output-dir
[0.747s]   /home/monith/test_rover/build/waypoint_navigation/rosidl_adapter/waypoint_navigation
[0.748s]   --output-file
[0.748s]   /home/monith/test_rover/build/waypoint_navigation/rosidl_adapter/waypoint_navigation.idls)
[0.748s]   returned error code 1:
[0.748s] 
[0.748s]   Error processing 'nav_msgs/msg/Odometry est_odom' of
[0.748s]   'waypoint_navigation/EstimatedOdom': 'nav_msgs/msg/Odometry'
[0.748s] 
[0.748s]   Traceback (most recent call last):
[0.748s] 
[0.748s]     File "/usr/lib/python3.10/runpy.py", line 196, in _run_module_as_main
[0.748s]       return _run_code(code, main_globals, None,
[0.748s]     File "/usr/lib/python3.10/runpy.py", line 86, in _run_code
[0.748s]       exec(code, run_globals)
[0.748s]     File "/opt/ros/humble/local/lib/python3.10/dist-packages/rosidl_adapter/__main__.py", line 19, in <module>
[0.748s]       sys.exit(main())
[0.748s]     File "/opt/ros/humble/local/lib/python3.10/dist-packages/rosidl_adapter/main.py", line 53, in main
[0.748s]       abs_idl_file = convert_to_idl(
[0.748s]     File "/opt/ros/humble/local/lib/python3.10/dist-packages/rosidl_adapter/__init__.py", line 19, in convert_to_idl
[0.748s]       return convert_msg_to_idl(
[0.749s]     File "/opt/ros/humble/local/lib/python3.10/dist-packages/rosidl_adapter/msg/__init__.py", line 28, in convert_msg_to_idl
[0.749s]       msg = parse_message_string(package_name, input_file.stem, content)
[0.749s]     File "/opt/ros/humble/local/lib/python3.10/dist-packages/rosidl_adapter/parser.py", line 520, in parse_message_string
[0.749s]       Type(type_string, context_package_name=pkg_name),
[0.749s]     File "/opt/ros/humble/local/lib/python3.10/dist-packages/rosidl_adapter/parser.py", line 277, in __init__
[0.749s]       super(Type, self).__init__(
[0.749s]     File "/opt/ros/humble/local/lib/python3.10/dist-packages/rosidl_adapter/parser.py", line 190, in __init__
[0.749s]       raise InvalidResourceName(type_string)
[0.749s] 
[0.749s]   rosidl_adapter.parser.InvalidResourceName: nav_msgs/msg/Odometry
[0.749s] 
[0.749s] Call Stack (most recent call first):
[0.749s]   /opt/ros/humble/share/rosidl_cmake/cmake/rosidl_generate_interfaces.cmake:130 (rosidl_adapt_interfaces)
[0.749s]   CMakeLists.txt:17 (rosidl_generate_interfaces)
[0.749s] 
[0.749s] [0m
[0.749s] -- Configuring incomplete, errors occurred!
[0.749s] See also "/home/monith/test_rover/build/waypoint_navigation/CMakeFiles/CMakeOutput.log".
[0.756s] gmake: *** [Makefile:1625: cmake_check_build_system] Error 1
[0.760s] Invoked command in '/home/monith/test_rover/build/waypoint_navigation' returned '2': CMAKE_PREFIX_PATH=${CMAKE_PREFIX_PATH}:/home/monith/test_rover/install/rover_control:/opt/ros/humble /usr/bin/cmake --build /home/monith/test_rover/build/waypoint_navigation -- -j8 -l8
