[0.675s] Invoking command in '/home/monith/test_rover/build/rover_control': PYTHONPATH=/home/monith/test_rover/build/rover_control/prefix_override:/usr/lib/python3/dist-packages/colcon_core/task/python/colcon_distutils_commands:/home/monith/test_rover/install/rover_control/lib/python3.10/site-packages:${PYTHONPATH} /usr/bin/python3 -W ignore:setup.py install is deprecated -W ignore:easy_install command is deprecated setup.py develop --editable --build-directory /home/monith/test_rover/build/rover_control/build --no-deps symlink_data
[0.875s] running develop
[1.004s] running egg_info
[1.004s] creating rover_control.egg-info
[1.004s] writing rover_control.egg-info/PKG-INFO
[1.004s] writing dependency_links to rover_control.egg-info/dependency_links.txt
[1.005s] writing entry points to rover_control.egg-info/entry_points.txt
[1.005s] writing requirements to rover_control.egg-info/requires.txt
[1.005s] writing top-level names to rover_control.egg-info/top_level.txt
[1.005s] writing manifest file 'rover_control.egg-info/SOURCES.txt'
[1.006s] reading manifest file 'rover_control.egg-info/SOURCES.txt'
[1.007s] writing manifest file 'rover_control.egg-info/SOURCES.txt'
[1.008s] running build_ext
[1.008s] Creating /home/monith/test_rover/install/rover_control/lib/python3.10/site-packages/rover-control.egg-link (link to .)
[1.008s] Installing goal_client script to /home/monith/test_rover/install/rover_control/lib/rover_control
[1.009s] Installing goal_server script to /home/monith/test_rover/install/rover_control/lib/rover_control
[1.009s] Installing nav_node script to /home/monith/test_rover/install/rover_control/lib/rover_control
[1.009s] 
[1.009s] Installed /home/monith/test_rover/build/rover_control
[1.009s] running symlink_data
[1.009s] creating /home/monith/test_rover/install/rover_control/share/ament_index
[1.009s] creating /home/monith/test_rover/install/rover_control/share/ament_index/resource_index
[1.009s] creating /home/monith/test_rover/install/rover_control/share/ament_index/resource_index/packages
[1.009s] symbolically linking /home/monith/test_rover/build/rover_control/resource/rover_control -> /home/monith/test_rover/install/rover_control/share/ament_index/resource_index/packages
[1.009s] symbolically linking /home/monith/test_rover/build/rover_control/package.xml -> /home/monith/test_rover/install/rover_control/share/rover_control
[1.009s] creating /home/monith/test_rover/install/rover_control/share/rover_control/launch
[1.009s] symbolically linking /home/monith/test_rover/build/rover_control/launch/arenasim.launch.xml -> /home/monith/test_rover/install/rover_control/share/rover_control/launch
[1.009s] symbolically linking /home/monith/test_rover/build/rover_control/launch/groundsim.launch.xml -> /home/monith/test_rover/install/rover_control/share/rover_control/launch
[1.009s] creating /home/monith/test_rover/install/rover_control/share/rover_control/urdf
[1.009s] symbolically linking /home/monith/test_rover/build/rover_control/urdf/ROVER.urdf -> /home/monith/test_rover/install/rover_control/share/rover_control/urdf
[1.009s] symbolically linking /home/monith/test_rover/build/rover_control/urdf/roverf.urdf -> /home/monith/test_rover/install/rover_control/share/rover_control/urdf
[1.009s] symbolically linking /home/monith/test_rover/build/rover_control/urdf/rover.urdf.xacro -> /home/monith/test_rover/install/rover_control/share/rover_control/urdf
[1.009s] symbolically linking /home/monith/test_rover/build/rover_control/urdf/rover.ros2_control.xacro -> /home/monith/test_rover/install/rover_control/share/rover_control/urdf
[1.010s] symbolically linking /home/monith/test_rover/build/rover_control/urdf/rover_base.xacro -> /home/monith/test_rover/install/rover_control/share/rover_control/urdf
[1.010s] creating /home/monith/test_rover/install/rover_control/share/rover_control/worlds
[1.010s] symbolically linking /home/monith/test_rover/build/rover_control/worlds/shaastra_arena.world -> /home/monith/test_rover/install/rover_control/share/rover_control/worlds
[1.010s] creating /home/monith/test_rover/install/rover_control/share/rover_control/config
[1.010s] symbolically linking /home/monith/test_rover/build/rover_control/config/controllers.yaml -> /home/monith/test_rover/install/rover_control/share/rover_control/config
[1.010s] symbolically linking /home/monith/test_rover/build/rover_control/config/controllert.yaml -> /home/monith/test_rover/install/rover_control/share/rover_control/config
[1.010s] creating /home/monith/test_rover/install/rover_control/share/rover_control/rviz
[1.010s] symbolically linking /home/monith/test_rover/build/rover_control/rviz/rover_config_.rviz -> /home/monith/test_rover/install/rover_control/share/rover_control/rviz
[1.030s] Invoked command in '/home/monith/test_rover/build/rover_control' returned '0': PYTHONPATH=/home/monith/test_rover/build/rover_control/prefix_override:/usr/lib/python3/dist-packages/colcon_core/task/python/colcon_distutils_commands:/home/monith/test_rover/install/rover_control/lib/python3.10/site-packages:${PYTHONPATH} /usr/bin/python3 -W ignore:setup.py install is deprecated -W ignore:easy_install command is deprecated setup.py develop --editable --build-directory /home/monith/test_rover/build/rover_control/build --no-deps symlink_data
