[0.490s] Invoking command in '/home/monith/test_rover/build/rover_control': PYTHONPATH=/home/monith/test_rover/build/rover_control/prefix_override:/usr/lib/python3/dist-packages/colcon_core/task/python/colcon_distutils_commands:/home/monith/test_rover/install/rover_control/lib/python3.10/site-packages:${PYTHONPATH} /usr/bin/python3 -W ignore:setup.py install is deprecated -W ignore:easy_install command is deprecated setup.py develop --editable --build-directory /home/monith/test_rover/build/rover_control/build --no-deps symlink_data
[0.693s] running develop
[0.829s] running egg_info
[0.829s] writing rover_control.egg-info/PKG-INFO
[0.829s] writing dependency_links to rover_control.egg-info/dependency_links.txt
[0.829s] writing entry points to rover_control.egg-info/entry_points.txt
[0.830s] writing requirements to rover_control.egg-info/requires.txt
[0.830s] writing top-level names to rover_control.egg-info/top_level.txt
[0.831s] reading manifest file 'rover_control.egg-info/SOURCES.txt'
[0.832s] writing manifest file 'rover_control.egg-info/SOURCES.txt'
[0.833s] running build_ext
[0.833s] Creating /home/monith/test_rover/install/rover_control/lib/python3.10/site-packages/rover-control.egg-link (link to .)
[0.833s] Installing nav_node_based_on_ddc_odom script to /home/monith/test_rover/install/rover_control/lib/rover_control
[0.833s] Installing odom_validator script to /home/monith/test_rover/install/rover_control/lib/rover_control
[0.834s] Installing pwm_to_odom script to /home/monith/test_rover/install/rover_control/lib/rover_control
[0.834s] Installing sim_nav_node script to /home/monith/test_rover/install/rover_control/lib/rover_control
[0.834s] Installing teleop_to_pwm script to /home/monith/test_rover/install/rover_control/lib/rover_control
[0.834s] Installing waypoint_client script to /home/monith/test_rover/install/rover_control/lib/rover_control
[0.834s] Installing waypoint_server script to /home/monith/test_rover/install/rover_control/lib/rover_control
[0.834s] 
[0.834s] Installed /home/monith/test_rover/build/rover_control
[0.834s] running symlink_data
[0.853s] Invoked command in '/home/monith/test_rover/build/rover_control' returned '0': PYTHONPATH=/home/monith/test_rover/build/rover_control/prefix_override:/usr/lib/python3/dist-packages/colcon_core/task/python/colcon_distutils_commands:/home/monith/test_rover/install/rover_control/lib/python3.10/site-packages:${PYTHONPATH} /usr/bin/python3 -W ignore:setup.py install is deprecated -W ignore:easy_install command is deprecated setup.py develop --editable --build-directory /home/monith/test_rover/build/rover_control/build --no-deps symlink_data
