[0.230s] Invoking command in '/home/monith/test_rover/build/waypoint_navigation': CMAKE_PREFIX_PATH=${CMAKE_PREFIX_PATH}:/home/monith/test_rover/install/rover_control:/opt/ros/humble /usr/bin/cmake /home/monith/test_rover/src/waypoint_navigation -DAMENT_CMAKE_SYMLINK_INSTALL=1 -DCMAKE_INSTALL_PREFIX=/home/monith/test_rover/install/waypoint_navigation
[0.358s] -- The C compiler identification is GNU 11.4.0
[0.502s] -- The CXX compiler identification is GNU 11.4.0
[0.510s] -- Detecting C compiler ABI info
[0.595s] -- Detecting C compiler ABI info - done
[0.602s] -- Check for working C compiler: /usr/bin/cc - skipped
[0.603s] -- Detecting C compile features
[0.604s] -- Detecting C compile features - done
[0.607s] -- Detecting CXX compiler ABI info
[0.703s] -- Detecting CXX compiler ABI info - done
[0.713s] -- Check for working CXX compiler: /usr/bin/c++ - skipped
[0.714s] -- Detecting CXX compile features
[0.714s] -- Detecting CXX compile features - done
[0.719s] -- Found ament_cmake: 1.3.14 (/opt/ros/humble/share/ament_cmake/cmake)
[0.887s] -- Found Python3: /usr/bin/python3 (found version "3.10.12") found components: Interpreter 
[0.954s] -- Override CMake install command with custom implementation using symlinks instead of copying resources
[0.992s] -- Found rcl_interfaces: 1.2.2 (/opt/ros/humble/share/rcl_interfaces/cmake)
[1.026s] -- Found rosidl_generator_c: 3.1.8 (/opt/ros/humble/share/rosidl_generator_c/cmake)
[1.032s] -- Found rosidl_adapter: 3.1.8 (/opt/ros/humble/share/rosidl_adapter/cmake)
[1.041s] -- Found rosidl_generator_cpp: 3.1.8 (/opt/ros/humble/share/rosidl_generator_cpp/cmake)
[1.053s] -- Using all available rosidl_typesupport_c: rosidl_typesupport_fastrtps_c;rosidl_typesupport_introspection_c
[1.071s] -- Using all available rosidl_typesupport_cpp: rosidl_typesupport_fastrtps_cpp;rosidl_typesupport_introspection_cpp
[1.093s] -- Found std_msgs: 4.9.1 (/opt/ros/humble/share/std_msgs/cmake)
[1.104s] -- Found action_msgs: 1.2.2 (/opt/ros/humble/share/action_msgs/cmake)
[1.127s] -- Found geometry_msgs: 4.9.1 (/opt/ros/humble/share/geometry_msgs/cmake)
[1.140s] -- Found rosidl_default_generators: 1.2.1 (/opt/ros/humble/share/rosidl_default_generators/cmake)
[1.342s] [31mCMake Error at /opt/ros/humble/share/rosidl_adapter/cmake/rosidl_adapt_interfaces.cmake:59 (message):
[1.342s]   execute_process(/usr/bin/python3 -m rosidl_adapter --package-name
[1.343s]   waypoint_navigation --arguments-file
[1.343s]   /home/monith/test_rover/build/waypoint_navigation/rosidl_adapter__arguments__waypoint_navigation.json
[1.343s]   --output-dir
[1.343s]   /home/monith/test_rover/build/waypoint_navigation/rosidl_adapter/waypoint_navigation
[1.343s]   --output-file
[1.343s]   /home/monith/test_rover/build/waypoint_navigation/rosidl_adapter/waypoint_navigation.idls)
[1.343s]   returned error code 1:
[1.343s] 
[1.343s]   Error processing 'geometry_msgs/msg/TwistStamped est_twist' of
[1.343s]   'waypoint_navigation/EstimatedTwist': 'geometry_msgs/msg/TwistStamped'
[1.343s] 
[1.343s]   Traceback (most recent call last):
[1.343s] 
[1.343s]     File "/usr/lib/python3.10/runpy.py", line 196, in _run_module_as_main
[1.343s]       return _run_code(code, main_globals, None,
[1.343s]     File "/usr/lib/python3.10/runpy.py", line 86, in _run_code
[1.343s]       exec(code, run_globals)
[1.343s]     File "/opt/ros/humble/local/lib/python3.10/dist-packages/rosidl_adapter/__main__.py", line 19, in <module>
[1.344s]       sys.exit(main())
[1.344s]     File "/opt/ros/humble/local/lib/python3.10/dist-packages/rosidl_adapter/main.py", line 53, in main
[1.344s]       abs_idl_file = convert_to_idl(
[1.344s]     File "/opt/ros/humble/local/lib/python3.10/dist-packages/rosidl_adapter/__init__.py", line 19, in convert_to_idl
[1.344s]       return convert_msg_to_idl(
[1.344s]     File "/opt/ros/humble/local/lib/python3.10/dist-packages/rosidl_adapter/msg/__init__.py", line 28, in convert_msg_to_idl
[1.344s]       msg = parse_message_string(package_name, input_file.stem, content)
[1.344s]     File "/opt/ros/humble/local/lib/python3.10/dist-packages/rosidl_adapter/parser.py", line 520, in parse_message_string
[1.344s]       Type(type_string, context_package_name=pkg_name),
[1.344s]     File "/opt/ros/humble/local/lib/python3.10/dist-packages/rosidl_adapter/parser.py", line 277, in __init__
[1.344s]       super(Type, self).__init__(
[1.344s]     File "/opt/ros/humble/local/lib/python3.10/dist-packages/rosidl_adapter/parser.py", line 190, in __init__
[1.344s]       raise InvalidResourceName(type_string)
[1.344s] 
[1.345s]   rosidl_adapter.parser.InvalidResourceName: geometry_msgs/msg/TwistStamped
[1.345s] 
[1.345s] Call Stack (most recent call first):
[1.345s]   /opt/ros/humble/share/rosidl_cmake/cmake/rosidl_generate_interfaces.cmake:130 (rosidl_adapt_interfaces)
[1.345s]   CMakeLists.txt:17 (rosidl_generate_interfaces)
[1.345s] 
[1.345s] [0m
[1.345s] -- Configuring incomplete, errors occurred!
[1.345s] See also "/home/monith/test_rover/build/waypoint_navigation/CMakeFiles/CMakeOutput.log".
[1.353s] Invoked command in '/home/monith/test_rover/build/waypoint_navigation' returned '1': CMAKE_PREFIX_PATH=${CMAKE_PREFIX_PATH}:/home/monith/test_rover/install/rover_control:/opt/ros/humble /usr/bin/cmake /home/monith/test_rover/src/waypoint_navigation -DAMENT_CMAKE_SYMLINK_INSTALL=1 -DCMAKE_INSTALL_PREFIX=/home/monith/test_rover/install/waypoint_navigation
