[0.386s] Invoking command in '/home/monith/test_rover/build/waypoint_navigation': CMAKE_PREFIX_PATH=${CMAKE_PREFIX_PATH}:/home/monith/test_rover/install/rover_control:/opt/ros/humble /usr/bin/cmake --build /home/monith/test_rover/build/waypoint_navigation -- -j8 -l8
[0.505s] -- Found ament_cmake: 1.3.14 (/opt/ros/humble/share/ament_cmake/cmake)
[0.753s] -- Override CMake install command with custom implementation using symlinks instead of copying resources
[0.774s] -- Found rcl_interfaces: 1.2.2 (/opt/ros/humble/share/rcl_interfaces/cmake)
[0.820s] -- Found rosidl_generator_c: 3.1.8 (/opt/ros/humble/share/rosidl_generator_c/cmake)
[0.824s] -- Found rosidl_adapter: 3.1.8 (/opt/ros/humble/share/rosidl_adapter/cmake)
[0.835s] -- Found rosidl_generator_cpp: 3.1.8 (/opt/ros/humble/share/rosidl_generator_cpp/cmake)
[0.851s] -- Using all available rosidl_typesupport_c: rosidl_typesupport_fastrtps_c;rosidl_typesupport_introspection_c
[0.870s] -- Using all available rosidl_typesupport_cpp: rosidl_typesupport_fastrtps_cpp;rosidl_typesupport_introspection_cpp
[0.905s] -- Found std_msgs: 4.9.1 (/opt/ros/humble/share/std_msgs/cmake)
[0.927s] -- Found action_msgs: 1.2.2 (/opt/ros/humble/share/action_msgs/cmake)
[0.961s] -- Found geometry_msgs: 4.9.1 (/opt/ros/humble/share/geometry_msgs/cmake)
[0.982s] -- Found nav_msgs: 4.9.1 (/opt/ros/humble/share/nav_msgs/cmake)
[1.009s] -- Found rosidl_default_generators: 1.2.1 (/opt/ros/humble/share/rosidl_default_generators/cmake)
[1.579s] -- Found ament_cmake_ros: 0.10.0 (/opt/ros/humble/share/ament_cmake_ros/cmake)
[2.285s] -- Using all available rosidl_typesupport_c: rosidl_typesupport_fastrtps_c;rosidl_typesupport_introspection_c
[2.555s] -- Using all available rosidl_typesupport_cpp: rosidl_typesupport_fastrtps_cpp;rosidl_typesupport_introspection_cpp
[2.595s] -- Found python_cmake_module: 0.10.0 (/opt/ros/humble/share/python_cmake_module/cmake)
[2.637s] -- Using PYTHON_EXECUTABLE: /usr/bin/python3
[2.637s] -- Using PYTHON_INCLUDE_DIRS: /usr/include/python3.10
[2.637s] -- Using PYTHON_LIBRARIES: /usr/lib/x86_64-linux-gnu/libpython3.10.so
[2.848s] -- Found ament_lint_auto: 0.12.15 (/opt/ros/humble/share/ament_lint_auto/cmake)
[2.874s] -- Added test 'lint_cmake' to check CMake code style
[2.876s] -- Added test 'xmllint' to check XML markup files
[2.882s] -- Configuring done
[2.986s] -- Generating done
[3.012s] -- Build files have been written to: /home/monith/test_rover/build/waypoint_navigation
[3.071s] [35m[1mConsolidate compiler generated dependencies of target waypoint_navigation__rosidl_generator_c[0m
[3.093s] [  3%] Built target waypoint_navigation__rs
[3.093s] [  3%] Built target waypoint_navigation__cpp
[3.105s] [ 14%] Built target waypoint_navigation__rosidl_generator_c
[3.111s] [ 14%] Built target ament_cmake_python_symlink_waypoint_navigation
[3.121s] [35m[1mConsolidate compiler generated dependencies of target waypoint_navigation__rosidl_typesupport_cpp[0m
[3.121s] [35m[1mConsolidate compiler generated dependencies of target waypoint_navigation__rosidl_typesupport_fastrtps_cpp[0m
[3.122s] [35m[1mConsolidate compiler generated dependencies of target waypoint_navigation__rosidl_typesupport_introspection_cpp[0m
[3.131s] [35m[1mConsolidate compiler generated dependencies of target waypoint_navigation__rosidl_typesupport_introspection_c[0m
[3.137s] [35m[1mConsolidate compiler generated dependencies of target waypoint_navigation__rosidl_typesupport_fastrtps_c[0m
[3.138s] [35m[1mConsolidate compiler generated dependencies of target waypoint_navigation__rosidl_typesupport_c[0m
[3.162s] [ 25%] Built target waypoint_navigation__rosidl_typesupport_fastrtps_cpp
[3.162s] [ 35%] Built target waypoint_navigation__rosidl_typesupport_cpp
[3.171s] [ 46%] Built target waypoint_navigation__rosidl_typesupport_c
[3.174s] [ 78%] Built target waypoint_navigation__rosidl_typesupport_introspection_cpp
[3.176s] [ 79%] Built target waypoint_navigation__rosidl_typesupport_fastrtps_c
[3.176s] [ 79%] Built target waypoint_navigation__rosidl_typesupport_introspection_c
[3.216s] [ 79%] Built target waypoint_navigation
[3.257s] [ 81%] Built target waypoint_navigation__py
[3.278s] [35m[1mConsolidate compiler generated dependencies of target waypoint_navigation__rosidl_generator_py[0m
[3.316s] [ 90%] Built target waypoint_navigation__rosidl_generator_py
[3.363s] [35m[1mConsolidate compiler generated dependencies of target waypoint_navigation__rosidl_typesupport_c__pyext[0m
[3.363s] [35m[1mConsolidate compiler generated dependencies of target waypoint_navigation__rosidl_typesupport_introspection_c__pyext[0m
[3.367s] [35m[1mConsolidate compiler generated dependencies of target waypoint_navigation__rosidl_typesupport_fastrtps_c__pyext[0m
[3.393s] [ 96%] Built target waypoint_navigation__rosidl_typesupport_introspection_c__pyext
[3.393s] [ 96%] Built target waypoint_navigation__rosidl_typesupport_c__pyext
[3.406s] [100%] Built target waypoint_navigation__rosidl_typesupport_fastrtps_c__pyext
[3.618s] running egg_info
[3.619s] writing waypoint_navigation.egg-info/PKG-INFO
[3.620s] writing dependency_links to waypoint_navigation.egg-info/dependency_links.txt
[3.620s] writing top-level names to waypoint_navigation.egg-info/top_level.txt
[3.624s] reading manifest file 'waypoint_navigation.egg-info/SOURCES.txt'
[3.625s] writing manifest file 'waypoint_navigation.egg-info/SOURCES.txt'
[3.704s] [100%] Built target ament_cmake_python_build_waypoint_navigation_egg
[3.728s] Invoked command in '/home/monith/test_rover/build/waypoint_navigation' returned '0': CMAKE_PREFIX_PATH=${CMAKE_PREFIX_PATH}:/home/monith/test_rover/install/rover_control:/opt/ros/humble /usr/bin/cmake --build /home/monith/test_rover/build/waypoint_navigation -- -j8 -l8
[3.745s] Invoking command in '/home/monith/test_rover/build/waypoint_navigation': CMAKE_PREFIX_PATH=${CMAKE_PREFIX_PATH}:/home/monith/test_rover/install/rover_control:/opt/ros/humble /usr/bin/cmake --install /home/monith/test_rover/build/waypoint_navigation
[3.759s] -- Install configuration: ""
[3.760s] -- Execute custom install script
[3.761s] -- Up-to-date symlink: /home/monith/test_rover/install/waypoint_navigation/share/ament_index/resource_index/rosidl_interfaces/waypoint_navigation
[3.764s] -- Up-to-date symlink: /home/monith/test_rover/install/waypoint_navigation/include/waypoint_navigation/waypoint_navigation/action/detail/nav_to_waypoint__functions.h
[3.764s] -- Up-to-date symlink: /home/monith/test_rover/install/waypoint_navigation/include/waypoint_navigation/waypoint_navigation/action/detail/nav_to_waypoint__struct.h
[3.764s] -- Up-to-date symlink: /home/monith/test_rover/install/waypoint_navigation/include/waypoint_navigation/waypoint_navigation/action/detail/nav_to_waypoint__type_support.h
[3.764s] -- Up-to-date symlink: /home/monith/test_rover/install/waypoint_navigation/include/waypoint_navigation/waypoint_navigation/action/nav_to_waypoint.h
[3.765s] -- Up-to-date symlink: /home/monith/test_rover/install/waypoint_navigation/include/waypoint_navigation/waypoint_navigation/msg/detail/estimated_odom__functions.h
[3.765s] -- Up-to-date symlink: /home/monith/test_rover/install/waypoint_navigation/include/waypoint_navigation/waypoint_navigation/msg/detail/estimated_odom__struct.h
[3.766s] -- Up-to-date symlink: /home/monith/test_rover/install/waypoint_navigation/include/waypoint_navigation/waypoint_navigation/msg/detail/estimated_odom__type_support.h
[3.766s] -- Up-to-date symlink: /home/monith/test_rover/install/waypoint_navigation/include/waypoint_navigation/waypoint_navigation/msg/detail/estimated_twist__functions.h
[3.766s] -- Up-to-date symlink: /home/monith/test_rover/install/waypoint_navigation/include/waypoint_navigation/waypoint_navigation/msg/detail/estimated_twist__struct.h
[3.767s] -- Up-to-date symlink: /home/monith/test_rover/install/waypoint_navigation/include/waypoint_navigation/waypoint_navigation/msg/detail/estimated_twist__type_support.h
[3.767s] -- Up-to-date symlink: /home/monith/test_rover/install/waypoint_navigation/include/waypoint_navigation/waypoint_navigation/msg/detail/pwm__functions.h
[3.767s] -- Up-to-date symlink: /home/monith/test_rover/install/waypoint_navigation/include/waypoint_navigation/waypoint_navigation/msg/detail/pwm__struct.h
[3.768s] -- Up-to-date symlink: /home/monith/test_rover/install/waypoint_navigation/include/waypoint_navigation/waypoint_navigation/msg/detail/pwm__type_support.h
[3.768s] -- Up-to-date symlink: /home/monith/test_rover/install/waypoint_navigation/include/waypoint_navigation/waypoint_navigation/msg/estimated_odom.h
[3.768s] -- Up-to-date symlink: /home/monith/test_rover/install/waypoint_navigation/include/waypoint_navigation/waypoint_navigation/msg/estimated_twist.h
[3.769s] -- Up-to-date symlink: /home/monith/test_rover/install/waypoint_navigation/include/waypoint_navigation/waypoint_navigation/msg/pwm.h
[3.769s] -- Up-to-date symlink: /home/monith/test_rover/install/waypoint_navigation/include/waypoint_navigation/waypoint_navigation/msg/rosidl_generator_c__visibility_control.h
[3.769s] -- Up-to-date symlink: /home/monith/test_rover/install/waypoint_navigation/include/waypoint_navigation/waypoint_navigation/srv/detail/get_way_points__functions.h
[3.770s] -- Up-to-date symlink: /home/monith/test_rover/install/waypoint_navigation/include/waypoint_navigation/waypoint_navigation/srv/detail/get_way_points__struct.h
[3.770s] -- Up-to-date symlink: /home/monith/test_rover/install/waypoint_navigation/include/waypoint_navigation/waypoint_navigation/srv/detail/get_way_points__type_support.h
[3.770s] -- Up-to-date symlink: /home/monith/test_rover/install/waypoint_navigation/include/waypoint_navigation/waypoint_navigation/srv/get_way_points.h
[3.772s] -- Up-to-date symlink: /home/monith/test_rover/install/waypoint_navigation/share/waypoint_navigation/environment/library_path.sh
[3.772s] -- Up-to-date symlink: /home/monith/test_rover/install/waypoint_navigation/share/waypoint_navigation/environment/library_path.dsv
[3.774s] -- Up-to-date symlink: /home/monith/test_rover/install/waypoint_navigation/include/waypoint_navigation/waypoint_navigation/action/detail/nav_to_waypoint__rosidl_typesupport_fastrtps_c.h
[3.774s] -- Up-to-date symlink: /home/monith/test_rover/install/waypoint_navigation/include/waypoint_navigation/waypoint_navigation/msg/detail/estimated_odom__rosidl_typesupport_fastrtps_c.h
[3.774s] -- Up-to-date symlink: /home/monith/test_rover/install/waypoint_navigation/include/waypoint_navigation/waypoint_navigation/msg/detail/estimated_twist__rosidl_typesupport_fastrtps_c.h
[3.775s] -- Up-to-date symlink: /home/monith/test_rover/install/waypoint_navigation/include/waypoint_navigation/waypoint_navigation/msg/detail/pwm__rosidl_typesupport_fastrtps_c.h
[3.775s] -- Up-to-date symlink: /home/monith/test_rover/install/waypoint_navigation/include/waypoint_navigation/waypoint_navigation/msg/rosidl_typesupport_fastrtps_c__visibility_control.h
[3.775s] -- Up-to-date symlink: /home/monith/test_rover/install/waypoint_navigation/include/waypoint_navigation/waypoint_navigation/srv/detail/get_way_points__rosidl_typesupport_fastrtps_c.h
[3.777s] -- Up-to-date symlink: /home/monith/test_rover/install/waypoint_navigation/include/waypoint_navigation/waypoint_navigation/action/detail/nav_to_waypoint__builder.hpp
[3.777s] -- Up-to-date symlink: /home/monith/test_rover/install/waypoint_navigation/include/waypoint_navigation/waypoint_navigation/action/detail/nav_to_waypoint__struct.hpp
[3.778s] -- Up-to-date symlink: /home/monith/test_rover/install/waypoint_navigation/include/waypoint_navigation/waypoint_navigation/action/detail/nav_to_waypoint__traits.hpp
[3.778s] -- Up-to-date symlink: /home/monith/test_rover/install/waypoint_navigation/include/waypoint_navigation/waypoint_navigation/action/detail/nav_to_waypoint__type_support.hpp
[3.778s] -- Up-to-date symlink: /home/monith/test_rover/install/waypoint_navigation/include/waypoint_navigation/waypoint_navigation/action/nav_to_waypoint.hpp
[3.778s] -- Up-to-date symlink: /home/monith/test_rover/install/waypoint_navigation/include/waypoint_navigation/waypoint_navigation/msg/detail/estimated_odom__builder.hpp
[3.779s] -- Up-to-date symlink: /home/monith/test_rover/install/waypoint_navigation/include/waypoint_navigation/waypoint_navigation/msg/detail/estimated_odom__struct.hpp
[3.779s] -- Up-to-date symlink: /home/monith/test_rover/install/waypoint_navigation/include/waypoint_navigation/waypoint_navigation/msg/detail/estimated_odom__traits.hpp
[3.779s] -- Up-to-date symlink: /home/monith/test_rover/install/waypoint_navigation/include/waypoint_navigation/waypoint_navigation/msg/detail/estimated_odom__type_support.hpp
[3.779s] -- Up-to-date symlink: /home/monith/test_rover/install/waypoint_navigation/include/waypoint_navigation/waypoint_navigation/msg/detail/estimated_twist__builder.hpp
[3.780s] -- Up-to-date symlink: /home/monith/test_rover/install/waypoint_navigation/include/waypoint_navigation/waypoint_navigation/msg/detail/estimated_twist__struct.hpp
[3.780s] -- Up-to-date symlink: /home/monith/test_rover/install/waypoint_navigation/include/waypoint_navigation/waypoint_navigation/msg/detail/estimated_twist__traits.hpp
[3.780s] -- Up-to-date symlink: /home/monith/test_rover/install/waypoint_navigation/include/waypoint_navigation/waypoint_navigation/msg/detail/estimated_twist__type_support.hpp
[3.781s] -- Up-to-date symlink: /home/monith/test_rover/install/waypoint_navigation/include/waypoint_navigation/waypoint_navigation/msg/detail/pwm__builder.hpp
[3.781s] -- Up-to-date symlink: /home/monith/test_rover/install/waypoint_navigation/include/waypoint_navigation/waypoint_navigation/msg/detail/pwm__struct.hpp
[3.781s] -- Up-to-date symlink: /home/monith/test_rover/install/waypoint_navigation/include/waypoint_navigation/waypoint_navigation/msg/detail/pwm__traits.hpp
[3.781s] -- Up-to-date symlink: /home/monith/test_rover/install/waypoint_navigation/include/waypoint_navigation/waypoint_navigation/msg/detail/pwm__type_support.hpp
[3.782s] -- Up-to-date symlink: /home/monith/test_rover/install/waypoint_navigation/include/waypoint_navigation/waypoint_navigation/msg/estimated_odom.hpp
[3.782s] -- Up-to-date symlink: /home/monith/test_rover/install/waypoint_navigation/include/waypoint_navigation/waypoint_navigation/msg/estimated_twist.hpp
[3.782s] -- Up-to-date symlink: /home/monith/test_rover/install/waypoint_navigation/include/waypoint_navigation/waypoint_navigation/msg/pwm.hpp
[3.782s] -- Up-to-date symlink: /home/monith/test_rover/install/waypoint_navigation/include/waypoint_navigation/waypoint_navigation/msg/rosidl_generator_cpp__visibility_control.hpp
[3.783s] -- Up-to-date symlink: /home/monith/test_rover/install/waypoint_navigation/include/waypoint_navigation/waypoint_navigation/srv/detail/get_way_points__builder.hpp
[3.783s] -- Up-to-date symlink: /home/monith/test_rover/install/waypoint_navigation/include/waypoint_navigation/waypoint_navigation/srv/detail/get_way_points__struct.hpp
[3.783s] -- Up-to-date symlink: /home/monith/test_rover/install/waypoint_navigation/include/waypoint_navigation/waypoint_navigation/srv/detail/get_way_points__traits.hpp
[3.783s] -- Up-to-date symlink: /home/monith/test_rover/install/waypoint_navigation/include/waypoint_navigation/waypoint_navigation/srv/detail/get_way_points__type_support.hpp
[3.784s] -- Up-to-date symlink: /home/monith/test_rover/install/waypoint_navigation/include/waypoint_navigation/waypoint_navigation/srv/get_way_points.hpp
[3.787s] -- Up-to-date symlink: /home/monith/test_rover/install/waypoint_navigation/include/waypoint_navigation/waypoint_navigation/action/detail/nav_to_waypoint__rosidl_typesupport_fastrtps_cpp.hpp
[3.788s] -- Up-to-date symlink: /home/monith/test_rover/install/waypoint_navigation/include/waypoint_navigation/waypoint_navigation/msg/detail/estimated_odom__rosidl_typesupport_fastrtps_cpp.hpp
[3.788s] -- Up-to-date symlink: /home/monith/test_rover/install/waypoint_navigation/include/waypoint_navigation/waypoint_navigation/msg/detail/estimated_twist__rosidl_typesupport_fastrtps_cpp.hpp
[3.788s] -- Up-to-date symlink: /home/monith/test_rover/install/waypoint_navigation/include/waypoint_navigation/waypoint_navigation/msg/detail/pwm__rosidl_typesupport_fastrtps_cpp.hpp
[3.788s] -- Up-to-date symlink: /home/monith/test_rover/install/waypoint_navigation/include/waypoint_navigation/waypoint_navigation/msg/rosidl_typesupport_fastrtps_cpp__visibility_control.h
[3.788s] -- Up-to-date symlink: /home/monith/test_rover/install/waypoint_navigation/include/waypoint_navigation/waypoint_navigation/srv/detail/get_way_points__rosidl_typesupport_fastrtps_cpp.hpp
[3.790s] -- Up-to-date symlink: /home/monith/test_rover/install/waypoint_navigation/include/waypoint_navigation/waypoint_navigation/action/detail/nav_to_waypoint__rosidl_typesupport_introspection_c.h
[3.790s] -- Up-to-date symlink: /home/monith/test_rover/install/waypoint_navigation/include/waypoint_navigation/waypoint_navigation/msg/detail/estimated_odom__rosidl_typesupport_introspection_c.h
[3.791s] -- Up-to-date symlink: /home/monith/test_rover/install/waypoint_navigation/include/waypoint_navigation/waypoint_navigation/msg/detail/estimated_twist__rosidl_typesupport_introspection_c.h
[3.791s] -- Up-to-date symlink: /home/monith/test_rover/install/waypoint_navigation/include/waypoint_navigation/waypoint_navigation/msg/detail/pwm__rosidl_typesupport_introspection_c.h
[3.792s] -- Up-to-date symlink: /home/monith/test_rover/install/waypoint_navigation/include/waypoint_navigation/waypoint_navigation/msg/rosidl_typesupport_introspection_c__visibility_control.h
[3.792s] -- Up-to-date symlink: /home/monith/test_rover/install/waypoint_navigation/include/waypoint_navigation/waypoint_navigation/srv/detail/get_way_points__rosidl_typesupport_introspection_c.h
[3.794s] -- Up-to-date symlink: /home/monith/test_rover/install/waypoint_navigation/include/waypoint_navigation/waypoint_navigation/action/detail/nav_to_waypoint__rosidl_typesupport_introspection_cpp.hpp
[3.795s] -- Up-to-date symlink: /home/monith/test_rover/install/waypoint_navigation/include/waypoint_navigation/waypoint_navigation/msg/detail/estimated_odom__rosidl_typesupport_introspection_cpp.hpp
[3.795s] -- Up-to-date symlink: /home/monith/test_rover/install/waypoint_navigation/include/waypoint_navigation/waypoint_navigation/msg/detail/estimated_twist__rosidl_typesupport_introspection_cpp.hpp
[3.795s] -- Up-to-date symlink: /home/monith/test_rover/install/waypoint_navigation/include/waypoint_navigation/waypoint_navigation/msg/detail/pwm__rosidl_typesupport_introspection_cpp.hpp
[3.795s] -- Up-to-date symlink: /home/monith/test_rover/install/waypoint_navigation/include/waypoint_navigation/waypoint_navigation/srv/detail/get_way_points__rosidl_typesupport_introspection_cpp.hpp
[3.796s] -- Up-to-date symlink: /home/monith/test_rover/install/waypoint_navigation/share/waypoint_navigation/environment/pythonpath.sh
[3.796s] -- Up-to-date symlink: /home/monith/test_rover/install/waypoint_navigation/share/waypoint_navigation/environment/pythonpath.dsv
[3.797s] -- Up-to-date symlink: /home/monith/test_rover/install/waypoint_navigation/local/lib/python3.10/dist-packages/waypoint_navigation-0.0.0-py3.10.egg-info/PKG-INFO
[3.798s] -- Up-to-date symlink: /home/monith/test_rover/install/waypoint_navigation/local/lib/python3.10/dist-packages/waypoint_navigation-0.0.0-py3.10.egg-info/SOURCES.txt
[3.798s] -- Up-to-date symlink: /home/monith/test_rover/install/waypoint_navigation/local/lib/python3.10/dist-packages/waypoint_navigation-0.0.0-py3.10.egg-info/dependency_links.txt
[3.800s] -- Up-to-date symlink: /home/monith/test_rover/install/waypoint_navigation/local/lib/python3.10/dist-packages/waypoint_navigation-0.0.0-py3.10.egg-info/top_level.txt
[3.801s] -- Up-to-date symlink: /home/monith/test_rover/install/waypoint_navigation/local/lib/python3.10/dist-packages/waypoint_navigation/__init__.py
[3.801s] -- Up-to-date symlink: /home/monith/test_rover/install/waypoint_navigation/local/lib/python3.10/dist-packages/waypoint_navigation/_waypoint_navigation_s.ep.rosidl_typesupport_c.c
[3.801s] -- Up-to-date symlink: /home/monith/test_rover/install/waypoint_navigation/local/lib/python3.10/dist-packages/waypoint_navigation/_waypoint_navigation_s.ep.rosidl_typesupport_fastrtps_c.c
[3.801s] -- Up-to-date symlink: /home/monith/test_rover/install/waypoint_navigation/local/lib/python3.10/dist-packages/waypoint_navigation/_waypoint_navigation_s.ep.rosidl_typesupport_introspection_c.c
[3.803s] -- Up-to-date symlink: /home/monith/test_rover/install/waypoint_navigation/local/lib/python3.10/dist-packages/waypoint_navigation/action/__init__.py
[3.804s] -- Up-to-date symlink: /home/monith/test_rover/install/waypoint_navigation/local/lib/python3.10/dist-packages/waypoint_navigation/action/_nav_to_waypoint.py
[3.804s] -- Up-to-date symlink: /home/monith/test_rover/install/waypoint_navigation/local/lib/python3.10/dist-packages/waypoint_navigation/action/_nav_to_waypoint_s.c
[3.804s] -- Up-to-date symlink: /home/monith/test_rover/install/waypoint_navigation/local/lib/python3.10/dist-packages/waypoint_navigation/libwaypoint_navigation__rosidl_generator_py.so
[3.805s] -- Up-to-date symlink: /home/monith/test_rover/install/waypoint_navigation/local/lib/python3.10/dist-packages/waypoint_navigation/msg/__init__.py
[3.806s] -- Up-to-date symlink: /home/monith/test_rover/install/waypoint_navigation/local/lib/python3.10/dist-packages/waypoint_navigation/msg/_estimated_odom.py
[3.806s] -- Up-to-date symlink: /home/monith/test_rover/install/waypoint_navigation/local/lib/python3.10/dist-packages/waypoint_navigation/msg/_estimated_odom_s.c
[3.806s] -- Up-to-date symlink: /home/monith/test_rover/install/waypoint_navigation/local/lib/python3.10/dist-packages/waypoint_navigation/msg/_estimated_twist.py
[3.808s] -- Up-to-date symlink: /home/monith/test_rover/install/waypoint_navigation/local/lib/python3.10/dist-packages/waypoint_navigation/msg/_estimated_twist_s.c
[3.808s] -- Up-to-date symlink: /home/monith/test_rover/install/waypoint_navigation/local/lib/python3.10/dist-packages/waypoint_navigation/msg/_pwm.py
[3.808s] -- Up-to-date symlink: /home/monith/test_rover/install/waypoint_navigation/local/lib/python3.10/dist-packages/waypoint_navigation/msg/_pwm_s.c
[3.808s] -- Up-to-date symlink: /home/monith/test_rover/install/waypoint_navigation/local/lib/python3.10/dist-packages/waypoint_navigation/srv/__init__.py
[3.809s] -- Up-to-date symlink: /home/monith/test_rover/install/waypoint_navigation/local/lib/python3.10/dist-packages/waypoint_navigation/srv/_get_way_points.py
[3.809s] -- Up-to-date symlink: /home/monith/test_rover/install/waypoint_navigation/local/lib/python3.10/dist-packages/waypoint_navigation/srv/_get_way_points_s.c
[3.809s] -- Up-to-date symlink: /home/monith/test_rover/install/waypoint_navigation/local/lib/python3.10/dist-packages/waypoint_navigation/waypoint_navigation_s__rosidl_typesupport_c.cpython-310-x86_64-linux-gnu.so
[3.809s] -- Up-to-date symlink: /home/monith/test_rover/install/waypoint_navigation/local/lib/python3.10/dist-packages/waypoint_navigation/waypoint_navigation_s__rosidl_typesupport_fastrtps_c.cpython-310-x86_64-linux-gnu.so
[3.809s] -- Up-to-date symlink: /home/monith/test_rover/install/waypoint_navigation/local/lib/python3.10/dist-packages/waypoint_navigation/waypoint_navigation_s__rosidl_typesupport_introspection_c.cpython-310-x86_64-linux-gnu.so
[3.810s] -- Up-to-date symlink: /home/monith/test_rover/install/waypoint_navigation/local/lib/python3.10/dist-packages/waypoint_navigation/waypoint_navigation_s__rosidl_typesupport_fastrtps_c.cpython-310-x86_64-linux-gnu.so
[3.813s] -- Up-to-date symlink: /home/monith/test_rover/install/waypoint_navigation/local/lib/python3.10/dist-packages/waypoint_navigation/waypoint_navigation_s__rosidl_typesupport_introspection_c.cpython-310-x86_64-linux-gnu.so
[3.813s] -- Up-to-date symlink: /home/monith/test_rover/install/waypoint_navigation/local/lib/python3.10/dist-packages/waypoint_navigation/waypoint_navigation_s__rosidl_typesupport_c.cpython-310-x86_64-linux-gnu.so
[3.814s] -- Up-to-date symlink: /home/monith/test_rover/install/waypoint_navigation/share/ament_index/resource_index/rust_packages/waypoint_navigation
[3.817s] -- Up-to-date symlink: /home/monith/test_rover/install/waypoint_navigation/share/waypoint_navigation/rust/Cargo.toml
[3.818s] -- Up-to-date symlink: /home/monith/test_rover/install/waypoint_navigation/share/waypoint_navigation/rust/build.rs
[3.819s] -- Up-to-date symlink: /home/monith/test_rover/install/waypoint_navigation/share/waypoint_navigation/rust/src/action.rs
[3.820s] -- Up-to-date symlink: /home/monith/test_rover/install/waypoint_navigation/share/waypoint_navigation/rust/src/action/rmw.rs
[3.820s] -- Up-to-date symlink: /home/monith/test_rover/install/waypoint_navigation/share/waypoint_navigation/rust/src/lib.rs
[3.821s] -- Up-to-date symlink: /home/monith/test_rover/install/waypoint_navigation/share/waypoint_navigation/rust/src/msg.rs
[3.821s] -- Up-to-date symlink: /home/monith/test_rover/install/waypoint_navigation/share/waypoint_navigation/rust/src/msg/rmw.rs
[3.821s] -- Up-to-date symlink: /home/monith/test_rover/install/waypoint_navigation/share/waypoint_navigation/rust/src/srv.rs
[3.822s] -- Up-to-date symlink: /home/monith/test_rover/install/waypoint_navigation/share/waypoint_navigation/rust/src/srv/rmw.rs
[3.823s] -- Up-to-date symlink: /home/monith/test_rover/install/waypoint_navigation/share/waypoint_navigation/srv/GetWayPoints.idl
[3.824s] -- Up-to-date symlink: /home/monith/test_rover/install/waypoint_navigation/share/waypoint_navigation/action/NavToWaypoint.idl
[3.825s] -- Up-to-date symlink: /home/monith/test_rover/install/waypoint_navigation/share/waypoint_navigation/msg/Pwm.idl
[3.825s] -- Up-to-date symlink: /home/monith/test_rover/install/waypoint_navigation/share/waypoint_navigation/msg/EstimatedTwist.idl
[3.825s] -- Up-to-date symlink: /home/monith/test_rover/install/waypoint_navigation/share/waypoint_navigation/msg/EstimatedOdom.idl
[3.827s] -- Up-to-date symlink: /home/monith/test_rover/install/waypoint_navigation/share/waypoint_navigation/srv/GetWayPoints.srv
[3.827s] -- Up-to-date symlink: /home/monith/test_rover/install/waypoint_navigation/share/waypoint_navigation/srv/GetWayPoints_Request.msg
[3.828s] -- Up-to-date symlink: /home/monith/test_rover/install/waypoint_navigation/share/waypoint_navigation/srv/GetWayPoints_Response.msg
[3.828s] -- Up-to-date symlink: /home/monith/test_rover/install/waypoint_navigation/share/waypoint_navigation/action/NavToWaypoint.action
[3.830s] -- Up-to-date symlink: /home/monith/test_rover/install/waypoint_navigation/share/waypoint_navigation/msg/Pwm.msg
[3.830s] -- Up-to-date symlink: /home/monith/test_rover/install/waypoint_navigation/share/waypoint_navigation/msg/EstimatedTwist.msg
[3.831s] -- Up-to-date symlink: /home/monith/test_rover/install/waypoint_navigation/share/waypoint_navigation/msg/EstimatedOdom.msg
[3.831s] -- Up-to-date symlink: /home/monith/test_rover/install/waypoint_navigation/share/ament_index/resource_index/package_run_dependencies/waypoint_navigation
[3.832s] -- Up-to-date symlink: /home/monith/test_rover/install/waypoint_navigation/share/ament_index/resource_index/parent_prefix_path/waypoint_navigation
[3.833s] -- Up-to-date symlink: /home/monith/test_rover/install/waypoint_navigation/share/waypoint_navigation/environment/ament_prefix_path.sh
[3.833s] -- Up-to-date symlink: /home/monith/test_rover/install/waypoint_navigation/share/waypoint_navigation/environment/ament_prefix_path.dsv
[3.833s] -- Up-to-date symlink: /home/monith/test_rover/install/waypoint_navigation/share/waypoint_navigation/environment/path.sh
[3.835s] -- Up-to-date symlink: /home/monith/test_rover/install/waypoint_navigation/share/waypoint_navigation/environment/path.dsv
[3.835s] -- Up-to-date symlink: /home/monith/test_rover/install/waypoint_navigation/share/waypoint_navigation/local_setup.bash
[3.835s] -- Up-to-date symlink: /home/monith/test_rover/install/waypoint_navigation/share/waypoint_navigation/local_setup.sh
[3.835s] -- Up-to-date symlink: /home/monith/test_rover/install/waypoint_navigation/share/waypoint_navigation/local_setup.zsh
[3.835s] -- Up-to-date symlink: /home/monith/test_rover/install/waypoint_navigation/share/waypoint_navigation/local_setup.dsv
[3.835s] -- Symlinking: /home/monith/test_rover/install/waypoint_navigation/share/waypoint_navigation/package.dsv
[3.851s] -- Up-to-date symlink: /home/monith/test_rover/install/waypoint_navigation/share/ament_index/resource_index/packages/waypoint_navigation
[3.852s] -- Up-to-date symlink: /home/monith/test_rover/install/waypoint_navigation/share/waypoint_navigation/cmake/rosidl_cmake-extras.cmake
[3.852s] -- Up-to-date symlink: /home/monith/test_rover/install/waypoint_navigation/share/waypoint_navigation/cmake/ament_cmake_export_dependencies-extras.cmake
[3.852s] -- Up-to-date symlink: /home/monith/test_rover/install/waypoint_navigation/share/waypoint_navigation/cmake/ament_cmake_export_include_directories-extras.cmake
[3.852s] -- Up-to-date symlink: /home/monith/test_rover/install/waypoint_navigation/share/waypoint_navigation/cmake/ament_cmake_export_libraries-extras.cmake
[3.853s] -- Up-to-date symlink: /home/monith/test_rover/install/waypoint_navigation/share/waypoint_navigation/cmake/ament_cmake_export_targets-extras.cmake
[3.853s] -- Up-to-date symlink: /home/monith/test_rover/install/waypoint_navigation/share/waypoint_navigation/cmake/rosidl_cmake_export_typesupport_targets-extras.cmake
[3.853s] -- Up-to-date symlink: /home/monith/test_rover/install/waypoint_navigation/share/waypoint_navigation/cmake/rosidl_cmake_export_typesupport_libraries-extras.cmake
[3.853s] -- Up-to-date symlink: /home/monith/test_rover/install/waypoint_navigation/share/waypoint_navigation/cmake/waypoint_navigationConfig.cmake
[3.854s] -- Up-to-date symlink: /home/monith/test_rover/install/waypoint_navigation/share/waypoint_navigation/cmake/waypoint_navigationConfig-version.cmake
[3.854s] -- Up-to-date symlink: /home/monith/test_rover/install/waypoint_navigation/share/waypoint_navigation/package.xml
[3.855s] -- Up-to-date: /home/monith/test_rover/install/waypoint_navigation/lib/libwaypoint_navigation__rosidl_generator_c.so
[3.856s] -- Up-to-date: /home/monith/test_rover/install/waypoint_navigation/lib/libwaypoint_navigation__rosidl_typesupport_fastrtps_c.so
[3.857s] -- Up-to-date: /home/monith/test_rover/install/waypoint_navigation/lib/libwaypoint_navigation__rosidl_typesupport_fastrtps_cpp.so
[3.858s] -- Up-to-date: /home/monith/test_rover/install/waypoint_navigation/lib/libwaypoint_navigation__rosidl_typesupport_introspection_c.so
[3.858s] -- Up-to-date: /home/monith/test_rover/install/waypoint_navigation/lib/libwaypoint_navigation__rosidl_typesupport_c.so
[3.859s] -- Up-to-date: /home/monith/test_rover/install/waypoint_navigation/lib/libwaypoint_navigation__rosidl_typesupport_introspection_cpp.so
[3.860s] -- Up-to-date: /home/monith/test_rover/install/waypoint_navigation/lib/libwaypoint_navigation__rosidl_typesupport_cpp.so
[3.931s] Listing '/home/monith/test_rover/install/waypoint_navigation/local/lib/python3.10/dist-packages/waypoint_navigation'...
[3.931s] Compiling '/home/monith/test_rover/install/waypoint_navigation/local/lib/python3.10/dist-packages/waypoint_navigation/__init__.py'...
[3.931s] Listing '/home/monith/test_rover/install/waypoint_navigation/local/lib/python3.10/dist-packages/waypoint_navigation/action'...
[3.931s] Listing '/home/monith/test_rover/install/waypoint_navigation/local/lib/python3.10/dist-packages/waypoint_navigation/msg'...
[3.931s] Listing '/home/monith/test_rover/install/waypoint_navigation/local/lib/python3.10/dist-packages/waypoint_navigation/srv'...
[3.947s] -- Up-to-date: /home/monith/test_rover/install/waypoint_navigation/lib/libwaypoint_navigation__rosidl_generator_py.so
[3.948s] -- Up-to-date: /home/monith/test_rover/install/waypoint_navigation/share/waypoint_navigation/cmake/export_waypoint_navigation__rosidl_generator_cExport.cmake
[3.948s] -- Up-to-date: /home/monith/test_rover/install/waypoint_navigation/share/waypoint_navigation/cmake/export_waypoint_navigation__rosidl_generator_cExport-noconfig.cmake
[3.948s] -- Up-to-date: /home/monith/test_rover/install/waypoint_navigation/share/waypoint_navigation/cmake/export_waypoint_navigation__rosidl_typesupport_fastrtps_cExport.cmake
[3.948s] -- Up-to-date: /home/monith/test_rover/install/waypoint_navigation/share/waypoint_navigation/cmake/export_waypoint_navigation__rosidl_typesupport_fastrtps_cExport-noconfig.cmake
[3.948s] -- Up-to-date: /home/monith/test_rover/install/waypoint_navigation/share/waypoint_navigation/cmake/export_waypoint_navigation__rosidl_generator_cppExport.cmake
[3.948s] -- Up-to-date: /home/monith/test_rover/install/waypoint_navigation/share/waypoint_navigation/cmake/export_waypoint_navigation__rosidl_typesupport_fastrtps_cppExport.cmake
[3.949s] -- Up-to-date: /home/monith/test_rover/install/waypoint_navigation/share/waypoint_navigation/cmake/export_waypoint_navigation__rosidl_typesupport_fastrtps_cppExport-noconfig.cmake
[3.949s] -- Up-to-date: /home/monith/test_rover/install/waypoint_navigation/share/waypoint_navigation/cmake/waypoint_navigation__rosidl_typesupport_introspection_cExport.cmake
[3.949s] -- Up-to-date: /home/monith/test_rover/install/waypoint_navigation/share/waypoint_navigation/cmake/waypoint_navigation__rosidl_typesupport_introspection_cExport-noconfig.cmake
[3.949s] -- Up-to-date: /home/monith/test_rover/install/waypoint_navigation/share/waypoint_navigation/cmake/waypoint_navigation__rosidl_typesupport_cExport.cmake
[3.949s] -- Up-to-date: /home/monith/test_rover/install/waypoint_navigation/share/waypoint_navigation/cmake/waypoint_navigation__rosidl_typesupport_cExport-noconfig.cmake
[3.950s] -- Up-to-date: /home/monith/test_rover/install/waypoint_navigation/share/waypoint_navigation/cmake/waypoint_navigation__rosidl_typesupport_introspection_cppExport.cmake
[3.950s] -- Up-to-date: /home/monith/test_rover/install/waypoint_navigation/share/waypoint_navigation/cmake/waypoint_navigation__rosidl_typesupport_introspection_cppExport-noconfig.cmake
[3.950s] -- Up-to-date: /home/monith/test_rover/install/waypoint_navigation/share/waypoint_navigation/cmake/waypoint_navigation__rosidl_typesupport_cppExport.cmake
[3.951s] -- Up-to-date: /home/monith/test_rover/install/waypoint_navigation/share/waypoint_navigation/cmake/waypoint_navigation__rosidl_typesupport_cppExport-noconfig.cmake
[3.951s] -- Up-to-date: /home/monith/test_rover/install/waypoint_navigation/share/waypoint_navigation/cmake/export_waypoint_navigation__rosidl_generator_pyExport.cmake
[3.951s] -- Up-to-date: /home/monith/test_rover/install/waypoint_navigation/share/waypoint_navigation/cmake/export_waypoint_navigation__rosidl_generator_pyExport-noconfig.cmake
[3.956s] Invoked command in '/home/monith/test_rover/build/waypoint_navigation' returned '0': CMAKE_PREFIX_PATH=${CMAKE_PREFIX_PATH}:/home/monith/test_rover/install/rover_control:/opt/ros/humble /usr/bin/cmake --install /home/monith/test_rover/build/waypoint_navigation
