[0.196s] Invoking command in '/home/monith/test_rover/build/waypoint_navigation': CMAKE_PREFIX_PATH=/opt/ros/humble /usr/bin/cmake /home/monith/test_rover/src/waypoint_navigation -DAMENT_CMAKE_SYMLINK_INSTALL=1 -DCMAKE_INSTALL_PREFIX=/home/monith/test_rover/install/waypoint_navigation
[0.414s] -- The C compiler identification is GNU 11.4.0
[0.516s] -- The CXX compiler identification is GNU 11.4.0
[0.525s] -- Detecting C compiler ABI info
[0.586s] -- Detecting C compiler ABI info - done
[0.592s] -- Check for working C compiler: /usr/bin/cc - skipped
[0.593s] -- Detecting C compile features
[0.594s] -- Detecting C compile features - done
[0.598s] -- Detecting CXX compiler ABI info
[0.652s] -- Detecting CXX compiler ABI info - done
[0.658s] -- Check for working CXX compiler: /usr/bin/c++ - skipped
[0.659s] -- Detecting CXX compile features
[0.659s] -- Detecting CXX compile features - done
[0.661s] -- Found ament_cmake: 1.3.13 (/opt/ros/humble/share/ament_cmake/cmake)
[0.773s] -- Found Python3: /usr/bin/python3 (found version "3.10.12") found components: Interpreter 
[0.822s] -- Override CMake install command with custom implementation using symlinks instead of copying resources
[0.848s] -- Found rcl_interfaces: 1.2.2 (/opt/ros/humble/share/rcl_interfaces/cmake)
[0.880s] -- Found rosidl_generator_c: 3.1.8 (/opt/ros/humble/share/rosidl_generator_c/cmake)
[0.885s] -- Found rosidl_adapter: 3.1.8 (/opt/ros/humble/share/rosidl_adapter/cmake)
[0.893s] -- Found rosidl_generator_cpp: 3.1.8 (/opt/ros/humble/share/rosidl_generator_cpp/cmake)
[0.905s] -- Using all available rosidl_typesupport_c: rosidl_typesupport_fastrtps_c;rosidl_typesupport_introspection_c
[0.920s] -- Using all available rosidl_typesupport_cpp: rosidl_typesupport_fastrtps_cpp;rosidl_typesupport_introspection_cpp
[0.944s] -- Found std_msgs: 4.9.1 (/opt/ros/humble/share/std_msgs/cmake)
[0.957s] -- Found action_msgs: 1.2.2 (/opt/ros/humble/share/action_msgs/cmake)
[0.983s] -- Found geometry_msgs: 4.9.1 (/opt/ros/humble/share/geometry_msgs/cmake)
[0.997s] -- Found nav_msgs: 4.9.1 (/opt/ros/humble/share/nav_msgs/cmake)
[1.018s] -- Found rosidl_default_generators: 1.2.0 (/opt/ros/humble/share/rosidl_default_generators/cmake)
[1.280s] -- Found ament_cmake_ros: 0.10.0 (/opt/ros/humble/share/ament_cmake_ros/cmake)
[1.634s] -- Using all available rosidl_typesupport_c: rosidl_typesupport_fastrtps_c;rosidl_typesupport_introspection_c
[1.771s] -- Using all available rosidl_typesupport_cpp: rosidl_typesupport_fastrtps_cpp;rosidl_typesupport_introspection_cpp
[1.789s] -- Found PythonInterp: /usr/bin/python3 (found suitable version "3.10.12", minimum required is "3.6") 
[1.790s] -- Found python_cmake_module: 0.10.0 (/opt/ros/humble/share/python_cmake_module/cmake)
[1.814s] -- Found PythonLibs: /usr/lib/x86_64-linux-gnu/libpython3.10.so (found suitable version "3.10.12", minimum required is "3.5") 
[1.814s] -- Using PYTHON_EXECUTABLE: /usr/bin/python3
[1.814s] -- Using PYTHON_INCLUDE_DIRS: /usr/include/python3.10
[1.814s] -- Using PYTHON_LIBRARIES: /usr/lib/x86_64-linux-gnu/libpython3.10.so
[1.831s] -- Found PythonExtra: .so  
[1.894s] -- Found ament_lint_auto: 0.12.15 (/opt/ros/humble/share/ament_lint_auto/cmake)
[1.916s] -- Added test 'lint_cmake' to check CMake code style
[1.917s] -- Added test 'xmllint' to check XML markup files
[1.920s] -- Configuring done
[1.956s] -- Generating done
[1.967s] -- Build files have been written to: /home/monith/test_rover/build/waypoint_navigation
[1.973s] Invoked command in '/home/monith/test_rover/build/waypoint_navigation' returned '0': CMAKE_PREFIX_PATH=/opt/ros/humble /usr/bin/cmake /home/monith/test_rover/src/waypoint_navigation -DAMENT_CMAKE_SYMLINK_INSTALL=1 -DCMAKE_INSTALL_PREFIX=/home/monith/test_rover/install/waypoint_navigation
[1.974s] Invoking command in '/home/monith/test_rover/build/waypoint_navigation': CMAKE_PREFIX_PATH=/opt/ros/humble /usr/bin/cmake --build /home/monith/test_rover/build/waypoint_navigation -- -j8 -l8
[2.000s] [  1%] [34m[1mGenerating C code for ROS interfaces[0m
[2.007s] [  3%] [34m[1mGenerating C++ code for ROS interfaces[0m
[2.012s] [  3%] Built target ament_cmake_python_symlink_waypoint_navigation
[2.194s] running egg_info
[2.195s] creating waypoint_navigation.egg-info
[2.195s] writing waypoint_navigation.egg-info/PKG-INFO
[2.195s] writing dependency_links to waypoint_navigation.egg-info/dependency_links.txt
[2.195s] writing top-level names to waypoint_navigation.egg-info/top_level.txt
[2.195s] writing manifest file 'waypoint_navigation.egg-info/SOURCES.txt'
[2.197s] reading manifest file 'waypoint_navigation.egg-info/SOURCES.txt'
[2.197s] writing manifest file 'waypoint_navigation.egg-info/SOURCES.txt'
[2.214s] [  3%] Built target ament_cmake_python_build_waypoint_navigation_egg
[2.518s] [  3%] Built target waypoint_navigation__cpp
[2.524s] [  4%] [34m[1mGenerating C++ type support dispatch for ROS interfaces[0m
[2.524s] [  6%] [34m[1mGenerating C++ type support for eProsima Fast-RTPS[0m
[2.524s] [  7%] [34m[1mGenerating C++ introspection for ROS interfaces[0m
[2.537s] [ 14%] [32mBuilding C object CMakeFiles/waypoint_navigation__rosidl_generator_c.dir/rosidl_generator_c/waypoint_navigation/msg/detail/estimated_twist__functions.c.o[0m
[2.537s] [ 14%] [32mBuilding C object CMakeFiles/waypoint_navigation__rosidl_generator_c.dir/rosidl_generator_c/waypoint_navigation/action/detail/nav_to_waypoint__functions.c.o[0m
[2.537s] [ 12%] [32mBuilding C object CMakeFiles/waypoint_navigation__rosidl_generator_c.dir/rosidl_generator_c/waypoint_navigation/msg/detail/pwm__functions.c.o[0m
[2.537s] [ 14%] [32mBuilding C object CMakeFiles/waypoint_navigation__rosidl_generator_c.dir/rosidl_generator_c/waypoint_navigation/srv/detail/get_way_points__functions.c.o[0m
[2.538s] [ 15%] [32mBuilding C object CMakeFiles/waypoint_navigation__rosidl_generator_c.dir/rosidl_generator_c/waypoint_navigation/msg/detail/estimated_odom__functions.c.o[0m
[2.652s] [ 17%] [32m[1mLinking C shared library libwaypoint_navigation__rosidl_generator_c.so[0m
[2.682s] [ 17%] Built target waypoint_navigation__rosidl_generator_c
[2.689s] [ 22%] [34m[1mGenerating C type support for eProsima Fast-RTPS[0m
[2.689s] [ 22%] [34m[1mGenerating C type support dispatch for ROS interfaces[0m
[2.689s] [ 22%] [34m[1mGenerating C introspection for ROS interfaces[0m
[2.830s] [ 26%] [32mBuilding CXX object CMakeFiles/waypoint_navigation__rosidl_typesupport_cpp.dir/rosidl_typesupport_cpp/waypoint_navigation/action/nav_to_waypoint__type_support.cpp.o[0m
[2.830s] [ 26%] [32mBuilding CXX object CMakeFiles/waypoint_navigation__rosidl_typesupport_cpp.dir/rosidl_typesupport_cpp/waypoint_navigation/srv/get_way_points__type_support.cpp.o[0m
[2.830s] [ 26%] [32mBuilding CXX object CMakeFiles/waypoint_navigation__rosidl_typesupport_cpp.dir/rosidl_typesupport_cpp/waypoint_navigation/msg/pwm__type_support.cpp.o[0m
[2.941s] [ 28%] [32mBuilding CXX object CMakeFiles/waypoint_navigation__rosidl_typesupport_introspection_cpp.dir/rosidl_typesupport_introspection_cpp/waypoint_navigation/srv/detail/get_way_points__type_support.cpp.o[0m
[3.006s] [ 30%] [32mBuilding CXX object CMakeFiles/waypoint_navigation__rosidl_typesupport_c.dir/rosidl_typesupport_c/waypoint_navigation/srv/get_way_points__type_support.cpp.o[0m
[3.016s] [ 31%] [32mBuilding CXX object CMakeFiles/waypoint_navigation__rosidl_typesupport_fastrtps_cpp.dir/rosidl_typesupport_fastrtps_cpp/waypoint_navigation/srv/detail/dds_fastrtps/get_way_points__type_support.cpp.o[0m
[3.031s] [ 33%] [32mBuilding CXX object CMakeFiles/waypoint_navigation__rosidl_typesupport_c.dir/rosidl_typesupport_c/waypoint_navigation/action/nav_to_waypoint__type_support.cpp.o[0m
[3.070s] [ 34%] [32mBuilding CXX object CMakeFiles/waypoint_navigation__rosidl_typesupport_c.dir/rosidl_typesupport_c/waypoint_navigation/msg/pwm__type_support.cpp.o[0m
[3.077s] [ 36%] [32mBuilding CXX object CMakeFiles/waypoint_navigation__rosidl_typesupport_fastrtps_cpp.dir/rosidl_typesupport_fastrtps_cpp/waypoint_navigation/action/detail/dds_fastrtps/nav_to_waypoint__type_support.cpp.o[0m
[3.088s] [ 38%] [32mBuilding CXX object CMakeFiles/waypoint_navigation__rosidl_typesupport_introspection_cpp.dir/rosidl_typesupport_introspection_cpp/waypoint_navigation/action/detail/nav_to_waypoint__type_support.cpp.o[0m
[3.090s] [ 39%] [32mBuilding CXX object CMakeFiles/waypoint_navigation__rosidl_typesupport_c.dir/rosidl_typesupport_c/waypoint_navigation/msg/estimated_twist__type_support.cpp.o[0m
[3.114s] [ 41%] [32mBuilding CXX object CMakeFiles/waypoint_navigation__rosidl_typesupport_c.dir/rosidl_typesupport_c/waypoint_navigation/msg/estimated_odom__type_support.cpp.o[0m
[3.137s] [ 42%] [32m[1mLinking CXX shared library libwaypoint_navigation__rosidl_typesupport_c.so[0m
[3.137s] [ 44%] [32mBuilding C object CMakeFiles/waypoint_navigation__rosidl_typesupport_introspection_c.dir/rosidl_typesupport_introspection_c/waypoint_navigation/srv/detail/get_way_points__type_support.c.o[0m
[3.166s] [ 46%] [32mBuilding C object CMakeFiles/waypoint_navigation__rosidl_typesupport_introspection_c.dir/rosidl_typesupport_introspection_c/waypoint_navigation/action/detail/nav_to_waypoint__type_support.c.o[0m
[3.172s] [ 46%] Built target waypoint_navigation__rosidl_typesupport_c
[3.172s] [ 47%] [32mBuilding CXX object CMakeFiles/waypoint_navigation__rosidl_typesupport_fastrtps_c.dir/rosidl_typesupport_fastrtps_c/waypoint_navigation/srv/detail/get_way_points__type_support_c.cpp.o[0m
[3.181s] [ 49%] [32mBuilding CXX object CMakeFiles/waypoint_navigation__rosidl_typesupport_introspection_cpp.dir/rosidl_typesupport_introspection_cpp/waypoint_navigation/msg/detail/pwm__type_support.cpp.o[0m
[3.204s] [ 50%] [32mBuilding C object CMakeFiles/waypoint_navigation__rosidl_typesupport_introspection_c.dir/rosidl_typesupport_introspection_c/waypoint_navigation/msg/detail/pwm__type_support.c.o[0m
[3.228s] [ 52%] [32mBuilding C object CMakeFiles/waypoint_navigation__rosidl_typesupport_introspection_c.dir/rosidl_typesupport_introspection_c/waypoint_navigation/msg/detail/estimated_twist__type_support.c.o[0m
[3.240s] [ 53%] [32mBuilding CXX object CMakeFiles/waypoint_navigation__rosidl_typesupport_cpp.dir/rosidl_typesupport_cpp/waypoint_navigation/msg/estimated_twist__type_support.cpp.o[0m
[3.254s] [ 55%] [32mBuilding C object CMakeFiles/waypoint_navigation__rosidl_typesupport_introspection_c.dir/rosidl_typesupport_introspection_c/waypoint_navigation/msg/detail/estimated_odom__type_support.c.o[0m
[3.262s] [ 57%] [32mBuilding CXX object CMakeFiles/waypoint_navigation__rosidl_typesupport_cpp.dir/rosidl_typesupport_cpp/waypoint_navigation/msg/estimated_odom__type_support.cpp.o[0m
[3.285s] [ 58%] [32m[1mLinking C shared library libwaypoint_navigation__rosidl_typesupport_introspection_c.so[0m
[3.322s] [ 58%] Built target waypoint_navigation__rosidl_typesupport_introspection_c
[3.328s] [ 60%] [32mBuilding CXX object CMakeFiles/waypoint_navigation__rosidl_typesupport_fastrtps_cpp.dir/rosidl_typesupport_fastrtps_cpp/waypoint_navigation/msg/detail/dds_fastrtps/pwm__type_support.cpp.o[0m
[3.344s] [ 61%] [32mBuilding CXX object CMakeFiles/waypoint_navigation__rosidl_typesupport_fastrtps_c.dir/rosidl_typesupport_fastrtps_c/waypoint_navigation/action/detail/nav_to_waypoint__type_support_c.cpp.o[0m
[3.437s] [ 63%] [32mBuilding CXX object CMakeFiles/waypoint_navigation__rosidl_typesupport_introspection_cpp.dir/rosidl_typesupport_introspection_cpp/waypoint_navigation/msg/detail/estimated_twist__type_support.cpp.o[0m
[3.453s] [ 65%] [32mBuilding CXX object CMakeFiles/waypoint_navigation__rosidl_typesupport_introspection_cpp.dir/rosidl_typesupport_introspection_cpp/waypoint_navigation/msg/detail/estimated_odom__type_support.cpp.o[0m
[3.471s] [ 66%] [32m[1mLinking CXX shared library libwaypoint_navigation__rosidl_typesupport_cpp.so[0m
[3.475s] [ 68%] [32mBuilding CXX object CMakeFiles/waypoint_navigation__rosidl_typesupport_fastrtps_cpp.dir/rosidl_typesupport_fastrtps_cpp/waypoint_navigation/msg/detail/dds_fastrtps/estimated_twist__type_support.cpp.o[0m
[3.506s] [ 68%] Built target waypoint_navigation__rosidl_typesupport_cpp
[3.512s] [ 69%] [32mBuilding CXX object CMakeFiles/waypoint_navigation__rosidl_typesupport_fastrtps_c.dir/rosidl_typesupport_fastrtps_c/waypoint_navigation/msg/detail/pwm__type_support_c.cpp.o[0m
[3.520s] [ 71%] [32mBuilding CXX object CMakeFiles/waypoint_navigation__rosidl_typesupport_fastrtps_c.dir/rosidl_typesupport_fastrtps_c/waypoint_navigation/msg/detail/estimated_twist__type_support_c.cpp.o[0m
[3.564s] [ 73%] [32mBuilding CXX object CMakeFiles/waypoint_navigation__rosidl_typesupport_fastrtps_c.dir/rosidl_typesupport_fastrtps_c/waypoint_navigation/msg/detail/estimated_odom__type_support_c.cpp.o[0m
[3.635s] [ 74%] [32mBuilding CXX object CMakeFiles/waypoint_navigation__rosidl_typesupport_fastrtps_cpp.dir/rosidl_typesupport_fastrtps_cpp/waypoint_navigation/msg/detail/dds_fastrtps/estimated_odom__type_support.cpp.o[0m
[3.752s] [ 76%] [32m[1mLinking CXX shared library libwaypoint_navigation__rosidl_typesupport_introspection_cpp.so[0m
[3.810s] [ 76%] Built target waypoint_navigation__rosidl_typesupport_introspection_cpp
[3.811s] [ 77%] [32m[1mLinking CXX shared library libwaypoint_navigation__rosidl_typesupport_fastrtps_c.so[0m
[3.868s] [ 77%] Built target waypoint_navigation__rosidl_typesupport_fastrtps_c
[3.929s] [ 79%] [32m[1mLinking CXX shared library libwaypoint_navigation__rosidl_typesupport_fastrtps_cpp.so[0m
[3.982s] [ 79%] Built target waypoint_navigation__rosidl_typesupport_fastrtps_cpp
[3.995s] [ 79%] Built target waypoint_navigation
[4.007s] [ 80%] [34m[1mGenerating Python code for ROS interfaces[0m
[4.856s] [ 80%] Built target waypoint_navigation__py
[4.870s] [ 85%] [32mBuilding C object CMakeFiles/waypoint_navigation__rosidl_generator_py.dir/rosidl_generator_py/waypoint_navigation/msg/_pwm_s.c.o[0m
[4.870s] [ 85%] [32mBuilding C object CMakeFiles/waypoint_navigation__rosidl_generator_py.dir/rosidl_generator_py/waypoint_navigation/srv/_get_way_points_s.c.o[0m
[4.870s] [ 85%] [32mBuilding C object CMakeFiles/waypoint_navigation__rosidl_generator_py.dir/rosidl_generator_py/waypoint_navigation/action/_nav_to_waypoint_s.c.o[0m
[4.870s] [ 87%] [32mBuilding C object CMakeFiles/waypoint_navigation__rosidl_generator_py.dir/rosidl_generator_py/waypoint_navigation/msg/_estimated_twist_s.c.o[0m
[4.870s] [ 88%] [32mBuilding C object CMakeFiles/waypoint_navigation__rosidl_generator_py.dir/rosidl_generator_py/waypoint_navigation/msg/_estimated_odom_s.c.o[0m
[5.005s] [ 90%] [32m[1mLinking C shared library rosidl_generator_py/waypoint_navigation/libwaypoint_navigation__rosidl_generator_py.so[0m
[5.039s] [ 90%] Built target waypoint_navigation__rosidl_generator_py
[5.052s] [ 95%] [32mBuilding C object CMakeFiles/waypoint_navigation__rosidl_typesupport_c__pyext.dir/rosidl_generator_py/waypoint_navigation/_waypoint_navigation_s.ep.rosidl_typesupport_c.c.o[0m
[5.052s] [ 95%] [32mBuilding C object CMakeFiles/waypoint_navigation__rosidl_typesupport_fastrtps_c__pyext.dir/rosidl_generator_py/waypoint_navigation/_waypoint_navigation_s.ep.rosidl_typesupport_fastrtps_c.c.o[0m
[5.052s] [ 95%] [32mBuilding C object CMakeFiles/waypoint_navigation__rosidl_typesupport_introspection_c__pyext.dir/rosidl_generator_py/waypoint_navigation/_waypoint_navigation_s.ep.rosidl_typesupport_introspection_c.c.o[0m
[5.151s] [ 98%] [32m[1mLinking C shared library rosidl_generator_py/waypoint_navigation/waypoint_navigation_s__rosidl_typesupport_fastrtps_c.cpython-310-x86_64-linux-gnu.so[0m
[5.151s] [ 98%] [32m[1mLinking C shared library rosidl_generator_py/waypoint_navigation/waypoint_navigation_s__rosidl_typesupport_c.cpython-310-x86_64-linux-gnu.so[0m
[5.151s] [100%] [32m[1mLinking C shared library rosidl_generator_py/waypoint_navigation/waypoint_navigation_s__rosidl_typesupport_introspection_c.cpython-310-x86_64-linux-gnu.so[0m
[5.185s] [100%] Built target waypoint_navigation__rosidl_typesupport_c__pyext
[5.185s] [100%] Built target waypoint_navigation__rosidl_typesupport_fastrtps_c__pyext
[5.185s] [100%] Built target waypoint_navigation__rosidl_typesupport_introspection_c__pyext
[5.192s] Invoked command in '/home/monith/test_rover/build/waypoint_navigation' returned '0': CMAKE_PREFIX_PATH=/opt/ros/humble /usr/bin/cmake --build /home/monith/test_rover/build/waypoint_navigation -- -j8 -l8
[5.198s] Invoking command in '/home/monith/test_rover/build/waypoint_navigation': CMAKE_PREFIX_PATH=/opt/ros/humble /usr/bin/cmake --install /home/monith/test_rover/build/waypoint_navigation
[5.203s] -- Install configuration: ""
[5.203s] -- Execute custom install script
[5.203s] -- Symlinking: /home/monith/test_rover/install/waypoint_navigation/share/ament_index/resource_index/rosidl_interfaces/waypoint_navigation
[5.209s] -- Symlinking: /home/monith/test_rover/install/waypoint_navigation/include/waypoint_navigation/waypoint_navigation/action/detail/nav_to_waypoint__functions.h
[5.214s] -- Symlinking: /home/monith/test_rover/install/waypoint_navigation/include/waypoint_navigation/waypoint_navigation/action/detail/nav_to_waypoint__struct.h
[5.219s] -- Symlinking: /home/monith/test_rover/install/waypoint_navigation/include/waypoint_navigation/waypoint_navigation/action/detail/nav_to_waypoint__type_support.h
[5.224s] -- Symlinking: /home/monith/test_rover/install/waypoint_navigation/include/waypoint_navigation/waypoint_navigation/action/nav_to_waypoint.h
[5.229s] -- Symlinking: /home/monith/test_rover/install/waypoint_navigation/include/waypoint_navigation/waypoint_navigation/msg/detail/estimated_odom__functions.h
[5.234s] -- Symlinking: /home/monith/test_rover/install/waypoint_navigation/include/waypoint_navigation/waypoint_navigation/msg/detail/estimated_odom__struct.h
[5.239s] -- Symlinking: /home/monith/test_rover/install/waypoint_navigation/include/waypoint_navigation/waypoint_navigation/msg/detail/estimated_odom__type_support.h
[5.244s] -- Symlinking: /home/monith/test_rover/install/waypoint_navigation/include/waypoint_navigation/waypoint_navigation/msg/detail/estimated_twist__functions.h
[5.250s] -- Symlinking: /home/monith/test_rover/install/waypoint_navigation/include/waypoint_navigation/waypoint_navigation/msg/detail/estimated_twist__struct.h
[5.255s] -- Symlinking: /home/monith/test_rover/install/waypoint_navigation/include/waypoint_navigation/waypoint_navigation/msg/detail/estimated_twist__type_support.h
[5.260s] -- Symlinking: /home/monith/test_rover/install/waypoint_navigation/include/waypoint_navigation/waypoint_navigation/msg/detail/pwm__functions.h
[5.265s] -- Symlinking: /home/monith/test_rover/install/waypoint_navigation/include/waypoint_navigation/waypoint_navigation/msg/detail/pwm__struct.h
[5.270s] -- Symlinking: /home/monith/test_rover/install/waypoint_navigation/include/waypoint_navigation/waypoint_navigation/msg/detail/pwm__type_support.h
[5.275s] -- Symlinking: /home/monith/test_rover/install/waypoint_navigation/include/waypoint_navigation/waypoint_navigation/msg/estimated_odom.h
[5.280s] -- Symlinking: /home/monith/test_rover/install/waypoint_navigation/include/waypoint_navigation/waypoint_navigation/msg/estimated_twist.h
[5.285s] -- Symlinking: /home/monith/test_rover/install/waypoint_navigation/include/waypoint_navigation/waypoint_navigation/msg/pwm.h
[5.290s] -- Symlinking: /home/monith/test_rover/install/waypoint_navigation/include/waypoint_navigation/waypoint_navigation/msg/rosidl_generator_c__visibility_control.h
[5.295s] -- Symlinking: /home/monith/test_rover/install/waypoint_navigation/include/waypoint_navigation/waypoint_navigation/srv/detail/get_way_points__functions.h
[5.300s] -- Symlinking: /home/monith/test_rover/install/waypoint_navigation/include/waypoint_navigation/waypoint_navigation/srv/detail/get_way_points__struct.h
[5.305s] -- Symlinking: /home/monith/test_rover/install/waypoint_navigation/include/waypoint_navigation/waypoint_navigation/srv/detail/get_way_points__type_support.h
[5.310s] -- Symlinking: /home/monith/test_rover/install/waypoint_navigation/include/waypoint_navigation/waypoint_navigation/srv/get_way_points.h
[5.315s] -- Symlinking: /home/monith/test_rover/install/waypoint_navigation/share/waypoint_navigation/environment/library_path.sh
[5.320s] -- Symlinking: /home/monith/test_rover/install/waypoint_navigation/share/waypoint_navigation/environment/library_path.dsv
[5.325s] -- Symlinking: /home/monith/test_rover/install/waypoint_navigation/include/waypoint_navigation/waypoint_navigation/action/detail/nav_to_waypoint__rosidl_typesupport_fastrtps_c.h
[5.331s] -- Symlinking: /home/monith/test_rover/install/waypoint_navigation/include/waypoint_navigation/waypoint_navigation/msg/detail/estimated_odom__rosidl_typesupport_fastrtps_c.h
[5.336s] -- Symlinking: /home/monith/test_rover/install/waypoint_navigation/include/waypoint_navigation/waypoint_navigation/msg/detail/estimated_twist__rosidl_typesupport_fastrtps_c.h
[5.341s] -- Symlinking: /home/monith/test_rover/install/waypoint_navigation/include/waypoint_navigation/waypoint_navigation/msg/detail/pwm__rosidl_typesupport_fastrtps_c.h
[5.346s] -- Symlinking: /home/monith/test_rover/install/waypoint_navigation/include/waypoint_navigation/waypoint_navigation/msg/rosidl_typesupport_fastrtps_c__visibility_control.h
[5.352s] -- Symlinking: /home/monith/test_rover/install/waypoint_navigation/include/waypoint_navigation/waypoint_navigation/srv/detail/get_way_points__rosidl_typesupport_fastrtps_c.h
[5.357s] -- Symlinking: /home/monith/test_rover/install/waypoint_navigation/include/waypoint_navigation/waypoint_navigation/action/detail/nav_to_waypoint__builder.hpp
[5.362s] -- Symlinking: /home/monith/test_rover/install/waypoint_navigation/include/waypoint_navigation/waypoint_navigation/action/detail/nav_to_waypoint__struct.hpp
[5.367s] -- Symlinking: /home/monith/test_rover/install/waypoint_navigation/include/waypoint_navigation/waypoint_navigation/action/detail/nav_to_waypoint__traits.hpp
[5.372s] -- Symlinking: /home/monith/test_rover/install/waypoint_navigation/include/waypoint_navigation/waypoint_navigation/action/detail/nav_to_waypoint__type_support.hpp
[5.377s] -- Symlinking: /home/monith/test_rover/install/waypoint_navigation/include/waypoint_navigation/waypoint_navigation/action/nav_to_waypoint.hpp
[5.382s] -- Symlinking: /home/monith/test_rover/install/waypoint_navigation/include/waypoint_navigation/waypoint_navigation/msg/detail/estimated_odom__builder.hpp
[5.387s] -- Symlinking: /home/monith/test_rover/install/waypoint_navigation/include/waypoint_navigation/waypoint_navigation/msg/detail/estimated_odom__struct.hpp
[5.392s] -- Symlinking: /home/monith/test_rover/install/waypoint_navigation/include/waypoint_navigation/waypoint_navigation/msg/detail/estimated_odom__traits.hpp
[5.397s] -- Symlinking: /home/monith/test_rover/install/waypoint_navigation/include/waypoint_navigation/waypoint_navigation/msg/detail/estimated_odom__type_support.hpp
[5.402s] -- Symlinking: /home/monith/test_rover/install/waypoint_navigation/include/waypoint_navigation/waypoint_navigation/msg/detail/estimated_twist__builder.hpp
[5.408s] -- Symlinking: /home/monith/test_rover/install/waypoint_navigation/include/waypoint_navigation/waypoint_navigation/msg/detail/estimated_twist__struct.hpp
[5.412s] -- Symlinking: /home/monith/test_rover/install/waypoint_navigation/include/waypoint_navigation/waypoint_navigation/msg/detail/estimated_twist__traits.hpp
[5.417s] -- Symlinking: /home/monith/test_rover/install/waypoint_navigation/include/waypoint_navigation/waypoint_navigation/msg/detail/estimated_twist__type_support.hpp
[5.422s] -- Symlinking: /home/monith/test_rover/install/waypoint_navigation/include/waypoint_navigation/waypoint_navigation/msg/detail/pwm__builder.hpp
[5.428s] -- Symlinking: /home/monith/test_rover/install/waypoint_navigation/include/waypoint_navigation/waypoint_navigation/msg/detail/pwm__struct.hpp
[5.433s] -- Symlinking: /home/monith/test_rover/install/waypoint_navigation/include/waypoint_navigation/waypoint_navigation/msg/detail/pwm__traits.hpp
[5.438s] -- Symlinking: /home/monith/test_rover/install/waypoint_navigation/include/waypoint_navigation/waypoint_navigation/msg/detail/pwm__type_support.hpp
[5.443s] -- Symlinking: /home/monith/test_rover/install/waypoint_navigation/include/waypoint_navigation/waypoint_navigation/msg/estimated_odom.hpp
[5.448s] -- Symlinking: /home/monith/test_rover/install/waypoint_navigation/include/waypoint_navigation/waypoint_navigation/msg/estimated_twist.hpp
[5.453s] -- Symlinking: /home/monith/test_rover/install/waypoint_navigation/include/waypoint_navigation/waypoint_navigation/msg/pwm.hpp
[5.459s] -- Symlinking: /home/monith/test_rover/install/waypoint_navigation/include/waypoint_navigation/waypoint_navigation/msg/rosidl_generator_cpp__visibility_control.hpp
[5.464s] -- Symlinking: /home/monith/test_rover/install/waypoint_navigation/include/waypoint_navigation/waypoint_navigation/srv/detail/get_way_points__builder.hpp
[5.469s] -- Symlinking: /home/monith/test_rover/install/waypoint_navigation/include/waypoint_navigation/waypoint_navigation/srv/detail/get_way_points__struct.hpp
[5.474s] -- Symlinking: /home/monith/test_rover/install/waypoint_navigation/include/waypoint_navigation/waypoint_navigation/srv/detail/get_way_points__traits.hpp
[5.479s] -- Symlinking: /home/monith/test_rover/install/waypoint_navigation/include/waypoint_navigation/waypoint_navigation/srv/detail/get_way_points__type_support.hpp
[5.484s] -- Symlinking: /home/monith/test_rover/install/waypoint_navigation/include/waypoint_navigation/waypoint_navigation/srv/get_way_points.hpp
[5.489s] -- Symlinking: /home/monith/test_rover/install/waypoint_navigation/include/waypoint_navigation/waypoint_navigation/action/detail/nav_to_waypoint__rosidl_typesupport_fastrtps_cpp.hpp
[5.494s] -- Symlinking: /home/monith/test_rover/install/waypoint_navigation/include/waypoint_navigation/waypoint_navigation/msg/detail/estimated_odom__rosidl_typesupport_fastrtps_cpp.hpp
[5.499s] -- Symlinking: /home/monith/test_rover/install/waypoint_navigation/include/waypoint_navigation/waypoint_navigation/msg/detail/estimated_twist__rosidl_typesupport_fastrtps_cpp.hpp
[5.504s] -- Symlinking: /home/monith/test_rover/install/waypoint_navigation/include/waypoint_navigation/waypoint_navigation/msg/detail/pwm__rosidl_typesupport_fastrtps_cpp.hpp
[5.509s] -- Symlinking: /home/monith/test_rover/install/waypoint_navigation/include/waypoint_navigation/waypoint_navigation/msg/rosidl_typesupport_fastrtps_cpp__visibility_control.h
[5.514s] -- Symlinking: /home/monith/test_rover/install/waypoint_navigation/include/waypoint_navigation/waypoint_navigation/srv/detail/get_way_points__rosidl_typesupport_fastrtps_cpp.hpp
[5.520s] -- Symlinking: /home/monith/test_rover/install/waypoint_navigation/include/waypoint_navigation/waypoint_navigation/action/detail/nav_to_waypoint__rosidl_typesupport_introspection_c.h
[5.525s] -- Symlinking: /home/monith/test_rover/install/waypoint_navigation/include/waypoint_navigation/waypoint_navigation/msg/detail/estimated_odom__rosidl_typesupport_introspection_c.h
[5.530s] -- Symlinking: /home/monith/test_rover/install/waypoint_navigation/include/waypoint_navigation/waypoint_navigation/msg/detail/estimated_twist__rosidl_typesupport_introspection_c.h
[5.535s] -- Symlinking: /home/monith/test_rover/install/waypoint_navigation/include/waypoint_navigation/waypoint_navigation/msg/detail/pwm__rosidl_typesupport_introspection_c.h
[5.540s] -- Symlinking: /home/monith/test_rover/install/waypoint_navigation/include/waypoint_navigation/waypoint_navigation/msg/rosidl_typesupport_introspection_c__visibility_control.h
[5.545s] -- Symlinking: /home/monith/test_rover/install/waypoint_navigation/include/waypoint_navigation/waypoint_navigation/srv/detail/get_way_points__rosidl_typesupport_introspection_c.h
[5.551s] -- Symlinking: /home/monith/test_rover/install/waypoint_navigation/include/waypoint_navigation/waypoint_navigation/action/detail/nav_to_waypoint__rosidl_typesupport_introspection_cpp.hpp
[5.556s] -- Symlinking: /home/monith/test_rover/install/waypoint_navigation/include/waypoint_navigation/waypoint_navigation/msg/detail/estimated_odom__rosidl_typesupport_introspection_cpp.hpp
[5.561s] -- Symlinking: /home/monith/test_rover/install/waypoint_navigation/include/waypoint_navigation/waypoint_navigation/msg/detail/estimated_twist__rosidl_typesupport_introspection_cpp.hpp
[5.566s] -- Symlinking: /home/monith/test_rover/install/waypoint_navigation/include/waypoint_navigation/waypoint_navigation/msg/detail/pwm__rosidl_typesupport_introspection_cpp.hpp
[5.571s] -- Symlinking: /home/monith/test_rover/install/waypoint_navigation/include/waypoint_navigation/waypoint_navigation/srv/detail/get_way_points__rosidl_typesupport_introspection_cpp.hpp
[5.577s] -- Symlinking: /home/monith/test_rover/install/waypoint_navigation/share/waypoint_navigation/environment/pythonpath.sh
[5.582s] -- Symlinking: /home/monith/test_rover/install/waypoint_navigation/share/waypoint_navigation/environment/pythonpath.dsv
[5.587s] -- Symlinking: /home/monith/test_rover/install/waypoint_navigation/local/lib/python3.10/dist-packages/waypoint_navigation-0.0.0-py3.10.egg-info/PKG-INFO
[5.592s] -- Symlinking: /home/monith/test_rover/install/waypoint_navigation/local/lib/python3.10/dist-packages/waypoint_navigation-0.0.0-py3.10.egg-info/SOURCES.txt
[5.597s] -- Symlinking: /home/monith/test_rover/install/waypoint_navigation/local/lib/python3.10/dist-packages/waypoint_navigation-0.0.0-py3.10.egg-info/dependency_links.txt
[5.602s] -- Symlinking: /home/monith/test_rover/install/waypoint_navigation/local/lib/python3.10/dist-packages/waypoint_navigation-0.0.0-py3.10.egg-info/top_level.txt
[5.607s] -- Symlinking: /home/monith/test_rover/install/waypoint_navigation/local/lib/python3.10/dist-packages/waypoint_navigation/__init__.py
[5.612s] -- Symlinking: /home/monith/test_rover/install/waypoint_navigation/local/lib/python3.10/dist-packages/waypoint_navigation/_waypoint_navigation_s.ep.rosidl_typesupport_c.c
[5.617s] -- Symlinking: /home/monith/test_rover/install/waypoint_navigation/local/lib/python3.10/dist-packages/waypoint_navigation/_waypoint_navigation_s.ep.rosidl_typesupport_fastrtps_c.c
[5.622s] -- Symlinking: /home/monith/test_rover/install/waypoint_navigation/local/lib/python3.10/dist-packages/waypoint_navigation/_waypoint_navigation_s.ep.rosidl_typesupport_introspection_c.c
[5.628s] -- Symlinking: /home/monith/test_rover/install/waypoint_navigation/local/lib/python3.10/dist-packages/waypoint_navigation/action/__init__.py
[5.633s] -- Symlinking: /home/monith/test_rover/install/waypoint_navigation/local/lib/python3.10/dist-packages/waypoint_navigation/action/_nav_to_waypoint.py
[5.638s] -- Symlinking: /home/monith/test_rover/install/waypoint_navigation/local/lib/python3.10/dist-packages/waypoint_navigation/action/_nav_to_waypoint_s.c
[5.643s] -- Symlinking: /home/monith/test_rover/install/waypoint_navigation/local/lib/python3.10/dist-packages/waypoint_navigation/libwaypoint_navigation__rosidl_generator_py.so
[5.648s] -- Symlinking: /home/monith/test_rover/install/waypoint_navigation/local/lib/python3.10/dist-packages/waypoint_navigation/msg/__init__.py
[5.653s] -- Symlinking: /home/monith/test_rover/install/waypoint_navigation/local/lib/python3.10/dist-packages/waypoint_navigation/msg/_estimated_odom.py
[5.658s] -- Symlinking: /home/monith/test_rover/install/waypoint_navigation/local/lib/python3.10/dist-packages/waypoint_navigation/msg/_estimated_odom_s.c
[5.663s] -- Symlinking: /home/monith/test_rover/install/waypoint_navigation/local/lib/python3.10/dist-packages/waypoint_navigation/msg/_estimated_twist.py
[5.668s] -- Symlinking: /home/monith/test_rover/install/waypoint_navigation/local/lib/python3.10/dist-packages/waypoint_navigation/msg/_estimated_twist_s.c
[5.673s] -- Symlinking: /home/monith/test_rover/install/waypoint_navigation/local/lib/python3.10/dist-packages/waypoint_navigation/msg/_pwm.py
[5.678s] -- Symlinking: /home/monith/test_rover/install/waypoint_navigation/local/lib/python3.10/dist-packages/waypoint_navigation/msg/_pwm_s.c
[5.683s] -- Symlinking: /home/monith/test_rover/install/waypoint_navigation/local/lib/python3.10/dist-packages/waypoint_navigation/srv/__init__.py
[5.688s] -- Symlinking: /home/monith/test_rover/install/waypoint_navigation/local/lib/python3.10/dist-packages/waypoint_navigation/srv/_get_way_points.py
[5.693s] -- Symlinking: /home/monith/test_rover/install/waypoint_navigation/local/lib/python3.10/dist-packages/waypoint_navigation/srv/_get_way_points_s.c
[5.698s] -- Symlinking: /home/monith/test_rover/install/waypoint_navigation/local/lib/python3.10/dist-packages/waypoint_navigation/waypoint_navigation_s__rosidl_typesupport_c.cpython-310-x86_64-linux-gnu.so
[5.703s] -- Symlinking: /home/monith/test_rover/install/waypoint_navigation/local/lib/python3.10/dist-packages/waypoint_navigation/waypoint_navigation_s__rosidl_typesupport_fastrtps_c.cpython-310-x86_64-linux-gnu.so
[5.708s] -- Symlinking: /home/monith/test_rover/install/waypoint_navigation/local/lib/python3.10/dist-packages/waypoint_navigation/waypoint_navigation_s__rosidl_typesupport_introspection_c.cpython-310-x86_64-linux-gnu.so
[5.713s] -- Up-to-date symlink: /home/monith/test_rover/install/waypoint_navigation/local/lib/python3.10/dist-packages/waypoint_navigation/waypoint_navigation_s__rosidl_typesupport_fastrtps_c.cpython-310-x86_64-linux-gnu.so
[5.713s] -- Up-to-date symlink: /home/monith/test_rover/install/waypoint_navigation/local/lib/python3.10/dist-packages/waypoint_navigation/waypoint_navigation_s__rosidl_typesupport_introspection_c.cpython-310-x86_64-linux-gnu.so
[5.713s] -- Up-to-date symlink: /home/monith/test_rover/install/waypoint_navigation/local/lib/python3.10/dist-packages/waypoint_navigation/waypoint_navigation_s__rosidl_typesupport_c.cpython-310-x86_64-linux-gnu.so
[5.713s] -- Symlinking: /home/monith/test_rover/install/waypoint_navigation/share/waypoint_navigation/srv/GetWayPoints.idl
[5.718s] -- Symlinking: /home/monith/test_rover/install/waypoint_navigation/share/waypoint_navigation/action/NavToWaypoint.idl
[5.724s] -- Symlinking: /home/monith/test_rover/install/waypoint_navigation/share/waypoint_navigation/msg/Pwm.idl
[5.729s] -- Symlinking: /home/monith/test_rover/install/waypoint_navigation/share/waypoint_navigation/msg/EstimatedTwist.idl
[5.734s] -- Symlinking: /home/monith/test_rover/install/waypoint_navigation/share/waypoint_navigation/msg/EstimatedOdom.idl
[5.739s] -- Symlinking: /home/monith/test_rover/install/waypoint_navigation/share/waypoint_navigation/srv/GetWayPoints.srv
[5.744s] -- Symlinking: /home/monith/test_rover/install/waypoint_navigation/share/waypoint_navigation/srv/GetWayPoints_Request.msg
[5.749s] -- Symlinking: /home/monith/test_rover/install/waypoint_navigation/share/waypoint_navigation/srv/GetWayPoints_Response.msg
[5.754s] -- Symlinking: /home/monith/test_rover/install/waypoint_navigation/share/waypoint_navigation/action/NavToWaypoint.action
[5.759s] -- Symlinking: /home/monith/test_rover/install/waypoint_navigation/share/waypoint_navigation/msg/Pwm.msg
[5.765s] -- Symlinking: /home/monith/test_rover/install/waypoint_navigation/share/waypoint_navigation/msg/EstimatedTwist.msg
[5.770s] -- Symlinking: /home/monith/test_rover/install/waypoint_navigation/share/waypoint_navigation/msg/EstimatedOdom.msg
[5.775s] -- Symlinking: /home/monith/test_rover/install/waypoint_navigation/share/ament_index/resource_index/package_run_dependencies/waypoint_navigation
[5.780s] -- Symlinking: /home/monith/test_rover/install/waypoint_navigation/share/ament_index/resource_index/parent_prefix_path/waypoint_navigation
[5.785s] -- Symlinking: /home/monith/test_rover/install/waypoint_navigation/share/waypoint_navigation/environment/ament_prefix_path.sh
[5.790s] -- Symlinking: /home/monith/test_rover/install/waypoint_navigation/share/waypoint_navigation/environment/ament_prefix_path.dsv
[5.795s] -- Symlinking: /home/monith/test_rover/install/waypoint_navigation/share/waypoint_navigation/environment/path.sh
[5.800s] -- Symlinking: /home/monith/test_rover/install/waypoint_navigation/share/waypoint_navigation/environment/path.dsv
[5.805s] -- Symlinking: /home/monith/test_rover/install/waypoint_navigation/share/waypoint_navigation/local_setup.bash
[5.811s] -- Symlinking: /home/monith/test_rover/install/waypoint_navigation/share/waypoint_navigation/local_setup.sh
[5.816s] -- Symlinking: /home/monith/test_rover/install/waypoint_navigation/share/waypoint_navigation/local_setup.zsh
[5.821s] -- Symlinking: /home/monith/test_rover/install/waypoint_navigation/share/waypoint_navigation/local_setup.dsv
[5.826s] -- Symlinking: /home/monith/test_rover/install/waypoint_navigation/share/waypoint_navigation/package.dsv
[5.831s] -- Symlinking: /home/monith/test_rover/install/waypoint_navigation/share/ament_index/resource_index/packages/waypoint_navigation
[5.837s] -- Symlinking: /home/monith/test_rover/install/waypoint_navigation/share/waypoint_navigation/cmake/rosidl_cmake-extras.cmake
[5.842s] -- Symlinking: /home/monith/test_rover/install/waypoint_navigation/share/waypoint_navigation/cmake/ament_cmake_export_dependencies-extras.cmake
[5.847s] -- Symlinking: /home/monith/test_rover/install/waypoint_navigation/share/waypoint_navigation/cmake/ament_cmake_export_include_directories-extras.cmake
[5.852s] -- Symlinking: /home/monith/test_rover/install/waypoint_navigation/share/waypoint_navigation/cmake/ament_cmake_export_libraries-extras.cmake
[5.857s] -- Symlinking: /home/monith/test_rover/install/waypoint_navigation/share/waypoint_navigation/cmake/ament_cmake_export_targets-extras.cmake
[5.862s] -- Symlinking: /home/monith/test_rover/install/waypoint_navigation/share/waypoint_navigation/cmake/rosidl_cmake_export_typesupport_targets-extras.cmake
[5.868s] -- Symlinking: /home/monith/test_rover/install/waypoint_navigation/share/waypoint_navigation/cmake/rosidl_cmake_export_typesupport_libraries-extras.cmake
[5.873s] -- Symlinking: /home/monith/test_rover/install/waypoint_navigation/share/waypoint_navigation/cmake/waypoint_navigationConfig.cmake
[5.878s] -- Symlinking: /home/monith/test_rover/install/waypoint_navigation/share/waypoint_navigation/cmake/waypoint_navigationConfig-version.cmake
[5.883s] -- Symlinking: /home/monith/test_rover/install/waypoint_navigation/share/waypoint_navigation/package.xml
[5.888s] -- Installing: /home/monith/test_rover/install/waypoint_navigation/lib/libwaypoint_navigation__rosidl_generator_c.so
[5.888s] -- Set runtime path of "/home/monith/test_rover/install/waypoint_navigation/lib/libwaypoint_navigation__rosidl_generator_c.so" to ""
[5.888s] -- Installing: /home/monith/test_rover/install/waypoint_navigation/lib/libwaypoint_navigation__rosidl_typesupport_fastrtps_c.so
[5.888s] -- Set runtime path of "/home/monith/test_rover/install/waypoint_navigation/lib/libwaypoint_navigation__rosidl_typesupport_fastrtps_c.so" to ""
[5.889s] -- Installing: /home/monith/test_rover/install/waypoint_navigation/lib/libwaypoint_navigation__rosidl_typesupport_fastrtps_cpp.so
[5.889s] -- Set runtime path of "/home/monith/test_rover/install/waypoint_navigation/lib/libwaypoint_navigation__rosidl_typesupport_fastrtps_cpp.so" to ""
[5.889s] -- Installing: /home/monith/test_rover/install/waypoint_navigation/lib/libwaypoint_navigation__rosidl_typesupport_introspection_c.so
[5.889s] -- Set runtime path of "/home/monith/test_rover/install/waypoint_navigation/lib/libwaypoint_navigation__rosidl_typesupport_introspection_c.so" to ""
[5.889s] -- Installing: /home/monith/test_rover/install/waypoint_navigation/lib/libwaypoint_navigation__rosidl_typesupport_c.so
[5.889s] -- Set runtime path of "/home/monith/test_rover/install/waypoint_navigation/lib/libwaypoint_navigation__rosidl_typesupport_c.so" to ""
[5.889s] -- Installing: /home/monith/test_rover/install/waypoint_navigation/lib/libwaypoint_navigation__rosidl_typesupport_introspection_cpp.so
[5.889s] -- Set runtime path of "/home/monith/test_rover/install/waypoint_navigation/lib/libwaypoint_navigation__rosidl_typesupport_introspection_cpp.so" to ""
[5.889s] -- Installing: /home/monith/test_rover/install/waypoint_navigation/lib/libwaypoint_navigation__rosidl_typesupport_cpp.so
[5.890s] -- Set runtime path of "/home/monith/test_rover/install/waypoint_navigation/lib/libwaypoint_navigation__rosidl_typesupport_cpp.so" to ""
[5.921s] Listing '/home/monith/test_rover/install/waypoint_navigation/local/lib/python3.10/dist-packages/waypoint_navigation'...
[5.921s] Compiling '/home/monith/test_rover/install/waypoint_navigation/local/lib/python3.10/dist-packages/waypoint_navigation/__init__.py'...
[5.921s] Listing '/home/monith/test_rover/install/waypoint_navigation/local/lib/python3.10/dist-packages/waypoint_navigation/action'...
[5.921s] Compiling '/home/monith/test_rover/install/waypoint_navigation/local/lib/python3.10/dist-packages/waypoint_navigation/action/__init__.py'...
[5.921s] Compiling '/home/monith/test_rover/install/waypoint_navigation/local/lib/python3.10/dist-packages/waypoint_navigation/action/_nav_to_waypoint.py'...
[5.921s] Listing '/home/monith/test_rover/install/waypoint_navigation/local/lib/python3.10/dist-packages/waypoint_navigation/msg'...
[5.921s] Compiling '/home/monith/test_rover/install/waypoint_navigation/local/lib/python3.10/dist-packages/waypoint_navigation/msg/__init__.py'...
[5.921s] Compiling '/home/monith/test_rover/install/waypoint_navigation/local/lib/python3.10/dist-packages/waypoint_navigation/msg/_estimated_odom.py'...
[5.921s] Compiling '/home/monith/test_rover/install/waypoint_navigation/local/lib/python3.10/dist-packages/waypoint_navigation/msg/_estimated_twist.py'...
[5.922s] Compiling '/home/monith/test_rover/install/waypoint_navigation/local/lib/python3.10/dist-packages/waypoint_navigation/msg/_pwm.py'...
[5.922s] Listing '/home/monith/test_rover/install/waypoint_navigation/local/lib/python3.10/dist-packages/waypoint_navigation/srv'...
[5.922s] Compiling '/home/monith/test_rover/install/waypoint_navigation/local/lib/python3.10/dist-packages/waypoint_navigation/srv/__init__.py'...
[5.922s] Compiling '/home/monith/test_rover/install/waypoint_navigation/local/lib/python3.10/dist-packages/waypoint_navigation/srv/_get_way_points.py'...
[5.925s] -- Installing: /home/monith/test_rover/install/waypoint_navigation/lib/libwaypoint_navigation__rosidl_generator_py.so
[5.925s] -- Set runtime path of "/home/monith/test_rover/install/waypoint_navigation/lib/libwaypoint_navigation__rosidl_generator_py.so" to ""
[5.925s] -- Installing: /home/monith/test_rover/install/waypoint_navigation/share/waypoint_navigation/cmake/export_waypoint_navigation__rosidl_generator_cExport.cmake
[5.925s] -- Installing: /home/monith/test_rover/install/waypoint_navigation/share/waypoint_navigation/cmake/export_waypoint_navigation__rosidl_generator_cExport-noconfig.cmake
[5.925s] -- Installing: /home/monith/test_rover/install/waypoint_navigation/share/waypoint_navigation/cmake/export_waypoint_navigation__rosidl_typesupport_fastrtps_cExport.cmake
[5.925s] -- Installing: /home/monith/test_rover/install/waypoint_navigation/share/waypoint_navigation/cmake/export_waypoint_navigation__rosidl_typesupport_fastrtps_cExport-noconfig.cmake
[5.925s] -- Installing: /home/monith/test_rover/install/waypoint_navigation/share/waypoint_navigation/cmake/export_waypoint_navigation__rosidl_generator_cppExport.cmake
[5.925s] -- Installing: /home/monith/test_rover/install/waypoint_navigation/share/waypoint_navigation/cmake/export_waypoint_navigation__rosidl_typesupport_fastrtps_cppExport.cmake
[5.925s] -- Installing: /home/monith/test_rover/install/waypoint_navigation/share/waypoint_navigation/cmake/export_waypoint_navigation__rosidl_typesupport_fastrtps_cppExport-noconfig.cmake
[5.926s] -- Installing: /home/monith/test_rover/install/waypoint_navigation/share/waypoint_navigation/cmake/waypoint_navigation__rosidl_typesupport_introspection_cExport.cmake
[5.926s] -- Installing: /home/monith/test_rover/install/waypoint_navigation/share/waypoint_navigation/cmake/waypoint_navigation__rosidl_typesupport_introspection_cExport-noconfig.cmake
[5.926s] -- Installing: /home/monith/test_rover/install/waypoint_navigation/share/waypoint_navigation/cmake/waypoint_navigation__rosidl_typesupport_cExport.cmake
[5.926s] -- Installing: /home/monith/test_rover/install/waypoint_navigation/share/waypoint_navigation/cmake/waypoint_navigation__rosidl_typesupport_cExport-noconfig.cmake
[5.926s] -- Installing: /home/monith/test_rover/install/waypoint_navigation/share/waypoint_navigation/cmake/waypoint_navigation__rosidl_typesupport_introspection_cppExport.cmake
[5.926s] -- Installing: /home/monith/test_rover/install/waypoint_navigation/share/waypoint_navigation/cmake/waypoint_navigation__rosidl_typesupport_introspection_cppExport-noconfig.cmake
[5.926s] -- Installing: /home/monith/test_rover/install/waypoint_navigation/share/waypoint_navigation/cmake/waypoint_navigation__rosidl_typesupport_cppExport.cmake
[5.926s] -- Installing: /home/monith/test_rover/install/waypoint_navigation/share/waypoint_navigation/cmake/waypoint_navigation__rosidl_typesupport_cppExport-noconfig.cmake
[5.926s] -- Installing: /home/monith/test_rover/install/waypoint_navigation/share/waypoint_navigation/cmake/export_waypoint_navigation__rosidl_generator_pyExport.cmake
[5.926s] -- Installing: /home/monith/test_rover/install/waypoint_navigation/share/waypoint_navigation/cmake/export_waypoint_navigation__rosidl_generator_pyExport-noconfig.cmake
[5.928s] Invoked command in '/home/monith/test_rover/build/waypoint_navigation' returned '0': CMAKE_PREFIX_PATH=/opt/ros/humble /usr/bin/cmake --install /home/monith/test_rover/build/waypoint_navigation
