[0.233s] Invoking command in '/home/monith/test_rover/build/waypoint_navigation': CMAKE_PREFIX_PATH=${CMAKE_PREFIX_PATH}:/home/monith/test_rover/install/rover_control:/opt/ros/humble /usr/bin/cmake /home/monith/test_rover/src/waypoint_navigation -DAMENT_CMAKE_SYMLINK_INSTALL=1 -DCMAKE_INSTALL_PREFIX=/home/monith/test_rover/install/waypoint_navigation
[0.246s] -- Found ament_cmake: 1.3.14 (/opt/ros/humble/share/ament_cmake/cmake)
[0.377s] -- Override CMake install command with custom implementation using symlinks instead of copying resources
[0.385s] -- Found rcl_interfaces: 1.2.2 (/opt/ros/humble/share/rcl_interfaces/cmake)
[0.409s] -- Found rosidl_generator_c: 3.1.8 (/opt/ros/humble/share/rosidl_generator_c/cmake)
[0.411s] -- Found rosidl_adapter: 3.1.8 (/opt/ros/humble/share/rosidl_adapter/cmake)
[0.417s] -- Found rosidl_generator_cpp: 3.1.8 (/opt/ros/humble/share/rosidl_generator_cpp/cmake)
[0.427s] -- Using all available rosidl_typesupport_c: rosidl_typesupport_fastrtps_c;rosidl_typesupport_introspection_c
[0.439s] -- Using all available rosidl_typesupport_cpp: rosidl_typesupport_fastrtps_cpp;rosidl_typesupport_introspection_cpp
[0.461s] -- Found std_msgs: 4.9.1 (/opt/ros/humble/share/std_msgs/cmake)
[0.471s] -- Found action_msgs: 1.2.2 (/opt/ros/humble/share/action_msgs/cmake)
[0.493s] -- Found geometry_msgs: 4.9.1 (/opt/ros/humble/share/geometry_msgs/cmake)
[0.504s] -- Found rosidl_default_generators: 1.2.1 (/opt/ros/humble/share/rosidl_default_generators/cmake)
[0.857s] -- Found ament_cmake_ros: 0.10.0 (/opt/ros/humble/share/ament_cmake_ros/cmake)
[1.340s] -- Using all available rosidl_typesupport_c: rosidl_typesupport_fastrtps_c;rosidl_typesupport_introspection_c
[1.527s] -- Using all available rosidl_typesupport_cpp: rosidl_typesupport_fastrtps_cpp;rosidl_typesupport_introspection_cpp
[1.552s] -- Found PythonInterp: /usr/bin/python3 (found suitable version "3.10.12", minimum required is "3.6") 
[1.554s] -- Found python_cmake_module: 0.10.0 (/opt/ros/humble/share/python_cmake_module/cmake)
[1.585s] -- Found PythonLibs: /usr/lib/x86_64-linux-gnu/libpython3.10.so (found suitable version "3.10.12", minimum required is "3.5") 
[1.586s] -- Using PYTHON_EXECUTABLE: /usr/bin/python3
[1.586s] -- Using PYTHON_INCLUDE_DIRS: /usr/include/python3.10
[1.586s] -- Using PYTHON_LIBRARIES: /usr/lib/x86_64-linux-gnu/libpython3.10.so
[1.623s] -- Found PythonExtra: .so  
[1.793s] -- Found ament_lint_auto: 0.12.15 (/opt/ros/humble/share/ament_lint_auto/cmake)
[1.821s] -- Added test 'lint_cmake' to check CMake code style
[1.823s] -- Added test 'xmllint' to check XML markup files
[1.828s] -- Configuring done
[1.888s] -- Generating done
[1.906s] -- Build files have been written to: /home/monith/test_rover/build/waypoint_navigation
[1.921s] Invoked command in '/home/monith/test_rover/build/waypoint_navigation' returned '0': CMAKE_PREFIX_PATH=${CMAKE_PREFIX_PATH}:/home/monith/test_rover/install/rover_control:/opt/ros/humble /usr/bin/cmake /home/monith/test_rover/src/waypoint_navigation -DAMENT_CMAKE_SYMLINK_INSTALL=1 -DCMAKE_INSTALL_PREFIX=/home/monith/test_rover/install/waypoint_navigation
[1.924s] Invoking command in '/home/monith/test_rover/build/waypoint_navigation': CMAKE_PREFIX_PATH=${CMAKE_PREFIX_PATH}:/home/monith/test_rover/install/rover_control:/opt/ros/humble /usr/bin/cmake --build /home/monith/test_rover/build/waypoint_navigation -- -j8 -l8
[1.973s] [  1%] [34m[1mGenerating C code for ROS interfaces[0m
[1.986s] [  4%] [34m[1mGenerating C++ code for ROS interfaces[0m
[1.986s] [  4%] [34m[1mGenerating Rust code for ROS interfaces[0m
[1.997s] [  4%] Built target ament_cmake_python_symlink_waypoint_navigation
[2.296s] running egg_info
[2.296s] creating waypoint_navigation.egg-info
[2.296s] writing waypoint_navigation.egg-info/PKG-INFO
[2.296s] writing dependency_links to waypoint_navigation.egg-info/dependency_links.txt
[2.297s] writing top-level names to waypoint_navigation.egg-info/top_level.txt
[2.297s] writing manifest file 'waypoint_navigation.egg-info/SOURCES.txt'
[2.297s] reading manifest file 'waypoint_navigation.egg-info/SOURCES.txt'
[2.297s] writing manifest file 'waypoint_navigation.egg-info/SOURCES.txt'
[2.345s] [  4%] Built target ament_cmake_python_build_waypoint_navigation_egg
[2.428s] [  4%] Built target waypoint_navigation__rs
[2.722s] [  6%] [32mBuilding C object CMakeFiles/waypoint_navigation__rosidl_generator_c.dir/rosidl_generator_c/waypoint_navigation/srv/detail/get_way_points__functions.c.o[0m
[2.725s] [  9%] [32mBuilding C object CMakeFiles/waypoint_navigation__rosidl_generator_c.dir/rosidl_generator_c/waypoint_navigation/action/detail/nav_to_waypoint__functions.c.o[0m
[2.725s] [  9%] [32mBuilding C object CMakeFiles/waypoint_navigation__rosidl_generator_c.dir/rosidl_generator_c/waypoint_navigation/msg/detail/pwm__functions.c.o[0m
[2.735s] [ 10%] [32mBuilding C object CMakeFiles/waypoint_navigation__rosidl_generator_c.dir/rosidl_generator_c/waypoint_navigation/msg/detail/estimated_twist__functions.c.o[0m
[2.738s] [ 12%] [32mBuilding C object CMakeFiles/waypoint_navigation__rosidl_generator_c.dir/rosidl_generator_c/waypoint_navigation/msg/detail/estimated_odom__functions.c.o[0m
[2.745s] [ 12%] Built target waypoint_navigation__cpp
[2.761s] In file included from [01m[K/home/monith/test_rover/build/waypoint_navigation/rosidl_generator_c/waypoint_navigation/msg/detail/estimated_odom__functions.h:19[m[K,
[2.761s]                  from [01m[K/home/monith/test_rover/build/waypoint_navigation/rosidl_generator_c/waypoint_navigation/msg/detail/estimated_odom__functions.c:4[m[K:
[2.762s] [01m[K/home/monith/test_rover/build/waypoint_navigation/rosidl_generator_c/waypoint_navigation/msg/detail/estimated_odom__struct.h:22:10:[m[K [01;31m[Kfatal error: [m[Knav_msgs/msg/detail/odometry__struct.h: No such file or directory
[2.762s]    22 | #include [01;31m[K"nav_msgs/msg/detail/odometry__struct.h"[m[K
[2.762s]       |          [01;31m[K^~~~~~~~~~~~~~~~~~~~~~~~~~~~~~~~~~~~~~~~[m[K
[2.762s] compilation terminated.
[2.762s] [ 17%] [34m[1mGenerating C++ type support dispatch for ROS interfaces[0m
[2.762s] [ 17%] [34m[1mGenerating C++ type support for eProsima Fast-RTPS[0m
[2.762s] [ 17%] [34m[1mGenerating C++ introspection for ROS interfaces[0m
[2.763s] gmake[2]: *** [CMakeFiles/waypoint_navigation__rosidl_generator_c.dir/build.make:311: CMakeFiles/waypoint_navigation__rosidl_generator_c.dir/rosidl_generator_c/waypoint_navigation/msg/detail/estimated_odom__functions.c.o] Error 1
[2.763s] gmake[2]: *** Waiting for unfinished jobs....
[2.908s] gmake[1]: *** [CMakeFiles/Makefile2:232: CMakeFiles/waypoint_navigation__rosidl_generator_c.dir/all] Error 2
[2.908s] gmake[1]: *** Waiting for unfinished jobs....
[3.256s] [ 21%] [32mBuilding CXX object CMakeFiles/waypoint_navigation__rosidl_typesupport_cpp.dir/rosidl_typesupport_cpp/waypoint_navigation/srv/get_way_points__type_support.cpp.o[0m
[3.257s] [ 21%] [32mBuilding CXX object CMakeFiles/waypoint_navigation__rosidl_typesupport_cpp.dir/rosidl_typesupport_cpp/waypoint_navigation/msg/estimated_twist__type_support.cpp.o[0m
[3.257s] [ 25%] [32mBuilding CXX object CMakeFiles/waypoint_navigation__rosidl_typesupport_cpp.dir/rosidl_typesupport_cpp/waypoint_navigation/msg/pwm__type_support.cpp.o[0m
[3.257s] [ 25%] [32mBuilding CXX object CMakeFiles/waypoint_navigation__rosidl_typesupport_cpp.dir/rosidl_typesupport_cpp/waypoint_navigation/action/nav_to_waypoint__type_support.cpp.o[0m
[3.257s] [ 25%] [32mBuilding CXX object CMakeFiles/waypoint_navigation__rosidl_typesupport_cpp.dir/rosidl_typesupport_cpp/waypoint_navigation/msg/estimated_odom__type_support.cpp.o[0m
[3.369s] In file included from [01m[K/home/monith/test_rover/build/waypoint_navigation/rosidl_typesupport_cpp/waypoint_navigation/msg/estimated_odom__type_support.cpp:7[m[K:
[3.369s] [01m[K/home/monith/test_rover/build/waypoint_navigation/rosidl_generator_cpp/waypoint_navigation/msg/detail/estimated_odom__struct.hpp:21:10:[m[K [01;31m[Kfatal error: [m[Knav_msgs/msg/detail/odometry__struct.hpp: No such file or directory
[3.369s]    21 | #include [01;31m[K"nav_msgs/msg/detail/odometry__struct.hpp"[m[K
[3.369s]       |          [01;31m[K^~~~~~~~~~~~~~~~~~~~~~~~~~~~~~~~~~~~~~~~~~[m[K
[3.369s] compilation terminated.
[3.372s] gmake[2]: *** [CMakeFiles/waypoint_navigation__rosidl_typesupport_cpp.dir/build.make:244: CMakeFiles/waypoint_navigation__rosidl_typesupport_cpp.dir/rosidl_typesupport_cpp/waypoint_navigation/msg/estimated_odom__type_support.cpp.o] Error 1
[3.372s] gmake[2]: *** Waiting for unfinished jobs....
[3.403s] [ 29%] [32mBuilding CXX object CMakeFiles/waypoint_navigation__rosidl_typesupport_introspection_cpp.dir/rosidl_typesupport_introspection_cpp/waypoint_navigation/msg/detail/pwm__type_support.cpp.o[0m
[3.403s] [ 29%] [32mBuilding CXX object CMakeFiles/waypoint_navigation__rosidl_typesupport_introspection_cpp.dir/rosidl_typesupport_introspection_cpp/waypoint_navigation/action/detail/nav_to_waypoint__type_support.cpp.o[0m
[3.404s] [ 29%] [32mBuilding CXX object CMakeFiles/waypoint_navigation__rosidl_typesupport_introspection_cpp.dir/rosidl_typesupport_introspection_cpp/waypoint_navigation/srv/detail/get_way_points__type_support.cpp.o[0m
[3.709s] [ 31%] [32mBuilding CXX object CMakeFiles/waypoint_navigation__rosidl_typesupport_introspection_cpp.dir/rosidl_typesupport_introspection_cpp/waypoint_navigation/msg/detail/estimated_twist__type_support.cpp.o[0m
[3.714s] [ 32%] [32mBuilding CXX object CMakeFiles/waypoint_navigation__rosidl_typesupport_introspection_cpp.dir/rosidl_typesupport_introspection_cpp/waypoint_navigation/msg/detail/estimated_odom__type_support.cpp.o[0m
[3.719s] [ 34%] [32mBuilding CXX object CMakeFiles/waypoint_navigation__rosidl_typesupport_fastrtps_cpp.dir/rosidl_typesupport_fastrtps_cpp/waypoint_navigation/action/detail/dds_fastrtps/nav_to_waypoint__type_support.cpp.o[0m
[3.724s] [ 35%] [32mBuilding CXX object CMakeFiles/waypoint_navigation__rosidl_typesupport_fastrtps_cpp.dir/rosidl_typesupport_fastrtps_cpp/waypoint_navigation/srv/detail/dds_fastrtps/get_way_points__type_support.cpp.o[0m
[3.831s] In file included from [01m[K/home/monith/test_rover/build/waypoint_navigation/rosidl_typesupport_introspection_cpp/waypoint_navigation/msg/detail/estimated_odom__type_support.cpp:12[m[K:
[3.831s] [01m[K/home/monith/test_rover/build/waypoint_navigation/rosidl_generator_cpp/waypoint_navigation/msg/detail/estimated_odom__struct.hpp:21:10:[m[K [01;31m[Kfatal error: [m[Knav_msgs/msg/detail/odometry__struct.hpp: No such file or directory
[3.831s]    21 | #include [01;31m[K"nav_msgs/msg/detail/odometry__struct.hpp"[m[K
[3.832s]       |          [01;31m[K^~~~~~~~~~~~~~~~~~~~~~~~~~~~~~~~~~~~~~~~~~[m[K
[3.832s] compilation terminated.
[3.832s] gmake[2]: *** [CMakeFiles/waypoint_navigation__rosidl_typesupport_introspection_cpp.dir/build.make:261: CMakeFiles/waypoint_navigation__rosidl_typesupport_introspection_cpp.dir/rosidl_typesupport_introspection_cpp/waypoint_navigation/msg/detail/estimated_odom__type_support.cpp.o] Error 1
[3.833s] gmake[2]: *** Waiting for unfinished jobs....
[3.848s] [ 37%] [32mBuilding CXX object CMakeFiles/waypoint_navigation__rosidl_typesupport_fastrtps_cpp.dir/rosidl_typesupport_fastrtps_cpp/waypoint_navigation/msg/detail/dds_fastrtps/pwm__type_support.cpp.o[0m
[4.053s] gmake[1]: *** [CMakeFiles/Makefile2:414: CMakeFiles/waypoint_navigation__rosidl_typesupport_cpp.dir/all] Error 2
[4.070s] [ 39%] [32mBuilding CXX object CMakeFiles/waypoint_navigation__rosidl_typesupport_fastrtps_cpp.dir/rosidl_typesupport_fastrtps_cpp/waypoint_navigation/msg/detail/dds_fastrtps/estimated_twist__type_support.cpp.o[0m
[4.151s] [ 40%] [32mBuilding CXX object CMakeFiles/waypoint_navigation__rosidl_typesupport_fastrtps_cpp.dir/rosidl_typesupport_fastrtps_cpp/waypoint_navigation/msg/detail/dds_fastrtps/estimated_odom__type_support.cpp.o[0m
[4.262s] In file included from [01m[K/home/monith/test_rover/build/waypoint_navigation/rosidl_typesupport_fastrtps_cpp/waypoint_navigation/msg/detail/estimated_odom__rosidl_typesupport_fastrtps_cpp.hpp:11[m[K,
[4.263s]                  from [01m[K/home/monith/test_rover/build/waypoint_navigation/rosidl_typesupport_fastrtps_cpp/waypoint_navigation/msg/detail/dds_fastrtps/estimated_odom__type_support.cpp:4[m[K:
[4.264s] [01m[K/home/monith/test_rover/build/waypoint_navigation/rosidl_generator_cpp/waypoint_navigation/msg/detail/estimated_odom__struct.hpp:21:10:[m[K [01;31m[Kfatal error: [m[Knav_msgs/msg/detail/odometry__struct.hpp: No such file or directory
[4.265s]    21 | #include [01;31m[K"nav_msgs/msg/detail/odometry__struct.hpp"[m[K
[4.265s]       |          [01;31m[K^~~~~~~~~~~~~~~~~~~~~~~~~~~~~~~~~~~~~~~~~~[m[K
[4.266s] compilation terminated.
[4.267s] gmake[2]: *** [CMakeFiles/waypoint_navigation__rosidl_typesupport_fastrtps_cpp.dir/build.make:261: CMakeFiles/waypoint_navigation__rosidl_typesupport_fastrtps_cpp.dir/rosidl_typesupport_fastrtps_cpp/waypoint_navigation/msg/detail/dds_fastrtps/estimated_odom__type_support.cpp.o] Error 1
[4.268s] gmake[2]: *** Waiting for unfinished jobs....
[4.429s] gmake[1]: *** [CMakeFiles/Makefile2:388: CMakeFiles/waypoint_navigation__rosidl_typesupport_introspection_cpp.dir/all] Error 2
[4.557s] gmake[1]: *** [CMakeFiles/Makefile2:310: CMakeFiles/waypoint_navigation__rosidl_typesupport_fastrtps_cpp.dir/all] Error 2
[4.557s] gmake: *** [Makefile:146: all] Error 2
[4.561s] Invoked command in '/home/monith/test_rover/build/waypoint_navigation' returned '2': CMAKE_PREFIX_PATH=${CMAKE_PREFIX_PATH}:/home/monith/test_rover/install/rover_control:/opt/ros/humble /usr/bin/cmake --build /home/monith/test_rover/build/waypoint_navigation -- -j8 -l8
