[0.504s] Invoking command in '/home/monith/test_rover/build/rover_control': PYTHONPATH=/home/monith/test_rover/build/rover_control/prefix_override:/usr/lib/python3/dist-packages/colcon_core/task/python/colcon_distutils_commands:/home/monith/test_rover/install/rover_control/lib/python3.10/site-packages:${PYTHONPATH} /usr/bin/python3 -W ignore:setup.py install is deprecated -W ignore:easy_install command is deprecated setup.py develop --uninstall --editable --build-directory /home/monith/test_rover/build/rover_control/build
[0.708s] running develop
[0.841s] Removing /home/monith/test_rover/install/rover_control/lib/python3.10/site-packages/rover-control.egg-link (link to .)
[0.863s] Invoked command in '/home/monith/test_rover/build/rover_control' returned '0': PYTHONPATH=/home/monith/test_rover/build/rover_control/prefix_override:/usr/lib/python3/dist-packages/colcon_core/task/python/colcon_distutils_commands:/home/monith/test_rover/install/rover_control/lib/python3.10/site-packages:${PYTHONPATH} /usr/bin/python3 -W ignore:setup.py install is deprecated -W ignore:easy_install command is deprecated setup.py develop --uninstall --editable --build-directory /home/monith/test_rover/build/rover_control/build
[0.864s] Invoking command in '/home/monith/test_rover/src/rover_control': PYTHONPATH=/home/monith/test_rover/build/rover_control/prefix_override:/usr/lib/python3/dist-packages/colcon_core/task/python/colcon_distutils_commands:/home/monith/test_rover/install/rover_control/lib/python3.10/site-packages:${PYTHONPATH} /usr/bin/python3 -W ignore:setup.py install is deprecated -W ignore:easy_install command is deprecated setup.py egg_info --egg-base ../../build/rover_control build --build-base /home/monith/test_rover/build/rover_control/build install --record /home/monith/test_rover/build/rover_control/install.log --single-version-externally-managed install_data --force
[1.052s] running egg_info
[1.052s] writing ../../build/rover_control/rover_control.egg-info/PKG-INFO
[1.052s] writing dependency_links to ../../build/rover_control/rover_control.egg-info/dependency_links.txt
[1.052s] writing entry points to ../../build/rover_control/rover_control.egg-info/entry_points.txt
[1.052s] writing requirements to ../../build/rover_control/rover_control.egg-info/requires.txt
[1.053s] writing top-level names to ../../build/rover_control/rover_control.egg-info/top_level.txt
[1.054s] reading manifest file '../../build/rover_control/rover_control.egg-info/SOURCES.txt'
[1.054s] writing manifest file '../../build/rover_control/rover_control.egg-info/SOURCES.txt'
[1.054s] running build
[1.055s] running build_py
[1.055s] creating /home/monith/test_rover/build/rover_control/build
[1.055s] creating /home/monith/test_rover/build/rover_control/build/lib
[1.055s] creating /home/monith/test_rover/build/rover_control/build/lib/rover_control
[1.055s] copying rover_control/__init__.py -> /home/monith/test_rover/build/rover_control/build/lib/rover_control
[1.055s] copying rover_control/goal_client.py -> /home/monith/test_rover/build/rover_control/build/lib/rover_control
[1.055s] copying rover_control/goal_server.py -> /home/monith/test_rover/build/rover_control/build/lib/rover_control
[1.055s] copying rover_control/nav_node.py -> /home/monith/test_rover/build/rover_control/build/lib/rover_control
[1.056s] running install
[1.056s] running install_lib
[1.056s] creating /home/monith/test_rover/install/rover_control/lib/python3.10/site-packages/rover_control
[1.056s] copying /home/monith/test_rover/build/rover_control/build/lib/rover_control/__init__.py -> /home/monith/test_rover/install/rover_control/lib/python3.10/site-packages/rover_control
[1.056s] copying /home/monith/test_rover/build/rover_control/build/lib/rover_control/goal_client.py -> /home/monith/test_rover/install/rover_control/lib/python3.10/site-packages/rover_control
[1.057s] copying /home/monith/test_rover/build/rover_control/build/lib/rover_control/goal_server.py -> /home/monith/test_rover/install/rover_control/lib/python3.10/site-packages/rover_control
[1.057s] copying /home/monith/test_rover/build/rover_control/build/lib/rover_control/nav_node.py -> /home/monith/test_rover/install/rover_control/lib/python3.10/site-packages/rover_control
[1.057s] byte-compiling /home/monith/test_rover/install/rover_control/lib/python3.10/site-packages/rover_control/__init__.py to __init__.cpython-310.pyc
[1.057s] byte-compiling /home/monith/test_rover/install/rover_control/lib/python3.10/site-packages/rover_control/goal_client.py to goal_client.cpython-310.pyc
[1.058s] byte-compiling /home/monith/test_rover/install/rover_control/lib/python3.10/site-packages/rover_control/goal_server.py to goal_server.cpython-310.pyc
[1.059s] byte-compiling /home/monith/test_rover/install/rover_control/lib/python3.10/site-packages/rover_control/nav_node.py to nav_node.cpython-310.pyc
[1.059s] running install_data
[1.059s] copying resource/rover_control -> /home/monith/test_rover/install/rover_control/share/ament_index/resource_index/packages
[1.059s] copying package.xml -> /home/monith/test_rover/install/rover_control/share/rover_control
[1.059s] copying launch/arenasim.launch.xml -> /home/monith/test_rover/install/rover_control/share/rover_control/launch
[1.059s] copying launch/groundsim.launch.xml -> /home/monith/test_rover/install/rover_control/share/rover_control/launch
[1.059s] copying urdf/ROVER.urdf -> /home/monith/test_rover/install/rover_control/share/rover_control/urdf
[1.059s] copying urdf/roverf.urdf -> /home/monith/test_rover/install/rover_control/share/rover_control/urdf
[1.060s] copying urdf/rover.urdf.xacro -> /home/monith/test_rover/install/rover_control/share/rover_control/urdf
[1.060s] copying urdf/rover.ros2_control.xacro -> /home/monith/test_rover/install/rover_control/share/rover_control/urdf
[1.060s] copying urdf/rover_base.xacro -> /home/monith/test_rover/install/rover_control/share/rover_control/urdf
[1.060s] copying worlds/shaastra_arena.world -> /home/monith/test_rover/install/rover_control/share/rover_control/worlds
[1.060s] copying config/controllers.yaml -> /home/monith/test_rover/install/rover_control/share/rover_control/config
[1.060s] copying config/controllert.yaml -> /home/monith/test_rover/install/rover_control/share/rover_control/config
[1.060s] copying rviz/rover_config_.rviz -> /home/monith/test_rover/install/rover_control/share/rover_control/rviz
[1.060s] running install_egg_info
[1.061s] Copying ../../build/rover_control/rover_control.egg-info to /home/monith/test_rover/install/rover_control/lib/python3.10/site-packages/rover_control-0.0.0-py3.10.egg-info
[1.062s] running install_scripts
[1.077s] Installing nav_node script to /home/monith/test_rover/install/rover_control/lib/rover_control
[1.077s] writing list of installed files to '/home/monith/test_rover/build/rover_control/install.log'
[1.097s] Invoked command in '/home/monith/test_rover/src/rover_control' returned '0': PYTHONPATH=/home/monith/test_rover/build/rover_control/prefix_override:/usr/lib/python3/dist-packages/colcon_core/task/python/colcon_distutils_commands:/home/monith/test_rover/install/rover_control/lib/python3.10/site-packages:${PYTHONPATH} /usr/bin/python3 -W ignore:setup.py install is deprecated -W ignore:easy_install command is deprecated setup.py egg_info --egg-base ../../build/rover_control build --build-base /home/monith/test_rover/build/rover_control/build install --record /home/monith/test_rover/build/rover_control/install.log --single-version-externally-managed install_data --force
